10:14:12 [boss] 已连接页面，URL: https://www.zhipin.com/web/chat/recommend
10:14:14 [诊断] 当前页面 URL: https://www.zhipin.com/web/chat/recommend
10:14:14 [诊断] 页面 frames 数量: 2
10:14:14 [诊断]   frame[0] url=https://www.zhipin.com/web/chat/recommend
10:14:14 [诊断]   frame[1] url=https://www.zhipin.com/web/frame/recommend?filterParams=&t=&inspectFilterGuide=&version=9336&status=0&jobid=386d74edee05f1a20nR729y6FlZV&source=0
10:14:15 [诊断] 内容 frame URL: https://www.zhipin.com/web/frame/recommend?filterParams=&t=&inspectFilterGuide=&version=9336&status=0&jobid=386d74edee05f1a20nR729y6FlZV&source=0
10:14:15 [诊断] 页面 class 总数: 147
10:14:15 [诊断] 候选卡片相关 class: ['recommend-wrap', 'candidate-head', 'job-selecter-wrap', 'job-selecter-options', 'chat-job-search', 'iboss-sousuoicon', 'job-list', 'job-item', 'job-desc', 'recommend-filter', 'candidate-recommend', 'candidate-body', 'recommend-list-wrap', 'card-list-wrap', 'list-top-card-wrap', 'card-list', 'card-item', 'candidate-card-wrap', 'card-inner', 'geek-desc', 'iboss-close', 'with-recommend-reason', 'recommend-reason', 'card-wukong-wrap']
10:14:15 ── 第 1 批，共 15 张新卡片 ──
10:14:15 [总第 1 张] 处理: 包涵
10:14:15   → [风控] 随机跳过
10:14:15 [总第 2 张] 处理: 雷书梦
10:14:15   → [风控] 随机跳过
10:14:15 [总第 3 张] 处理: 谢江彬
10:14:15   → [风控] 随机跳过
10:14:15 [总第 4 张] 处理: 秦权
10:14:16   → [AI Prompt]
────────────────────────────────────────────────────────────
请根据以下简历信息判断是否适合[学校要求：第一学历为985211院校，但排除非强势计算机理工背景的985211学校、或政策照顾性985/211学校。年限要求：年龄22-30岁，排除27年及之后的应届生。专业要求：专业不限，非理工科专业可以放行。备注：如果没有本科学校信息，只有硕士学校信息，且硕士学校符合要求，返回为true。]职位。
输出 JSON 格式：{"is_target": true/false, "reason": "原因说明"}

简历信息：
姓名：秦权
年龄：23岁
教育背景：本科
工作经历：2025.07-至今 东软集团 · C#
期望薪资：8-12K
技能标签：23岁 / 985院校 / 从未向同事投递

简历全文（摘要）：
姓名：秦权
基本信息：23岁 · 1年以内 · 本科 · 离职-随时到岗
期望薪资：8-12K
状态：3日内活跃
工作经历：2025.07-至今 东软集团 · C#
教育经历：2021-2025 东北大学 · 人工智能 · 本科
技能/标签：23岁 / 985院校 / 从未向同事投递
优势：暂无
────────────────────────────────────────────────────────────
10:14:26   → AI 通过: 候选人本科毕业于东北大学（985院校），人工智能专业属于强势计算机理工背景，符合第一学历要求。年龄23岁，符合22-30岁的年龄要求。毕业年份为2025年，早于2027年，符合年限要求。专业为人工智能，符合专业不限的要求。
10:14:28   → 已打招呼（立即沟通）
10:14:29   → 等待 4 秒...
10:14:33 [总第 5 张] 处理: 崔登鸿
10:14:33   → [风控] 随机跳过
10:14:33 [总第 6 张] 处理: 吴镇宇
10:14:34   → [AI Prompt]
────────────────────────────────────────────────────────────
请根据以下简历信息判断是否适合[学校要求：第一学历为985211院校，但排除非强势计算机理工背景的985211学校、或政策照顾性985/211学校。年限要求：年龄22-30岁，排除27年及之后的应届生。专业要求：专业不限，非理工科专业可以放行。备注：如果没有本科学校信息，只有硕士学校信息，且硕士学校符合要求，返回为true。]职位。
输出 JSON 格式：{"is_target": true/false, "reason": "原因说明"}

简历信息：
姓名：吴镇宇
年龄：23岁
教育背景：本科
工作经历：2025.08-2025.10 上汽通用五菱汽车 · 物流专员 | 2024.06-2024.07 上程数据 · Java
期望薪资：6-10K
技能标签：23岁 / QS前500院校 / 计算机类 / 从未向同事投递 / 英语

简历全文（摘要）：
姓名：吴镇宇
基本信息：23岁 · 1年以内 · 本科 · 离职-随时到岗
期望薪资：6-10K
状态：今日活跃
工作经历：2025.08-2025.10 上汽通用五菱汽车 · 物流专员 | 2024.06-2024.07 上程数据 · Java
教育经历：2021-2025 四川大学 · 计算机科学与技术 · 本科
技能/标签：23岁 / QS前500院校 / 计算机类 / 从未向同事投递 / 英语
优势：1.掌握C++，Java，Javascript等开发语言，了解SpringBoot，Vue等框架。2.熟悉SQL语言，能用SQL语句对数据库进行操作。3.熟悉Git版本管理工具。4.获得CET6证书。
────────────────────────────────────────────────────────────
10:15:35   → AI 调用失败: 请求失败: timed out
10:16:13   → 等待 4 秒...
10:16:17 [总第 7 张] 处理: 谢某
10:16:18   → [AI Prompt]
────────────────────────────────────────────────────────────
请根据以下简历信息判断是否适合[学校要求：第一学历为985211院校，但排除非强势计算机理工背景的985211学校、或政策照顾性985/211学校。年限要求：年龄22-30岁，排除27年及之后的应届生。专业要求：专业不限，非理工科专业可以放行。备注：如果没有本科学校信息，只有硕士学校信息，且硕士学校符合要求，返回为true。]职位。
输出 JSON 格式：{"is_target": true/false, "reason": "原因说明"}

简历信息：
姓名：谢某
年龄：25岁
教育背景：本科
工作经历：2022.07-2025.05 航天宏图信息技术 · C++
期望薪资：13-20K
技能标签：25岁 / QS前500院校 / 计算机类 / 从未向同事投递 / C/C++

简历全文（摘要）：
姓名：谢某
基本信息：25岁 · 4年 · 本科 · 在职-考虑机会
期望薪资：13-20K
状态：3日内活跃
工作经历：2022.07-2025.05 航天宏图信息技术 · C++
教育经历：2018-2022 北京理工大学 · 计算机科学与技术 · 本科
技能/标签：25岁 / QS前500院校 / 计算机类 / 从未向同事投递 / C/C++
优势：能够独立完成功能模块研发，对技术有一定的热忱，具备自我驱动学习的能力，热爱技术研究，平时有编写技术博客的习惯，能快速学习新技术，有良好的沟通能力，具备团队合作精神和责任心。
────────────────────────────────────────────────────────────
10:17:20   → AI 调用失败: 请求失败: timed out
10:17:20   → 等待 4 秒...
10:17:24 [总第 8 张] 处理: 张谭音
10:17:24   → [风控] 随机跳过
10:17:24 [总第 9 张] 处理: 刘洪玮
