13:59:41 [boss] 已连接页面，URL: https://www.zhipin.com/web/chat/recommend
13:59:43 [诊断] 当前页面 URL: https://www.zhipin.com/web/chat/recommend
13:59:43 [诊断] 页面 frames 数量: 2
13:59:43 [诊断]   frame[0] url=https://www.zhipin.com/web/chat/recommend
13:59:43 [诊断]   frame[1] url=https://www.zhipin.com/web/frame/recommend?filterParams=&t=&inspectFilterGuide=&version=9350&status=0&jobid=386d74edee05f1a20nR729y6FlZV&source=0
13:59:43 [诊断] 内容 frame URL: https://www.zhipin.com/web/frame/recommend?filterParams=&t=&inspectFilterGuide=&version=9350&status=0&jobid=386d74edee05f1a20nR729y6FlZV&source=0
13:59:43 [诊断] 页面 class 总数: 148
13:59:43 [诊断] 候选卡片相关 class: ['recommend-wrap', 'candidate-head', 'job-selecter-wrap', 'job-selecter-options', 'chat-job-search', 'iboss-sousuoicon', 'job-list', 'job-item', 'job-desc', 'recommend-filter', 'candidate-recommend', 'candidate-body', 'recommend-list-wrap', 'card-list-wrap', 'list-top-card-wrap', 'card-list', 'card-item', 'candidate-card-wrap', 'card-inner', 'geek-desc', 'iboss-close', 'with-recommend-reason', 'recommend-reason', 'card-wukong-wrap']
13:59:43 ── 第 1 批，共 45 张新卡片 ──
13:59:43 [总第 1 张] 处理: 徐晗烟
13:59:44   → [AI Prompt]
────────────────────────────────────────────────────────────
请根据以下简历信息判断是否适合[学校要求：第一学历为985211院校，但排除非强势计算机理工背景的985211学校、或政策照顾性985/211学校。年限要求：年龄22-30岁，排除27年及之后的应届生。专业要求：专业不限，非理工科专业可以放行。地点要求：期望地点为重庆。备注：如果没有本科学校信息，只有硕士学校信息，且硕士学校符合要求，返回为true。]职位。
输出 JSON 格式：{"is_target": true/false, "reason": "原因说明"}

简历信息：
姓名：徐晗烟
年龄：27岁
教育背景：本科
工作经历：2022.03-2025.03 数语 · 测试工程师
期望薪资：16-20K
技能标签：27岁 / QS前500院校 / 计算机类 / 从未向同事投递 / Jmeter

简历全文（摘要）：
姓名：徐晗烟
基本信息：27岁 · 4年 · 本科 · 离职-随时到岗
期望薪资：16-20K
状态：今日活跃
工作经历：2022.03-2025.03 数语 · 测试工程师
教育经历：2017-2021 四川大学 · 网络空间安全 · 本科
技能/标签：27岁 / QS前500院校 / 计算机类 / 从未向同事投递 / Jmeter
优势：学习上:肯于钻研,认真好学,吃苦耐劳,能不断充实专业技能,主动吸收新知识,提高业务能力 生活上:情绪稳定,有责任心,适应力强,敢于尝试新事物,会妥善处理人际关系 工作上:具备独立解决问题能力,良好的沟通协作能力和团队合作意识,积极主动,责任心强,具备较强的抗压能力
────────────────────────────────────────────────────────────
14:00:45   → [AI 原始回答] 
────────────────────────────────────────────────────────────

────────────────────────────────────────────────────────────
14:00:46   → AI 调用失败: 请求失败: timed out
  → [AI 原始回答（失败）]
────────────────────────────────────────────────────────────

────────────────────────────────────────────────────────────
14:00:46   → 等待 4 秒...
14:00:50 [总第 2 张] 处理: 胡文斐
14:00:52   → [AI Prompt]
────────────────────────────────────────────────────────────
请根据以下简历信息判断是否适合[学校要求：第一学历为985211院校，但排除非强势计算机理工背景的985211学校、或政策照顾性985/211学校。年限要求：年龄22-30岁，排除27年及之后的应届生。专业要求：专业不限，非理工科专业可以放行。地点要求：期望地点为重庆。备注：如果没有本科学校信息，只有硕士学校信息，且硕士学校符合要求，返回为true。]职位。
输出 JSON 格式：{"is_target": true/false, "reason": "原因说明"}

简历信息：
姓名：胡文斐
年龄：25岁
教育背景：本科
工作经历：2023.07-至今 比亚迪汽车工业 · 应用层软件开发工程师
期望薪资：面议
技能标签：25岁 / 985院校 / 从未向同事投递

简历全文（摘要）：
姓名：胡文斐
基本信息：25岁 · 3年 · 本科 · 在职-考虑机会
期望薪资：面议
状态：刚刚活跃
工作经历：2023.07-至今 比亚迪汽车工业 · 应用层软件开发工程师
教育经历：2019-2023 中国海洋大学 · 计算机科学与技术 · 本科
技能/标签：25岁 / 985院校 / 从未向同事投递
优势：热情乐观，沟通能力强，责任心强，学习能力强；掌握计算机基础知识，熟悉C、MATLAB/Simulink；熟悉CANAPE、CANOE、CANPRO的使用；熟悉AUTOSAR架构、ASPICE开发流程、CAN网络协议；熟悉EPS电控系统应用开发匹配流程。
────────────────────────────────────────────────────────────
