13:40:09 [boss] 已连接页面，URL: https://www.zhipin.com/web/chat/recommend
13:40:11 [诊断] 当前页面 URL: https://www.zhipin.com/web/chat/recommend
13:40:11 [诊断] 页面 frames 数量: 2
13:40:11 [诊断]   frame[0] url=https://www.zhipin.com/web/chat/recommend
13:40:11 [诊断]   frame[1] url=https://www.zhipin.com/web/frame/recommend?filterParams=&t=&inspectFilterGuide=&version=9350&status=0&jobid=386d74edee05f1a20nR729y6FlZV&source=0
13:40:12 [诊断] 内容 frame URL: https://www.zhipin.com/web/frame/recommend?filterParams=&t=&inspectFilterGuide=&version=9350&status=0&jobid=386d74edee05f1a20nR729y6FlZV&source=0
13:40:12 [诊断] 页面 class 总数: 148
13:40:12 [诊断] 候选卡片相关 class: ['recommend-wrap', 'candidate-head', 'job-selecter-wrap', 'job-selecter-options', 'chat-job-search', 'iboss-sousuoicon', 'job-list', 'job-item', 'job-desc', 'recommend-filter', 'candidate-recommend', 'candidate-body', 'recommend-list-wrap', 'card-list-wrap', 'list-top-card-wrap', 'card-list', 'card-item', 'candidate-card-wrap', 'card-inner', 'geek-desc', 'iboss-close', 'with-recommend-reason', 'recommend-reason', 'card-wukong-wrap']
13:40:12 ── 第 1 批，共 15 张新卡片 ──
13:40:12 [总第 1 张] 处理: 徐晗烟
13:40:13   → [AI Prompt]
────────────────────────────────────────────────────────────
请根据以下简历信息判断是否适合[学校要求：第一学历为985211院校，但排除非强势计算机理工背景的985211学校、或政策照顾性985/211学校。年限要求：年龄22-30岁，排除27年及之后的应届生。专业要求：专业不限，非理工科专业可以放行。地点要求：期望地点为重庆。备注：如果没有本科学校信息，只有硕士学校信息，且硕士学校符合要求，返回为true。]职位。
输出 JSON 格式：{"is_target": true/false, "reason": "原因说明"}

简历信息：
姓名：徐晗烟
年龄：27岁
教育背景：本科
工作经历：2022.03-2025.03 数语 · 测试工程师
期望薪资：16-20K
技能标签：27岁 / QS前500院校 / 计算机类 / 从未向同事投递 / Jmeter

简历全文（摘要）：
姓名：徐晗烟
基本信息：27岁 · 4年 · 本科 · 离职-随时到岗
期望薪资：16-20K
状态：今日活跃
工作经历：2022.03-2025.03 数语 · 测试工程师
教育经历：2017-2021 四川大学 · 网络空间安全 · 本科
技能/标签：27岁 / QS前500院校 / 计算机类 / 从未向同事投递 / Jmeter
优势：学习上:肯于钻研,认真好学,吃苦耐劳,能不断充实专业技能,主动吸收新知识,提高业务能力 生活上:情绪稳定,有责任心,适应力强,敢于尝试新事物,会妥善处理人际关系 工作上:具备独立解决问题能力,良好的沟通协作能力和团队合作意识,积极主动,责任心强,具备较强的抗压能力
────────────────────────────────────────────────────────────
13:41:13   → [AI 原始回答] 
────────────────────────────────────────────────────────────

────────────────────────────────────────────────────────────
13:41:14   → AI 调用失败: 请求失败: timed out
13:41:15   → 等待 3 秒...
13:41:18 [总第 2 张] 处理: 胡文斐
13:41:19   → [AI Prompt]
────────────────────────────────────────────────────────────
请根据以下简历信息判断是否适合[学校要求：第一学历为985211院校，但排除非强势计算机理工背景的985211学校、或政策照顾性985/211学校。年限要求：年龄22-30岁，排除27年及之后的应届生。专业要求：专业不限，非理工科专业可以放行。地点要求：期望地点为重庆。备注：如果没有本科学校信息，只有硕士学校信息，且硕士学校符合要求，返回为true。]职位。
输出 JSON 格式：{"is_target": true/false, "reason": "原因说明"}

简历信息：
姓名：胡文斐
年龄：25岁
教育背景：本科
工作经历：2023.07-至今 比亚迪汽车工业 · 应用层软件开发工程师
期望薪资：面议
技能标签：25岁 / 985院校 / 从未向同事投递

简历全文（摘要）：
姓名：胡文斐
基本信息：25岁 · 3年 · 本科 · 在职-考虑机会
期望薪资：面议
状态：刚刚活跃
工作经历：2023.07-至今 比亚迪汽车工业 · 应用层软件开发工程师
教育经历：2019-2023 中国海洋大学 · 计算机科学与技术 · 本科
技能/标签：25岁 / 985院校 / 从未向同事投递
优势：热情乐观，沟通能力强，责任心强，学习能力强；掌握计算机基础知识，熟悉C、MATLAB/Simulink；熟悉CANAPE、CANOE、CANPRO的使用；熟悉AUTOSAR架构、ASPICE开发流程、CAN网络协议；熟悉EPS电控系统应用开发匹配流程。
────────────────────────────────────────────────────────────
13:41:25   → [AI 原始回答] 
────────────────────────────────────────────────────────────
```json
{
  "is_target": false,
  "reason": "简历中未明确期望工作地点为重庆。学校要求（中国海洋大学，985院校，计算机科学与技术专业）和年龄要求（25岁）均符合，但地点要求未满足。"
}
```
────────────────────────────────────────────────────────────
13:41:27   → AI 未通过: 简历中未明确期望工作地点为重庆。学校要求（中国海洋大学，985院校，计算机科学与技术专业）和年龄要求（25岁）均符合，但地点要求未满足。
13:41:27   → 等待 5 秒...
13:41:32 [总第 3 张] 处理: 肖茹杰
13:41:33   → [关键词排除] 命中关键词: 「银行」（简历全文）
13:41:34 [总第 4 张] 处理: 廖宁夏
13:41:36   → [AI Prompt]
────────────────────────────────────────────────────────────
请根据以下简历信息判断是否适合[学校要求：第一学历为985211院校，但排除非强势计算机理工背景的985211学校、或政策照顾性985/211学校。年限要求：年龄22-30岁，排除27年及之后的应届生。专业要求：专业不限，非理工科专业可以放行。地点要求：期望地点为重庆。备注：如果没有本科学校信息，只有硕士学校信息，且硕士学校符合要求，返回为true。]职位。
输出 JSON 格式：{"is_target": true/false, "reason": "原因说明"}

简历信息：
姓名：廖宁夏
年龄：25岁
教育背景：本科
工作经历：2023.07-2025.09 花旗金融信息服务（中国） · 全栈工程师
期望薪资：23-27K
技能标签：25岁 / QS前500院校 / 计算机类 / 从未向同事投递

简历全文（摘要）：
姓名：廖宁夏
基本信息：25岁 · 3年 · 本科 · 离职-随时到岗
期望薪资：23-27K
状态：今日活跃
工作经历：2023.07-2025.09 花旗金融信息服务（中国） · 全栈工程师
教育经历：2019-2023 重庆大学 · 软件工程 · 本科
技能/标签：25岁 / QS前500院校 / 计算机类 / 从未向同事投递
优势：热爱桌游与手工，擅长动手实践与创造性解决问题。具备良好编程习惯与专业知识。积极参与团队协作，沟通能力突出，文字表达与方案撰写能力扎实。熟练掌握Office办公软件，曾多次主导小组项目的PPT汇报与文档编写，能独立完成基础PS/PR操作。抗压能力强，执行力高效，能快速融入团队并推动任务落地。
────────────────────────────────────────────────────────────
13:42:16   → [AI 原始回答] 
────────────────────────────────────────────────────────────
23年毕业，非2027年及之后的应届生）、专业（软件工程符合专业不限要求）均符合职位要求。但简历中未提及期望工作地点，无法判断是否符合“期望地点为重庆”这一要求。"
}
```
────────────────────────────────────────────────────────────
13:42:17   → AI 调用失败: 格式异常: 23年毕业，非2027年及之后的应届生）、专业（软件工程符合专业不限要求）均符合职位要求。但简历中未提及期望工作地点，无法判断是否符合“期望地点为重庆”这一要求。"
}
```
13:42:17   → 等待 3 秒...
13:42:20 [总第 5 张] 处理: yhao
13:42:21   → [AI Prompt]
────────────────────────────────────────────────────────────
请根据以下简历信息判断是否适合[学校要求：第一学历为985211院校，但排除非强势计算机理工背景的985211学校、或政策照顾性985/211学校。年限要求：年龄22-30岁，排除27年及之后的应届生。专业要求：专业不限，非理工科专业可以放行。地点要求：期望地点为重庆。备注：如果没有本科学校信息，只有硕士学校信息，且硕士学校符合要求，返回为true。]职位。
输出 JSON 格式：{"is_target": true/false, "reason": "原因说明"}

简历信息：
姓名：yhao
年龄：25岁
教育背景：硕士
工作经历：2025.07-至今 loopfi · Golang | 2024.07-2025.07 华为 · Java
期望薪资：20-21K
技能标签：25岁 / QS前500院校 / 计算机类 / 5年内跳槽1次 / 从未向同事投递 / 名企大厂经历

简历全文（摘要）：
姓名：yhao
基本信息：25岁 · 3年 · 硕士 · 在职-考虑机会
期望薪资：20-21K
状态：在线
工作经历：2025.07-至今 loopfi · Golang | 2024.07-2025.07 华为 · Java
教育经历：2021-2024 电子科技大学 · 电子信息 · 硕士 | 2017-2021 电子科技大学 · 网络工程 · 本科
技能/标签：25岁 / QS前500院校 / 计算机类 / 5年内跳槽1次 / 从未向同事投递 / 名企大厂经历
优势：web3
────────────────────────────────────────────────────────────
13:43:21   → [AI 原始回答] 
────────────────────────────────────────────────────────────

────────────────────────────────────────────────────────────
13:43:23   → AI 调用失败: 请求失败: timed out
13:43:23   → 等待 4 秒...
13:43:27 [总第 6 张] 处理: 杨光
13:43:28   → [关键词排除] 命中关键词: 「教师」（简历全文）
13:43:30 [总第 7 张] 处理: 曹胜彬
13:43:31   → [AI Prompt]
────────────────────────────────────────────────────────────
请根据以下简历信息判断是否适合[学校要求：第一学历为985211院校，但排除非强势计算机理工背景的985211学校、或政策照顾性985/211学校。年限要求：年龄22-30岁，排除27年及之后的应届生。专业要求：专业不限，非理工科专业可以放行。地点要求：期望地点为重庆。备注：如果没有本科学校信息，只有硕士学校信息，且硕士学校符合要求，返回为true。]职位。
输出 JSON 格式：{"is_target": true/false, "reason": "原因说明"}

简历信息：
姓名：曹胜彬
年龄：27岁
教育背景：本科
工作经历：2024.04-2026.02 外企德科人力资源服务上海 · 前端开发工程师 | 2021.07-2023.10 生联智慧科技发展 · web前端
期望薪资：10-14K
技能标签：27岁 / QS前500院校 / 数学类 / 5年内跳槽1次 / 从未向同事投递 / JavaScript

简历全文（摘要）：
姓名：曹胜彬
基本信息：27岁 · 5年 · 本科 · 在职-考虑机会
期望薪资：10-14K
状态：刚刚活跃
工作经历：2024.04-2026.02 外企德科人力资源服务上海 · 前端开发工程师 | 2021.07-2023.10 生联智慧科技发展 · web前端
教育经历：2017-2021 天津大学 · 数学与应用数学 · 本科
技能/标签：27岁 / QS前500院校 / 数学类 / 5年内跳槽1次 / 从未向同事投递 / JavaScript
优势：我性格开朗，做事认真负责，有2年实践经验，熟悉 vue，react 等前端框架，熟悉 HTML5+CSS 3优化页面布局
────────────────────────────────────────────────────────────
13:43:37   → [AI 原始回答] 
────────────────────────────────────────────────────────────
```json
{
  "is_target": false,
  "reason": "简历中未明确期望工作地点是否为重庆，因此无法判断是否符合地点要求。"
}
```
────────────────────────────────────────────────────────────
13:43:39   → AI 未通过: 简历中未明确期望工作地点是否为重庆，因此无法判断是否符合地点要求。
13:43:39   → 等待 3 秒...
13:43:42 [总第 8 张] 处理: 吴泽宇
13:43:43   → [AI Prompt]
────────────────────────────────────────────────────────────
请根据以下简历信息判断是否适合[学校要求：第一学历为985211院校，但排除非强势计算机理工背景的985211学校、或政策照顾性985/211学校。年限要求：年龄22-30岁，排除27年及之后的应届生。专业要求：专业不限，非理工科专业可以放行。地点要求：期望地点为重庆。备注：如果没有本科学校信息，只有硕士学校信息，且硕士学校符合要求，返回为true。]职位。
输出 JSON 格式：{"is_target": true/false, "reason": "原因说明"}

简历信息：
姓名：吴泽宇
年龄：24岁
教育背景：本科
工作经历：2022.06-2022.08 陕西博源 · 数据分析师
期望薪资：面议
技能标签：24岁 / QS前500院校 / 金融学类 / 从未向同事投递 / 数据分析师

简历全文（摘要）：
姓名：吴泽宇
基本信息：24岁 · 1年以内 · 本科 · 离职-随时到岗
期望薪资：面议
状态：刚刚活跃
工作经历：2022.06-2022.08 陕西博源 · 数据分析师
教育经历：2019-2023 西安交通大学 · 人居环境科学与技术（大数据方向） · 本科 | 2019-2023 西安交通大学 · 金融学（辅修） · 本科
技能/标签：24岁 / QS前500院校 / 金融学类 / 从未向同事投递 / 数据分析师
优势：英语四级，听说读写能力良好，能流利的用英语进行日常交流，能快速浏览英文文档和书籍；残奥会优秀志愿者。帮助人们在比赛中的各种问题进行很好的解决。国家级项目优秀荣誉证书。在学校中参与2次国家级项目并取得优秀成果（一等奖）。工作积极认真，细心负责，熟练运用办公自动化软件，善干在工作中提出问题、发现问题、解决问题，有较强的分析能力；勤奋好学，踏实肯干，动手能力强，认真负责，有很强的社会责任感；坚毅不拔，吃苦耐劳，喜欢迎接新挑战。
────────────────────────────────────────────────────────────
13:44:43   → [AI 原始回答] 
────────────────────────────────────────────────────────────

────────────────────────────────────────────────────────────
13:44:45   → AI 调用失败: 请求失败: timed out
13:44:45   → 等待 3 秒...
13:44:48 [总第 9 张] 处理: 颜铭
13:44:50   → [AI Prompt]
────────────────────────────────────────────────────────────
请根据以下简历信息判断是否适合[学校要求：第一学历为985211院校，但排除非强势计算机理工背景的985211学校、或政策照顾性985/211学校。年限要求：年龄22-30岁，排除27年及之后的应届生。专业要求：专业不限，非理工科专业可以放行。地点要求：期望地点为重庆。备注：如果没有本科学校信息，只有硕士学校信息，且硕士学校符合要求，返回为true。]职位。
输出 JSON 格式：{"is_target": true/false, "reason": "原因说明"}

简历信息：
姓名：颜铭
年龄：23岁
教育背景：本科
工作经历：2025.04-2025.09 钦原 · 图像算法 | 2023.07-2023.10 超级计算中心数据智能部 · 算法工程师
期望薪资：11-14K
技能标签：23岁 / QS前500院校 / 从未向同事投递 / Python / 算法设计

简历全文（摘要）：
姓名：颜铭
基本信息：23岁 · 1年 · 本科 · 在职-考虑机会
期望薪资：11-14K
状态：刚刚活跃
工作经历：2025.04-2025.09 钦原 · 图像算法 | 2023.07-2023.10 超级计算中心数据智能部 · 算法工程师
教育经历：2020-2024 南开大学 · 智能科学与技术 · 本科
技能/标签：23岁 / QS前500院校 / 从未向同事投递 / Python / 算法设计
优势：本人学习努力，肯于钻研，主动接触学习新生事物和钻研开发新技术，具备扎实的数理知识蓄备和优异的专业技术素养。对待工作认真负责，积极进取，创新意识强，敢于挑战自我，在自动驾驶、机器人领域完成多个设计及部署应用的完整项目闭环，具备了算法与系统开发能力。在不断关注项目的管理和集成中，也通过解决技术问题积累10万加行的代码调试宝贵经验。同时，在领导及参与多项优秀课题中得到导师和同学们的好评。
────────────────────────────────────────────────────────────
13:45:50   → [AI 原始回答] 
────────────────────────────────────────────────────────────

────────────────────────────────────────────────────────────
13:45:51   → AI 调用失败: 请求失败: timed out
13:45:52   → 等待 3 秒...
13:45:55 [总第 10 张] 处理: 周佳懿
13:45:57   → [AI Prompt]
────────────────────────────────────────────────────────────
请根据以下简历信息判断是否适合[学校要求：第一学历为985211院校，但排除非强势计算机理工背景的985211学校、或政策照顾性985/211学校。年限要求：年龄22-30岁，排除27年及之后的应届生。专业要求：专业不限，非理工科专业可以放行。地点要求：期望地点为重庆。备注：如果没有本科学校信息，只有硕士学校信息，且硕士学校符合要求，返回为true。]职位。
输出 JSON 格式：{"is_target": true/false, "reason": "原因说明"}

简历信息：
姓名：周佳懿
年龄：27岁
教育背景：本科
工作经历：2021.07-2024.05 字节跳动 · 其他后端开发 | 2020.07-2024.05 抖音信息服务 · Golang
期望薪资：25-40K
技能标签：27岁 / QS前500院校 / 计算机类 / 5年内跳槽1次 / 从未向同事投递

简历全文（摘要）：
姓名：周佳懿
基本信息：27岁 · 5年 · 本科 · 离职-随时到岗
期望薪资：25-40K
状态：刚刚活跃
工作经历：2021.07-2024.05 字节跳动 · 其他后端开发 | 2020.07-2024.05 抖音信息服务 · Golang
教育经历：2017-2021 上海交通大学 · 软件工程 · 本科
技能/标签：27岁 / QS前500院校 / 计算机类 / 5年内跳槽1次 / 从未向同事投递
优势：3年以上互联网后端开发经验。熟悉 Web 技术栈和 Web 应用开发，熟悉 Go 语言，有高并发，海量用户经验。在用户增长领域有3年+经验。负责全球DAU同品类排名前列的App增长。
────────────────────────────────────────────────────────────
13:46:57   → [AI 原始回答] 
────────────────────────────────────────────────────────────

────────────────────────────────────────────────────────────
13:46:58   → AI 调用失败: 请求失败: timed out
13:46:58   → 等待 4 秒...
13:47:02 [总第 11 张] 处理: 艾涛
13:47:04   → [关键词排除] 命中关键词: 「电气」（简历全文）
13:47:05 [总第 12 张] 处理: 李世林
13:47:07   → [AI Prompt]
────────────────────────────────────────────────────────────
请根据以下简历信息判断是否适合[学校要求：第一学历为985211院校，但排除非强势计算机理工背景的985211学校、或政策照顾性985/211学校。年限要求：年龄22-30岁，排除27年及之后的应届生。专业要求：专业不限，非理工科专业可以放行。地点要求：期望地点为重庆。备注：如果没有本科学校信息，只有硕士学校信息，且硕士学校符合要求，返回为true。]职位。
输出 JSON 格式：{"is_target": true/false, "reason": "原因说明"}

简历信息：
姓名：李世林
年龄：26岁
教育背景：硕士
工作经历：2024.06-2024.08 江苏传智播客教育 · Java
期望薪资：15-20K
技能标签：26岁 / QS前500院校 / 计算机类 / 5年内跳槽1次 / 从未向同事投递

简历全文（摘要）：
姓名：李世林
基本信息：26岁 · 1年以内 · 硕士 · 在职-月内到岗
期望薪资：15-20K
状态：刚刚活跃
工作经历：2024.06-2024.08 江苏传智播客教育 · Java
教育经历：2022-2025 四川大学 · 人工智能 · 硕士 | 2018-2022 兰州大学 · 水文与水资源工程 · 本科
技能/标签：26岁 / QS前500院校 / 计算机类 / 5年内跳槽1次 / 从未向同事投递
优势：自信、严谨、友好、乐于沟通；能够根据需求文档快速高效的完成编码；具备良好的编程习惯，注重代码规范；自学能力强，能短时间内掌握新的技术，独立完成模块的开发；逻辑思维清晰，工作积极主动，富有责任心，乐于挑战技术难点，具有强烈的团队合作精神，勇于承受较大的工作压力。
────────────────────────────────────────────────────────────
13:48:07   → [AI 原始回答] 
────────────────────────────────────────────────────────────

────────────────────────────────────────────────────────────
13:48:08   → AI 调用失败: 请求失败: timed out
13:48:09   → 等待 3 秒...
13:48:12 [总第 13 张] 处理: 宇呵宇
13:48:12   → [风控] 随机跳过
13:48:12 [总第 14 张] 处理: 王先生
13:48:14   → [AI Prompt]
────────────────────────────────────────────────────────────
请根据以下简历信息判断是否适合[学校要求：第一学历为985211院校，但排除非强势计算机理工背景的985211学校、或政策照顾性985/211学校。年限要求：年龄22-30岁，排除27年及之后的应届生。专业要求：专业不限，非理工科专业可以放行。地点要求：期望地点为重庆。备注：如果没有本科学校信息，只有硕士学校信息，且硕士学校符合要求，返回为true。]职位。
输出 JSON 格式：{"is_target": true/false, "reason": "原因说明"}

简历信息：
姓名：王先生
年龄：27岁
教育背景：本科
工作经历：2021.08-2023.06 华为 · Java
期望薪资：14-25K
技能标签：27岁 / QS前500院校 / 计算机类 / 从未向同事投递 / 名企大厂经历

简历全文（摘要）：
姓名：王先生
基本信息：27岁 · 5年 · 本科 · 离职-随时到岗
期望薪资：14-25K
状态：在线
工作经历：2021.08-2023.06 华为 · Java
教育经历：2017-2021 大连理工大学 · 软件工程 · 本科
技能/标签：27岁 / QS前500院校 / 计算机类 / 从未向同事投递 / 名企大厂经历
优势：1.熟练掌握Java语法、集合、反射、多线程等，对面向对象编程思想有深刻的理解；2.对JVM有初步的理解，包括内存模型、垃圾回收机制，了解其基本调优技巧；3.熟练使用MySQL等常用数据库，了解索引、事务等概念，并对SQL进行性能优化；4.熟练掌握SpringBoot、Mybatis等主流开源框架；5.了解Kafka、Redis、Elasticsearch等常用中间件的使用；6.熟练使用Kubernetes容器编排平台，熟悉Linux 系统常用命令；7.熟练使用Git、Maven、Jenkins 等常用开发部署工具；
────────────────────────────────────────────────────────────
13:49:14   → [AI 原始回答] 
────────────────────────────────────────────────────────────

────────────────────────────────────────────────────────────
13:49:15   → AI 调用失败: 请求失败: timed out
13:49:16   → 等待 5 秒...
13:49:21 [总第 15 张] 处理: 虞子楠
13:49:22   → [AI Prompt]
────────────────────────────────────────────────────────────
请根据以下简历信息判断是否适合[学校要求：第一学历为985211院校，但排除非强势计算机理工背景的985211学校、或政策照顾性985/211学校。年限要求：年龄22-30岁，排除27年及之后的应届生。专业要求：专业不限，非理工科专业可以放行。地点要求：期望地点为重庆。备注：如果没有本科学校信息，只有硕士学校信息，且硕士学校符合要求，返回为true。]职位。
输出 JSON 格式：{"is_target": true/false, "reason": "原因说明"}

简历信息：
姓名：虞子楠
年龄：25岁
教育背景：本科
工作经历：2022.08-2026.02 道一软件 · 前端开发工程师
期望薪资：15-18K
技能标签：25岁 / QS前500院校 / 计算机类 / 从未向同事投递 / JavaScript

简历全文（摘要）：
姓名：虞子楠
基本信息：25岁 · 4年 · 本科 · 离职-随时到岗
期望薪资：15-18K
状态：刚刚活跃
工作经历：2022.08-2026.02 道一软件 · 前端开发工程师
教育经历：2018-2022 大连理工大学 · 计算机及应用 · 本科
技能/标签：25岁 / QS前500院校 / 计算机类 / 从未向同事投递 / JavaScript
优势：1.框架方面：精通 Vue 2/3.深入理解响应式原理、生命周期和组件二次封装机制。熟悉 Pinia、Vue Router、Antdv 等生态及辅助库，掌握 JSX、TypeScript、SCSS，能高效构建复用组件体系。2.工程化方面：熟练掌握webpack,vite,rollup等工程化工具，了解不同工具的核心原理以及差异，针对每种工具能实现自定义构建流程和打包优化。熟练使用 Vitest 编写单元测试，保障组件与业务逻辑稳定性。3.C端开发经验：熟练使用UniApp 跨端开发，覆盖微信、抖音、Android、iOS。熟悉 Electron 桌面应用开发，能将 Web 技术应用于桌面端产品，能够编写简单的rust代码，比如electron代码加密。4.性能优化：掌握前端性能优化手段：代码分割、懒加载、资源优化等。能够分析性能指标（FCP、LCP），提出有效优化方案，提升用户交互体验。5.后端能力：熟悉 Node.js + Express，能设计和实现 RESTful API，有完整中间层，中后台后端等开发经验。6.数据库方面：熟悉sqlite数据库的基本使用，能够设计简单的数据库模型，进行数据库CRUD操作。7.设计模式：熟悉SOLID设计原则和前端常用的设计模式，能够在合适的场景应用这些模式，提高代码的可维护性和扩展性。8.数据结构和算法：了解基本数据结构与算法，掌握时间复杂度和空间复杂度分析方法。9.团队合作：熟悉 Git 版本控制和基本操作，eslint,pretter的基本配置。具备良好沟通能力和团队协作经验。10、编码能力：扎实的 HTML/CSS/JS 基础，深入研究前端核心知识，热爱学习新技术。
────────────────────────────────────────────────────────────
13:50:02   → [AI 原始回答] 
────────────────────────────────────────────────────────────
```json
{
  "is_target": false,
  "reason": "本科毕业院校大连理工大学符合985/211院校要求，且计算机专业背景符合非强势计算机理工背景的排除条件。年龄25岁符合22-30岁的年龄范围，且非2027年及之后的应届生。专业为计算机及应用，符合专业不限的要求。但简历中未明确期望地点是否为重庆，因此无法判断是否符合地点要求。"
}
```
────────────────────────────────────────────────────────────
13:50:04   → AI 未通过: 本科毕业院校大连理工大学符合985/211院校要求，且计算机专业背景符合非强势计算机理工背景的排除条件。年龄25岁符合22-30岁的年龄范围，且非2027年及之后的应届生。专业为计算机及应用，符合专业不限的要求。但简历中未明确期望地点是否为重庆，因此无法判断是否符合地点要求。
13:50:04   → 等待 5 秒...
13:50:09 ── 第 1 批处理完，滚动加载更多候选人...
13:50:13 ── 第 2 批，共 30 张新卡片 ──
13:50:13 [总第 16 张] 处理: 毛洋
13:50:15   → [AI Prompt]
────────────────────────────────────────────────────────────
请根据以下简历信息判断是否适合[学校要求：第一学历为985211院校，但排除非强势计算机理工背景的985211学校、或政策照顾性985/211学校。年限要求：年龄22-30岁，排除27年及之后的应届生。专业要求：专业不限，非理工科专业可以放行。地点要求：期望地点为重庆。备注：如果没有本科学校信息，只有硕士学校信息，且硕士学校符合要求，返回为true。]职位。
输出 JSON 格式：{"is_target": true/false, "reason": "原因说明"}

简历信息：
姓名：毛洋
年龄：25岁
教育背景：本科
工作经历：2023.07-至今 国家电网 · 图像算法
期望薪资：20-30K
技能标签：25岁 / QS前500院校 / 计算机类 / 从未向同事投递

简历全文（摘要）：
姓名：毛洋
基本信息：25岁 · 3年 · 本科 · 在职-考虑机会
期望薪资：20-30K
状态：3日内活跃
工作经历：2023.07-至今 国家电网 · 图像算法
教育经历：2018-2022 四川大学 · 软件工程 · 本科
技能/标签：25岁 / QS前500院校 / 计算机类 / 从未向同事投递
优势：拥有多个人工智能开发项目经验，涵盖nlp，cv等领域 拥有优秀的文档写作能力，涵盖项目全流程所需的文档材料 专注于人工智能数据层面，深度理解机器学习特别是符号主义时期相关思路，在算法层面，对Transformer，CNN结构有独特理解；在模型架构层面，对MoE，Dense结构有实践工程项目经验。牵头一项多源数据融合与设备拓扑的设备状态研判系统研发，带领团队完成实物的落地与相关论文指标 基于设备图像缺陷检测课题，深度参与包括省部级等各类重大科技专项 立项两项团体标准，包括设备缺陷图像判别与多模态大模型执行标准 获得两次行业协会/厅级单位科技进步奖
────────────────────────────────────────────────────────────
13:51:15   → [AI 原始回答] 
────────────────────────────────────────────────────────────

────────────────────────────────────────────────────────────
13:51:16   → AI 调用失败: 请求失败: timed out
13:51:17   → 等待 4 秒...
13:51:21 [总第 17 张] 处理: 赵国强
13:51:22   → [AI Prompt]
────────────────────────────────────────────────────────────
请根据以下简历信息判断是否适合[学校要求：第一学历为985211院校，但排除非强势计算机理工背景的985211学校、或政策照顾性985/211学校。年限要求：年龄22-30岁，排除27年及之后的应届生。专业要求：专业不限，非理工科专业可以放行。地点要求：期望地点为重庆。备注：如果没有本科学校信息，只有硕士学校信息，且硕士学校符合要求，返回为true。]职位。
输出 JSON 格式：{"is_target": true/false, "reason": "原因说明"}

简历信息：
姓名：赵国强
年龄：24岁
教育背景：本科
工作经历：2023.07-2025.11 成谷 · 嵌入式软件工程师
期望薪资：20-25K
技能标签：24岁 / 985院校 / 从未向同事投递 / 来自相似职位Python / 最近关注算法工程师 / Keil

简历全文（摘要）：
姓名：赵国强
基本信息：24岁 · 3年 · 本科 · 离职-随时到岗
期望薪资：20-25K
状态：刚刚活跃
工作经历：2023.07-2025.11 成谷 · 嵌入式软件工程师
教育经历：2019-2023 兰州大学 · 人工智能 · 本科
技能/标签：24岁 / 985院校 / 从未向同事投递 / 来自相似职位Python / 最近关注算法工程师 / Keil
优势：喜欢新鲜事物，勇于探索，不怕失败，具有较强理性思维和逻辑思维
────────────────────────────────────────────────────────────
13:52:22   → [AI 原始回答] 
────────────────────────────────────────────────────────────

────────────────────────────────────────────────────────────
13:52:23   → AI 调用失败: 请求失败: timed out
13:52:24   → 等待 5 秒...
13:52:29 [总第 18 张] 处理: 小雯
13:52:31   → [AI Prompt]
────────────────────────────────────────────────────────────
请根据以下简历信息判断是否适合[学校要求：第一学历为985211院校，但排除非强势计算机理工背景的985211学校、或政策照顾性985/211学校。年限要求：年龄22-30岁，排除27年及之后的应届生。专业要求：专业不限，非理工科专业可以放行。地点要求：期望地点为重庆。备注：如果没有本科学校信息，只有硕士学校信息，且硕士学校符合要求，返回为true。]职位。
输出 JSON 格式：{"is_target": true/false, "reason": "原因说明"}

简历信息：
姓名：小雯
年龄：25岁
教育背景：本科
工作经历：2022.07-2026.01 阿里巴巴（中国） · 开发工程师
期望薪资：面议
技能标签：25岁 / QS前500院校 / 计算机类 / 从未向同事投递 / 全栈开发

简历全文（摘要）：
姓名：小雯
基本信息：25岁 · 4年 · 本科 · 离职-随时到岗
期望薪资：面议
工作经历：2022.07-2026.01 阿里巴巴（中国） · 开发工程师
教育经历：2018-2022 重庆大学 · 信息安全 · 本科
技能/标签：25岁 / QS前500院校 / 计算机类 / 从未向同事投递 / 全栈开发
优势：能熟练使用C++、Java、Go 等编程语言编写项目并理解其编程思想，熟悉 linux 操作系统的使用并对其内核的架构有一定的了解，善于分析单机问题，了解容器相关技术并对其运用有一定了解。
────────────────────────────────────────────────────────────
