20:13:12 [诊断] 当前页面 URL: https://www.zhipin.com/web/chat/recommend
20:13:12 [诊断] 页面 frames 数量: 2
20:13:12 [诊断]   frame[0] url=https://www.zhipin.com/web/chat/recommend
20:13:12 [诊断]   frame[1] url=https://www.zhipin.com/web/frame/recommend?filterParams=&t=&inspectFilterGuide=&version=9336&status=0&jobid=e19195566f4892eb0nV_3dm_F1JT&source=0
20:13:12 [诊断] 内容 frame URL: https://www.zhipin.com/web/frame/recommend?filterParams=&t=&inspectFilterGuide=&version=9336&status=0&jobid=e19195566f4892eb0nV_3dm_F1JT&source=0
20:13:12 [诊断] 页面 class 总数: 138
20:13:12 [诊断] 候选卡片相关 class: ['recommend-wrap', 'candidate-head', 'job-selecter-wrap', 'job-selecter-options', 'chat-job-search', 'iboss-sousuoicon', 'job-list', 'job-item', 'job-desc', 'recommend-filter', 'candidate-recommend', 'candidate-body', 'recommend-list-wrap', 'card-list-wrap', 'list-top-card-wrap', 'card-list', 'card-item', 'candidate-card-wrap', 'card-inner', 'geek-desc', 'iboss-close', 'with-recommend-reason', 'recommend-reason']
20:13:13 ── 第 1 批，共 15 张新卡片 ──
20:13:13 [总第 1 张] 处理: 杨雨姗
20:13:13   → [关键词排除] 命中关键词: 「教师」（简历全文）
20:13:14 [总第 2 张] 处理: 熊海艳
20:13:15   → [关键词排除] 命中关键词: 「教师」（简历全文）
20:13:16 [总第 3 张] 处理: 吴一寒
20:13:16   → [关键词排除] 命中关键词: 「产品经理」（简历全文）
20:13:17 [总第 4 张] 处理: 陈思来
20:13:17   → [风控] 随机跳过
20:13:17 [总第 5 张] 处理: 张家瑜
20:13:17   → [风控] 随机跳过
20:13:17 [总第 6 张] 处理: 秦吕
20:13:18   → [AI Prompt]
────────────────────────────────────────────────────────────
请根据以下简历信息判断是否适合[学校要求：第一学历为985211院校，但排除非强势计算机理工背景的985211学校、或政策照顾性985/211学校。年限要求：年龄22-30岁，排除27年及之后的应届生。专业要求：专业不限，非理工科专业可以放行。备注：如果没有本科学校信息，只有硕士学校信息，且硕士学校符合要求，返回为true。]职位。
输出 JSON 格式：{"is_target": true/false, "reason": "原因说明"}

简历信息：
姓名：秦吕
年龄：26岁
教育背景：本科
工作经历：2022.07-至今 国贸有色矿产 · 贸易跟单
期望薪资：14-15K
技能标签：26岁 / QS前500院校 / 从未向同事投递 / ERP / 全职

简历全文（摘要）：
姓名：秦吕
基本信息：26岁 · 4年 · 本科 · 在职-考虑机会
期望薪资：14-15K
状态：3日内活跃
工作经历：2022.07-至今 国贸有色矿产 · 贸易跟单
教育经历：2018-2022 厦门大学 · 经济统计学 · 本科
技能/标签：26岁 / QS前500院校 / 从未向同事投递 / ERP / 全职
优势：1.三年内贸跟单经验，熟悉业务全流程操作。2.经手品种（水泥熟料、金属硅、纯碱）及业务模式多样（联营、代理、自营）。3.性格开朗温和，沟通协调能力强，富有团队精神和抗压能力。健身、打羽毛球，身体素质较好。
────────────────────────────────────────────────────────────
20:13:22   → AI 未通过: 第一学历为厦门大学，虽然是211院校，但属于政策照顾性211学校，且非强势计算机理工背景，不符合学校要求。
20:13:22   → 等待 5 秒...
20:13:27 [总第 7 张] 处理: 黄女士
20:13:29   → [AI Prompt]
────────────────────────────────────────────────────────────
请根据以下简历信息判断是否适合[学校要求：第一学历为985211院校，但排除非强势计算机理工背景的985211学校、或政策照顾性985/211学校。年限要求：年龄22-30岁，排除27年及之后的应届生。专业要求：专业不限，非理工科专业可以放行。备注：如果没有本科学校信息，只有硕士学校信息，且硕士学校符合要求，返回为true。]职位。
输出 JSON 格式：{"is_target": true/false, "reason": "原因说明"}

简历信息：
姓名：黄女士
年龄：26岁
教育背景：本科
工作经历：2022.07-至今 比亚迪电子 · ie工程师
期望薪资：12-20K
技能标签：26岁 / QS前500院校 / 从未向同事投递 / 精益生产

简历全文（摘要）：
姓名：黄女士
基本信息：26岁 · 4年 · 本科 · 在职-考虑机会
期望薪资：12-20K
状态：刚刚活跃
工作经历：2022.07-至今 比亚迪电子 · ie工程师
教育经历：2018-2022 中南大学 · 安全工程 · 本科
技能/标签：26岁 / QS前500院校 / 从未向同事投递 / 精益生产
优势：大学英语四级
────────────────────────────────────────────────────────────
20:13:32   → AI 未通过: 黄女士的第一学历为中南大学，该校属于政策照顾性985/211学校，且本科专业为安全工程，属于非强势计算机理工背景，不符合学校要求。
20:13:32   → 等待 3 秒...
20:13:35 [总第 8 张] 处理: 任玲
20:13:36   → [AI Prompt]
────────────────────────────────────────────────────────────
请根据以下简历信息判断是否适合[学校要求：第一学历为985211院校，但排除非强势计算机理工背景的985211学校、或政策照顾性985/211学校。年限要求：年龄22-30岁，排除27年及之后的应届生。专业要求：专业不限，非理工科专业可以放行。备注：如果没有本科学校信息，只有硕士学校信息，且硕士学校符合要求，返回为true。]职位。
输出 JSON 格式：{"is_target": true/false, "reason": "原因说明"}

简历信息：
姓名：任玲
年龄：27岁
教育背景：硕士
工作经历：2024.07-至今 中冶赛迪信息技术（重庆） · .NET
期望薪资：12-20K
技能标签：27岁 / 从未向同事投递 / 专业前10%

简历全文（摘要）：
姓名：任玲
基本信息：27岁 · 2年 · 硕士 · 在职-月内到岗
期望薪资：12-20K
状态：3日内活跃
工作经历：2024.07-至今 中冶赛迪信息技术（重庆） · .NET
教育经历：2021-2024 重庆大学 · 电子信息工程(控制工程方向) · 硕士 | 2017-2021 重庆大学 · 物流工程 · 本科
技能/标签：27岁 / 从未向同事投递 / 专业前10%
优势：拥有电子信息硕士背景及1年钢铁行业工业软件解决方案设计与系统开发经验，具备一定的技术理解能力与解决方案思维。硕士期间负责智慧高速云控平台大数据建模项目，对交通感知、预测与决策算法有深入研究与实践。渴望将自身在数据驱动、系统架构、跨部门协同方面的能力，应用于智能汽车领域。
────────────────────────────────────────────────────────────
20:13:40   → AI 未通过: 第一学历为重庆大学，虽然是211院校，但属于政策照顾性211学校，不符合学校要求。
20:13:41   → 等待 3 秒...
20:13:44 [总第 9 张] 处理: 梁艺
20:13:45   → [关键词排除] 命中关键词: 「电气」（简历全文）
20:13:46 [总第 10 张] 处理: 王敏瑞
20:13:47   → [AI Prompt]
────────────────────────────────────────────────────────────
请根据以下简历信息判断是否适合[学校要求：第一学历为985211院校，但排除非强势计算机理工背景的985211学校、或政策照顾性985/211学校。年限要求：年龄22-30岁，排除27年及之后的应届生。专业要求：专业不限，非理工科专业可以放行。备注：如果没有本科学校信息，只有硕士学校信息，且硕士学校符合要求，返回为true。]职位。
输出 JSON 格式：{"is_target": true/false, "reason": "原因说明"}

简历信息：
姓名：王敏瑞
年龄：26岁
教育背景：硕士
工作经历：2024.09-2025.09 创阅 · 行政专员/助理 | 2023.04-2023.06 三快在线 · 招聘
期望薪资：7-12K
技能标签：26岁 / 从未向同事投递 / 专业前10%

简历全文（摘要）：
姓名：王敏瑞
基本信息：26岁 · 2年 · 硕士 · 离职-随时到岗
期望薪资：7-12K
状态：在线
工作经历：2024.09-2025.09 创阅 · 行政专员/助理 | 2023.04-2023.06 三快在线 · 招聘
教育经历：2021-2024 北京师范大学 · 行政管理 · 硕士 | 2017-2021 电子科技大学 · 行政管理专业 · 本科
技能/标签：26岁 / 从未向同事投递 / 专业前10%
优势：2024届行政管理硕士，熟练使用办公软件，熟悉新媒体运营流程；时间规划与沟通能力良好，适应力强，注重团队协作。
────────────────────────────────────────────────────────────
20:13:50   → AI 通过: 硕士学校北京师范大学符合要求，且备注中明确说明如果没有本科学校信息，硕士学校符合要求即可放行。年龄26岁符合年限要求，专业不限，非理工科专业可以放行。
20:13:50   → [dry-run] 跳过打招呼
20:13:50   → 等待 4 秒...
20:13:54 [总第 11 张] 处理: 郑淳
20:13:55   → [关键词排除] 命中关键词: 「银行」（简历全文）
20:13:56 [总第 12 张] 处理: 田汨
