14:35:50 [boss] 已连接页面，URL: https://www.zhipin.com/web/chat/recommend
14:35:52 [诊断] 当前页面 URL: https://www.zhipin.com/web/chat/recommend
14:35:52 [诊断] 页面 frames 数量: 2
14:35:52 [诊断]   frame[0] url=https://www.zhipin.com/web/chat/recommend
14:35:52 [诊断]   frame[1] url=https://www.zhipin.com/web/frame/recommend?filterParams=&t=&inspectFilterGuide=&version=9350&status=0&jobid=386d74edee05f1a20nR729y6FlZV&source=0
14:35:53 [诊断] 内容 frame URL: https://www.zhipin.com/web/frame/recommend?filterParams=&t=&inspectFilterGuide=&version=9350&status=0&jobid=386d74edee05f1a20nR729y6FlZV&source=0
14:35:53 [诊断] 页面 class 总数: 147
14:35:53 [诊断] 候选卡片相关 class: ['recommend-wrap', 'candidate-head', 'job-selecter-wrap', 'job-selecter-options', 'chat-job-search', 'iboss-sousuoicon', 'job-list', 'job-item', 'job-desc', 'recommend-filter', 'candidate-recommend', 'candidate-body', 'recommend-list-wrap', 'card-list-wrap', 'list-top-card-wrap', 'card-list', 'card-item', 'candidate-card-wrap', 'card-inner', 'geek-desc', 'iboss-close', 'with-recommend-reason', 'recommend-reason', 'card-wukong-wrap']
14:35:53 ── 第 1 批，共 45 张新卡片 ──
14:35:53 [总第 1 张] 处理: 徐晗烟
14:35:54   → [AI Prompt]
────────────────────────────────────────────────────────────
请根据以下简历信息判断是否适合[学校要求：第一学历为985211院校，但排除非强势计算机理工背景的985211学校、或政策照顾性985/211学校。年限要求：年龄22-30岁，排除27年及之后的应届生。专业要求：专业不限，非理工科专业可以放行。地点要求：期望地点为重庆。备注：如果没有本科学校信息，只有硕士学校信息，且硕士学校符合要求，返回为true。]职位。
输出 JSON 格式：{"is_target": true/false, "reason": "原因说明"}

简历信息：
姓名：徐晗烟
年龄：27岁
教育背景：本科
工作经历：2022.03-2025.03 数语 · 测试工程师
期望薪资：16-20K
技能标签：27岁 / QS前500院校 / 计算机类 / 从未向同事投递 / Jmeter

简历全文（摘要）：
姓名：徐晗烟
基本信息：27岁 · 4年 · 本科 · 离职-随时到岗
期望薪资：16-20K
状态：今日活跃
工作经历：2022.03-2025.03 数语 · 测试工程师
教育经历：2017-2021 四川大学 · 网络空间安全 · 本科
技能/标签：27岁 / QS前500院校 / 计算机类 / 从未向同事投递 / Jmeter
优势：学习上:肯于钻研,认真好学,吃苦耐劳,能不断充实专业技能,主动吸收新知识,提高业务能力 生活上:情绪稳定,有责任心,适应力强,敢于尝试新事物,会妥善处理人际关系 工作上:具备独立解决问题能力,良好的沟通协作能力和团队合作意识,积极主动,责任心强,具备较强的抗压能力
────────────────────────────────────────────────────────────
14:36:06   → [AI 原始回答] 
────────────────────────────────────────────────────────────
```json
{
  "is_target": false,
  "reason": "年龄27岁，符合22-30岁的要求，且有工作经验，非应届生。第一学历为四川大学，是985/211院校，且专业为网络空间安全，属于强势计算机理工背景，符合学历和专业要求。但简历中未提及期望地点为重庆，不符合地点要求。"
}
```
────────────────────────────────────────────────────────────
14:48:28   → AI 未通过: 年龄27岁，符合22-30岁的要求，且有工作经验，非应届生。第一学历为四川大学，是985/211院校，且专业为网络空间安全，属于强势计算机理工背景，符合学历和专业要求。但简历中未提及期望地点为重庆，不符合地点要求。
14:48:29   → 等待 3 秒...
14:48:32 [总第 2 张] 处理: 胡文斐
14:48:34   → [AI Prompt]
────────────────────────────────────────────────────────────
请根据以下简历信息判断是否适合[学校要求：第一学历为985211院校，但排除非强势计算机理工背景的985211学校、或政策照顾性985/211学校。年限要求：年龄22-30岁，排除27年及之后的应届生。专业要求：专业不限，非理工科专业可以放行。地点要求：期望地点为重庆。备注：如果没有本科学校信息，只有硕士学校信息，且硕士学校符合要求，返回为true。]职位。
输出 JSON 格式：{"is_target": true/false, "reason": "原因说明"}

简历信息：
姓名：胡文斐
年龄：25岁
教育背景：本科
工作经历：2023.07-至今 比亚迪汽车工业 · 应用层软件开发工程师
期望薪资：面议
技能标签：25岁 / 985院校 / 从未向同事投递

简历全文（摘要）：
姓名：胡文斐
基本信息：25岁 · 3年 · 本科 · 在职-考虑机会
期望薪资：面议
状态：刚刚活跃
工作经历：2023.07-至今 比亚迪汽车工业 · 应用层软件开发工程师
教育经历：2019-2023 中国海洋大学 · 计算机科学与技术 · 本科
技能/标签：25岁 / 985院校 / 从未向同事投递
优势：热情乐观，沟通能力强，责任心强，学习能力强；掌握计算机基础知识，熟悉C、MATLAB/Simulink；熟悉CANAPE、CANOE、CANPRO的使用；熟悉AUTOSAR架构、ASPICE开发流程、CAN网络协议；熟悉EPS电控系统应用开发匹配流程。
────────────────────────────────────────────────────────────
14:48:45   → [AI 原始回答] 
────────────────────────────────────────────────────────────
```json
{
  "is_target": false,
  "reason": "本科为中国海洋大学（985院校），专业为计算机科学与技术，符合第一学历和专业要求。年龄25岁，符合年龄要求。但简历中未提及期望工作地点是否为重庆，无法判断是否符合地点要求。"
}
```
────────────────────────────────────────────────────────────
14:48:46   → AI 未通过: 本科为中国海洋大学（985院校），专业为计算机科学与技术，符合第一学历和专业要求。年龄25岁，符合年龄要求。但简历中未提及期望工作地点是否为重庆，无法判断是否符合地点要求。
14:48:47   → 等待 4 秒...
14:48:51 [总第 3 张] 处理: 肖茹杰
14:48:53   → [关键词排除] 命中关键词: 「银行」（简历全文）
14:48:54 [总第 4 张] 处理: 廖宁夏
14:48:56   → [AI Prompt]
────────────────────────────────────────────────────────────
请根据以下简历信息判断是否适合[学校要求：第一学历为985211院校，但排除非强势计算机理工背景的985211学校、或政策照顾性985/211学校。年限要求：年龄22-30岁，排除27年及之后的应届生。专业要求：专业不限，非理工科专业可以放行。地点要求：期望地点为重庆。备注：如果没有本科学校信息，只有硕士学校信息，且硕士学校符合要求，返回为true。]职位。
输出 JSON 格式：{"is_target": true/false, "reason": "原因说明"}

简历信息：
姓名：廖宁夏
年龄：25岁
教育背景：本科
工作经历：2023.07-2025.09 花旗金融信息服务（中国） · 全栈工程师
期望薪资：23-27K
技能标签：25岁 / QS前500院校 / 计算机类 / 从未向同事投递

简历全文（摘要）：
姓名：廖宁夏
基本信息：25岁 · 3年 · 本科 · 离职-随时到岗
期望薪资：23-27K
状态：今日活跃
工作经历：2023.07-2025.09 花旗金融信息服务（中国） · 全栈工程师
教育经历：2019-2023 重庆大学 · 软件工程 · 本科
技能/标签：25岁 / QS前500院校 / 计算机类 / 从未向同事投递
优势：热爱桌游与手工，擅长动手实践与创造性解决问题。具备良好编程习惯与专业知识。积极参与团队协作，沟通能力突出，文字表达与方案撰写能力扎实。熟练掌握Office办公软件，曾多次主导小组项目的PPT汇报与文档编写，能独立完成基础PS/PR操作。抗压能力强，执行力高效，能快速融入团队并推动任务落地。
────────────────────────────────────────────────────────────
14:49:08   → [AI 原始回答] 
────────────────────────────────────────────────────────────
```json
{
  "is_target": false,
  "reason": "该候选人符合年龄（25岁在22-30岁之间）、第一学历（重庆大学为985/211院校，软件工程为强势计算机理工背景）、年限（2023年本科毕业，非2027年及之后应届生）和专业（软件工程符合专业不限要求）的要求。但简历中未提及期望地点，无法判断是否符合职位要求的期望地点为重庆。"
}
```
────────────────────────────────────────────────────────────
14:49:09   → AI 未通过: 该候选人符合年龄（25岁在22-30岁之间）、第一学历（重庆大学为985/211院校，软件工程为强势计算机理工背景）、年限（2023年本科毕业，非2027年及之后应届生）和专业（软件工程符合专业不限要求）的要求。但简历中未提及期望地点，无法判断是否符合职位要求的期望地点为重庆。
14:49:09   → 等待 5 秒...
14:49:14 [总第 5 张] 处理: yhao
14:49:16   → [AI Prompt]
────────────────────────────────────────────────────────────
请根据以下简历信息判断是否适合[学校要求：第一学历为985211院校，但排除非强势计算机理工背景的985211学校、或政策照顾性985/211学校。年限要求：年龄22-30岁，排除27年及之后的应届生。专业要求：专业不限，非理工科专业可以放行。地点要求：期望地点为重庆。备注：如果没有本科学校信息，只有硕士学校信息，且硕士学校符合要求，返回为true。]职位。
输出 JSON 格式：{"is_target": true/false, "reason": "原因说明"}

简历信息：
姓名：yhao
年龄：25岁
教育背景：硕士
工作经历：2025.07-至今 loopfi · Golang | 2024.07-2025.07 华为 · Java
期望薪资：20-21K
技能标签：25岁 / QS前500院校 / 计算机类 / 5年内跳槽1次 / 从未向同事投递 / 名企大厂经历

简历全文（摘要）：
姓名：yhao
基本信息：25岁 · 3年 · 硕士 · 在职-考虑机会
期望薪资：20-21K
状态：在线
工作经历：2025.07-至今 loopfi · Golang | 2024.07-2025.07 华为 · Java
教育经历：2021-2024 电子科技大学 · 电子信息 · 硕士 | 2017-2021 电子科技大学 · 网络工程 · 本科
技能/标签：25岁 / QS前500院校 / 计算机类 / 5年内跳槽1次 / 从未向同事投递 / 名企大厂经历
优势：web3
────────────────────────────────────────────────────────────
14:49:26   → [AI 原始回答] 
────────────────────────────────────────────────────────────
```json
{
  "is_target": false,
  "reason": "该候选人本科学校（电子科技大学）符合985/211且为强势计算机理工背景的要求，年龄（25岁）符合22-30岁的范围，且非2027年及之后的应届生，专业也符合要求。但简历中未明确提及期望地点为重庆，无法判断是否满足地点要求。"
}
```
────────────────────────────────────────────────────────────
14:49:27   → AI 未通过: 该候选人本科学校（电子科技大学）符合985/211且为强势计算机理工背景的要求，年龄（25岁）符合22-30岁的范围，且非2027年及之后的应届生，专业也符合要求。但简历中未明确提及期望地点为重庆，无法判断是否满足地点要求。
14:49:28   → 等待 3 秒...
14:49:31 [总第 6 张] 处理: 杨光
14:49:33   → [关键词排除] 命中关键词: 「教师」（简历全文）
14:49:34 [总第 7 张] 处理: 曹胜彬
14:49:36   → [AI Prompt]
────────────────────────────────────────────────────────────
请根据以下简历信息判断是否适合[学校要求：第一学历为985211院校，但排除非强势计算机理工背景的985211学校、或政策照顾性985/211学校。年限要求：年龄22-30岁，排除27年及之后的应届生。专业要求：专业不限，非理工科专业可以放行。地点要求：期望地点为重庆。备注：如果没有本科学校信息，只有硕士学校信息，且硕士学校符合要求，返回为true。]职位。
输出 JSON 格式：{"is_target": true/false, "reason": "原因说明"}

简历信息：
姓名：曹胜彬
年龄：27岁
教育背景：本科
工作经历：2024.04-2026.02 外企德科人力资源服务上海 · 前端开发工程师 | 2021.07-2023.10 生联智慧科技发展 · web前端
期望薪资：10-14K
技能标签：27岁 / QS前500院校 / 数学类 / 5年内跳槽1次 / 从未向同事投递 / JavaScript

简历全文（摘要）：
姓名：曹胜彬
基本信息：27岁 · 5年 · 本科 · 在职-考虑机会
期望薪资：10-14K
状态：刚刚活跃
工作经历：2024.04-2026.02 外企德科人力资源服务上海 · 前端开发工程师 | 2021.07-2023.10 生联智慧科技发展 · web前端
教育经历：2017-2021 天津大学 · 数学与应用数学 · 本科
技能/标签：27岁 / QS前500院校 / 数学类 / 5年内跳槽1次 / 从未向同事投递 / JavaScript
优势：我性格开朗，做事认真负责，有2年实践经验，熟悉 vue，react 等前端框架，熟悉 HTML5+CSS 3优化页面布局
────────────────────────────────────────────────────────────
14:49:48   → [AI 原始回答] 
────────────────────────────────────────────────────────────
```json
{
  "is_target": false,
  "reason": "年龄符合要求（27岁在22-30岁范围内）。第一学历天津大学为985/211院校，且数学与应用数学专业符合专业不限的要求。但简历中未提及期望地点为重庆，且工作经历显示在上海，不符合地点要求。"
}
```
────────────────────────────────────────────────────────────
14:49:49   → AI 未通过: 年龄符合要求（27岁在22-30岁范围内）。第一学历天津大学为985/211院校，且数学与应用数学专业符合专业不限的要求。但简历中未提及期望地点为重庆，且工作经历显示在上海，不符合地点要求。
14:49:49   → 等待 3 秒...
14:49:52 [总第 8 张] 处理: 吴泽宇
14:49:54   → [AI Prompt]
────────────────────────────────────────────────────────────
请根据以下简历信息判断是否适合[学校要求：第一学历为985211院校，但排除非强势计算机理工背景的985211学校、或政策照顾性985/211学校。年限要求：年龄22-30岁，排除27年及之后的应届生。专业要求：专业不限，非理工科专业可以放行。地点要求：期望地点为重庆。备注：如果没有本科学校信息，只有硕士学校信息，且硕士学校符合要求，返回为true。]职位。
输出 JSON 格式：{"is_target": true/false, "reason": "原因说明"}

简历信息：
姓名：吴泽宇
年龄：24岁
教育背景：本科
工作经历：2022.06-2022.08 陕西博源 · 数据分析师
期望薪资：面议
技能标签：24岁 / QS前500院校 / 金融学类 / 从未向同事投递 / 数据分析师

简历全文（摘要）：
姓名：吴泽宇
基本信息：24岁 · 1年以内 · 本科 · 离职-随时到岗
期望薪资：面议
状态：刚刚活跃
工作经历：2022.06-2022.08 陕西博源 · 数据分析师
教育经历：2019-2023 西安交通大学 · 人居环境科学与技术（大数据方向） · 本科 | 2019-2023 西安交通大学 · 金融学（辅修） · 本科
技能/标签：24岁 / QS前500院校 / 金融学类 / 从未向同事投递 / 数据分析师
优势：英语四级，听说读写能力良好，能流利的用英语进行日常交流，能快速浏览英文文档和书籍；残奥会优秀志愿者。帮助人们在比赛中的各种问题进行很好的解决。国家级项目优秀荣誉证书。在学校中参与2次国家级项目并取得优秀成果（一等奖）。工作积极认真，细心负责，熟练运用办公自动化软件，善干在工作中提出问题、发现问题、解决问题，有较强的分析能力；勤奋好学，踏实肯干，动手能力强，认真负责，有很强的社会责任感；坚毅不拔，吃苦耐劳，喜欢迎接新挑战。
────────────────────────────────────────────────────────────
14:50:07   → [AI 原始回答] 
────────────────────────────────────────────────────────────
```json
{
  "is_target": false,
  "reason": "西安交通大学是985/211院校，且是强势理工科院校，符合第一学历要求。年龄24岁，2023年本科毕业，符合年龄和毕业年限要求（排除27年及之后的应届生）。专业为人居环境科学与技术（大数据方向）和金融学（辅修），符合专业不限的要求。但简历中未提及期望工作地点是否为重庆，因此无法判断是否符合地点要求。"
}
```
────────────────────────────────────────────────────────────
14:50:09   → AI 未通过: 西安交通大学是985/211院校，且是强势理工科院校，符合第一学历要求。年龄24岁，2023年本科毕业，符合年龄和毕业年限要求（排除27年及之后的应届生）。专业为人居环境科学与技术（大数据方向）和金融学（辅修），符合专业不限的要求。但简历中未提及期望工作地点是否为重庆，因此无法判断是否符合地点要求。
14:50:09   → 等待 5 秒...
14:50:14 [总第 9 张] 处理: 颜铭
14:50:16   → [AI Prompt]
────────────────────────────────────────────────────────────
请根据以下简历信息判断是否适合[学校要求：第一学历为985211院校，但排除非强势计算机理工背景的985211学校、或政策照顾性985/211学校。年限要求：年龄22-30岁，排除27年及之后的应届生。专业要求：专业不限，非理工科专业可以放行。地点要求：期望地点为重庆。备注：如果没有本科学校信息，只有硕士学校信息，且硕士学校符合要求，返回为true。]职位。
输出 JSON 格式：{"is_target": true/false, "reason": "原因说明"}

简历信息：
姓名：颜铭
年龄：23岁
教育背景：本科
工作经历：2025.04-2025.09 钦原 · 图像算法 | 2023.07-2023.10 超级计算中心数据智能部 · 算法工程师
期望薪资：11-14K
技能标签：23岁 / QS前500院校 / 从未向同事投递 / Python / 算法设计

简历全文（摘要）：
姓名：颜铭
基本信息：23岁 · 1年 · 本科 · 在职-考虑机会
期望薪资：11-14K
状态：刚刚活跃
工作经历：2025.04-2025.09 钦原 · 图像算法 | 2023.07-2023.10 超级计算中心数据智能部 · 算法工程师
教育经历：2020-2024 南开大学 · 智能科学与技术 · 本科
技能/标签：23岁 / QS前500院校 / 从未向同事投递 / Python / 算法设计
优势：本人学习努力，肯于钻研，主动接触学习新生事物和钻研开发新技术，具备扎实的数理知识蓄备和优异的专业技术素养。对待工作认真负责，积极进取，创新意识强，敢于挑战自我，在自动驾驶、机器人领域完成多个设计及部署应用的完整项目闭环，具备了算法与系统开发能力。在不断关注项目的管理和集成中，也通过解决技术问题积累10万加行的代码调试宝贵经验。同时，在领导及参与多项优秀课题中得到导师和同学们的好评。
────────────────────────────────────────────────────────────
14:50:24   → [AI 原始回答] 
────────────────────────────────────────────────────────────
```json
{
  "is_target": false,
  "reason": "该候选人年龄、学历、专业均符合要求。本科毕业于南开大学（985/211，且专业为智能科学与技术，属于强势计算机理工背景），年龄23岁（在22-30岁范围内），2024年毕业（非2027年及以后应届生）。专业为智能科学与技术，符合专业不限的要求。但简历中未提及期望工作地点是否为重庆，因此无法判断是否符合地点要求。"
}
```
────────────────────────────────────────────────────────────
14:50:25   → AI 未通过: 该候选人年龄、学历、专业均符合要求。本科毕业于南开大学（985/211，且专业为智能科学与技术，属于强势计算机理工背景），年龄23岁（在22-30岁范围内），2024年毕业（非2027年及以后应届生）。专业为智能科学与技术，符合专业不限的要求。但简历中未提及期望工作地点是否为重庆，因此无法判断是否符合地点要求。
14:50:25   → 等待 4 秒...
14:50:29 [总第 10 张] 处理: 周佳懿
14:50:31   → [AI Prompt]
────────────────────────────────────────────────────────────
请根据以下简历信息判断是否适合[学校要求：第一学历为985211院校，但排除非强势计算机理工背景的985211学校、或政策照顾性985/211学校。年限要求：年龄22-30岁，排除27年及之后的应届生。专业要求：专业不限，非理工科专业可以放行。地点要求：期望地点为重庆。备注：如果没有本科学校信息，只有硕士学校信息，且硕士学校符合要求，返回为true。]职位。
输出 JSON 格式：{"is_target": true/false, "reason": "原因说明"}

简历信息：
姓名：周佳懿
年龄：27岁
教育背景：本科
工作经历：2021.07-2024.05 字节跳动 · 其他后端开发 | 2020.07-2024.05 抖音信息服务 · Golang
期望薪资：25-40K
技能标签：27岁 / QS前500院校 / 计算机类 / 5年内跳槽1次 / 从未向同事投递

简历全文（摘要）：
姓名：周佳懿
基本信息：27岁 · 5年 · 本科 · 离职-随时到岗
期望薪资：25-40K
状态：刚刚活跃
工作经历：2021.07-2024.05 字节跳动 · 其他后端开发 | 2020.07-2024.05 抖音信息服务 · Golang
教育经历：2017-2021 上海交通大学 · 软件工程 · 本科
技能/标签：27岁 / QS前500院校 / 计算机类 / 5年内跳槽1次 / 从未向同事投递
优势：3年以上互联网后端开发经验。熟悉 Web 技术栈和 Web 应用开发，熟悉 Go 语言，有高并发，海量用户经验。在用户增长领域有3年+经验。负责全球DAU同品类排名前列的App增长。
────────────────────────────────────────────────────────────
14:50:41   → [AI 原始回答] 
────────────────────────────────────────────────────────────
```json
{
  "is_target": false,
  "reason": "教育背景（上海交通大学，软件工程）符合第一学历985211且为强势计算机理工背景的要求。年龄（27岁）符合22-30岁的要求，且非27年及之后应届生。专业（软件工程）符合专业不限的要求。然而，简历中未提及期望工作地点，无法判断是否符合期望地点为重庆的要求。"
}
```
────────────────────────────────────────────────────────────
14:50:42   → AI 未通过: 教育背景（上海交通大学，软件工程）符合第一学历985211且为强势计算机理工背景的要求。年龄（27岁）符合22-30岁的要求，且非27年及之后应届生。专业（软件工程）符合专业不限的要求。然而，简历中未提及期望工作地点，无法判断是否符合期望地点为重庆的要求。
14:50:42   → 等待 4 秒...
14:50:46 [总第 11 张] 处理: 艾涛
14:50:48   → [关键词排除] 命中关键词: 「电气」（简历全文）
14:50:50 [总第 12 张] 处理: 李世林
14:50:51   → [AI Prompt]
────────────────────────────────────────────────────────────
请根据以下简历信息判断是否适合[学校要求：第一学历为985211院校，但排除非强势计算机理工背景的985211学校、或政策照顾性985/211学校。年限要求：年龄22-30岁，排除27年及之后的应届生。专业要求：专业不限，非理工科专业可以放行。地点要求：期望地点为重庆。备注：如果没有本科学校信息，只有硕士学校信息，且硕士学校符合要求，返回为true。]职位。
输出 JSON 格式：{"is_target": true/false, "reason": "原因说明"}

简历信息：
姓名：李世林
年龄：26岁
教育背景：硕士
工作经历：2024.06-2024.08 江苏传智播客教育 · Java
期望薪资：15-20K
技能标签：26岁 / QS前500院校 / 计算机类 / 5年内跳槽1次 / 从未向同事投递

简历全文（摘要）：
姓名：李世林
基本信息：26岁 · 1年以内 · 硕士 · 在职-月内到岗
期望薪资：15-20K
状态：刚刚活跃
工作经历：2024.06-2024.08 江苏传智播客教育 · Java
教育经历：2022-2025 四川大学 · 人工智能 · 硕士 | 2018-2022 兰州大学 · 水文与水资源工程 · 本科
技能/标签：26岁 / QS前500院校 / 计算机类 / 5年内跳槽1次 / 从未向同事投递
优势：自信、严谨、友好、乐于沟通；能够根据需求文档快速高效的完成编码；具备良好的编程习惯，注重代码规范；自学能力强，能短时间内掌握新的技术，独立完成模块的开发；逻辑思维清晰，工作积极主动，富有责任心，乐于挑战技术难点，具有强烈的团队合作精神，勇于承受较大的工作压力。
────────────────────────────────────────────────────────────
14:51:02   → [AI 原始回答] 
────────────────────────────────────────────────────────────
```json
{
  "is_target": false,
  "reason": "1. 第一学历（本科）兰州大学的水文与水资源工程专业，不符合“排除非强势计算机理工背景的985211学校”的要求。\n2. 简历中未提及期望地点为重庆，不符合地点要求。"
}
```
────────────────────────────────────────────────────────────
14:51:04   → AI 未通过: 1. 第一学历（本科）兰州大学的水文与水资源工程专业，不符合“排除非强势计算机理工背景的985211学校”的要求。
2. 简历中未提及期望地点为重庆，不符合地点要求。
14:51:04   → 等待 4 秒...
14:51:08 [总第 13 张] 处理: 宇呵宇
14:51:10   → [AI Prompt]
────────────────────────────────────────────────────────────
请根据以下简历信息判断是否适合[学校要求：第一学历为985211院校，但排除非强势计算机理工背景的985211学校、或政策照顾性985/211学校。年限要求：年龄22-30岁，排除27年及之后的应届生。专业要求：专业不限，非理工科专业可以放行。地点要求：期望地点为重庆。备注：如果没有本科学校信息，只有硕士学校信息，且硕士学校符合要求，返回为true。]职位。
输出 JSON 格式：{"is_target": true/false, "reason": "原因说明"}

简历信息：
姓名：宇呵宇
年龄：25岁
教育背景：本科
工作经历：2021.01-至今 secret · Java
技能标签：25岁 / QS前500院校 / 计算机类 / 从未向同事投递 / Linux

简历全文（摘要）：
姓名：宇呵宇
基本信息：25岁 · 5年 · 本科 · 在职-考虑机会
状态：刚刚活跃
工作经历：2021.01-至今 secret · Java
教育经历：2018-2022 山东大学 · 软件工程 · 本科
技能/标签：25岁 / QS前500院校 / 计算机类 / 从未向同事投递 / Linux
优势：代码习惯较好，学习能力、适应能力较强。能够在团队中进行高效的沟通与交流。
────────────────────────────────────────────────────────────
14:51:21   → [AI 原始回答] 
────────────────────────────────────────────────────────────
```json
{
  "is_target": false,
  "reason": "简历中未提及期望工作地点，无法判断是否符合“期望地点为重庆”的要求。其他条件均符合：本科为山东大学（985/211，强势计算机专业），年龄25岁（符合22-30岁且非27年及之后应届生），专业为软件工程（符合专业不限）。"
}
```
────────────────────────────────────────────────────────────
14:51:22   → AI 未通过: 简历中未提及期望工作地点，无法判断是否符合“期望地点为重庆”的要求。其他条件均符合：本科为山东大学（985/211，强势计算机专业），年龄25岁（符合22-30岁且非27年及之后应届生），专业为软件工程（符合专业不限）。
14:51:23   → 等待 4 秒...
14:51:27 [总第 14 张] 处理: 王先生
15:20:51 Future exception was never retrieved
future: <Future finished exception=TargetClosedError('Target page, context or browser has been closed')>
playwright._impl._errors.TargetClosedError: Target page, context or browser has been closed
