20:25:00 [诊断] 当前页面 URL: https://www.zhipin.com/web/chat/recommend
20:25:00 [诊断] 页面 frames 数量: 2
20:25:00 [诊断]   frame[0] url=https://www.zhipin.com/web/chat/recommend
20:25:00 [诊断]   frame[1] url=https://www.zhipin.com/web/frame/recommend?filterParams=&t=&inspectFilterGuide=&version=9336&status=0&jobid=e19195566f4892eb0nV_3dm_F1JT&source=0
20:25:00 [诊断] 内容 frame URL: https://www.zhipin.com/web/frame/recommend?filterParams=&t=&inspectFilterGuide=&version=9336&status=0&jobid=e19195566f4892eb0nV_3dm_F1JT&source=0
20:25:00 [诊断] 页面 class 总数: 139
20:25:00 [诊断] 候选卡片相关 class: ['recommend-wrap', 'candidate-head', 'job-selecter-wrap', 'job-selecter-options', 'chat-job-search', 'iboss-sousuoicon', 'job-list', 'job-item', 'job-desc', 'recommend-filter', 'candidate-recommend', 'candidate-body', 'recommend-list-wrap', 'card-list-wrap', 'list-top-card-wrap', 'card-list', 'card-item', 'candidate-card-wrap', 'card-inner', 'geek-desc', 'iboss-close', 'with-recommend-reason', 'recommend-reason']
20:25:00 ── 第 1 批，共 15 张新卡片 ──
20:25:00 [总第 1 张] 处理: 杨雨姗
20:25:04   → [关键词排除] 命中关键词: 「教师」（简历全文）
20:25:04 [总第 2 张] 处理: 熊海艳
20:25:08   → [关键词排除] 命中关键词: 「教师」（简历全文）
20:25:08 [总第 3 张] 处理: 吴一寒
20:25:12   → [关键词排除] 命中关键词: 「产品经理」（简历全文）
20:25:13 [总第 4 张] 处理: 陈思来
20:25:16   → [关键词排除] 命中关键词: 「产品经理」（简历全文）
20:25:17 [总第 5 张] 处理: 张家瑜
20:25:21   → [AI Prompt]
────────────────────────────────────────────────────────────
请根据以下简历信息判断是否适合[学校要求：第一学历为985211院校，但排除非强势计算机理工背景的985211学校、或政策照顾性985/211学校。年限要求：年龄22-30岁，排除27年及之后的应届生。专业要求：专业不限，非理工科专业可以放行。备注：如果没有本科学校信息，只有硕士学校信息，且硕士学校符合要求，返回为true。]职位。
输出 JSON 格式：{"is_target": true/false, "reason": "原因说明"}

简历信息：
姓名：张家瑜
年龄：25岁
教育背景：本科
工作经历：2023.07-至今 比亚迪汽车工业 · sqe供应商质量工程师
期望薪资：5-10K
技能标签：25岁 / QS前500院校 / 从未向同事投递 / 来自相似职位新媒体运营

简历全文（摘要）：
姓名：张家瑜
基本信息：25岁 · 3年 · 本科 · 在职-考虑机会
期望薪资：5-10K
状态：刚刚活跃
工作经历：2023.07-至今 比亚迪汽车工业 · sqe供应商质量工程师
教育经历：2019-2023 中山大学 · 新闻学 · 本科
技能/标签：25岁 / QS前500院校 / 从未向同事投递 / 来自相似职位新媒体运营
优势：擅长写作。
────────────────────────────────────────────────────────────
20:25:24   → AI 未通过: 第一学历为中山大学，虽然是985院校，但新闻学专业属于非强势计算机理工背景，不符合学校要求。
20:25:25   → 等待 4 秒...
20:25:29 [总第 6 张] 处理: 秦吕
20:25:32   → [AI Prompt]
────────────────────────────────────────────────────────────
请根据以下简历信息判断是否适合[学校要求：第一学历为985211院校，但排除非强势计算机理工背景的985211学校、或政策照顾性985/211学校。年限要求：年龄22-30岁，排除27年及之后的应届生。专业要求：专业不限，非理工科专业可以放行。备注：如果没有本科学校信息，只有硕士学校信息，且硕士学校符合要求，返回为true。]职位。
输出 JSON 格式：{"is_target": true/false, "reason": "原因说明"}

简历信息：
姓名：秦吕
年龄：26岁
教育背景：本科
工作经历：2022.07-至今 国贸有色矿产 · 贸易跟单
期望薪资：14-15K
技能标签：26岁 / QS前500院校 / 从未向同事投递 / ERP / 全职

简历全文（摘要）：
姓名：秦吕
基本信息：26岁 · 4年 · 本科 · 在职-考虑机会
期望薪资：14-15K
状态：3日内活跃
工作经历：2022.07-至今 国贸有色矿产 · 贸易跟单
教育经历：2018-2022 厦门大学 · 经济统计学 · 本科
技能/标签：26岁 / QS前500院校 / 从未向同事投递 / ERP / 全职
优势：1.三年内贸跟单经验，熟悉业务全流程操作。2.经手品种（水泥熟料、金属硅、纯碱）及业务模式多样（联营、代理、自营）。3.性格开朗温和，沟通协调能力强，富有团队精神和抗压能力。健身、打羽毛球，身体素质较好。
────────────────────────────────────────────────────────────
20:25:35   → AI 未通过: 第一学历为厦门大学，虽为211院校，但非强势计算机理工背景，不符合学校要求。
