16:45:44 ── 第 1 批，共 20 张新卡片 ──
16:45:44 [总第 1 张] 处理: 周先生
16:45:44   → [关键词排除] 命中关键词: 「先生」（卡片摘要）
16:45:44 [总第 2 张] 处理: 李女士
16:45:44   → [关键词排除] 命中关键词: 「女士」（卡片摘要）
16:45:44 [总第 3 张] 处理: 唐女士
16:45:44   → [关键词排除] 命中关键词: 「女士」（卡片摘要）
16:45:44 [总第 4 张] 处理: 叶女士
16:45:44   → [关键词排除] 命中关键词: 「女士」（卡片摘要）
16:45:44 [总第 5 张] 处理: z先生
16:45:44   → [关键词排除] 命中关键词: 「先生」（卡片摘要）
16:45:44 [总第 6 张] 处理: 祝先生
16:45:44   → [关键词排除] 命中关键词: 「先生」（卡片摘要）
16:45:44 [总第 7 张] 处理: 李女士
16:45:44   → [关键词排除] 命中关键词: 「女士」（卡片摘要）
16:45:44 [总第 8 张] 处理: 杨先生
16:45:44   → [关键词排除] 命中关键词: 「先生」（卡片摘要）
16:45:44 [总第 9 张] 处理: 王女士
16:45:44   → [关键词排除] 命中关键词: 「女士」（卡片摘要）
16:45:44 [总第 10 张] 处理: 高先生
16:45:44   → [关键词排除] 命中关键词: 「先生」（卡片摘要）
16:45:44 [总第 11 张] 处理: 黄先生
16:45:44   → [关键词排除] 命中关键词: 「先生」（卡片摘要）
16:45:44 [总第 12 张] 处理: 张先生
16:45:44   → [关键词排除] 命中关键词: 「先生」（卡片摘要）
16:45:44 [总第 13 张] 处理: 兰女士
16:45:44   → [关键词排除] 命中关键词: 「女士」（卡片摘要）
16:45:44 [总第 14 张] 处理: 焦女士
16:45:44   → [关键词排除] 命中关键词: 「女士」（卡片摘要）
16:45:44 [总第 15 张] 处理: 傅女士
16:45:44   → [关键词排除] 命中关键词: 「女士」（卡片摘要）
16:45:45 [总第 16 张] 处理: 杨先生
16:45:45   → [风控] 随机跳过
16:45:45 [总第 17 张] 处理: 刘先生
16:45:45   → [关键词排除] 命中关键词: 「先生」（卡片摘要）
16:45:45 [总第 18 张] 处理: 魏先生
16:45:45   → [关键词排除] 命中关键词: 「先生」（卡片摘要）
16:45:45 [总第 19 张] 处理: 谭先生
16:45:45   → [关键词排除] 命中关键词: 「先生」（卡片摘要）
16:45:45 [总第 20 张] 处理: 朱女士
16:45:45   → [关键词排除] 命中关键词: 「女士」（卡片摘要）
16:45:45 ── 第 1 批处理完，滚动加载更多候选人...
16:45:45   [scroll] 第 1 次滚动开始
16:45:45   [scroll] 页面 scrollTop=0 scrollHeight=28365 clientHeight=849 剩余=27516
16:45:47   [scroll] mouse.wheel + JS scrollTop: 0 -> 27739 / 28365
16:45:48   [scroll] 等待新卡片... [1s] DOM卡片数=20，已处理=20
16:45:49   [scroll] 等待新卡片... [2s] DOM卡片数=22，已处理=20
16:45:50   [scroll] 扫描到 22 张卡片，已处理 20 张，新增 2 张
16:45:50 ── 第 2 批，共 2 张新卡片 ──
16:45:50 [总第 21 张] 处理: 谢先生
16:45:50   → [关键词排除] 命中关键词: 「先生」（卡片摘要）
16:45:50 [总第 22 张] 处理: 谭先生
16:45:50   → [风控] 随机跳过
16:45:50 ── 第 2 批处理完，滚动加载更多候选人...
16:45:50   [scroll] 第 1 次滚动开始
16:45:50   [scroll] 页面 scrollTop=27739 scrollHeight=32823 clientHeight=849 剩余=4235
16:45:52   [scroll] mouse.wheel + JS scrollTop: 27739 -> 36105 / 32823
16:45:53   [scroll] 等待新卡片... [1s] DOM卡片数=22，已处理=22
16:45:54   [scroll] 等待新卡片... [2s] DOM卡片数=22，已处理=22
16:45:55   [scroll] 等待新卡片... [3s] DOM卡片数=22，已处理=22
16:45:56   [scroll] 等待新卡片... [4s] DOM卡片数=22，已处理=22
16:45:57   [scroll] 等待新卡片... [5s] DOM卡片数=22，已处理=22
16:45:58   [scroll] 等待新卡片... [6s] DOM卡片数=22，已处理=22
16:45:59   [scroll] 等待新卡片... [7s] DOM卡片数=22，已处理=22
16:46:00   [scroll] 等待新卡片... [8s] DOM卡片数=22，已处理=22
16:46:01   [scroll] 扫描到 22 张卡片，已处理 22 张，新增 0 张
16:46:01   [scroll] 第 2 次滚动开始
16:46:01   [scroll] 页面 scrollTop=36105 scrollHeight=41109 clientHeight=849 剩余=4155
16:46:04   [scroll] mouse.wheel + JS scrollTop: 36105 -> 44370 / 41109
16:46:05   [scroll] 等待新卡片... [1s] DOM卡片数=22，已处理=22
16:46:06   [scroll] 等待新卡片... [2s] DOM卡片数=22，已处理=22
16:46:07   [scroll] 等待新卡片... [3s] DOM卡片数=22，已处理=22
16:46:08   [scroll] 等待新卡片... [4s] DOM卡片数=22，已处理=22
16:46:09   [scroll] 等待新卡片... [5s] DOM卡片数=22，已处理=22
16:46:10   [scroll] 等待新卡片... [6s] DOM卡片数=22，已处理=22
16:46:11   [scroll] 等待新卡片... [7s] DOM卡片数=22，已处理=22
16:46:12   [scroll] 等待新卡片... [8s] DOM卡片数=22，已处理=22
16:46:13   [scroll] 扫描到 22 张卡片，已处理 22 张，新增 0 张
16:46:13   [scroll] 第 3 次滚动开始
16:46:13   [scroll] 页面 scrollTop=44370 scrollHeight=49318 clientHeight=849 剩余=4099
16:46:15   [scroll] mouse.wheel + JS scrollTop: 44370 -> 52590 / 49318
16:46:16   [scroll] 等待新卡片... [1s] DOM卡片数=22，已处理=22
16:46:17   [scroll] 等待新卡片... [2s] DOM卡片数=22，已处理=22
16:46:18   [scroll] 等待新卡片... [3s] DOM卡片数=22，已处理=22
