19:28:03 ── 第 1 批，共 20 张新卡片 ──
19:28:03 [总第 1 张] 处理: 向先生
19:28:04   → [AI Prompt]
────────────────────────────────────────────────────────────
请根据以下简历信息判断是否适合[学校要求：第一学历为985211院校，但排除非强势计算机理工背景的985211学校、或政策照顾性985/211学校。年限要求：年龄22-30岁，排除27年及之后的应届生。专业要求：专业不限，非理工科专业可以放行。地点要求：期望地点为重庆。备注：如果没有本科学校信息，只有硕士学校信息，且硕士学校符合要求，返回为true;如果缺失期望地点，也返回为true。]职位。
输出 JSON 格式：{"is_target": true/false, "reason": "原因说明"}

简历信息：
姓名：向先生
    1小时前有回复
年龄：23岁
教育背景：教育经历
       重庆理工大学   2022.09 - 2026.07 数据科学与大数据技术 本科 统招
工作经历：最近一份工作经历可能未更新 询问他  上海途宝网络技术有限公司 高新技术企业   Python    2025.07 - 2025.08 (1个月) DjangoMySQL  实习过程:入职首周主要是熟悉技术栈:Django REST Framework框架、MySQL设计规范及 Git协作流程,梳理项目接口文档,理解用户认证逻辑;首月开发用户反馈模块接口:用 DRF的ModelSerializer定义数据格式,ViewSet实现增删改查,搭配过滤器完成条件筛选,调试解决日期格式异常、权限校验疏漏等问题,接口通过率100%;次月参与数据清洗:用Pandas 处理用户日志,提取核心指标,通过SQLAlchemy写入数据库,协助优化统计接口响应时间至150ms;期间通过站会同步进度,遇索引优化、并发问题时,借文档与导师指导解决。实习末整理文档,掌握后端开发基础,深刻理解代码规范与协作重要性。技术栈:Pthon3.9+DJango/DRF+MySql+Git+Restful+Apifox实习成果:实习期间,独立开发公司项目后端数十个接口,如人力数据导入,政策通知,两金报表等,协助同事编写了数个接口文档,并且完善测试用例;优化用户行为日志清洗逻辑,用Pandas 批量处理效率提升40%,支撑的统计接口响应时间从500ms 降至120ms。
期望薪资：8千-1.2万/月
技能标签：DjangoMySQL

简历全文（摘要）：
向先生
1小时前有回复
要附件简历
23岁 (2002年5月)
工作无经验
本科
在校-正在找工作
现居重庆 渝北区
户口四川 达州
求职期望
[重庆]
Python
全职
兼职
实习
8千-1.2万/月
展开
工作经历
最近一份工作经历可能未更新
询问他
上海途宝网络技术有限公司
高新技术企业
Python
2025.07 - 2025.08 (1个月)
Django
MySQL
实习过程:入职首周主要是熟悉技术栈:Django REST Framework框架、MySQL设计规范及 Git协作流程,梳理项目接口文档,理解用户认证逻辑;首月开发用户反馈模块接口:用 DRF的ModelSerializer定义数据格式,ViewSet实现增删改查,搭配过滤器完成条件筛选,调试解决日期格式异常、权限校验疏漏等问题,接口通过率100%;次月参与数据清洗:用Pandas 处理用户日志,提取核心指标,通过SQLAlchemy写入数据库,协助优化统计接口响应时间至150ms;期间通过站会同步进度,遇索引优化、并发问题时,借文档与导师指导解决。实习末整理文档,掌握后端开发基础,深刻理解代码规范与协作重要性。技术栈:Pthon3.9+DJango/DRF+MySql+Git+Restful+Apifox实习成果:实习期间,独立开发公司项目后端数十个接口,如人力数据导入,政策通知,两金报表等,协助同事编写了数个接口文档,并且完善测试用例;优化用户行为日志清洗逻辑,用Pandas 批量处理效率提升40%,支撑的统计接口响应时间从500ms 降至120ms。
项目经历
基于Flask框架搭建电影数据分析可视化网站
2025.04 - 2025.05 (1个月)
项目过程:本项目基于Flask框架搭建电影数据分析可视化网站。在数据处理阶段,对4803条电影数据进行合并、缺失值填充(如runtime填充0、vote_average填充均值)及特征工程(新增genre_count),确保数据完整性。数据分析通过可视化呈现关键发现:电影评分集中在6-8分,发行量随年份波动上升,剧情类电影占比最高,《The Dark Knight》等10部影片评分领先。模型训练对比SVR、KNN和XGBoost算法,其中SVR(RBF核)的测试集RMSE为0.994,预测精度最高,但R2仅0.176,表明特征与评分的关联性有待加强。Web界面采用模板继承机制,通过base.html定义导航结构,analysis.html实现电影发行量、评分趋势等四板块可视化,图表以base64编码嵌入页面。登录注册功能基于会话和内存字典实现临时存储,检索推荐支持按类型、年份等字段筛选电影。在`app.py`中定义数据处理与图表生成函数,模拟获取电影发行量、评分等数据,并生成电影发行量柱状图、评分趋势折线图、类型评分对比箱线图及Top10电影排行条形图。页面设计采用模板继承机制,`analysis.html`通过`{%extends%}`继承`base.html`的基础结构(含首页… 
展开
教育经历
重庆理工大学
2022.09 - 2026.07
数据科学与大数据技术
本科
统招
个人优势
性格特点:思维活跃,积极的创新意识;开朗活泼,积极参与校内外实践活动,与团队成员相处融洽,是团队活跃分子。
综合素质:拥有较强的组织能力、沟通表达能力,思维敏捷,组织校内活动,个人及集体均获得优异成绩。
语言能力
英语
读写能力
一般
听说能力
一般
全国大学英语四级考试(CET4)
（456分）
专业技能
数据分析
熟练
数据挖掘
熟练
Python
熟练
MySQL
熟练
SQL
熟练
打电话
打招呼
存至本地
收藏
转给同事
打印
举报
不合适
────────────────────────────────────────────────────────────
19:28:12   → [AI 原始回答] 
────────────────────────────────────────────────────────────
```json
{
  "is_target": false,
  "reason": "第一学历（本科）重庆理工大学不符合985/211院校要求。"
}
```
────────────────────────────────────────────────────────────
19:28:12   → AI 未通过: 第一学历（本科）重庆理工大学不符合985/211院校要求。
19:28:13   → 等待 5 秒...
19:28:18 [总第 2 张] 处理: 黎先生
19:28:18   → [风控] 随机跳过
19:28:18 [总第 3 张] 处理: 陶女士
19:28:19   → [AI Prompt]
────────────────────────────────────────────────────────────
请根据以下简历信息判断是否适合[学校要求：第一学历为985211院校，但排除非强势计算机理工背景的985211学校、或政策照顾性985/211学校。年限要求：年龄22-30岁，排除27年及之后的应届生。专业要求：专业不限，非理工科专业可以放行。地点要求：期望地点为重庆。备注：如果没有本科学校信息，只有硕士学校信息，且硕士学校符合要求，返回为true;如果缺失期望地点，也返回为true。]职位。
输出 JSON 格式：{"is_target": true/false, "reason": "原因说明"}

简历信息：
姓名：陶女士
    1小时前浏览过职位
年龄：23岁
教育背景：教育经历
       重庆城市科技学院   2024.09 - 2026.06 数据科学与大数据 本科 统招重庆城市科技学院   2021.09 - 2024.06 数据科学与大数据技术 大专 统招
工作经历：教育经历
       重庆城市科技学院   2024.09 - 2026.06 数据科学与大数据 本科 统招重庆城市科技学院   2021.09 - 2024.06 数据科学与大数据技术 大专 统招
期望薪资：6千-9千/月
技能标签：专业技能
       MySQL  良好
    数据分析  熟练
    Python  熟练
    web前端  熟练
    Photoshop  熟练

简历全文（摘要）：
陶女士
1小时前浏览过职位
要附件简历
23岁 (2002年10月)
工作无经验
本科
在校-正在找工作
现居重庆 巴南区
户口重庆
团员
求职期望
[重庆]
Python
全职
实习
6千-9千/月
展开
教育经历
重庆城市科技学院
2024.09 - 2026.06
数据科学与大数据
本科
统招
重庆城市科技学院
2021.09 - 2024.06
数据科学与大数据技术
大专
统招
个人优势
我以勤奋好学的态度,不断追求专业成长,坚信通过积极的经验积累,能够为公司带来创新和效率的提升。
所获证书
学习进步奖
学业奖学金
专业技能
MySQL
良好
数据分析
熟练
Python
熟练
web前端
熟练
Photoshop
熟练
打电话
打招呼
存至本地
收藏
转给同事
打印
举报
不合适
────────────────────────────────────────────────────────────
19:28:28   → [AI 原始回答] 
────────────────────────────────────────────────────────────
```json
{
  "is_target": false,
  "reason": "第一学历不符合要求。简历显示本科院校为重庆城市科技学院，该院校并非985/211院校。"
}
```
────────────────────────────────────────────────────────────
19:28:28   → AI 未通过: 第一学历不符合要求。简历显示本科院校为重庆城市科技学院，该院校并非985/211院校。
19:28:29   → 等待 4 秒...
19:28:33 [总第 4 张] 处理: 史女士
19:28:34   → [AI Prompt]
────────────────────────────────────────────────────────────
请根据以下简历信息判断是否适合[学校要求：第一学历为985211院校，但排除非强势计算机理工背景的985211学校、或政策照顾性985/211学校。年限要求：年龄22-30岁，排除27年及之后的应届生。专业要求：专业不限，非理工科专业可以放行。地点要求：期望地点为重庆。备注：如果没有本科学校信息，只有硕士学校信息，且硕士学校符合要求，返回为true;如果缺失期望地点，也返回为true。]职位。
输出 JSON 格式：{"is_target": true/false, "reason": "原因说明"}

简历信息：
姓名：史女士
    1小时前浏览过职位
年龄：23岁
教育背景：教育经历
       白城师范学院   2021.09 - 2025.07 数据科学与大数据技术 本科 统招
工作经历：北京网络   数据通信工程师  4千/月  2025.06 - 2025.11 (5个月) 防火墙配置  参与防火墙的
期望薪资：4千/月
技能标签：防火墙配置

简历全文（摘要）：
史女士
1小时前浏览过职位
要附件简历
23岁 (2002年12月)
工作无经验
本科
离校-正在找工作
现居张家口 蔚县
户口河北 张家口
群众
最近关注
[重庆]
需求分析工程师
展开
工作经历
北京网络
数据通信工程师
4千/月
2025.06 - 2025.11 (5个月)
防火墙配置
参与防火墙的
教育经历
白城师范学院
2021.09 - 2025.07
数据科学与大数据技术
本科
统招
语言能力
英语
读写能力
良好
听说能力
良好
专业技能
电脑
良好
打电话
打招呼
存至本地
收藏
转给同事
打印
举报
不合适
────────────────────────────────────────────────────────────
19:28:43   → [AI 原始回答] 
────────────────────────────────────────────────────────────
```json
{
  "is_target": false,
  "reason": "第一学历不符合要求。简历显示其本科院校为白城师范学院，该学校并非985或211院校。"
}
```
────────────────────────────────────────────────────────────
19:28:43   → AI 未通过: 第一学历不符合要求。简历显示其本科院校为白城师范学院，该学校并非985或211院校。
19:28:43   → 等待 3 秒...
19:28:46 [总第 5 张] 处理: 何先生
19:28:48   → [AI Prompt]
────────────────────────────────────────────────────────────
请根据以下简历信息判断是否适合[学校要求：第一学历为985211院校，但排除非强势计算机理工背景的985211学校、或政策照顾性985/211学校。年限要求：年龄22-30岁，排除27年及之后的应届生。专业要求：专业不限，非理工科专业可以放行。地点要求：期望地点为重庆。备注：如果没有本科学校信息，只有硕士学校信息，且硕士学校符合要求，返回为true;如果缺失期望地点，也返回为true。]职位。
输出 JSON 格式：{"is_target": true/false, "reason": "原因说明"}

简历信息：
姓名：何先生
    1小时前浏览过职位
年龄：23岁
教育背景：教育经历
       重庆对外经贸学院   2022.09 - 2026.07 数据科学与大数据技术 本科 统招
工作经历：重庆对外经贸学院 政府供应商   bi运维工程师 （BI）   2022.09 - 至今 (3年 6个月) PythonSQL报表开发数据仓库数据可视化FineBIMySQL  团支书
荣誉称号:荣获优秀团支书,带领团支部获得“五四红旗团支部”、“一级团支部”等荣誉称号。
负责团支部日常管理工作,包括团员发展、组织生活、活动宣传等,建立班级个人数据管理系统,围绕以及团支部要求设立运营指标,且利用Fine BI可视化与落地的奖惩机制使得班级逃课,早退率等下降15%,班级成员有特殊情况也可直接在系统申请办理。,效提高了工作效率与服务质量。成功带领团支部从二级团支部评选为一级团支部与五四红旗团支部。
期望薪资：7千-1.4万/月
技能标签：PythonSQL报表开发数据仓库数据可视化FineBIMySQL

简历全文（摘要）：
何先生
1小时前浏览过职位
要附件简历
23岁 (2002年5月)
工作无经验
本科
在校-正在找工作
现居重庆 渝北区
户口重庆
团员
求职期望
[重庆]
数据分析师
全职
实习
7千-1.4万/月
展开
工作经历
重庆对外经贸学院
政府供应商
bi运维工程师
（BI）
2022.09 - 至今 (3年 6个月)
Python
SQL
报表开发
数据仓库
数据可视化
FineBI
MySQL
团支书
荣誉称号:荣获优秀团支书,带领团支部获得“五四红旗团支部”、“一级团支部”等荣誉称号。
负责团支部日常管理工作,包括团员发展、组织生活、活动宣传等,建立班级个人数据管理系统,围绕以及团支部要求设立运营指标,且利用Fine BI可视化与落地的奖惩机制使得班级逃课,早退率等下降15%,班级成员有特殊情况也可直接在系统申请办理。,效提高了工作效率与服务质量。成功带领团支部从二级团支部评选为一级团支部与五四红旗团支部。
项目经历
驾驶状态识别系统
2024.09 - 2024.12 (3个月)
作为独立开发者搭建项目前后端及项目部署,构建驾驶状态识别系统,利用 Python爬虫 将收集的图片存储在 MySQL,且利用 YOLO 对图像进行标注分类。创建 18 条 SQL 校验规则,自动标注错误样本 1.2 万张。利用卷积神经网络(CNN)模型结合 svm 模型分析驾驶员面部图像,以识别疲劳状态和危险动作。通过优化网络结构、调整超参数和数据增强,成功将识别准确率提升至 95%,且模型延迟控制在 300 毫秒内,及时反馈。其项目已获得软件著作权,本人为全部掌握者。
股票市场预测系统
2024.01 - 2024.03 (2个月)
项目成员
利用sql提取近十年的数据,利用卷神经网络与随机森林,LSTM神经网络,对历史股价、交易量进行预测,为模拟投资量化交易提供支持,预测准确率达到 97%。通过爬取数据、数据清洗、特征选择、调整参数等微调模型,使得在同模型下更准确,效率更高,降低 [10%] 的投资风险。创建3层指标体系,分钟级实时刷新;输出《月度数字化运营报告》,策略回撤率可视化,可供投资团队直接引用。
商品价格分析预测系统
2023.03 - 2023.06 (3个月)
技术开发成员
负责使用Python、Flask、MySQL和时间序列分析技术,开发整个系统,利用爬虫对所需商品价格进行爬取,清洗,存储,分析和预测。且利用BI工具做好数据分析及可视化大屏。预测准确率达到96%。设计5大运营指标,利用BI可视化;建立"红黄绿"预警,助供应商库存成本降低。该项目已在江津区九龙兰花种植市场投入使用。
教育经历
重庆对外经贸学院
2022.09 - 2026.07
数据科学与大数据技术
本科
统招
个人优势
扎实的数据科学与大数据技术背景精通Python,熟悉机器学习算法,已发表两篇期刊及一项软著
快速学习并解决复杂问题,通过数据分析为业务决策提供支持
任职团支书具备良好的团队合作和沟通能力
扎实的数据科学与大数据技术专业知识,熟悉Python编程,并能快速掌握新技术并应用于实际项目。具备良好的团队合作精神和沟通能力,能够有效地与团队成员协作完成任务。担任团支书期间,培养了较强的组织协调能力和领导能力。
语言能力
汉语
读写能力
精通
听说能力
精通
普通话水平测试二级甲等
（86分）
所获证书
计算机软件著作权
全国机器人大赛市级优秀奖
专业技能
数据建模
熟练
数据分析
熟练
Python
良好
打电话
打招呼
存至本地
收藏
转给同事
打印
举报
不合适
────────────────────────────────────────────────────────────
19:28:56   → [AI 原始回答] 
────────────────────────────────────────────────────────────
```json
{
  "is_target": false,
  "reason": "第一学历不符合要求，重庆对外经贸学院非985/211院校。"
}
```
────────────────────────────────────────────────────────────
19:28:56   → AI 未通过: 第一学历不符合要求，重庆对外经贸学院非985/211院校。
19:28:56   → 等待 3 秒...
19:28:59 [总第 6 张] 处理: 孙女士
19:29:01   → [AI Prompt]
────────────────────────────────────────────────────────────
请根据以下简历信息判断是否适合[学校要求：第一学历为985211院校，但排除非强势计算机理工背景的985211学校、或政策照顾性985/211学校。年限要求：年龄22-30岁，排除27年及之后的应届生。专业要求：专业不限，非理工科专业可以放行。地点要求：期望地点为重庆。备注：如果没有本科学校信息，只有硕士学校信息，且硕士学校符合要求，返回为true;如果缺失期望地点，也返回为true。]职位。
输出 JSON 格式：{"is_target": true/false, "reason": "原因说明"}

简历信息：
姓名：孙女士
    10分钟前浏览过职位
年龄：27岁
教育背景：教育经历
       重庆交通大学   2021.09 - 2024.06 土木水利 硕士 统招重庆交通大学   2021.09 - 2024.06 土木工程 硕士 统招重庆三峡学院   2017.09 - 2021.06 土木工程 本科 统招
工作经历：最近一份工作经历可能未更新 询问她  重庆誉达通土木工程技术咨询有限公司   实习生 （隧道工程师） 1千以下/月  2022.09 - 2023.07 (10个月) 检测监测  参与隧道涵洞设计等 重庆誉达通土木工程技术咨询有限公司   实习生 （隧道工程师） 1千以下/月  2021.09 - 2022.09 (1年) 桥梁工程  负责涵洞设计、桥梁监测、隧道监测等内容
期望薪资：7千-1万/月
技能标签：检测监测

简历全文（摘要）：
孙女士
10分钟前浏览过职位
要附件简历
27岁 (1998年6月)
工作无经验
硕士
离校-正在找工作
现居重庆 南岸区
户口重庆
团员
求职期望
[重庆]
产品专员/助理
7千-1万/月
展开
工作经历
最近一份工作经历可能未更新
询问她
重庆誉达通土木工程技术咨询有限公司
实习生
（隧道工程师）
1千以下/月
2022.09 - 2023.07 (10个月)
检测监测
参与隧道涵洞设计等
重庆誉达通土木工程技术咨询有限公司
实习生
（隧道工程师）
1千以下/月
2021.09 - 2022.09 (1年)
桥梁工程
负责涵洞设计、桥梁监测、隧道监测等内容
项目经历
隧道检测与评估
2022.08 - 2022.10 (2个月)
现场勘察:开展隧道内外部视觉检查、结构问题记录与反馈(裂缝、渗漏、腐蚀、滑坡、路面拱起)。结构评估:评估隧道结构完整性(隧道衬砌、支护系统、接缝),利用专业设备检测结构内部缺陷。
桥梁工程评估
2021.08 - 2021.11 (3个月)
现场检查:参与80+座桥梁现场检查,开展桥梁视觉检查,识别结构问题与潜在安全隐患。报告撰写:撰写详细技术检查报告(检查过程、病害问题、建议修复措施及预防措施)。
教育经历
重庆交通大学
2021.09 - 2024.06
土木水利
硕士
统招
重庆交通大学
2021.09 - 2024.06
土木工程
硕士
统招
重庆三峡学院
2017.09 - 2021.06
土木工程
本科
统招
个人优势
发散性思维突出:思辨能力强,逻辑缜密,擅于总结归纳,注重细节,乐于主动思考,具有探究精神。
注重团队协作:协作精神佳,善于组织,重视合作,深知团队合作重要性,能够快速定位、奉献力量。
学习能力佳:面对新领域时,能制定切实可行的学习计划,搜集检索资料,迅速吸收知识并灵活运用。
重庆交通大学成绩单
语言能力
英语
读写能力
良好
听说能力
良好
全国大学英语六级考试(CET6)
（475分）
所获证书
奖学金
专业技能
MS WORD
熟练
CAD
熟练
打电话
打招呼
存至本地
收藏
转给同事
打印
举报
不合适
────────────────────────────────────────────────────────────
19:29:09   → [AI 原始回答] 
────────────────────────────────────────────────────────────
```json
{
  "is_target": false,
  "reason": "第一学历（本科）重庆三峡学院非985/211院校，不符合学校要求；且年龄27岁，硕士毕业时间为2024年，属于被排除的27年及之后的应届生。"
}
```
────────────────────────────────────────────────────────────
19:29:09   → AI 未通过: 第一学历（本科）重庆三峡学院非985/211院校，不符合学校要求；且年龄27岁，硕士毕业时间为2024年，属于被排除的27年及之后的应届生。
19:29:10   → 等待 3 秒...
19:29:13 [总第 7 张] 处理: 张女士
19:29:14   → [AI Prompt]
────────────────────────────────────────────────────────────
请根据以下简历信息判断是否适合[学校要求：第一学历为985211院校，但排除非强势计算机理工背景的985211学校、或政策照顾性985/211学校。年限要求：年龄22-30岁，排除27年及之后的应届生。专业要求：专业不限，非理工科专业可以放行。地点要求：期望地点为重庆。备注：如果没有本科学校信息，只有硕士学校信息，且硕士学校符合要求，返回为true;如果缺失期望地点，也返回为true。]职位。
输出 JSON 格式：{"is_target": true/false, "reason": "原因说明"}

简历信息：
姓名：张女士
    1小时前浏览过职位
年龄：23岁
教育背景：教育经历
       南昌大学科学与技术学院   2024.09 - 2026.06 电子信息工程 本科 统招南昌大学科学技术学院   2022.09 - 2026.07 电子信息工程 本科 统招
工作经历：项目经历
       信用违约风险预测项目 
        2025.09 - 2025.12 (3个月)
       用 Pandas 完成信用违约数据集清洗、缺失值填充及单位标准化,搭建规范化数据处理流程;开展特征工程,完成连续特征归一化、离散特征编码,适配建模需求;可视化分析模型指标与特征权重,输出数据运营分析报告,沉淀标准化数据资产。
技能标签：英语 读写能力 
          熟练 听说能力 
          熟练 全国大学英语四级考试(CET4)

简历全文（摘要）：
张女士
1小时前浏览过职位
要附件简历
23岁 (2002年12月)
工作无经验
本科
离校-正在找工作
现居南昌 红谷滩区
户口江西 南昌
团员
最近关注
[重庆]
需求分析工程师
展开
项目经历
信用违约风险预测项目
2025.09 - 2025.12 (3个月)
用 Pandas 完成信用违约数据集清洗、缺失值填充及单位标准化,搭建规范化数据处理流程;开展特征工程,完成连续特征归一化、离散特征编码,适配建模需求;可视化分析模型指标与特征权重,输出数据运营分析报告,沉淀标准化数据资产。
教育经历
南昌大学科学与技术学院
2024.09 - 2026.06
电子信息工程
本科
统招
南昌大学科学技术学院
2022.09 - 2026.07
电子信息工程
本科
统招
个人优势
工作积极认真,细心负责,熟练运用办公自动化软件,有较强的分析能力,勤奋好学,踏实肯干,动手能力强,认真负责,有很强的社会责任感,坚毅不拔,吃苦耐劳,喜欢迎接新挑战。敢于面对困难和挑战,具有良好的人际交往、组织及沟通协调能力以及团队精神。
语言能力
英语
读写能力
熟练
听说能力
熟练
全国大学英语四级考试(CET4)
所获证书
大学英语四级
打电话
打招呼
存至本地
收藏
转给同事
打印
举报
不合适
────────────────────────────────────────────────────────────
19:29:32   → [AI 原始回答] 
────────────────────────────────────────────────────────────
```json
{
  "is_target": true,
  "reason": "1. 第一学历：南昌大学是211院校，符合985/211要求。虽然简历中提到“南昌大学科学与技术学院”，但其隶属于南昌大学，且专业为电子信息工程，属于理工科背景，未明确属于“非强势计算机理工背景”或“政策照顾性”范畴。\n2. 年限要求：年龄23岁，在22-30岁范围内。该候选人预计2026年毕业，属于2026届应届生，不属于“排除27年及之后的应届生”的范畴，因此符合要求。\n3. 专业要求：电子信息工程专业，属于理工科，符合“专业不限，非理工科专业可以放行”的要求。\n4. 地点要求：简历中明确“最近关注 [重庆]”，表明期望地点为重庆，符合要求。"
}
```
────────────────────────────────────────────────────────────
19:29:32   → AI 通过: 1. 第一学历：南昌大学是211院校，符合985/211要求。虽然简历中提到“南昌大学科学与技术学院”，但其隶属于南昌大学，且专业为电子信息工程，属于理工科背景，未明确属于“非强势计算机理工背景”或“政策照顾性”范畴。
2. 年限要求：年龄23岁，在22-30岁范围内。该候选人预计2026年毕业，属于2026届应届生，不属于“排除27年及之后的应届生”的范畴，因此符合要求。
3. 专业要求：电子信息工程专业，属于理工科，符合“专业不限，非理工科专业可以放行”的要求。
4. 地点要求：简历中明确“最近关注 [重庆]”，表明期望地点为重庆，符合要求。
19:29:34   → 已打招呼
19:29:35   → 等待 4 秒...
19:29:39 [总第 8 张] 处理: 贾先生
19:29:40   → [AI Prompt]
────────────────────────────────────────────────────────────
请根据以下简历信息判断是否适合[学校要求：第一学历为985211院校，但排除非强势计算机理工背景的985211学校、或政策照顾性985/211学校。年限要求：年龄22-30岁，排除27年及之后的应届生。专业要求：专业不限，非理工科专业可以放行。地点要求：期望地点为重庆。备注：如果没有本科学校信息，只有硕士学校信息，且硕士学校符合要求，返回为true;如果缺失期望地点，也返回为true。]职位。
输出 JSON 格式：{"is_target": true/false, "reason": "原因说明"}

简历信息：
姓名：贾先生
    5小时前浏览过职位
年龄：25岁
教育背景：教育经历
       山东农业大学   2022.09 - 2024.06 机械工程 硕士 统招
工作经历：电力   仿真工程师 （仿真应用工程师）   2024.07 - 至今 (1年 8个月) ANSYS强度仿真力学仿真  2024年
	担任变压器供应商产品质量保证能力评估审核对接小组成员，运用CAD，solidworks等三维软件参与油箱机械强度设计，开展不同工况或运输情况下的油箱机械强度设计与仿真，开展变压器焊接，螺栓强度的机械强度设计。
2025年
完成变压器油箱和总装设计共7台，优化油箱长宽高尺寸、壁厚参数及焊缝工艺；重点强化密封结构设计。
运用ANSYS软件完成30台变压器油箱机械强度仿真分析，计算油箱壁应力分布、变形量及结构安全裕度；基于仿真结果识别薄弱环节，提出加强筋布置优化、局部壁厚增厚等改进方案。 两份工作间有6个月空档期 询问他  山东农业大学 事业单位   科研人员    2022.01 - 2024.01 (2年) 科研人员科研成果  学习企业先进技术,结合自己课题。利用学校、企业双方资源为企业带来效益,将科研成果落地,完成毕业。
期望薪资：1万-1.5万/月
技能标签：ANSYS强度仿真力学仿真

简历全文（摘要）：
贾先生
5小时前浏览过职位
要附件简历
25岁 (2000年5月)
工作4年
硕士
在职-正在找工作
现居泰安 泰山区
户口山东 泰安
求职期望
[重庆]
仿真应用工程师
1万-1.5万/月
展开
工作经历
电力
仿真工程师
（仿真应用工程师）
2024.07 - 至今 (1年 8个月)
ANSYS
强度仿真
力学仿真
2024年
	担任变压器供应商产品质量保证能力评估审核对接小组成员，运用CAD，solidworks等三维软件参与油箱机械强度设计，开展不同工况或运输情况下的油箱机械强度设计与仿真，开展变压器焊接，螺栓强度的机械强度设计。
2025年
完成变压器油箱和总装设计共7台，优化油箱长宽高尺寸、壁厚参数及焊缝工艺；重点强化密封结构设计。
运用ANSYS软件完成30台变压器油箱机械强度仿真分析，计算油箱壁应力分布、变形量及结构安全裕度；基于仿真结果识别薄弱环节，提出加强筋布置优化、局部壁厚增厚等改进方案。
两份工作间有6个月空档期
询问他
山东农业大学
事业单位
科研人员
2022.01 - 2024.01 (2年)
科研人员
科研成果
学习企业先进技术,结合自己课题。利用学校、企业双方资源为企业带来效益,将科研成果落地,完成毕业。
教育经历
山东农业大学
2022.09 - 2024.06
机械工程
硕士
统招
打电话
打招呼
存至本地
收藏
转给同事
打印
举报
不合适
────────────────────────────────────────────────────────────
19:29:49   → [AI 原始回答] 
────────────────────────────────────────────────────────────
```json
{
  "is_target": false,
  "reason": "硕士学校山东农业大学非985/211院校，且简历中未提供本科学校信息，不符合第一学历为985/211院校的要求。"
}
```
────────────────────────────────────────────────────────────
19:29:49   → AI 未通过: 硕士学校山东农业大学非985/211院校，且简历中未提供本科学校信息，不符合第一学历为985/211院校的要求。
19:29:50   → 等待 4 秒...
19:29:54 [总第 9 张] 处理: 许先生
19:29:55   → [AI Prompt]
────────────────────────────────────────────────────────────
请根据以下简历信息判断是否适合[学校要求：第一学历为985211院校，但排除非强势计算机理工背景的985211学校、或政策照顾性985/211学校。年限要求：年龄22-30岁，排除27年及之后的应届生。专业要求：专业不限，非理工科专业可以放行。地点要求：期望地点为重庆。备注：如果没有本科学校信息，只有硕士学校信息，且硕士学校符合要求，返回为true;如果缺失期望地点，也返回为true。]职位。
输出 JSON 格式：{"is_target": true/false, "reason": "原因说明"}

简历信息：
姓名：许先生
    4小时前浏览过职位
年龄：33岁
教育背景：教育经历
       湖南工程学院   2012.09 - 2016.07 工业工程 本科 统招
工作经历：招商智行(重庆)科技有限公司 专精特新企业   解决方案工程师    2023.10 - 至今 (2年 5个月) 数字化产品数字政府产品  1.负责对接城管局、运营公司等客户需求,针对智慧渣土、政务信息化等领域进行售前需求分析和规划,承担业务调研、需求调研、解决方案支撑工作,负责调研报告、解决方案等编写工作;
2.负责对接经高新区、示范区、港口\口岸、物流园区等有智能网联驾驶需求的客户,针对智能网联场景需求,完成智能网联相关智驾场景的解决方案,比如:园区无人驾驶接驳车、园区智慧物流运输、特种车辆全域治理、港口智能驾驶等场景;
3.负责相关领域市场现状和趋势分析、客户分析、竞争分析、产品分析,并结合公司能力进行市场策略、布局和产品策略;
4、负责配合政府客户完成三张清单、项目的申报、立项等相关材料准备作;
5、负责招投标,完成招投标文件制作和投标文件编制、预算清单编制。 重庆梅安森科技股份有限公司 A股上市   售前工程师 （售前技术支持） 7千/月  2021.05 - 2023.09 (2年 4个月) 售前招投标售前技术支持  主要方向为智慧化矿山（煤矿行业）
1、针对客户定制化需求，通过现场调研了解客户详细需求，结合公司技术路线、产品，开发解决方案；
 2、 协助销售经理拜访客户；组织或参加项目技术交流（会议）、编写项目方案，初步核算项目成本，并按流程报审；
 3、 参与技术标书编写与投标工作，解决投标过程中的技术问题，对经办项目的技术方案、投标技术问题承担责任；
 4、 销售合同签订后，及时与项目经理及技术负责人进行技术交底工作；
 5、 对新技术、新产品、新工艺的收集、整理 两份工作间有14个月空档期 询问他  重庆易合智连科技有限公司   弱电工程师    2019.03 - 2020.03 (1年) 安全防范系统弱电设计弱电施工  1. 负责智能家居、智能家庭影院、智能安防、智慧照明、弱电等项目方案编制,以及对工程量和造价进行前期预算和评估;
2. 负责前期功能深化,现场施工指导,工程进度把控,后期安装调试对接,竣工验收.
3. 负责配合销售了解客户需求,针对需求完成智能化工程的设计以及施工标项目的投标;
4. 负责项目施工工程中弱电方面的技术支持与审核;
5. 组织、协调、监督项目工程施工各个环节中弱电方面的工作。 北京曼特门业有限公司   ie工程师工业工程师精益生产  3500元/月  2016.08 - 2018.12 (2年 4个月) AutoCAD  1.负责协助IE部门主管完成产品标准工时制定;
2.负责产品生产人工成本费用评估;
3.测量生产的产品实际工时,分析生产中存在不合理现象,推动各DO解决并减少制造浪费;
4.负责编写SOP并输出,根据实际生产调整工艺,确保SOP的有效性和正确性;
期望薪资：8千-1.5万/月
技能标签：数字化产品数字政府产品

简历全文（摘要）：
许先生
4小时前浏览过职位
要附件简历
33岁 (1992年7月)
工作9年
本科
在职-看看机会
现居重庆 九龙坡区（住址距工作地17.8km）
户口重庆
求职期望
[重庆]
售前技术支持
8千-1.5万/月 
物联网、 云计算/大数据、 网络/信息安全
展开
工作经历
招商智行(重庆)科技有限公司
专精特新企业
解决方案工程师
2023.10 - 至今 (2年 5个月)
数字化产品
数字政府产品
1.负责对接城管局、运营公司等客户需求,针对智慧渣土、政务信息化等领域进行售前需求分析和规划,承担业务调研、需求调研、解决方案支撑工作,负责调研报告、解决方案等编写工作;
2.负责对接经高新区、示范区、港口\口岸、物流园区等有智能网联驾驶需求的客户,针对智能网联场景需求,完成智能网联相关智驾场景的解决方案,比如:园区无人驾驶接驳车、园区智慧物流运输、特种车辆全域治理、港口智能驾驶等场景;
3.负责相关领域市场现状和趋势分析、客户分析、竞争分析、产品分析,并结合公司能力进行市场策略、布局和产品策略;
4、负责配合政府客户完成三张清单、项目的申报、立项等相关材料准备作;
5、负责招投标,完成招投标文件制作和投标文件编制、预算清单编制。
重庆梅安森科技股份有限公司
A股上市
售前工程师
（售前技术支持）
7千/月
2021.05 - 2023.09 (2年 4个月)
售前招投标
售前技术支持
主要方向为智慧化矿山（煤矿行业）
1、针对客户定制化需求，通过现场调研了解客户详细需求，结合公司技术路线、产品，开发解决方案；
 2、 协助销售经理拜访客户；组织或参加项目技术交流（会议）、编写项目方案，初步核算项目成本，并按流程报审；
 3、 参与技术标书编写与投标工作，解决投标过程中的技术问题，对经办项目的技术方案、投标技术问题承担责任；
 4、 销售合同签订后，及时与项目经理及技术负责人进行技术交底工作；
 5、 对新技术、新产品、新工艺的收集、整理
两份工作间有14个月空档期
询问他
重庆易合智连科技有限公司
弱电工程师
2019.03 - 2020.03 (1年)
安全防范系统
弱电设计
弱电施工
1. 负责智能家居、智能家庭影院、智能安防、智慧照明、弱电等项目方案编制,以及对工程量和造价进行前期预算和评估;
2. 负责前期功能深化,现场施工指导,工程进度把控,后期安装调试对接,竣工验收.
3. 负责配合销售了解客户需求,针对需求完成智能化工程的设计以及施工标项目的投标;
4. 负责项目施工工程中弱电方面的技术支持与审核;
5. 组织、协调、监督项目工程施工各个环节中弱电方面的工作。
北京曼特门业有限公司
ie工程师工业工程师精益生产
3500元/月
2016.08 - 2018.12 (2年 4个月)
AutoCAD
1.负责协助IE部门主管完成产品标准工时制定;
2.负责产品生产人工成本费用评估;
3.测量生产的产品实际工时,分析生产中存在不合理现象,推动各DO解决并减少制造浪费;
4.负责编写SOP并输出,根据实际生产调整工艺,确保SOP的有效性和正确性;
项目经历
高新区科学城智能网联二期项目-特种车辆全域治理应用系统
2023.10 - 至今 (2年 5个月)
主要工作:
1.调研以及特种车辆管理单位需求及监管痛点;
2.统计全域特种车辆类型、数量等信息;
3.绘制特种车辆行驶区域以及主要行驶路段;
4.梳理高新区科学城智能网联一期项目已安装智能路侧系统点位;
5.编制特种车辆全域治理应用方案。
设计内容:
在特种车辆作业路段新增边缘计算设备(MEC)、毫米波雷达、低延时网络相机、激光雷达
及路侧通信单元RSU,加上高新区科学城智能网联一期项目已建有的智能路侧系统,实现全域覆盖。
基于高新区科学城智能网联一期云控基础平台,新建特种车辆安全监管系统实时监管特种车辆… 
展开
高新区科学城智能网联二期项目-自动驾驶物流配送应用系统
2023.10 - 至今 (2年 5个月)
主要工作:
1.调研物流园区、物流公司、运输公司需求及监管痛点;
2.物流A区至B区线路规划;
3.统计自动驾驶车辆行驶路线十字路口、丁字路口、人行道等情况;
4.梳理高新区科学城智能网联一期项目已安装智能路侧系统点位;
5.编制自动驾驶物流配送应用系统方案。
设计内容:
路线方案:物流园区A区至B区,主干道路,全长约25公里;
智能网联路侧设施:新增智能网联路侧设施范围约25公里,包括毫米波雷达、视频、边缘计算单元、RSU、信号采集… 
展开
自动驾驶短驳车示范场景建设项目
2023.10 - 至今 (2年 5个月)
主要工作:
1.与辖区负责人沟通自动驾驶短驳场景需求,了解线路规划、线路里程等情况;
2.现场调研,收集十字路口、丁字路口、人行道等信息;
3.编制自动驾驶接驳专线解决方案及预算;
4.方案汇报。
设计内容:
路线方案:本次路线规划两个方案,方案一全长约6公里、方案二全程约8公里;
部署方案:方案一部署6个路口,设计智慧站台2套,建设智能路侧系统点位24个、方案二部署14个路口,设计智慧站台4套,建设智能路侧系统点位32个;
通过车路云一体化技术,将车端、路端和云端平台进行深度融合,旨在通过智能调度和路径优化… 
展开
物流园区自动驾驶短驳车项目
2023.10 - 至今 (2年 5个月)
主要工作:
1.与园区负责人沟通自动驾驶短驳场景需求,了解线路规划、线路里程等情况;
2.现场调研,收集园区十字路口、丁字路口、人行道等信息;
3.编制自动驾驶接驳专线解决方案及预算;
4.方案汇报。
设计内容:
路线方案:本次路线规划全长约7公里;
部署方案:自动驾驶车辆(接驳)2两辆、智慧站台2套、智慧路侧系统7套;
通过车路云一体化技术,将车端、路端和云端平台进行深度融合,旨在通过智能调度和路径优化,7x24小时全天候运营满足不同时间出行需求。
展开全部
教育经历
湖南工程学院
2012.09 - 2016.07
工业工程
本科
统招
语言能力
英语
读写能力
良好
听说能力
一般
专业技能
c1驾驶证
（使用12个月）
良好
autocad
（使用60个月）
良好
熟悉sqlserver和mysql数据库
（使用12个月）
熟练
熟练使用excel word ppt
（使用12个月）
熟练
了解linux
（使用12个月）
良好
了解Python
（使用2个月）
良好
打电话
打招呼
存至本地
收藏
转给同事
打印
举报
不合适
────────────────────────────────────────────────────────────
19:30:04   → [AI 原始回答] 
────────────────────────────────────────────────────────────
```json
{
  "is_target": false,
  "reason": "不符合学校要求：第一学历非985/211院校（湖南工程学院），且年龄超出要求范围（33岁，要求22-30岁）。"
}
```
────────────────────────────────────────────────────────────
19:30:04   → AI 未通过: 不符合学校要求：第一学历非985/211院校（湖南工程学院），且年龄超出要求范围（33岁，要求22-30岁）。
19:30:05   → 等待 3 秒...
19:30:08 [总第 10 张] 处理: 郭先生
19:30:09   → [AI Prompt]
────────────────────────────────────────────────────────────
请根据以下简历信息判断是否适合[学校要求：第一学历为985211院校，但排除非强势计算机理工背景的985211学校、或政策照顾性985/211学校。年限要求：年龄22-30岁，排除27年及之后的应届生。专业要求：专业不限，非理工科专业可以放行。地点要求：期望地点为重庆。备注：如果没有本科学校信息，只有硕士学校信息，且硕士学校符合要求，返回为true;如果缺失期望地点，也返回为true。]职位。
输出 JSON 格式：{"is_target": true/false, "reason": "原因说明"}

简历信息：
姓名：郭先生
    1小时前浏览过职位
年龄：21岁
教育背景：教育经历
       兰州理工大学   2022.09 - 2026.06 软件工程 本科 统招
工作经历：凌志软件股份有限公司 A股上市   开发实习生 （Java）   2025.09 - 2025.12 (3个月) JavaSpringMybatisOracleMySQL  参与公司ETF金融街管理平台的后端开发,负责“看市场“模块,并进行UML类图和数据库表设计
    参与公司华福证券业务的后端接口开发,负责数据迁移以及“二融报表”模块开发
    参与公司业务需求分析，对已有业务进行测试，bug修改，增加完善业务需求
     根据公司开发手册进行开发,提高了代码的规范性以及可读性,便于维护
     使用公司Lcoder 研发平台部署项目,实现了项目的自动化创建、持续集成和持续部署。
技能标签：JavaSpringMybatisOracleMySQL

简历全文（摘要）：
郭先生
1小时前浏览过职位
要附件简历
21岁 (2005年1月)
工作无经验
本科
在校-正在找工作
现居苏州 昆山市
户口安徽 阜阳
团员
最近关注
[重庆]
需求分析工程师
展开
工作经历
凌志软件股份有限公司
A股上市
开发实习生
（Java）
2025.09 - 2025.12 (3个月)
Java
Spring
Mybatis
Oracle
MySQL
参与公司ETF金融街管理平台的后端开发,负责“看市场“模块,并进行UML类图和数据库表设计
    参与公司华福证券业务的后端接口开发,负责数据迁移以及“二融报表”模块开发
    参与公司业务需求分析，对已有业务进行测试，bug修改，增加完善业务需求
     根据公司开发手册进行开发,提高了代码的规范性以及可读性,便于维护
     使用公司Lcoder 研发平台部署项目,实现了项目的自动化创建、持续集成和持续部署。
项目经历
生活优选
2025.07 - 2025.08 (1个月)
本项目是一款用户点评和商户信息为主的生活服务平台,实现了商户点评、优惠券秒杀、好友关注和粉丝关注博主后,主动推送博主的相关评价等多个模块;用户可以浏览首页的推荐内容,搜索附近商家,查看商家的详情和评价
以及发表探店评价。
使用技术:SpringBoot、Mysql、Lombok、MyBatis-Plus、Hutool、Redis、Jwt、Redisson、RabbitMQ
项目实现
➢ 使用Redis+Token技术进行登录认证,并使用ThreadLocal配合拦截器进行token校验,使用续约 token 避免用户登陆状态频繁过期;
➢ 基于Redis做缓存,降低数据库压力,采用Cache Aside缓存更新策略、通过主动更新+超时剔除保证数据的… 
展开
智能教务管理系统
2025.06 - 至今 (9个月)
智能教务管理系统是基于 Spring Boot +Vue+Mybatis开发的企业级管理平台,采用前后端分离架构,实现企业员工以及学员信息全生命周期管理,涵盖员工,学员基本信息维护、工作经历管理、部门管理及数据统计分析等功能,为企业人力资源管理提供数字化解决方案。
•  基于基本的CRUD完成系统所需的各个模块的功能,利用SpringAOP获取当前登录信息以及记录操作日志
•  开发数据统计功能,基于 MyBatis 实现多维度数据聚合查询,结合 Stream API 处理结果集,快速生成可视化数据
•  针对表内高频字段创建索引优化,将系统查询速度整体提高60%
•  实现基于 JWT 的安全认证机制,结合 TokenInterceptor 拦截器对请求进行身份校验,保障接口访问安全
•  为解决前后端分离模式下,浏览器跨域和 Cookie 不携带的问题,使用 Nginx 反向代理请求,同时… 
展开
智慧农业数据管理中心
2024.07 - 2024.08 (1个月)
智慧农业数据管理中心是一个基于IO、TCP网络编程、JDBC、SVN等开发的数据管理中心,主要用于采集各类环境数据,并通过网络传输至服务器,最终将数据持久化存储到数据库中,为环境监测与分析提供数据支持。系统需保证数据采集的完整性、传输的可靠性及存储的准确性.
模块化设计:
采用接口与实现分离的设计模式,各模块职责清晰,可独立扩展与维护,降低了模块间的耦合度采集适配模块:
负责传感器数据接入与格式标准化,通过协议转换接口兼容不同厂商设备,同步记录采集时间与设备标识,确保数据溯源性
传输控制模块:
基于 TCP 协议构建加密传输通道,实现数据传输,内置网络状态监测与自动重连逻辑,保障传… 
展开
教育经历
兰州理工大学
2022.09 - 2026.06
软件工程
本科
统招
个人优势
在2024 参加淮北矿业集团举办的暑期社会实践,具有积极开朗的性格
➢ 对新事物能够积极探索并快速适应,具有使用AI 辅助编程的能力,能够有效的提高开发效率。
➢ 热爱编程:阅读过阿里巴巴Java开发手册,可以进行较规范化的开发
➢ 两年Java 后端开发经验,开发过多个 Java 项目,具有团队协作开发经验
➢ 性格踏实认真,乐于沟通协作,期待在工作中积累工程经验,成长为合格的工作者
语言能力
英语
读写能力
熟练
听说能力
熟练
所获证书
校级三等奖学金
专业技能
具备扎实的Java核心知识，包括集合、多线程、网络编程以及常见设计模式（单例模式,工厂模式 等)
（使用20个月）
熟练
熟悉Spring、 Spring Boot, SpringMVC. MyBatis等开发框架，理解1
（使用12个月）
熟练
·熟练他用Maven构建 Java 后端项目，熟悉IDEA开发环境熟练掌握Git基本操作(包括clo
（使用12个月）
熟练
熟悉MySQL,掌握常用SQL语句；了解锁，事务，索引等方面的知识
（使用12个月）
熟练
熟悉的Linux系绕及常用操作命令，具备安装软件。部署项目的能力
（使用2个月）
良好
了解C/C++，Python,了解Vue3和ElementUI与HTML，CSS，JS
（使用3个月）
良好
了解SpringClou d及SpringCloudAlibaba微服务技术栈
（使用2个月）
一般
熟悉Redis 缓存，熟练运用常用数据类型，熟悉缓存穿透、缓存雪崩，缓存击穿，缓存一致性
（使用1个月）
熟练
学生干部经历
团委干事
2023.02 - 2024.02
打电话
打招呼
存至本地
收藏
转给同事
打印
举报
不合适
────────────────────────────────────────────────────────────
19:30:14   → [AI 原始回答] 
────────────────────────────────────────────────────────────
```json
{
  "is_target": false,
  "reason": "该候选人不符合年龄要求（21岁，低于22-30岁的范围）和第一学历要求（兰州理工大学非985/211院校）。"
}
```
────────────────────────────────────────────────────────────
19:30:14   → AI 未通过: 该候选人不符合年龄要求（21岁，低于22-30岁的范围）和第一学历要求（兰州理工大学非985/211院校）。
19:30:15   → 等待 3 秒...
19:30:18 [总第 11 张] 处理: 冯先生
19:30:19   → [关键词排除] 命中关键词: 「产品经理」（简历全文）
19:30:20 [总第 12 张] 处理: 吴先生
19:30:20   → [风控] 随机跳过
19:30:20 [总第 13 张] 处理: 张先生
19:30:20   → [风控] 随机跳过
19:30:20 [总第 14 张] 处理: 孙先生
19:30:21   → [关键词排除] 命中关键词: 「产品经理」（简历全文）
19:30:22 [总第 15 张] 处理: 郭女士
19:30:24   → [AI Prompt]
────────────────────────────────────────────────────────────
请根据以下简历信息判断是否适合[学校要求：第一学历为985211院校，但排除非强势计算机理工背景的985211学校、或政策照顾性985/211学校。年限要求：年龄22-30岁，排除27年及之后的应届生。专业要求：专业不限，非理工科专业可以放行。地点要求：期望地点为重庆。备注：如果没有本科学校信息，只有硕士学校信息，且硕士学校符合要求，返回为true;如果缺失期望地点，也返回为true。]职位。
输出 JSON 格式：{"is_target": true/false, "reason": "原因说明"}

简历信息：
姓名：郭女士
    1小时前浏览过职位
年龄：23岁
教育背景：教育经历
       南开大学滨海学院   2020.09 - 2024.07 计算机科学与技术 本科 统招
工作经历：青岛智运轨道科技有限公司   解决方案工程师  5千/月  2024.03 - 至今 (2年) 人工智能智慧产品智慧交通数字化产品云计算产品  1.参与制定青岛地铁“轨道交通+人工智能示范工程”的Ai平台一系列方案
2.设计青岛地铁“轨道交通+人工智能示范工程”Agent的产品设计与需求分析
3.负责青岛地铁“轨道交通+人工智能示范工程”的POC验证性实验项目
4.参与“轨道交通+人工智能示范工程”用户需求书的编写
5.参与青岛地铁智能运维的需求调研与场景预料的梳理，并设计线网级运维一体化的平台与原型
期望薪资：5千/月
技能标签：人工智能智慧产品智慧交通数字化产品云计算产品

简历全文（摘要）：
郭女士
1小时前浏览过职位
要附件简历
23岁 (2002年10月)
工作2年
本科
在职-正在找工作
现居青岛 崂山区
最近关注
[重庆]
需求分析工程师
展开
工作经历
青岛智运轨道科技有限公司
解决方案工程师
5千/月
2024.03 - 至今 (2年)
人工智能
智慧产品
智慧交通
数字化产品
云计算产品
1.参与制定青岛地铁“轨道交通+人工智能示范工程”的Ai平台一系列方案
2.设计青岛地铁“轨道交通+人工智能示范工程”Agent的产品设计与需求分析
3.负责青岛地铁“轨道交通+人工智能示范工程”的POC验证性实验项目
4.参与“轨道交通+人工智能示范工程”用户需求书的编写
5.参与青岛地铁智能运维的需求调研与场景预料的梳理，并设计线网级运维一体化的平台与原型
项目经历
青岛地铁“轨道交通+人工智能示范工程”POC实验
2024.06 - 2024.08 (2个月)
项目背景：
通过私有化搭建异构集群,测试算力卡、AI平台和大模型的功能性能和兼容性,为青岛地铁示范工程项目设计提供决策依据
责任描述:
负责监督测试硬件(GPU训推服务器)、人工智能平台、大模型,统筹规划厂家包括:华为、中兴、新华三、中科曙光、百度、极视角、山东大学等进行数据标注写出测试验证集
负责入场沟通协调并安排测试时间与测试用例,编写测试进度与收集结果。
教育经历
南开大学滨海学院
2020.09 - 2024.07
计算机科学与技术
本科
统招
个人优势
拥有工程领域人工智能与智慧化项目全流程从业经验,深耕售前到售中全链路操作,精通AI产品规划、技术方案设计、项目招投标及课题申报工作。具备优秀的业务痛点挖掘能力与AI技术落地思考能力,能精准结合行业需求设计适配的产品与解决方案,熟练统筹跨方协作与项目测试工作,保障项目高效推进。拥有丰富的行业成果输出经验,具备较强的逻辑思维、执行力与问题解决能力,可快速适配各类工程领域AI智慧化项目需求,为项目落地与价值实现提供核心支撑
打电话
打招呼
存至本地
收藏
转给同事
打印
举报
不合适
────────────────────────────────────────────────────────────
19:30:34   → [AI 原始回答] 
────────────────────────────────────────────────────────────
```
────────────────────────────────────────────────────────────
19:30:34   → AI 调用失败: 格式异常（无法解析为 JSON）
  → [AI 原始回答（失败）]
────────────────────────────────────────────────────────────
```
────────────────────────────────────────────────────────────
19:30:34   → 等待 4 秒...
19:30:38 [总第 16 张] 处理: 王女士
19:30:40   → [AI Prompt]
────────────────────────────────────────────────────────────
请根据以下简历信息判断是否适合[学校要求：第一学历为985211院校，但排除非强势计算机理工背景的985211学校、或政策照顾性985/211学校。年限要求：年龄22-30岁，排除27年及之后的应届生。专业要求：专业不限，非理工科专业可以放行。地点要求：期望地点为重庆。备注：如果没有本科学校信息，只有硕士学校信息，且硕士学校符合要求，返回为true;如果缺失期望地点，也返回为true。]职位。
输出 JSON 格式：{"is_target": true/false, "reason": "原因说明"}

简历信息：
姓名：王女士
    1小时前有回复
年龄：26岁
教育背景：教育经历
       重庆科技大学   2018.09 - 2022.06 数学与应用数学 本科 统招
工作经历：重庆市中冉数字科技有限公司 国有企业   数据治理工程师 （数据架构师）   2025.04 - 至今 (11个月) 数据治理ETLSql  项目名称：**市发改委宏观经济运行监测项目（2025.04-至今）
需求部门：**市发改委
项目描述：该项目是为市发改委构建的经济运行监测平台提供底层数据支撑的核心专项。旨在整合发改委内部及统计局、税务局、市场监管局等40余个外部部门的政务数据，解决数据孤岛、标准不一、质量参差等问题，为宏观经济预警、预测与决策提供可信、及时、全面的数据服务。
宏观经济业务梳理调研：为保障宏观经济运行监测平台的数据治理工作的精准性与实效性，采用多维度、系统化的调研，全面摸清40多个市直属部门、丰都试点区县、6个外部单位的经济相关数据资源，确保调研成果的完整性、准确性与可用性。
宏观经济数据归集治理：完成全市42+部门数据资源盘点，识别核心数据资产，完成数据信息全面采集与登记，建立数据资源清单，组织各业务部门全面盘点并填报其所掌握的经济运行数据，形… 展开 重庆市中冉数字科技有限公司 国有企业   大数据开发工程师    2023.04 - 2025.03 (1年 11个月) Sql数据库开发ETL  项目名称：中国电信重庆分公司研发活动数字化转型项目（2024.03-2025.04）
需求部门：云网发展部
项目成效：荣获2024 年全国电信黑客马拉松比赛三等奖、 并在电信集团、江苏等地进行成效推广。
项目描述：基于研发云平台，创建了研发效能平台、研发云移动端，对重庆电信研发单位进行研发活动稽核评估，包括研发活动数据指标体系，虚假研发、项目活跃评估等能力。
需求管理与数据需求对接
与网发部和后端研发部门进行深入沟通了解，完成输出业务流程图、状态机图及数据流向图，明确12个关键控制点的数据埋点规范。了解研发活动的核心流程，制定研发活动标准，设计研发活动的全生命周期关键节点，包括项目立项评估、MSS立项关联、研发云活动、项目列账清单等。
指标体系建立及业务流… 展开 重庆市中冉数字科技有限公司 国有企业   大数据开发工程师    2022.07 - 2023.03 (8个月) PythonPostgreSQLMySQLHadoophiveSpark  项目名称：中国电信重庆分公司智慧审计数据集市平台研发项目（2022.07-2024.03）
需求部门：审计部
项目描述：基于集团审计部要求及本地业务发展需求，构建收入、成本、利润的业财风险评估体系，提升风险识别能力、支持业务决策。
大数据平台建模与数据开发：基于SQL、Python等语言开发数据清洗和转换逻辑，负责从多源数据中提取审计相关数据，进行数据清洗、转换和加载，确保数据质量和一致性。基于审计部业务需求，高效完成Hadoop大数据平台的数据建模工作，设计并实现高效、可扩展的数据模型，支持多业务场景的数据分析需求。
期望薪资：1万-1.1万/月
技能标签：数据治理ETLSql

简历全文（摘要）：
王女士
1小时前有回复
要附件简历
26岁 (2000年1月)
工作4年
本科
离职-正在找工作
现居重庆 渝北区（住址距工作地3.8km）
户口重庆
求职期望
[重庆-渝北区]
需求分析工程师
1万-1.1万/月 
云计算/大数据
展开
工作经历
重庆市中冉数字科技有限公司
国有企业
数据治理工程师
（数据架构师）
2025.04 - 至今 (11个月)
数据治理
ETL
Sql
项目名称：**市发改委宏观经济运行监测项目（2025.04-至今）
需求部门：**市发改委
项目描述：该项目是为市发改委构建的经济运行监测平台提供底层数据支撑的核心专项。旨在整合发改委内部及统计局、税务局、市场监管局等40余个外部部门的政务数据，解决数据孤岛、标准不一、质量参差等问题，为宏观经济预警、预测与决策提供可信、及时、全面的数据服务。
宏观经济业务梳理调研：为保障宏观经济运行监测平台的数据治理工作的精准性与实效性，采用多维度、系统化的调研，全面摸清40多个市直属部门、丰都试点区县、6个外部单位的经济相关数据资源，确保调研成果的完整性、准确性与可用性。
宏观经济数据归集治理：完成全市42+部门数据资源盘点，识别核心数据资产，完成数据信息全面采集与登记，建立数据资源清单，组织各业务部门全面盘点并填报其所掌握的经济运行数据，形… 
展开
重庆市中冉数字科技有限公司
国有企业
大数据开发工程师
2023.04 - 2025.03 (1年 11个月)
Sql
数据库开发
ETL
项目名称：中国电信重庆分公司研发活动数字化转型项目（2024.03-2025.04）
需求部门：云网发展部
项目成效：荣获2024 年全国电信黑客马拉松比赛三等奖、 并在电信集团、江苏等地进行成效推广。
项目描述：基于研发云平台，创建了研发效能平台、研发云移动端，对重庆电信研发单位进行研发活动稽核评估，包括研发活动数据指标体系，虚假研发、项目活跃评估等能力。
需求管理与数据需求对接
与网发部和后端研发部门进行深入沟通了解，完成输出业务流程图、状态机图及数据流向图，明确12个关键控制点的数据埋点规范。了解研发活动的核心流程，制定研发活动标准，设计研发活动的全生命周期关键节点，包括项目立项评估、MSS立项关联、研发云活动、项目列账清单等。
指标体系建立及业务流… 
展开
重庆市中冉数字科技有限公司
国有企业
大数据开发工程师
2022.07 - 2023.03 (8个月)
Python
PostgreSQL
MySQL
Hadoop
hive
Spark
项目名称：中国电信重庆分公司智慧审计数据集市平台研发项目（2022.07-2024.03）
需求部门：审计部
项目描述：基于集团审计部要求及本地业务发展需求，构建收入、成本、利润的业财风险评估体系，提升风险识别能力、支持业务决策。
大数据平台建模与数据开发：基于SQL、Python等语言开发数据清洗和转换逻辑，负责从多源数据中提取审计相关数据，进行数据清洗、转换和加载，确保数据质量和一致性。基于审计部业务需求，高效完成Hadoop大数据平台的数据建模工作，设计并实现高效、可扩展的数据模型，支持多业务场景的数据分析需求。
教育经历
重庆科技大学
2018.09 - 2022.06
数学与应用数学
本科
统招
个人优势
拥有数据治理与架构能力、数据分析与建模能力、跨部门协作与项目交付能力。
1.数据治理与架构能力：擅长解决多源异构数据整合难题，具备从0到1构建数据资产目录与质量管理体系的完整经验。曾主导整合40+个政务部门数据，为上层分析奠定可信数据基础。
2.数据分析与建模能力：精通从业务需求到指标设计、模型开发（如预警模型）及可视化呈现的全流程，能通过数据驱动业务优化。曾独立设计10个评估模型，实现研发活动的自动化稽核与预警。
3.跨部门协作与项目交付能力：拥有与政府、大型企业客户多部门高效协作的经验，具备优秀的业务沟通、方案落地及价值呈现能力，能独立负责复杂数据项目的全流程交付。
4.工具应用能力: 熟练掌握Hadoop生态系统，包括HDFS、MapReduce、Hive等组件，熟练使用Python数据分析工具，熟悉SQL、Tableau提升分析效率和报告质量。
打电话
打招呼
存至本地
收藏
转给同事
打印
举报
不合适
────────────────────────────────────────────────────────────
19:30:47   → [AI 原始回答] 
────────────────────────────────────────────────────────────
```json
{
  "is_target": false,
  "reason": "第一学历（本科）重庆科技大学不属于985/211院校，不符合学校要求。"
}
```
────────────────────────────────────────────────────────────
19:30:47   → AI 未通过: 第一学历（本科）重庆科技大学不属于985/211院校，不符合学校要求。
19:30:48   → 等待 4 秒...
19:30:52 [总第 17 张] 处理: 张女士
19:30:53   → [关键词排除] 命中关键词: 「游戏」（简历全文）
19:30:54 [总第 18 张] 处理: 廖女士
19:30:55   → [关键词排除] 命中关键词: 「产品经理」（简历全文）
19:30:56 [总第 19 张] 处理: 王先生
19:30:57   → [AI Prompt]
────────────────────────────────────────────────────────────
请根据以下简历信息判断是否适合[学校要求：第一学历为985211院校，但排除非强势计算机理工背景的985211学校、或政策照顾性985/211学校。年限要求：年龄22-30岁，排除27年及之后的应届生。专业要求：专业不限，非理工科专业可以放行。地点要求：期望地点为重庆。备注：如果没有本科学校信息，只有硕士学校信息，且硕士学校符合要求，返回为true;如果缺失期望地点，也返回为true。]职位。
输出 JSON 格式：{"is_target": true/false, "reason": "原因说明"}

简历信息：
姓名：王先生
    半小时前有回复
年龄：29岁
教育背景：教育经历
       长江大学   2015.09 - 2019.07 计算机科学与技术 本科 统招
工作经历：思创数码科技股份有限公司 国家企业技术中心   运维总监    2022.04 - 至今 (3年 11个月) 需求调研上线测试需求开发  重庆市投资项目在线服务监管平台:1.负责投资平台日常运维,包含用户答疑、系统实施部署、数据处理等;2.对接客户需求并整理需求文档,进行原型绘制、角色设计,及需求开发完成后的上线测试等,同时和客户保持长期联络的关系;能耗双控系统:23年9月-24年6月1.开展需求调研、需求整理和原型绘制等相关工作,将需求提交开发,完成后续对接和测试;2.按客户要求对各级用户进行系统培训和指导,对用户提出的问题进行答疑或处理;新疆/晋城重点项目管理平台:24年10月-26年1月1.协调研发组长进行工作量估算,按公司要求完成立项管理的相关工作;2.完成需求调研到项目交付的全流程,包含系统演示或培训,需求整理、测试验证和实施交付等;3.日常运维,包含用户答疑、系统实施部署、数据处理和测试验证等; 广州亚信技术有限公司   交付运维工程师  1万/月  2019.07 - 至今 (6年 8个月) 系统运维TomcatFTPTCP/IP协议LinuxRedHatOracle软件运维  1.保障大数据接口数据接入正常完成，保障所需数据、指标、报表等正常生产，负责解决日常生产运维中的程序故障；2.保障经分数据准确、及时上传集团，对于故障接口，能规范、快速的处理，在时间范围内，保障客户数据的上传；3.保障标签数据、DSG短彩信等各数据进程的正常生产； 保密   实施运维工程师 （实施工程师） 1万/月  2018.10 - 2022.02 (3年 4个月) 软件技术支持ERP系统OA系统IT/互联网  产品部署实施测试和运维 广州亚信技术有限公司   实施交付工程师 （技术支持工程师） 1万/月  2018.07 - 至今 (7年 8个月) 现场技术支持软件技术支持IT/互联网云计算/大数据集成服务售后技术支持PLM系统  1.负责解决用户在平台使用过程中遇到的问题；2.负责收集平台使用过程中的bug及用户反馈，并提交给研发进行优化处理；3.整理客户需求文档，跟研发沟通需求的可行性，根据实际情况制定交付计划；4.针对研发提交的bug修复或新的优化需求代码，进行本地测试，测试通过后并实施上线；5.维护系统稳定性，负责前台、任务调度等进程的正常运行；
期望薪资：1万-1.5万/月
技能标签：需求调研上线测试需求开发

简历全文（摘要）：
王先生
半小时前有回复
要附件简历
29岁 (1996年5月)
工作8年
本科
在职-正在找工作
现居重庆 渝中区
求职期望
[重庆]
需求分析工程师
1万-1.5万/月 
互联网、 云计算/大数据、 计算机软件
展开
工作经历
思创数码科技股份有限公司
国家企业技术中心
运维总监
2022.04 - 至今 (3年 11个月)
需求调研
上线测试
需求开发
重庆市投资项目在线服务监管平台:1.负责投资平台日常运维,包含用户答疑、系统实施部署、数据处理等;2.对接客户需求并整理需求文档,进行原型绘制、角色设计,及需求开发完成后的上线测试等,同时和客户保持长期联络的关系;能耗双控系统:23年9月-24年6月1.开展需求调研、需求整理和原型绘制等相关工作,将需求提交开发,完成后续对接和测试;2.按客户要求对各级用户进行系统培训和指导,对用户提出的问题进行答疑或处理;新疆/晋城重点项目管理平台:24年10月-26年1月1.协调研发组长进行工作量估算,按公司要求完成立项管理的相关工作;2.完成需求调研到项目交付的全流程,包含系统演示或培训,需求整理、测试验证和实施交付等;3.日常运维,包含用户答疑、系统实施部署、数据处理和测试验证等;
广州亚信技术有限公司
交付运维工程师
1万/月
2019.07 - 至今 (6年 8个月)
系统运维
Tomcat
FTP
TCP/IP协议
Linux
RedHat
Oracle
软件运维
1.保障大数据接口数据接入正常完成，保障所需数据、指标、报表等正常生产，负责解决日常生产运维中的程序故障；2.保障经分数据准确、及时上传集团，对于故障接口，能规范、快速的处理，在时间范围内，保障客户数据的上传；3.保障标签数据、DSG短彩信等各数据进程的正常生产；
保密
实施运维工程师
（实施工程师）
1万/月
2018.10 - 2022.02 (3年 4个月)
软件技术支持
ERP系统
OA系统
IT/互联网
产品部署实施测试和运维
广州亚信技术有限公司
实施交付工程师
（技术支持工程师）
1万/月
2018.07 - 至今 (7年 8个月)
现场技术支持
软件技术支持
IT/互联网
云计算/大数据
集成服务
售后技术支持
PLM系统
1.负责解决用户在平台使用过程中遇到的问题；2.负责收集平台使用过程中的bug及用户反馈，并提交给研发进行优化处理；3.整理客户需求文档，跟研发沟通需求的可行性，根据实际情况制定交付计划；4.针对研发提交的bug修复或新的优化需求代码，进行本地测试，测试通过后并实施上线；5.维护系统稳定性，负责前台、任务调度等进程的正常运行；
教育经历
长江大学
2015.09 - 2019.07
计算机科学与技术
本科
统招
个人优势
从运维到实施，三年的工作经验，让我学到了不少有用的技能：
1.熟练了大部分常用的linxu基础命令；
2.了解了redis、zookeeper、nginx等常组件；
3.了解了hadoop，yarn，hdfs等大数据的底层应用；
4.熟悉hive，oracle，mysql等主流数据库，并具备一定的数据开发能力；
5.熟悉数据etl开发，datax数据交换；
6.有良好的沟通能力、学习能力和团队协作能力；
打电话
打招呼
存至本地
收藏
转给同事
打印
举报
不合适
────────────────────────────────────────────────────────────
19:31:06   → [AI 原始回答] 
────────────────────────────────────────────────────────────
```json
{
  "is_target": false,
  "reason": "第一学历长江大学非985/211院校，不符合学校要求。"
}
```
────────────────────────────────────────────────────────────
19:31:06   → AI 未通过: 第一学历长江大学非985/211院校，不符合学校要求。
19:31:07   → 等待 4 秒...
19:31:11 [总第 20 张] 处理: 杨先生
19:31:12   → [关键词排除] 命中关键词: 「产品经理」（简历全文）
19:31:13 ── 第 1 批处理完，滚动加载更多候选人...
19:31:15 ── 第 2 批，共 9 张新卡片 ──
19:31:15 [总第 21 张] 处理: 冯女士
19:31:16   → [AI Prompt]
────────────────────────────────────────────────────────────
请根据以下简历信息判断是否适合[学校要求：第一学历为985211院校，但排除非强势计算机理工背景的985211学校、或政策照顾性985/211学校。年限要求：年龄22-30岁，排除27年及之后的应届生。专业要求：专业不限，非理工科专业可以放行。地点要求：期望地点为重庆。备注：如果没有本科学校信息，只有硕士学校信息，且硕士学校符合要求，返回为true;如果缺失期望地点，也返回为true。]职位。
输出 JSON 格式：{"is_target": true/false, "reason": "原因说明"}

简历信息：
姓名：冯女士
    1小时前浏览过职位
年龄：24岁
教育背景：教育经历
       沈阳工业大学   2023.09 - 2026.06 新一代电子信息技术 硕士 统招沈阳理工大学   2019.09 - 2023.06 新一代电子信息技术 本科 统招
工作经历：中国科学院沈阳自动化研究所 省级工程技术研究中心   嵌入式软件开发工程师/硬件工程师    2024.06 - 至今 (1年 9个月) 嵌入式软件开发  2024-06 ~ 至今 中国科学院沈阳自动化研究所 嵌入式软件开发工程师

· 工作部门：机器人学国家重点实验室

· 工作内容：参与国家重点研发项目多模态运动信息高效与意图精准识别技术，负责多模态信息融合和人体神经解码技术，
负责多模态传感信息融合控制机械臂以及机械手实现多种场景交互
期望薪资：6千-1.2万/月
技能标签：嵌入式软件开发

简历全文（摘要）：
冯女士
1小时前浏览过职位
要附件简历
24岁 (2001年4月)
工作无经验
硕士
在校-正在找工作
现居沈阳 浑南区
户口四川 内江
团员
求职期望
[重庆]
嵌入式软件开发
6千-1.2万/月
展开
工作经历
中国科学院沈阳自动化研究所
省级工程技术研究中心
嵌入式软件开发工程师/硬件工程师
2024.06 - 至今 (1年 9个月)
嵌入式软件开发
2024-06 ~ 至今 中国科学院沈阳自动化研究所 嵌入式软件开发工程师

· 工作部门：机器人学国家重点实验室

· 工作内容：参与国家重点研发项目多模态运动信息高效与意图精准识别技术，负责多模态信息融合和人体神经解码技术，
负责多模态传感信息融合控制机械臂以及机械手实现多种场景交互
项目经历
基于多模态传感信息融合的人体意图精准识别系统
2024.06 - 2025.07 (1年 1个月)
项目简介：设计多模态数据采集平台以及采集人体多种生理信号，利用神经解码技术，精准识别人体意图。
个人职责：1.利用ESP32采集代表人体手指压力传感信息以及代表柔性弯曲传感信息，通过ADC转换为数字信号并通过蓝牙
发送到PC端。2.利用肌电手环采集人体前臂表面肌电信号，通过蓝牙发送到PC端。3.将三种模态的原始数据通过预处理，数
据融合，克服单一模态数据不足的问题，通过机器学习算法以及深度学习算法实现18种手势的人体意图识别。离线准确率达
到100%，在线识别率达到97%
基于多模态传感信息融合的人体意图精准识别系统
2024.06 - 至今 (1年 9个月)
项目简介:设计多模态数据采集平台以及采集人体多种生理信号,利用神经解码技术,精准识别人体意图。
柔性手部可穿戴康复运动辅助系统
2024.03 - 2025.04 (1年 1个月)
项目简介:设计一款柔性手部可穿戴康复运动辅助系统,旨在帮助手部损伤的脑卒中患者进行康复训练和日常生活辅助。项目内容:1.基于TPU涂层织物制作一种辅助手指弯曲的柔性执行器 2.完成STM32为核心的气动控制系统硬件电路设计 ,以光耦隔离驱动MOS管作为微型气泵,高频电磁阀驱动 3.设计微信小程序与液晶触摸屏共同构成人机交互系统,分别通过蓝牙与USART与STM32通信。可供用户及时获取有关医疗资讯以及查看历史康复数据,提高患者使用体验。
多通道肌电采集手环的研发
2024.02 - 2025.02 (11个月)
项目简介：本项目旨在研发一款基于Nrf52840(ARM核)的多通道柔性表面肌电采集传感器
负责内容：
1.芯片选型：选择并绘制芯片的基本外围电路原理图、PCB并进行电源分割
2.肌电信号采集电路设计：设计肌电信号放大、抬升、滤波以及控制器充电，电压转换、充电指示等电路
3.PC端通信:将下位机采集到的信号通过蓝牙发送到PC端
展开全部
教育经历
沈阳工业大学
2023.09 - 2026.06
新一代电子信息技术
硕士
统招
沈阳理工大学
2019.09 - 2023.06
新一代电子信息技术
本科
统招
个人优势
具有出色的沟通技巧，曾家教辅导学生数学成绩显著提升，与家长积极互动，增强学生的学习热情。面对挑战坚持不懈，考研期间克服多重压力，展现强大意志力。乐观积极，擅长自我心理调适，保持良好的心态面对各种挑战。
语言能力
英语
读写能力
熟练
听说能力
熟练
全国大学英语四级考试(CET4)
所获证书
校三等奖学金
大学英语四级
专业技能
Python
熟练
C/C++
熟练
Linux
良好
MS Excel
熟练
AUTOCAD
良好
学生干部经历
班级其他
2023.10 - 2026.02
个人作品
成绩单（2张）
加载中...
加载中...
打电话
打招呼
存至本地
收藏
转给同事
打印
举报
不合适
────────────────────────────────────────────────────────────
19:31:26   → [AI 原始回答] 
────────────────────────────────────────────────────────────
```json
{
  "is_target": false,
  "reason": "简历显示本科学校为沈阳理工大学，硕士学校为沈阳工业大学。这两所学校均不属于985或211院校，不符合职位要求中第一学历为985/211院校的条件。"
}
```
────────────────────────────────────────────────────────────
19:31:26   → AI 未通过: 简历显示本科学校为沈阳理工大学，硕士学校为沈阳工业大学。这两所学校均不属于985或211院校，不符合职位要求中第一学历为985/211院校的条件。
19:31:27   → 等待 3 秒...
19:31:30 [总第 22 张] 处理: 鲁女士
19:31:32   → [关键词排除] 命中关键词: 「教师」（简历全文）
19:31:32 [总第 23 张] 处理: 张女士
19:31:34   → [关键词排除] 命中关键词: 「产品经理」（简历全文）
19:31:35 [总第 24 张] 处理: 余先生
19:31:36   → [关键词排除] 命中关键词: 「教培」（简历全文）
19:31:37 [总第 25 张] 处理: 王先生
19:31:38   → [AI Prompt]
────────────────────────────────────────────────────────────
请根据以下简历信息判断是否适合[学校要求：第一学历为985211院校，但排除非强势计算机理工背景的985211学校、或政策照顾性985/211学校。年限要求：年龄22-30岁，排除27年及之后的应届生。专业要求：专业不限，非理工科专业可以放行。地点要求：期望地点为重庆。备注：如果没有本科学校信息，只有硕士学校信息，且硕士学校符合要求，返回为true;如果缺失期望地点，也返回为true。]职位。
输出 JSON 格式：{"is_target": true/false, "reason": "原因说明"}

简历信息：
姓名：王先生
    1小时前浏览过职位
年龄：31岁
教育背景：教育经历
       东北大学网络教育学院   2019.07 - 2022.01 计算机科学与技术（应用技术） 本科 非统招重庆航天职业技术学院   2013.09 - 2016.08 电子信息工程 大专
工作经历：重庆千变科技有限公司   软件项目经理 （IT项目经理） 8千/月  2020.03 - 至今 (6年) 软件项目  1.统筹项目售前售后全流程管理，对接客户完成需求调研、项目可行性评估，撰写并落地定制化解决方案，跟进合同拟订与订单全链路；完成项目测试、服务器部署、交付上线及用户培训，搭建系统运维体系，保障项目高效落地与稳定运行，提升客户合作满意度。
2.主导公司 OA 系统核心优化项目，深度梳理内部办公流程，剔除冗余节点、重构核心审批链路，实现办公流程标准化、高效化，显著提升公司整体办公协同与事务处理效率。 重庆聚慧食品有限公司   信息技术专员  4500元/月  2018.03 - 2020.03 (2年) ERP系统OA系统PythonSQL ServerCRM系统HTML5CSS  1.负责用友 ERP、易订货等核心业务系统的全生命周期管理，牵头梳理各业务线流程痛点，提炼优化点并推动系统功能迭代落地，打通业务数据流转链路，有效提升公司采购、销售、订货等核心业务的运转效率与流程规范性。
2.主导搭建服务器运维管理体系，建立日 / 周 / 月三级日常巡检机制，定期分析系统资源消耗与潜在安全隐患，输出针对性优化方案并推动落地，大幅降低系统故障发生率，实现核心业务系统稳定运行，为公司业务开展提供坚实的技术支撑。
期望薪资：8千-1.2万/月
技能标签：软件项目

简历全文（摘要）：
王先生
1小时前浏览过职位
要附件简历
31岁 (1994年11月)
工作8年
本科
在职-正在找工作
现居重庆 九龙坡区（住址距工作地9.2km）
户口重庆
群众
求职期望
[重庆]
需求分析工程师
8千-1.2万/月 
人工智能、 互联网、 IT服务
展开
工作经历
重庆千变科技有限公司
软件项目经理
（IT项目经理）
8千/月
2020.03 - 至今 (6年)
软件项目
1.统筹项目售前售后全流程管理，对接客户完成需求调研、项目可行性评估，撰写并落地定制化解决方案，跟进合同拟订与订单全链路；完成项目测试、服务器部署、交付上线及用户培训，搭建系统运维体系，保障项目高效落地与稳定运行，提升客户合作满意度。
2.主导公司 OA 系统核心优化项目，深度梳理内部办公流程，剔除冗余节点、重构核心审批链路，实现办公流程标准化、高效化，显著提升公司整体办公协同与事务处理效率。
重庆聚慧食品有限公司
信息技术专员
4500元/月
2018.03 - 2020.03 (2年)
ERP系统
OA系统
Python
SQL Server
CRM系统
HTML5
CSS
1.负责用友 ERP、易订货等核心业务系统的全生命周期管理，牵头梳理各业务线流程痛点，提炼优化点并推动系统功能迭代落地，打通业务数据流转链路，有效提升公司采购、销售、订货等核心业务的运转效率与流程规范性。
2.主导搭建服务器运维管理体系，建立日 / 周 / 月三级日常巡检机制，定期分析系统资源消耗与潜在安全隐患，输出针对性优化方案并推动落地，大幅降低系统故障发生率，实现核心业务系统稳定运行，为公司业务开展提供坚实的技术支撑。
项目经历
重庆九龙坡区建委智慧工地监管系统
2024.03 - 2024.12 (9个月)
本项目由九龙坡区建委牵头，为解决传统工地监管信息分散、效率低问题搭建智慧监管系统，服务建委内部，覆盖辖区全部在建工地。作为项目经理，我统筹项目全流程，梳理需求、搭建功能模块、编制迭代操作手册，协调资源把控进度与质量。项目落地 8 大核心功能模块，成功对接辖区 53 个在建工地，实现建筑信息、实名制、危大工程等全维度数字化监管，大幅提升区域工地监管效率，形成标准化系统操作体系。
重庆高新区建设局建设管理一体化平台
2022.10 - 至今 (3年 5个月)
项目背景：为解决建设局质安科业务流程不规范、数据分散等痛点，搭建一体化管理平台，实现业务数字化管控。
核心职责：深度访谈科长、科员等多岗位人员，梳理业务流程、报表体系与权责边界，输出需求文档与解决方案；主导产品原型设计、研发对接与功能测试，推动个性化开发需求落地；规划上线方案，完成服务器部署、数据迁移与系统初始化；制定分层培训计划，完成基层用户操作培训，建立运维反馈机制，保障平台稳定运行。
项目成果：成功实现平台从 0 到 1 搭建，覆盖质安科全业务流程，提升审批效率 40%，数据统计耗时缩短 50%。
重庆科学城城市建设集团智慧建设管理平台
2022.03 - 2024.07 (2年 4个月)
项目背景：助力科学城城建集团实现工程项目全生命周期管理，打通项目进度、投资、施工等数据壁垒。
核心职责：对接集团高层与各部门骨干，挖掘核心需求，梳理出 5 大业务痛点，输出针对性解决方案；主导报表体系规划与制作，覆盖数据统计、打印单据等多类需求；统筹数据收集与清洗，制定质量标准，保障上线数据准确率 98% 以上；统筹项目上线全流程，协调研发、客户等多方资源，解决 10 + 项上线问题，保障平台顺利交付。
项目成果：平台上线后实现工程项目数字化管控，帮助管理层实时掌握项目动态，安全检查整改闭环率提升 35%。
重庆碧水源建设工程项目数字化管理平台
2021.12 - 2022.12 (1年)
项目背景：为解决碧水源工程项目管理中数据孤岛、流程不规范、进度管控难等痛点，搭建数字化管理平台，实现工程项目全生命周期数字化管控。
核心职责：对接企业相关负责人挖掘核心需求，梳理业务痛点并输出定制化解决方案；主导平台功能设计、研发对接与功能测试，统筹数据治理与上线全流程；协调多方资源解决上线问题，建立运维反馈机制保障平台稳定运行。
项目成果：实现碧水源工程项目全流程数字化管控，管理层可实时掌握项目动态，项目管理效率提升 30%，数据统计耗时缩短 40%。
展开全部
教育经历
东北大学网络教育学院
2019.07 - 2022.01
计算机科学与技术（应用技术）
本科
非统招
重庆航天职业技术学院
2013.09 - 2016.08
电子信息工程
大专
个人优势
忠实诚信，讲原则，言出必行，勇于承担责任；具备良好的自制力，做事坚持始终，注重过程与结果的完整性；勤于学习，面对问题不回避，乐于虚心请教并吸收他人经验；自信而不自满，注重团队协作，尊重并积极向优秀者和权威者学习；工作投入度高，始终保持饱满的热情与专注力；性格开朗，待人诚恳，平易近人，具备较强的适应能力与团队合作精神；积极进取，踏实肯干，对待工作认真负责，具备良好的职业素养与执行力。
所获证书
AIGC技能高级
专业技能
CSS
（使用6个月）
熟练
Python
（使用6个月）
一般
javascript
（使用6个月）
良好
SQL Server
（使用12个月）
良好
HTML5
（使用6个月）
熟练
jQuery
（使用3个月）
一般
打电话
打招呼
存至本地
收藏
转给同事
打印
举报
不合适
────────────────────────────────────────────────────────────
19:31:48   → [AI 原始回答] 
────────────────────────────────────────────────────────────
```json
{
  "is_target": false,
  "reason": "不符合年龄要求（31岁，要求22-30岁）；第一学历为东北大学网络教育学院（非统招），不符合985/211院校要求。"
}
```
────────────────────────────────────────────────────────────
19:31:48   → AI 未通过: 不符合年龄要求（31岁，要求22-30岁）；第一学历为东北大学网络教育学院（非统招），不符合985/211院校要求。
19:31:49   → 等待 3 秒...
19:31:52 [总第 26 张] 处理: 林先生
19:31:53   → [AI Prompt]
────────────────────────────────────────────────────────────
请根据以下简历信息判断是否适合[学校要求：第一学历为985211院校，但排除非强势计算机理工背景的985211学校、或政策照顾性985/211学校。年限要求：年龄22-30岁，排除27年及之后的应届生。专业要求：专业不限，非理工科专业可以放行。地点要求：期望地点为重庆。备注：如果没有本科学校信息，只有硕士学校信息，且硕士学校符合要求，返回为true;如果缺失期望地点，也返回为true。]职位。
输出 JSON 格式：{"is_target": true/false, "reason": "原因说明"}

简历信息：
姓名：林先生
    1小时前有回复
年龄：23岁
教育背景：教育经历
       华南师范大学 211院校  2024.09 - 2026.07 网络工程 本科 统招广东轻工职业技术大学   2021.09 - 2024.06 软件工程 大专 统招
工作经历：最近一份工作经历可能未更新 询问他  广东拓德信息技术有限公司   Java    2024.01 - 2024.08 (7个月) MybatisShiroMySQLRedisJava需求分析  负责开发和维护公司产品的后端服务,参与需求分析和系统设计,编写高质量的Java代码,并进行单元测试和代码审查,优化系统性能。与前端团队紧密配合完成过CRM系统、家政系统与多商户、单商户等系统整体功能开发,也有对接第三方商业导流平台API,接入LINE、LINE Pay支付等经验。
技能标签：MybatisShiroMySQLRedisJava需求分析

简历全文（摘要）：
林先生
1小时前有回复
要附件简历
23岁 (2002年10月)
工作无经验
本科
在校-正在找工作
现居佛山 南海区
户口广东 揭阳
中共党员（含预备党员）
最近关注
[重庆]
需求分析工程师
展开
工作经历
最近一份工作经历可能未更新
询问他
广东拓德信息技术有限公司
Java
2024.01 - 2024.08 (7个月)
Mybatis
Shiro
MySQL
Redis
Java
需求分析
负责开发和维护公司产品的后端服务,参与需求分析和系统设计,编写高质量的Java代码,并进行单元测试和代码审查,优化系统性能。与前端团队紧密配合完成过CRM系统、家政系统与多商户、单商户等系统整体功能开发,也有对接第三方商业导流平台API,接入LINE、LINE Pay支付等经验。
项目经历
基于RAG架构的AI内部知识库智能问答与学习笔记系统
2025.06 - 2025.08 (2个月)
毕业设计项目,基于Spring Boot+Vue 3+PostgreSQL+PgVector的RAG架构实现,从零到一独立完成,已上线(https://brainnote.cn)。
基于移动云云空间的智能办公机器人软件
2023.06 - 2023.08 (2个月)
基于移动云云空间的智能办公机器人软件作为队长负责项目设计,主要攻克自然语言处理模块的开发,最终完成项目的打包、上线以及运维。该软件为获评中国软件杯国二作品,目前完成软件著作权申请。绿色食品信息区块链溯源系统利用 Element-UI 开发网页版 B端, 利用 uniapp 开发小程序 C端, 使用 uChart.js、Echarts.js 进行数据可视化。完成智能合约开发,使用 Java 调用智能合约实现绿色食品信息溯源接口。基于RAG架构的知识库智能问答与学习笔记系统毕业设计项目,正在开发中,已完成大部分功能。
绿色食品信息区块链溯源系统
2022.02 - 2022.04 (2个月)
利用 Element-UI 开发网页版 B端, 利用 uniapp 开发小程序 C端, 使用 uChart.js、Echarts.js 进行数据可视化。完成智能合约开发,使用 Java 调用智能合约实现绿色食品信息溯源接口。
教育经历
华南师范大学
211院校
2024.09 - 2026.07
网络工程
本科
统招
广东轻工职业技术大学
2021.09 - 2024.06
软件工程
大专
统招
个人优势
擅长软件开发与部署运维，会对事情负责到底
语言能力
英语
读写能力
熟练
听说能力
良好
全国大学英语四级考试(CET4)
（510分）
全国大学英语六级考试(CET6)
（500分）
所获证书
国家奖学金
中国软件杯全国二等奖
华南师范大学优秀学生奖学金
专业技能
Java
熟练
Photoshop
良好
Python
良好
web前端
良好
学生干部经历
班级班长
2024.09 - 2026.08
个人作品
软件著作权（1张）
加载中...
软件著作权（1张）
加载中...
打电话
打招呼
存至本地
收藏
转给同事
打印
举报
不合适
────────────────────────────────────────────────────────────
19:32:04   → [AI 原始回答] 
────────────────────────────────────────────────────────────
```json
{
  "is_target": false,
  "reason": "第一学历不符合要求。候选人的第一学历为广东轻工职业技术大学的大专，而非985/211院校。虽然目前正在华南师范大学（211）攻读本科，但尚未毕业，不符合第一学历为985/211院校的要求。"
}
```
────────────────────────────────────────────────────────────
19:32:04   → AI 未通过: 第一学历不符合要求。候选人的第一学历为广东轻工职业技术大学的大专，而非985/211院校。虽然目前正在华南师范大学（211）攻读本科，但尚未毕业，不符合第一学历为985/211院校的要求。
19:32:05   → 等待 3 秒...
19:32:08 [总第 27 张] 处理: 黄先生
19:32:10   → [AI Prompt]
────────────────────────────────────────────────────────────
请根据以下简历信息判断是否适合[学校要求：第一学历为985211院校，但排除非强势计算机理工背景的985211学校、或政策照顾性985/211学校。年限要求：年龄22-30岁，排除27年及之后的应届生。专业要求：专业不限，非理工科专业可以放行。地点要求：期望地点为重庆。备注：如果没有本科学校信息，只有硕士学校信息，且硕士学校符合要求，返回为true;如果缺失期望地点，也返回为true。]职位。
输出 JSON 格式：{"is_target": true/false, "reason": "原因说明"}

简历信息：
姓名：黄先生
    1小时前有投递
年龄：23岁
教育背景：教育经历
       北京邮电大学世纪学院   2021.09 - 2025.06 软件工程 本科 统招
工作经历：最近一份工作经历可能未更新 询问他  北京裕兴软件有限公司 外商投资企业   软件测试工程师  1千/月  2024.07 - 2024.08 (1个月)   熟悉企业级软件测试流程,以小组形式完成企业级测试项目实战
搭建企业级测试环境和系统部署,并安装与部署应用系统,并最终能通过浏览器成功访问系统。
完成项目的需求分析,模块划分,并制定测试方案,设计测试用例,执行测试用例
使用企业级的bug管理工具禅道进行 bug 的修改和改进
掌握软件测试的常用方法和技术,为掌握软件技术和软件项目管理打下坚实的基础。
期望薪资：1千/月
技能标签：汉语 读写能力 
          精通 听说能力 
          精通

简历全文（摘要）：
黄先生
1小时前有投递
要附件简历
23岁 (2002年10月)
工作无经验
本科
离校-正在找工作
现居北京 海淀区
户口天津
群众
最近关注
[重庆]
需求分析工程师
展开
工作经历
最近一份工作经历可能未更新
询问他
北京裕兴软件有限公司
外商投资企业
软件测试工程师
1千/月
2024.07 - 2024.08 (1个月)
熟悉企业级软件测试流程,以小组形式完成企业级测试项目实战
搭建企业级测试环境和系统部署,并安装与部署应用系统,并最终能通过浏览器成功访问系统。
完成项目的需求分析,模块划分,并制定测试方案,设计测试用例,执行测试用例
使用企业级的bug管理工具禅道进行 bug 的修改和改进
掌握软件测试的常用方法和技术,为掌握软件技术和软件项目管理打下坚实的基础。
项目经历
基于STC89C52单片机的多功能闹钟系统的设计与实现
2024.07 - 2025.04 (9个月)
项目介绍:针对传统闹钟功能单一、老年群体操作门槛高、工业场景计时精度不足的行业痛点,打造集“高精度计时+多模态交互+环境安全监测+健康服务”于一体的智能终端。项目创新融合腾讯混元大模型与数字人技术,突破传统设备边界,既满足家庭养老场景的情感化陪伴与应急响应需求,也适配工业产线的高精度时序控制,填补了低成本单片机与智能体技术融合的市场空白。
核心职责:
完成系统软硬件全流程开发,硬件层面选型STC89C52单片机为核心,集成
DS1302时钟芯片、DS18B20温度传感器、MQ-2气体传感器等多类模块,设计复位电路、晶振电路等最小系统,通过I2C、SPI总线实现模块协同;软件层面基于Keil5开发环境,用C语言编写实时时钟、环境监测等核心程序,优化多任务调度逻辑,确保计时、监测、交互功能并行无冲突;创新融合腾讯混元大模型构建智能体,开发语音指令识别与自然语言交互功能,集成飞影数字人AI技术,实现语音、图文、虚… 
展开
基于STM32单片机的多场景物联控制系统
2024.05 - 2025.02 (9个月)
项目介绍:针对传统环境控制“智能化程度低、远程操控不便、场景适配单一”的痛点,团队自主研发集成智能灯光、大棚温控、火灾报警三大核心功能的物联系统。创新采用STM32+ESP8266架构,通过WiFi-MQTT协议实现设备互联互通与远程控制,结合LVGL可视化UI与传感器数据实时采集,适配家居、农业、安防多场景需求,为低成本智能物联解决方案提供了可复用的技术原型,具备极强的竞赛创新性与工程落地价值。
核心职责:
聚焦C语言核心编程与协议解析,基于STM32CubeIDE完成系统整体代码架构搭建;编写光照、温湿度、火焰传感器的数据采集与解析逻辑,通过ADC采样、I2C通信协议实现传感器数据精准读取;编写LED灯光、PWM风扇调速、蜂鸣器报警等执行器控制代码,实现阈值触发与远程指令响应;基于LVGL库完成可视化UI的界面逻辑编写,实现模式切换、数据显示与参数配置的交互流程。项目成果:实现三… 
展开
基于STM32单片机的智能机械臂
2023.07 - 2024.05 (10个月)
项目介绍:针对工业机械臂研发“硬件成本高、调试周期长、场景验证难”的行业痛点,团队自主研发基于STM32与FreeRTOS的嵌入式虚拟仿真系统,覆盖单关节控制、多关节协同、复杂动作规划全流程验证。创新采用WiFi-MQTT无线通信架构与3D场景可视化调试方案,无需实体硬件即可完成控制算法迭代与功能验证,大幅降低研发成本与试错风险,为中小制造企业机械臂控制原型开发提供轻量化解决方案,具备极强的工程落地与竞赛展示价值。
核心职责:
专注STM32硬件底层开发与驱动适配,基于STM32F407IGH6芯片完成核心硬件电路的功能实现;配置GPIO引脚、外部中断、UART串口等硬件资源,搭建DMA+空闲中断的数据接收机制,优化数据传输效率;开发LX-16A舵机底层驱动代码,实现角度控制、位置查询、使能/失能等核心功能,完成舵机通信协议适配与校验和计算;调试LED点亮、按键中断、printf函数重定向等硬件基础功能,确保底层硬件稳定… 
展开
教育经历
北京邮电大学世纪学院
2021.09 - 2025.06
软件工程
本科
统招
个人优势
沟通能力和团队合作精神:曾在许多项目中担任沟通协调角色,多次解决团队内部矛盾,提高项目效率
责任心和自我驱动力:在校内,按时完成比赛任务,主动担任比赛、论文组长,分配任务,得到老师认可
学习能力:短时间内学会新的软件工具,并运用到比赛中,提高项目获奖概率
语言能力
汉语
读写能力
精通
听说能力
精通
专业技能
MS Excel
精通
学生干部经历
院学生会干事
2021.12 - 2024.12
打电话
打招呼
存至本地
收藏
转给同事
打印
举报
不合适
────────────────────────────────────────────────────────────
19:32:18   → [AI 原始回答] 
────────────────────────────────────────────────────────────
```json
{
  "is_target": false,
  "reason": "第一学历不符合要求。候选人本科毕业于北京邮电大学世纪学院，该院校并非985或211院校。"
}
```
────────────────────────────────────────────────────────────
19:32:18   → AI 未通过: 第一学历不符合要求。候选人本科毕业于北京邮电大学世纪学院，该院校并非985或211院校。
19:32:19   → 等待 4 秒...
19:32:23 [总第 28 张] 处理: 杨先生
19:32:24   → [AI Prompt]
────────────────────────────────────────────────────────────
请根据以下简历信息判断是否适合[学校要求：第一学历为985211院校，但排除非强势计算机理工背景的985211学校、或政策照顾性985/211学校。年限要求：年龄22-30岁，排除27年及之后的应届生。专业要求：专业不限，非理工科专业可以放行。地点要求：期望地点为重庆。备注：如果没有本科学校信息，只有硕士学校信息，且硕士学校符合要求，返回为true;如果缺失期望地点，也返回为true。]职位。
输出 JSON 格式：{"is_target": true/false, "reason": "原因说明"}

简历信息：
姓名：杨洪品
    1小时前有回复
年龄：23岁
教育背景：教育经历
       贵州商学院   2021.09 - 2025.07 计算机科学与技术 本科 统招
工作经历：最近一份工作经历可能未更新 询问他  贵阳花溪九通计算机网络技术服务有限公司   网络运维  1500元/月  2025.02 - 2025.05 (3个月) Windows  在贵阳九通公司任运维助理期间，负责网络系统监控维护、故障处理及设备配置，参与数据备份恢复，熟悉Linux及Shell脚本技术，提升运维效率与问题解决能力。 贵州商学院华为ict学院   开发助理 （助教）   2024.11 - 2024.12 (1个月) 软件产品  贵州商学院华为 ICT 学院开发助理主要承担多方面辅助性工作。协助开发人员进行课程相关软件或教学资源的开发，收集整理开发需求与资料，为开发方案提供基础信息。参与代码编写部分基础模块，进行简单的代码调试与测试工作，及时反馈发现的问题。负责开发文档的整理与更新，确保文档的完整性与准确性。与学院内部团队及华为方保持密切沟通协作，跟进项目进度，协调资源，助力华为 ICT 学院的教学资源开发与技术创新项目顺利推进，提升学院的数字化教学水平。 两份工作间有9个月空档期 询问他  华通电脑（惠州）有限公司 外商投资企业   操作员 （普工/操作工）   2024.01 - 2024.02 (1个月) 电子厂工厂操作  华通电脑有限公司操作员主要负责电子产品生产流程中的操作任务。在生产线上，依据作业指导书精准操作专业设备，进行电路板的贴片、插件等组装工序，确保操作规范且高效。需对生产数据实时监控与记录，如物料使用量、产品生产数量及质量情况等，保障数据准确。对设备进行日常维护，包括清洁、简单调试，发现异常及时上报。同时，严格遵守公司的安全生产制度与质量管控标准，积极配合团队完成生产任务，保障产品按时、按质交付。
期望薪资：1500元/月
技能标签：Windows

简历全文（摘要）：
杨洪品
1小时前有回复
要附件简历
23岁 (2002年8月)
工作无经验
本科
离校-正在找工作
现居贵阳 白云区
户口贵州 安顺
团员
电话: 183****0944
查看详情
最近投递
[重庆]
数据分析师
展开
工作经历
最近一份工作经历可能未更新
询问他
贵阳花溪九通计算机网络技术服务有限公司
网络运维
1500元/月
2025.02 - 2025.05 (3个月)
Windows
在贵阳九通公司任运维助理期间，负责网络系统监控维护、故障处理及设备配置，参与数据备份恢复，熟悉Linux及Shell脚本技术，提升运维效率与问题解决能力。
贵州商学院华为ict学院
开发助理
（助教）
2024.11 - 2024.12 (1个月)
软件产品
贵州商学院华为 ICT 学院开发助理主要承担多方面辅助性工作。协助开发人员进行课程相关软件或教学资源的开发，收集整理开发需求与资料，为开发方案提供基础信息。参与代码编写部分基础模块，进行简单的代码调试与测试工作，及时反馈发现的问题。负责开发文档的整理与更新，确保文档的完整性与准确性。与学院内部团队及华为方保持密切沟通协作，跟进项目进度，协调资源，助力华为 ICT 学院的教学资源开发与技术创新项目顺利推进，提升学院的数字化教学水平。
两份工作间有9个月空档期
询问他
华通电脑（惠州）有限公司
外商投资企业
操作员
（普工/操作工）
2024.01 - 2024.02 (1个月)
电子厂
工厂操作
华通电脑有限公司操作员主要负责电子产品生产流程中的操作任务。在生产线上，依据作业指导书精准操作专业设备，进行电路板的贴片、插件等组装工序，确保操作规范且高效。需对生产数据实时监控与记录，如物料使用量、产品生产数量及质量情况等，保障数据准确。对设备进行日常维护，包括清洁、简单调试，发现异常及时上报。同时，严格遵守公司的安全生产制度与质量管控标准，积极配合团队完成生产任务，保障产品按时、按质交付。
项目经历
源小茶app开发
2024.06 - 2024.06 (不到1个月)
"源小茶"奶茶App是一款专注于提供便捷奶茶订购与个性化服务的一站式移动应用。用户可通过App浏览丰富饮品菜单、自定义糖度/配料，并享受会员积分、优惠券及附近门店自取/外卖配送服务。特色功能包括AI推荐饮品、线上排队预约、新品试喝互动及社群分享，结合LBS定位智能推送附近门店活动。支持在线支付与订单追踪，致力于提升用户体验，助力品牌数字化运营，打造年轻化的茶饮消费生态。
教育经历
贵州商学院
2021.09 - 2025.07
计算机科学与技术
本科
统招
个人优势
身为校入伍预征班、青马班、及入党积极分子学员，具备较高的思想政治觉悟和团队意识。在校期间有丰富的社团活动组织执行经验，锻炼了自己沟通协调、组织统筹能力。常年混迹各大新媒体平台，思路活跃富有创新性，善于发现问题，面对突发状况能迅速调整寻求解决。
语言能力
汉语
读写能力
精通
听说能力
精通
所获证书
国家励志奖学金
团体程序设计
国家励志奖学金
学院奖学金
单项奖学金
专业技能
Java
良好
学生干部经历
学生社团部长
2022.07 - 2023.07
不合适
打电话
可以聊聊
存至本地
收藏
转给同事
打印
举报
人才标签

添加标签，可在人才管理中快速定位人才

添加标签
────────────────────────────────────────────────────────────
19:32:32   → [AI 原始回答] 
────────────────────────────────────────────────────────────
```json
{
  "is_target": false,
  "reason": "第一学历贵州商学院不符合985/211院校要求。"
}
```
────────────────────────────────────────────────────────────
19:32:32   → AI 未通过: 第一学历贵州商学院不符合985/211院校要求。
19:32:33   → 等待 3 秒...
19:32:36 [总第 29 张] 处理: 尉先生
19:32:36   → [风控] 随机跳过
19:32:36 ── 第 2 批处理完，滚动加载更多候选人...
19:32:40 ── 第 3 批，共 1 张新卡片 ──
19:32:40 [总第 30 张] 处理: 李女士
19:32:42   → [AI Prompt]
────────────────────────────────────────────────────────────
请根据以下简历信息判断是否适合[学校要求：第一学历为985211院校，但排除非强势计算机理工背景的985211学校、或政策照顾性985/211学校。年限要求：年龄22-30岁，排除27年及之后的应届生。专业要求：专业不限，非理工科专业可以放行。地点要求：期望地点为重庆。备注：如果没有本科学校信息，只有硕士学校信息，且硕士学校符合要求，返回为true;如果缺失期望地点，也返回为true。]职位。
输出 JSON 格式：{"is_target": true/false, "reason": "原因说明"}

简历信息：
姓名：李女士
    1小时前有投递
年龄：23岁
教育背景：教育经历
       重庆机电职业技术大学   2024.09 - 2026.06 大数据工程技术 本科 统招
工作经历：教育经历
       重庆机电职业技术大学   2024.09 - 2026.06 大数据工程技术 本科 统招
期望薪资：4千-6千/月

简历全文（摘要）：
李女士
1小时前有投递
要附件简历
23岁 (2003年1月)
工作无经验
本科
在校-正在找工作
现居重庆 渝北区
团员
求职期望
[重庆]
需求分析工程师
全职
实习
4千-6千/月
展开
教育经历
重庆机电职业技术大学
2024.09 - 2026.06
大数据工程技术
本科
统招
打电话
打招呼
存至本地
收藏
转给同事
打印
举报
不合适
────────────────────────────────────────────────────────────
19:32:50   → [AI 原始回答] 
────────────────────────────────────────────────────────────
```json
{
  "is_target": false,
  "reason": "第一学历不符合要求。简历显示其本科院校为重庆机电职业技术大学，该学校并非985或211院校。"
}
```
────────────────────────────────────────────────────────────
19:32:50   → AI 未通过: 第一学历不符合要求。简历显示其本科院校为重庆机电职业技术大学，该学校并非985或211院校。
19:32:51   → 等待 3 秒...
19:32:54 ── 第 3 批处理完，滚动加载更多候选人...
19:33:01 ── 已滚动到底，没有新候选人，筛选结束
19:33:02 
════════════════════════════════════════════════════════════
  本次筛选完成
────────────────────────────────────────────────────────────
  筛选总数：30
  通过（已打招呼）：1
  未通过（AI拒绝）：16
  未通过（关键词排除）：8  命中关键词：「产品经理」、「游戏」、「教师」、「教培」
  跳过（风控随机）：4
  失败（AI调用失败）：1
────────────────────────────────────────────────────────────
  验证：30 = 1+16+8+4+1 ✓
────────────────────────────────────────────────────────────
  JSON报告：\\192.168.0.113\共享文件夹\需求及测试文档_请按功能划分文件夹\obsidian\cjw\02_线索笔记\1.招聘\agno1-dev_0.0.1.0\agno1\artifacts\zhaopin\zhilian\zhilian_screener_20260303_192715.json
  运行日志：\\192.168.0.113\共享文件夹\需求及测试文档_请按功能划分文件夹\obsidian\cjw\02_线索笔记\1.招聘\agno1-dev_0.0.1.0\agno1\logs\zhaopin\zhilian\zhilian_screener_20260303_192715.log
════════════════════════════════════════════════════════════
