18:56:48 ── 第 1 批，共 20 张新卡片 ──
18:56:48 [总第 1 张] 处理: 张先生
18:56:48   → [关键词排除] 命中关键词: 「先生」（卡片摘要）
18:56:48 [总第 2 张] 处理: 吴女士
18:56:48   → [关键词排除] 命中关键词: 「女士」（卡片摘要）
18:56:48 [总第 3 张] 处理: 张女士
18:56:48   → [关键词排除] 命中关键词: 「女士」（卡片摘要）
18:56:48 [总第 4 张] 处理: 陈女士
18:56:48   → [关键词排除] 命中关键词: 「女士」（卡片摘要）
18:56:48 [总第 5 张] 处理: 陶先生
18:56:48   → [关键词排除] 命中关键词: 「先生」（卡片摘要）
18:56:48 [总第 6 张] 处理: 杨先生
18:56:48   → [关键词排除] 命中关键词: 「先生」（卡片摘要）
18:56:48 [总第 7 张] 处理: 白先生
18:56:48   → [关键词排除] 命中关键词: 「先生」（卡片摘要）
18:56:48 [总第 8 张] 处理: 申先生
18:56:48   → [关键词排除] 命中关键词: 「先生」（卡片摘要）
18:56:48 [总第 9 张] 处理: 刘先生
18:56:48   → [关键词排除] 命中关键词: 「先生」（卡片摘要）
18:56:48 [总第 10 张] 处理: 何先生
18:56:48   → [关键词排除] 命中关键词: 「先生」（卡片摘要）
18:56:48 [总第 11 张] 处理: 孙女士
18:56:48   → [关键词排除] 命中关键词: 「女士」（卡片摘要）
18:56:48 [总第 12 张] 处理: 李女士
18:56:48   → [关键词排除] 命中关键词: 「女士」（卡片摘要）
18:56:48 [总第 13 张] 处理: 周先生
18:56:48   → [关键词排除] 命中关键词: 「先生」（卡片摘要）
18:56:48 [总第 14 张] 处理: 杨女士
18:56:48   → [关键词排除] 命中关键词: 「女士」（卡片摘要）
18:56:48 [总第 15 张] 处理: 莫女士
18:56:48   → [关键词排除] 命中关键词: 「女士」（卡片摘要）
18:56:48 [总第 16 张] 处理: 吴先生
18:56:48   → [关键词排除] 命中关键词: 「先生」（卡片摘要）
18:56:48 [总第 17 张] 处理: 章女士
18:56:48   → [关键词排除] 命中关键词: 「女士」（卡片摘要）
18:56:48 [总第 18 张] 处理: 李女士
18:56:48   → [关键词排除] 命中关键词: 「女士」（卡片摘要）
18:56:48 [总第 19 张] 处理: 王女士
18:56:48   → [关键词排除] 命中关键词: 「女士」（卡片摘要）
18:56:48 [总第 20 张] 处理: 白女士
18:56:48   → [关键词排除] 命中关键词: 「女士」（卡片摘要）
18:56:48 ── 第 1 批处理完，滚动加载更多候选人...
18:56:52 ── 第 2 批，共 2 张新卡片 ──
18:56:52 [总第 21 张] 处理: 谭先生
18:56:52   → [关键词排除] 命中关键词: 「先生」（卡片摘要）
18:56:52 [总第 22 张] 处理: 杨先生
18:56:52   → [关键词排除] 命中关键词: 「先生」（卡片摘要）
18:56:52 ── 第 2 批处理完，滚动加载更多候选人...
18:56:55 ── 第 3 批，共 8 张新卡片 ──
18:56:55 [总第 23 张] 处理: 邓先生
18:56:55   → [关键词排除] 命中关键词: 「先生」（卡片摘要）
18:56:55 [总第 24 张] 处理: 余先生
18:56:55   → [关键词排除] 命中关键词: 「先生」（卡片摘要）
18:56:55 [总第 25 张] 处理: 唐女士
18:56:55   → [关键词排除] 命中关键词: 「女士」（卡片摘要）
18:56:55 [总第 26 张] 处理: 黄女士
18:56:55   → [关键词排除] 命中关键词: 「女士」（卡片摘要）
18:56:55 [总第 27 张] 处理: 张先生
18:56:55   → [关键词排除] 命中关键词: 「先生」（卡片摘要）
18:56:56 [总第 28 张] 处理: 董女士
18:56:56   → [关键词排除] 命中关键词: 「女士」（卡片摘要）
18:56:56 [总第 29 张] 处理: 王先生
18:56:56   → [风控] 随机跳过
18:56:56 [总第 30 张] 处理: 罗先生
18:56:56   → [关键词排除] 命中关键词: 「先生」（卡片摘要）
18:56:56 ── 第 3 批处理完，滚动加载更多候选人...
18:57:28 ── 已滚动到底，没有新候选人，筛选结束
18:57:28 
════════════════════════════════════════════════════════════
  本次筛选完成
────────────────────────────────────────────────────────────
  筛选总数：30
  通过（已打招呼）：0
  未通过（AI拒绝）：0
  未通过（关键词排除）：29  命中关键词：「先生」、「女士」
  跳过（风控随机）：1
  失败（AI调用失败）：0
────────────────────────────────────────────────────────────
  验证：30 = 0+0+29+1+0 ✓
────────────────────────────────────────────────────────────
  JSON报告：\\192.168.0.113\共享文件夹\需求及测试文档_请按功能划分文件夹\obsidian\cjw\02_线索笔记\1.招聘\agno1-dev_0.0.1.0\agno1\artifacts\zhaopin\zhilian\zhilian_screener_20260303_185602.json
  运行日志：\\192.168.0.113\共享文件夹\需求及测试文档_请按功能划分文件夹\obsidian\cjw\02_线索笔记\1.招聘\agno1-dev_0.0.1.0\agno1\logs\zhaopin\zhilian\zhilian_screener_20260303_185602.log
════════════════════════════════════════════════════════════
