19:24:18 ── 第 1 批，共 20 张新卡片 ──
19:24:18 [总第 1 张] 处理: 向先生
19:24:18   → [关键词排除] 命中关键词: 「先生」（卡片摘要）
19:24:18 [总第 2 张] 处理: 黎先生
19:24:19   → [关键词排除] 命中关键词: 「先生」（卡片摘要）
19:24:19 [总第 3 张] 处理: 陶女士
19:24:19   → [关键词排除] 命中关键词: 「女士」（卡片摘要）
19:24:19 [总第 4 张] 处理: 史女士
19:24:19   → [关键词排除] 命中关键词: 「女士」（卡片摘要）
19:24:19 [总第 5 张] 处理: 何先生
19:24:19   → [关键词排除] 命中关键词: 「先生」（卡片摘要）
19:24:19 [总第 6 张] 处理: 孙女士
19:24:19   → [关键词排除] 命中关键词: 「女士」（卡片摘要）
19:24:19 [总第 7 张] 处理: 张女士
19:24:19   → [关键词排除] 命中关键词: 「女士」（卡片摘要）
19:24:19 [总第 8 张] 处理: 贾先生
19:24:19   → [关键词排除] 命中关键词: 「先生」（卡片摘要）
19:24:19 [总第 9 张] 处理: 许先生
19:24:19   → [风控] 随机跳过
19:24:19 [总第 10 张] 处理: 郭先生
19:24:19   → [关键词排除] 命中关键词: 「先生」（卡片摘要）
19:24:19 [总第 11 张] 处理: 冯先生
19:24:19   → [关键词排除] 命中关键词: 「先生」（卡片摘要）
19:24:19 [总第 12 张] 处理: 吴先生
19:24:19   → [风控] 随机跳过
19:24:19 [总第 13 张] 处理: 张先生
19:24:19   → [关键词排除] 命中关键词: 「先生」（卡片摘要）
19:24:19 [总第 14 张] 处理: 孙先生
19:24:19   → [关键词排除] 命中关键词: 「先生」（卡片摘要）
19:24:19 [总第 15 张] 处理: 郭女士
19:24:19   → [关键词排除] 命中关键词: 「女士」（卡片摘要）
19:24:19 [总第 16 张] 处理: 王女士
19:24:19   → [关键词排除] 命中关键词: 「女士」（卡片摘要）
19:24:19 [总第 17 张] 处理: 张女士
19:24:19   → [风控] 随机跳过
19:24:19 [总第 18 张] 处理: 廖女士
19:24:19   → [风控] 随机跳过
19:24:19 [总第 19 张] 处理: 王先生
19:24:19   → [关键词排除] 命中关键词: 「先生」（卡片摘要）
19:24:19 [总第 20 张] 处理: 杨先生
19:24:19   → [风控] 随机跳过
19:24:19 ── 第 1 批处理完，滚动加载更多候选人...
19:24:23 ── 第 2 批，共 7 张新卡片 ──
19:24:23 [总第 21 张] 处理: 李女士
19:24:23   → [关键词排除] 命中关键词: 「女士」（卡片摘要）
19:24:23 [总第 22 张] 处理: 冯女士
19:24:23   → [关键词排除] 命中关键词: 「女士」（卡片摘要）
19:24:23 [总第 23 张] 处理: 鲁女士
19:24:23   → [关键词排除] 命中关键词: 「女士」（卡片摘要）
19:24:23 [总第 24 张] 处理: 张女士
19:24:23   → [关键词排除] 命中关键词: 「女士」（卡片摘要）
19:24:23 [总第 25 张] 处理: 余先生
19:24:23   → [关键词排除] 命中关键词: 「先生」（卡片摘要）
19:24:23 [总第 26 张] 处理: 王先生
19:24:23   → [关键词排除] 命中关键词: 「先生」（卡片摘要）
19:24:23 [总第 27 张] 处理: 林先生
19:24:23   → [关键词排除] 命中关键词: 「先生」（卡片摘要）
19:24:23 ── 第 2 批处理完，滚动加载更多候选人...
19:24:28 ── 第 3 批，共 3 张新卡片 ──
19:24:28 [总第 28 张] 处理: 黄先生
19:24:28   → [关键词排除] 命中关键词: 「先生」（卡片摘要）
19:24:28 [总第 29 张] 处理: 杨先生
19:24:28   → [关键词排除] 命中关键词: 「先生」（卡片摘要）
19:24:28 [总第 30 张] 处理: 尉先生
19:24:28   → [关键词排除] 命中关键词: 「先生」（卡片摘要）
19:24:28 ── 第 3 批处理完，滚动加载更多候选人...
19:24:35 ── 已滚动到底，没有新候选人，筛选结束
19:24:35 
════════════════════════════════════════════════════════════
  本次筛选完成
────────────────────────────────────────────────────────────
  筛选总数：30
  通过（已打招呼）：0
  未通过（AI拒绝）：0
  未通过（关键词排除）：25  命中关键词：「先生」、「女士」
  跳过（风控随机）：5
  失败（AI调用失败）：0
────────────────────────────────────────────────────────────
  验证：30 = 0+0+25+5+0 ✓
────────────────────────────────────────────────────────────
  JSON报告：\\192.168.0.113\共享文件夹\需求及测试文档_请按功能划分文件夹\obsidian\cjw\02_线索笔记\1.招聘\agno1-dev_0.0.1.0\agno1\artifacts\zhaopin\zhilian\zhilian_screener_20260303_192333.json
  运行日志：\\192.168.0.113\共享文件夹\需求及测试文档_请按功能划分文件夹\obsidian\cjw\02_线索笔记\1.招聘\agno1-dev_0.0.1.0\agno1\logs\zhaopin\zhilian\zhilian_screener_20260303_192333.log
════════════════════════════════════════════════════════════
