16:57:44 ── 第 1 批，共 20 张新卡片 ──
16:57:44 [总第 1 张] 处理: 周女士
16:57:44   → [关键词排除] 命中关键词: 「女士」（卡片摘要）
16:57:44 [总第 2 张] 处理: 陈女士
16:57:44   → [风控] 随机跳过
16:57:44 [总第 3 张] 处理: 米先生
16:57:44   → [关键词排除] 命中关键词: 「先生」（卡片摘要）
16:57:44 [总第 4 张] 处理: 王先生
16:57:44   → [关键词排除] 命中关键词: 「先生」（卡片摘要）
16:57:44 [总第 5 张] 处理: 傅女士
16:57:44   → [关键词排除] 命中关键词: 「女士」（卡片摘要）
16:57:44 [总第 6 张] 处理: 刘先生
16:57:44   → [关键词排除] 命中关键词: 「先生」（卡片摘要）
16:57:44 [总第 7 张] 处理: 谭先生
16:57:44   → [风控] 随机跳过
16:57:44 [总第 8 张] 处理: 朱女士
16:57:44   → [关键词排除] 命中关键词: 「女士」（卡片摘要）
16:57:44 [总第 9 张] 处理: 魏先生
16:57:44   → [关键词排除] 命中关键词: 「先生」（卡片摘要）
16:57:44 [总第 10 张] 处理: 蒋女士
16:57:44   → [关键词排除] 命中关键词: 「女士」（卡片摘要）
16:57:44 [总第 11 张] 处理: 梁先生
16:57:44   → [关键词排除] 命中关键词: 「先生」（卡片摘要）
16:57:44 [总第 12 张] 处理: 杨先生
16:57:44   → [关键词排除] 命中关键词: 「先生」（卡片摘要）
16:57:44 [总第 13 张] 处理: 罗先生
16:57:44   → [关键词排除] 命中关键词: 「先生」（卡片摘要）
16:57:44 [总第 14 张] 处理: 张先生
16:57:44   → [关键词排除] 命中关键词: 「先生」（卡片摘要）
16:57:44 [总第 15 张] 处理: 王女士
16:57:44   → [关键词排除] 命中关键词: 「女士」（卡片摘要）
16:57:44 [总第 16 张] 处理: 张女士
16:57:44   → [关键词排除] 命中关键词: 「女士」（卡片摘要）
16:57:45 [总第 17 张] 处理: 邓先生
16:57:45   → [关键词排除] 命中关键词: 「先生」（卡片摘要）
16:57:45 [总第 18 张] 处理: 附女士
16:57:45   → [关键词排除] 命中关键词: 「女士」（卡片摘要）
16:57:45 [总第 19 张] 处理: 阿女士
16:57:45   → [关键词排除] 命中关键词: 「女士」（卡片摘要）
16:57:45 [总第 20 张] 处理: 王先生
16:57:45   → [关键词排除] 命中关键词: 「先生」（卡片摘要）
16:57:45 ── 第 1 批处理完，滚动加载更多候选人...
16:57:45   [scroll] 第 1 轮滚动
16:57:45   [scroll] scrollTop=0 scrollHeight=4652 clientHeight=834 剩余=3818
16:57:47   [scroll] 滚动后 scrollTop=3514
16:57:48   [scroll] 等待新卡片... [1s] 窗口内=['vidx_0', 'vidx_1', 'vidx_10', 'vidx_11', 'vidx_12', 'vidx_13', 'vidx_14', 'vidx_15', 'vidx_16', 'vidx_17', 'vidx_18', 'vidx_19', 'vidx_20', 'vidx_21', 'vidx_22', 'vidx_23', 'vidx_24', 'vidx_25', 'vidx_26', 'vidx_27', 'vidx_28', 'vidx_29'] 新增=['vidx_20', 'vidx_21', 'vidx_22', 'vidx_23', 'vidx_24', 'vidx_25', 'vidx_26', 'vidx_27', 'vidx_28', 'vidx_29']
16:57:48   [scroll] 扫描到 22 张，已处理 20 张，新增 10 张
16:57:48 ── 第 2 批，共 10 张新卡片 ──
16:57:48 [总第 21 张] 处理: 沈女士
16:57:48   → [关键词排除] 命中关键词: 「女士」（卡片摘要）
16:57:48 [总第 22 张] 处理: 欧女士
16:57:48   → [关键词排除] 命中关键词: 「女士」（卡片摘要）
16:57:48 [总第 23 张] 处理: 黄先生
16:57:48   → [关键词排除] 命中关键词: 「先生」（卡片摘要）
16:57:48 [总第 24 张] 处理: 罗先生
16:57:49   → [关键词排除] 命中关键词: 「先生」（卡片摘要）
16:57:49 [总第 25 张] 处理: 贺先生
16:57:49   → [关键词排除] 命中关键词: 「先生」（卡片摘要）
16:57:49 [总第 26 张] 处理: 秦女士
16:57:49   → [关键词排除] 命中关键词: 「女士」（卡片摘要）
16:57:49 [总第 27 张] 处理: 刘先生
16:57:49   → [关键词排除] 命中关键词: 「先生」（卡片摘要）
16:57:49 [总第 28 张] 处理: 魏先生
16:57:49   → [风控] 随机跳过
16:57:49 [总第 29 张] 处理: 何先生
16:57:49   → [关键词排除] 命中关键词: 「先生」（卡片摘要）
16:57:49 [总第 30 张] 处理: 王先生
16:57:49   → [关键词排除] 命中关键词: 「先生」（卡片摘要）
16:57:49 ── 第 2 批处理完，滚动加载更多候选人...
16:57:49   [scroll] 第 1 轮滚动
16:57:49   [scroll] scrollTop=3514 scrollHeight=8320 clientHeight=834 剩余=3972
16:57:51   [scroll] 滚动后 scrollTop=7559
16:57:52   [scroll] 等待新卡片... [1s] 窗口内=['vidx_0', 'vidx_1', 'vidx_10', 'vidx_11', 'vidx_12', 'vidx_13', 'vidx_14', 'vidx_15', 'vidx_16', 'vidx_17', 'vidx_18', 'vidx_19', 'vidx_20', 'vidx_21', 'vidx_22', 'vidx_23', 'vidx_24', 'vidx_25', 'vidx_26', 'vidx_27', 'vidx_28', 'vidx_29'] 新增=[]
16:57:53   [scroll] 等待新卡片... [2s] 窗口内=['vidx_0', 'vidx_1', 'vidx_10', 'vidx_11', 'vidx_12', 'vidx_13', 'vidx_14', 'vidx_15', 'vidx_16', 'vidx_17', 'vidx_18', 'vidx_19', 'vidx_20', 'vidx_21', 'vidx_22', 'vidx_23', 'vidx_24', 'vidx_25', 'vidx_26', 'vidx_27', 'vidx_28', 'vidx_29'] 新增=[]
16:57:54   [scroll] 等待新卡片... [3s] 窗口内=['vidx_0', 'vidx_1', 'vidx_10', 'vidx_11', 'vidx_12', 'vidx_13', 'vidx_14', 'vidx_15', 'vidx_16', 'vidx_17', 'vidx_18', 'vidx_19', 'vidx_20', 'vidx_21', 'vidx_22', 'vidx_23', 'vidx_24', 'vidx_25', 'vidx_26', 'vidx_27', 'vidx_28', 'vidx_29'] 新增=[]
