10:41:08 [总第 1 张] 处理: 李女士 (vidx_0_E69D8EE5A5B3E5A3AB7C23E5B2817C7E58D83-1.)
10:41:09   → [AI Prompt]
────────────────────────────────────────────────────────────
请根据以下简历信息判断是否适合[学校要求：第一学历为985211院校，但排除非强势计算机理工背景的985211学校、或政策照顾性985/211学校。年限要求：年龄22-30岁，排除27年及之后的应届生。专业要求：专业不限，非理工科专业可以放行。地点要求：期望地点为重庆。备注：如果没有本科学校信息，只有硕士学校信息，且硕士学校符合要求，返回为true;如果缺失期望地点，也返回为true。]职位。
输出 JSON 格式：{"is_target": true/false, "reason": "原因说明"}

简历信息：
姓名：李女士
    3小时前浏览过职位
年龄：23岁
教育背景：教育经历
       中国农业大学 985院校  2021.09 - 2025.07 市场营销 本科 统招
工作经历：最近一份工作经历可能未更新 询问她  聊城疾病预防控制中心   数据分析人员 （数据分析师）   2025.03 - 2025.06 (3个月)   负责数据分析、现场流调、健康宣讲等多项工作，运用数据分析工具完成描述性统计分析等数据处理工作。 两份工作间有19个月空档期 询问她  学海教育   助教    2023.07 - 2023.08 (1个月)   主要负责课程培训工作 两份工作间有11个月空档期 询问她  万达广场   销售人员 （销售顾问）   2022.07 - 2022.08 (1个月)   负责客户接待及后期服务工作
期望薪资：7千-1.4万/月
技能标签：英语 读写能力 
          精通 听说能力 
          熟练 全国大学英语六级考试(CET6)（588分）全国大学英语四级考试(CET4)（547分）

简历全文（摘要）：
李女士
3小时前浏览过职位
要附件简历
23岁 (2002年4月)
工作无经验
本科
离校-正在找工作
现居聊城 东昌府区
户口山东 聊城
团员
求职期望
[重庆]
市场营销
全职
实习
7千-1.4万/月
展开
工作经历
最近一份工作经历可能未更新
询问她
聊城疾病预防控制中心
数据分析人员
（数据分析师）
2025.03 - 2025.06 (3个月)
负责数据分析、现场流调、健康宣讲等多项工作，运用数据分析工具完成描述性统计分析等数据处理工作。
两份工作间有19个月空档期
询问她
学海教育
助教
2023.07 - 2023.08 (1个月)
主要负责课程培训工作
两份工作间有11个月空档期
询问她
万达广场
销售人员
（销售顾问）
2022.07 - 2022.08 (1个月)
负责客户接待及后期服务工作
项目经历
海佑科技商业企划
2023.09 - 2024.08 (11个月)
更新团队成员，并依据环境变化优化公司发展规划、丰富营销方案。团队项目于2024年获得“强农杯“中国农业大学第五届创新创业大赛暨中国国际大学生创新大赛北京赛区三等奖。
普瑞舒胶囊—让血压不再烦恼
2022.09 - 2023.08 (11个月)
根据公司的产品及技术优势，分析项目环境，制定营销策略和运营方案，并提供财务分析和风险评估报告。团队项目于2023年获得“强农杯”中国农业大学第四届创新创业大赛三等奖、第九届中国国际“互联网+"大学生创新创业大赛北京市级二等奖。
新型农业经营主体绿色生产意愿的影响因素分析——以山东省为例
2022.08 - 2023.08 (1年)
urp项目，收集、分析数据，撰写论文《新型农业经营主体绿色生产意愿的影响因素分析——以山东省为例》，最终发表至科技核心期刊《农产品质量与安全》
教育经历
中国农业大学
985院校
2021.09 - 2025.07
市场营销
本科
统招
个人优势
性格活泼开朗，能快速适应环境变化，认真负责；熟练使用各类办公软件及数据分析工具，学习能力强，善于接受新鲜事物并迅速掌握新方法；团队协作能力强，在团队项目中能自主完成任务并提供团队成员必要帮助。
语言能力
英语
读写能力
精通
听说能力
熟练
全国大学英语六级考试(CET6)
（588分）
全国大学英语四级考试(CET4)
（547分）
所获证书
2022～2023学年学业三等奖学金
2021～2022学年学业二等奖学金
“强农杯"中国农业大学第五届创新创业大赛暨中国国际大学生创新大赛北京赛区三等奖
“强农杯”第四届创新创业大赛校级三等奖
第九届中国国际 “互联网+”大学生创新创业大赛北京赛区二等奖
学生干部经历
院学生会干事
2022.09 - 2023.06
打电话
打招呼
存至本地
收藏
转给同事
打印
举报
不合适
────────────────────────────────────────────────────────────
10:41:22   → AI 通过: 所有条件均符合要求。第一学历为985院校（中国农业大学），专业为市场营销（非理工科专业允许），年龄23岁（在22-30岁范围内），2025年毕业（非2027年及之后应届生），期望地点为重庆。
10:41:24   → 已打招呼
10:41:25   → 等待 5 秒...
10:41:30 [总第 2 张] 处理: 肖先生 (vidx_1_E88296E58588E7949F7C25E5B2817C7CE59CA8E6)
10:41:31   → [关键词排除] 命中关键词: 「产品经理」（简历全文）
10:41:32 [总第 3 张] 处理: 蔡先生 (vidx_2_E894A1E58588E7949F7C23E5B2817C6E58D83-8E)
10:41:33   → [关键词排除] 命中关键词: 「游戏」（简历全文）
10:41:33 [总第 4 张] 处理: 文女士 (vidx_3_E69687E5A5B3E5A3AB7C23E5B2817C7CE59CA8E6)
10:41:35   → [关键词排除] 命中关键词: 「银行」（简历全文）
10:41:35 [总第 5 张] 处理: 俞先生 (vidx_4_E4BF9EE58588E7949F7C26E5B2817C1.2E4B887-)
10:41:37   → [AI Prompt]
────────────────────────────────────────────────────────────
请根据以下简历信息判断是否适合[学校要求：第一学历为985211院校，但排除非强势计算机理工背景的985211学校、或政策照顾性985/211学校。年限要求：年龄22-30岁，排除27年及之后的应届生。专业要求：专业不限，非理工科专业可以放行。地点要求：期望地点为重庆。备注：如果没有本科学校信息，只有硕士学校信息，且硕士学校符合要求，返回为true;如果缺失期望地点，也返回为true。]职位。
输出 JSON 格式：{"is_target": true/false, "reason": "原因说明"}

简历信息：
姓名：俞先生
    10小时前在线
年龄：26岁
教育背景：教育经历
       重庆大学 985院校  2022.09 - 2025.06 数学 硕士 统招南京审计大学   2017.09 - 2021.06 经济学 本科 统招
工作经历：最近一份工作经历可能未更新 询问他  猿起科技有限公司   纠错审核员 （校对录入）   2021.08 - 2022.01 (5个月) 高中教育初中教育线下授课  对纠错人员所提供的题目进行审核，将错误的题目修改并提交题库
期望薪资：1.2万-1.5万/月
技能标签：高中教育初中教育线下授课

简历全文（摘要）：
俞先生
10小时前在线
要附件简历
26岁 (1999年6月)
工作无经验
硕士
在校-正在找工作
现居南京 浦口区
户口重庆
团员
求职期望
[重庆]
数据分析师
1.2万-1.5万/月
展开
工作经历
最近一份工作经历可能未更新
询问他
猿起科技有限公司
纠错审核员
（校对录入）
2021.08 - 2022.01 (5个月)
高中教育
初中教育
线下授课
对纠错人员所提供的题目进行审核，将错误的题目修改并提交题库
教育经历
重庆大学
985院校
2022.09 - 2025.06
数学
硕士
统招
南京审计大学
2017.09 - 2021.06
经济学
本科
统招
个人优势
性格开朗活泼，善于和其他人一起交流合作，在研究生学习过程中遇到困难不轻易放弃，和朋友一起合作解决难题。生活中热爱运动，喜欢锻炼，热衷于挑战一些困难的事物
语言能力
英语
读写能力
良好
听说能力
良好
所获证书
研究生二等奖学金
专业技能
MS Excel
熟练
MS WORD
熟练
打电话
打招呼
存至本地
收藏
转给同事
打印
举报
不合适
────────────────────────────────────────────────────────────
10:41:44   → AI 未通过: 第一学历（本科）为南京审计大学，不符合学校要求中第一学历为985/211院校的条件。
10:41:45   → 等待 5 秒...
10:41:50 [总第 6 张] 处理: 巫女士 (vidx_0_E5B7ABE5A5B3E5A3AB7C26E5B2817C1E4B887-1.)
10:41:51   → [AI Prompt]
────────────────────────────────────────────────────────────
请根据以下简历信息判断是否适合[学校要求：第一学历为985211院校，但排除非强势计算机理工背景的985211学校、或政策照顾性985/211学校。年限要求：年龄22-30岁，排除27年及之后的应届生。专业要求：专业不限，非理工科专业可以放行。地点要求：期望地点为重庆。备注：如果没有本科学校信息，只有硕士学校信息，且硕士学校符合要求，返回为true;如果缺失期望地点，也返回为true。]职位。
输出 JSON 格式：{"is_target": true/false, "reason": "原因说明"}

简历信息：
姓名：李女士
    3小时前浏览过职位
年龄：23岁
教育背景：教育经历
       中国农业大学 985院校  2021.09 - 2025.07 市场营销 本科 统招
工作经历：最近一份工作经历可能未更新 询问她  聊城疾病预防控制中心   数据分析人员 （数据分析师）   2025.03 - 2025.06 (3个月)   负责数据分析、现场流调、健康宣讲等多项工作，运用数据分析工具完成描述性统计分析等数据处理工作。 两份工作间有19个月空档期 询问她  学海教育   助教    2023.07 - 2023.08 (1个月)   主要负责课程培训工作 两份工作间有11个月空档期 询问她  万达广场   销售人员 （销售顾问）   2022.07 - 2022.08 (1个月)   负责客户接待及后期服务工作
期望薪资：7千-1.4万/月
技能标签：英语 读写能力 
          精通 听说能力 
          熟练 全国大学英语六级考试(CET6)（588分）全国大学英语四级考试(CET4)（547分）

简历全文（摘要）：
李女士
3小时前浏览过职位
要附件简历
23岁 (2002年4月)
工作无经验
本科
离校-正在找工作
现居聊城 东昌府区
户口山东 聊城
团员
求职期望
[重庆]
市场营销
全职
实习
7千-1.4万/月
展开
工作经历
最近一份工作经历可能未更新
询问她
聊城疾病预防控制中心
数据分析人员
（数据分析师）
2025.03 - 2025.06 (3个月)
负责数据分析、现场流调、健康宣讲等多项工作，运用数据分析工具完成描述性统计分析等数据处理工作。
两份工作间有19个月空档期
询问她
学海教育
助教
2023.07 - 2023.08 (1个月)
主要负责课程培训工作
两份工作间有11个月空档期
询问她
万达广场
销售人员
（销售顾问）
2022.07 - 2022.08 (1个月)
负责客户接待及后期服务工作
项目经历
海佑科技商业企划
2023.09 - 2024.08 (11个月)
更新团队成员，并依据环境变化优化公司发展规划、丰富营销方案。团队项目于2024年获得“强农杯“中国农业大学第五届创新创业大赛暨中国国际大学生创新大赛北京赛区三等奖。
普瑞舒胶囊—让血压不再烦恼
2022.09 - 2023.08 (11个月)
根据公司的产品及技术优势，分析项目环境，制定营销策略和运营方案，并提供财务分析和风险评估报告。团队项目于2023年获得“强农杯”中国农业大学第四届创新创业大赛三等奖、第九届中国国际“互联网+"大学生创新创业大赛北京市级二等奖。
新型农业经营主体绿色生产意愿的影响因素分析——以山东省为例
2022.08 - 2023.08 (1年)
urp项目，收集、分析数据，撰写论文《新型农业经营主体绿色生产意愿的影响因素分析——以山东省为例》，最终发表至科技核心期刊《农产品质量与安全》
教育经历
中国农业大学
985院校
2021.09 - 2025.07
市场营销
本科
统招
个人优势
性格活泼开朗，能快速适应环境变化，认真负责；熟练使用各类办公软件及数据分析工具，学习能力强，善于接受新鲜事物并迅速掌握新方法；团队协作能力强，在团队项目中能自主完成任务并提供团队成员必要帮助。
语言能力
英语
读写能力
精通
听说能力
熟练
全国大学英语六级考试(CET6)
（588分）
全国大学英语四级考试(CET4)
（547分）
所获证书
2022～2023学年学业三等奖学金
2021～2022学年学业二等奖学金
“强农杯"中国农业大学第五届创新创业大赛暨中国国际大学生创新大赛北京赛区三等奖
“强农杯”第四届创新创业大赛校级三等奖
第九届中国国际 “互联网+”大学生创新创业大赛北京赛区二等奖
学生干部经历
院学生会干事
2022.09 - 2023.06
打电话
打招呼
存至本地
收藏
转给同事
打印
举报
不合适
────────────────────────────────────────────────────────────
10:42:01   → AI 通过: 该候选人符合所有要求。第一学历为中国农业大学（985院校），年龄23岁（在22-30岁范围内），2025年毕业（早于2027年），专业为市场营销（非理工科专业允许），期望地点为重庆。
10:42:01   → 处理失败: Page.evaluate: Error: 未找到打招呼按钮
    at eval (eval at evaluate (:290:30), <anonymous>:37:29)
    at UtilityScript.evaluate (<anonymous>:297:18)
    at UtilityScript.<anonymous> (<anonymous>:1:44)
10:42:02   → 等待 3 秒...
10:42:05 [总第 7 张] 处理: 曾女士 (vidx_1_E69BBEE5A5B3E5A3AB7C24E5B2817C1.4E4B887-)
10:42:06   → [关键词排除] 命中关键词: 「产品经理」（简历全文）
10:42:07 [总第 8 张] 处理: 陈女士 (vidx_2_E99988E5A5B3E5A3AB7C26E5B2817C1E4B887-2E)
10:42:08   → [关键词排除] 命中关键词: 「游戏」（简历全文）
10:42:09 [总第 9 张] 处理: 赵女士 (vidx_3_E8B5B5E5A5B3E5A3AB7C25E5B2817C1.3E4B887-)
10:42:10   → [关键词排除] 命中关键词: 「银行」（简历全文）
10:42:11 [总第 10 张] 处理: 王先生 (vidx_4_E78E8BE58588E7949F7C28E5B2817C1E4B887-2E)
10:42:12   → [AI Prompt]
────────────────────────────────────────────────────────────
请根据以下简历信息判断是否适合[学校要求：第一学历为985211院校，但排除非强势计算机理工背景的985211学校、或政策照顾性985/211学校。年限要求：年龄22-30岁，排除27年及之后的应届生。专业要求：专业不限，非理工科专业可以放行。地点要求：期望地点为重庆。备注：如果没有本科学校信息，只有硕士学校信息，且硕士学校符合要求，返回为true;如果缺失期望地点，也返回为true。]职位。
输出 JSON 格式：{"is_target": true/false, "reason": "原因说明"}

简历信息：
姓名：俞先生
    10小时前在线
年龄：26岁
教育背景：教育经历
       重庆大学 985院校  2022.09 - 2025.06 数学 硕士 统招南京审计大学   2017.09 - 2021.06 经济学 本科 统招
工作经历：最近一份工作经历可能未更新 询问他  猿起科技有限公司   纠错审核员 （校对录入）   2021.08 - 2022.01 (5个月) 高中教育初中教育线下授课  对纠错人员所提供的题目进行审核，将错误的题目修改并提交题库
期望薪资：1.2万-1.5万/月
技能标签：高中教育初中教育线下授课

简历全文（摘要）：
俞先生
10小时前在线
要附件简历
26岁 (1999年6月)
工作无经验
硕士
在校-正在找工作
现居南京 浦口区
户口重庆
团员
求职期望
[重庆]
数据分析师
1.2万-1.5万/月
展开
工作经历
最近一份工作经历可能未更新
询问他
猿起科技有限公司
纠错审核员
（校对录入）
2021.08 - 2022.01 (5个月)
高中教育
初中教育
线下授课
对纠错人员所提供的题目进行审核，将错误的题目修改并提交题库
教育经历
重庆大学
985院校
2022.09 - 2025.06
数学
硕士
统招
南京审计大学
2017.09 - 2021.06
经济学
本科
统招
个人优势
性格开朗活泼，善于和其他人一起交流合作，在研究生学习过程中遇到困难不轻易放弃，和朋友一起合作解决难题。生活中热爱运动，喜欢锻炼，热衷于挑战一些困难的事物
语言能力
英语
读写能力
良好
听说能力
良好
所获证书
研究生二等奖学金
专业技能
MS Excel
熟练
MS WORD
熟练
打电话
打招呼
存至本地
收藏
转给同事
打印
举报
不合适
────────────────────────────────────────────────────────────
10:42:19   → AI 未通过: 第一学历（本科）为南京审计大学，不符合学校要求中“第一学历为985211院校”的条件。
10:42:20   → 等待 5 秒...
10:42:25 [总第 11 张] 处理: 王女士 (vidx_5_E78E8BE5A5B3E5A3AB7C25E5B2817C7E58D83-1.)
10:42:26   → [AI Prompt]
────────────────────────────────────────────────────────────
请根据以下简历信息判断是否适合[学校要求：第一学历为985211院校，但排除非强势计算机理工背景的985211学校、或政策照顾性985/211学校。年限要求：年龄22-30岁，排除27年及之后的应届生。专业要求：专业不限，非理工科专业可以放行。地点要求：期望地点为重庆。备注：如果没有本科学校信息，只有硕士学校信息，且硕士学校符合要求，返回为true;如果缺失期望地点，也返回为true。]职位。
输出 JSON 格式：{"is_target": true/false, "reason": "原因说明"}

简历信息：
姓名：王女士
    22小时前浏览过职位
年龄：25岁
教育背景：教育经历
       四川大学 985院校  2019.09 - 2023.07 药学 本科 统招
工作经历：最近一份工作经历可能未更新 询问她  华西医院   兼职 （市场调研）   2022.07 - 2022.07 (不到1个月) 医院  收集调查问卷
期望薪资：7千-1.2万/月
技能标签：医院

简历全文（摘要）：
王女士
22小时前浏览过职位
要附件简历
25岁 (2001年1月)
工作3年
本科
在职-正在找工作
现居重庆 南岸区（住址距工作地19.3km）
户口河南 驻马店
团员
求职期望
[重庆]
医学检验
兼职
全职
实习
7千-1.2万/月
展开
工作经历
最近一份工作经历可能未更新
询问她
华西医院
兼职
（市场调研）
2022.07 - 2022.07 (不到1个月)
医院
收集调查问卷
项目经历
大学生创新创业项目
2020.10 - 2021.11 (1年 1个月)
1.项目简介：本项目主要目的是构建糖苷键，以实现糖苷键的立体选择性构建。主要研究关键中间体1的合成，为后续不对称卤环化反应的研究提供物质储备。
2.项目职责：我主要参与了资料收集，合成路线的设计，实验的实施，答辩以及项目书中部分内容的撰写。
3.项目成果：本项目被评选为校级大学生创新创业项目。
4.项目收获：参与此次项目提升了我的团队合作意识、沟通交流能力、解决问题能力、随机应变能力。
教育经历
四川大学
985院校
2019.09 - 2023.07
药学
本科
统招
个人优势
1.英语读写流利，CET-6一次通过
2.乐观开朗，善于沟通，严谨细致，学习能力强，有较强的团队合作和沟通能力
语言能力
汉语
读写能力
精通
听说能力
精通
英语
读写能力
熟练
听说能力
良好
全国大学英语六级考试(CET6)
所获证书
CET-6级证书
学生干部经历
院学生会干事
2019.09 - 2020.06
个人作品
单项二等奖学金（2张）
加载中...
加载中...
校级药用植物定向大赛三等奖（1张）
加载中...
院级3.15知识竞赛三等奖（1张）
加载中...
打电话
打招呼
存至本地
收藏
转给同事
打印
举报
不合适
────────────────────────────────────────────────────────────
10:42:38   → AI 调用失败: 格式异常（无法解析为 JSON）
  → [AI 原始回答]
────────────────────────────────────────────────────────────
药学（非计算机理工背景），但招聘要求明确“专业不限，非理工科专业可以放行”，因此符合院校和专业要求。毕业年份为2023年，不属于2027年及之后的应届生。期望地点为重庆，符合地点要求。"
}
```
────────────────────────────────────────────────────────────
10:42:39   → 等待 4 秒...
10:42:43 [总第 12 张] 处理: 罗女士 (vidx_6_E7BD97E5A5B3E5A3AB7C27E5B2817C5E58D83-7E)
10:42:43   → [风控] 随机跳过
10:42:43 [总第 13 张] 处理: 陈先生 (vidx_7_E99988E58588E7949F7C28E5B2817C8E58D83-1.)
10:42:43   → [风控] 随机跳过
10:42:43 [总第 14 张] 处理: 曾先生 (vidx_8_E69BBEE58588E7949F7C28E5B2817C1E4B887-2E)
10:42:45   → [AI Prompt]
────────────────────────────────────────────────────────────
请根据以下简历信息判断是否适合[学校要求：第一学历为985211院校，但排除非强势计算机理工背景的985211学校、或政策照顾性985/211学校。年限要求：年龄22-30岁，排除27年及之后的应届生。专业要求：专业不限，非理工科专业可以放行。地点要求：期望地点为重庆。备注：如果没有本科学校信息，只有硕士学校信息，且硕士学校符合要求，返回为true;如果缺失期望地点，也返回为true。]职位。
输出 JSON 格式：{"is_target": true/false, "reason": "原因说明"}

简历信息：
姓名：曾先生
    5天前在线
年龄：28岁
教育背景：教育经历
       中山大学 985院校  2019.09 - 2022.06 物理海洋学 硕士 统招成都理工大学 双一流院校  2015.09 - 2019.07 地球化学 本科 统招
工作经历：中船海装风电有限公司   基础工程师 （海洋工程） 1.2万/月  2023.01 - 至今 (3年 2个月) 风电仿真研究风电设计  负责海洋水文数值模拟计算框架建立
负责海上风机支撑结构一体化设计计算，优化程序开发
负责科研项目招标和合同管理，产品设计开发制度文件编审 两份工作间有53个月空档期 询问他  核工业北京地质研究院 高新技术企业   实习  化探调查 （市场调研）   2018.07 - 2018.08 (1个月) 采样调查勘察制图软件  区域化探调查
期望薪资：1万-2万/月
技能标签：风电仿真研究风电设计

简历全文（摘要）：
曾先生
5天前在线
要附件简历
28岁 (1997年4月)
工作4年
硕士
在职-看看机会
现居广州 海珠区
户口四川 广安
中共党员（含预备党员）
求职期望
[重庆]
能源/矿产项目
1万-2万/月
展开
工作经历
中船海装风电有限公司
基础工程师
（海洋工程）
1.2万/月
2023.01 - 至今 (3年 2个月)
风电仿真研究
风电设计
负责海洋水文数值模拟计算框架建立
负责海上风机支撑结构一体化设计计算，优化程序开发
负责科研项目招标和合同管理，产品设计开发制度文件编审
两份工作间有53个月空档期
询问他
核工业北京地质研究院
高新技术企业
实习 化探调查
（市场调研）
2018.07 - 2018.08 (1个月)
采样调查
勘察
制图软件
区域化探调查
教育经历
中山大学
985院校
2019.09 - 2022.06
物理海洋学
硕士
统招
成都理工大学
双一流院校
2015.09 - 2019.07
地球化学
本科
统招
个人优势
爱好广泛,全面发展。喜欢音乐,也关注文学和新闻时事,也喜欢多项体育运动。自心态乐观,抗压能力良好,学习能力良好。我评价
语言能力
英语
读写能力
良好
听说能力
一般
全国大学英语四级考试(CET4)
学生干部经历
学生社团干事
2015.09 - 2016.09
打电话
打招呼
存至本地
收藏
转给同事
打印
举报
不合适
────────────────────────────────────────────────────────────
10:42:56   → AI 未通过: 第一学历不符合要求，本科院校成都理工大学非985/211院校。
10:42:57   → 等待 5 秒...
10:43:02 ── 已到达列表底部（检测到 recommend-indicator），筛选结束
10:43:02 
════════════════════════════════════════════════════════════
  本次筛选完成
────────────────────────────────────────────────────────────
  筛选总数：14
  通过（已打招呼）：1
  未通过（AI拒绝）：3
  未通过（关键词排除）：6  命中关键词：「产品经理」、「游戏」、「银行」
  跳过（风控随机）：2
  失败（AI调用失败）：2
────────────────────────────────────────────────────────────
  验证：14 = 1+3+6+2+2 ✓
────────────────────────────────────────────────────────────
  JSON报告：\\192.168.0.113\共享文件夹\需求及测试文档_请按功能划分文件夹\obsidian\cjw\02_线索笔记\1.招聘\agno1-dev_0.0.1.0\agno1\artifacts\zhaopin\zhilian\zhilian_screener_20260304_104024.json
  运行日志：\\192.168.0.113\共享文件夹\需求及测试文档_请按功能划分文件夹\obsidian\cjw\02_线索笔记\1.招聘\agno1-dev_0.0.1.0\agno1\logs\zhaopin\zhilian\zhilian_screener_20260304_104024.log
════════════════════════════════════════════════════════════
