20:13:13 ── 第 1 批，共 20 张新卡片 ──
20:13:13 [总第 1 张] 处理: 罗先生
20:13:13   → [关键词排除] 命中关键词: 「先生」（卡片摘要）
20:13:13 [总第 2 张] 处理: 陈先生
20:13:13   → [关键词排除] 命中关键词: 「先生」（卡片摘要）
20:13:13 [总第 3 张] 处理: 王先生
20:13:13   → [关键词排除] 命中关键词: 「先生」（卡片摘要）
20:13:13 [总第 4 张] 处理: 刘女士
20:13:13   → [关键词排除] 命中关键词: 「女士」（卡片摘要）
20:13:13 [总第 5 张] 处理: 潘先生
20:13:13   → [关键词排除] 命中关键词: 「先生」（卡片摘要）
20:13:13 [总第 6 张] 处理: 马女士
20:13:13   → [风控] 随机跳过
20:13:13 [总第 7 张] 处理: 李女士
20:13:13   → [关键词排除] 命中关键词: 「女士」（卡片摘要）
20:13:13 [总第 8 张] 处理: 林先生
20:13:13   → [关键词排除] 命中关键词: 「先生」（卡片摘要）
20:13:13 [总第 9 张] 处理: 向女士
20:13:13   → [关键词排除] 命中关键词: 「女士」（卡片摘要）
20:13:13 [总第 10 张] 处理: 尉先生
20:13:13   → [关键词排除] 命中关键词: 「先生」（卡片摘要）
20:13:13 [总第 11 张] 处理: 彭先生
20:13:13   → [关键词排除] 命中关键词: 「先生」（卡片摘要）
20:13:13 [总第 12 张] 处理: 陈先生
20:13:13   → [关键词排除] 命中关键词: 「先生」（卡片摘要）
20:13:14 [总第 13 张] 处理: 黄先生
20:13:14   → [关键词排除] 命中关键词: 「先生」（卡片摘要）
20:13:14 [总第 14 张] 处理: 饶先生
20:13:14   → [风控] 随机跳过
20:13:14 [总第 15 张] 处理: 汤女士
20:13:14   → [关键词排除] 命中关键词: 「女士」（卡片摘要）
20:13:14 [总第 16 张] 处理: 徐女士
20:13:14   → [关键词排除] 命中关键词: 「女士」（卡片摘要）
20:13:14 [总第 17 张] 处理: 臧先生
20:13:14   → [关键词排除] 命中关键词: 「先生」（卡片摘要）
20:13:14 [总第 18 张] 处理: 谭先生
20:13:14   → [关键词排除] 命中关键词: 「先生」（卡片摘要）
20:13:14 [总第 19 张] 处理: 张先生
20:13:14   → [关键词排除] 命中关键词: 「先生」（卡片摘要）
20:13:14 [总第 20 张] 处理: 陈先生
20:13:14   → [关键词排除] 命中关键词: 「先生」（卡片摘要）
20:13:14 ── 第 1 批处理完，滚动加载更多候选人...
