20:08:21 ── 第 1 批，共 20 张新卡片 ──
20:08:21 [总第 1 张] 处理: 李女士
20:08:21   → [关键词排除] 命中关键词: 「女士」（卡片摘要）
20:08:21 [总第 2 张] 处理: 唐女士
20:08:21   → [关键词排除] 命中关键词: 「女士」（卡片摘要）
20:08:21 [总第 3 张] 处理: 董先生
20:08:21   → [关键词排除] 命中关键词: 「先生」（卡片摘要）
20:08:21 [总第 4 张] 处理: 余女士
20:08:21   → [关键词排除] 命中关键词: 「女士」（卡片摘要）
20:08:22 [总第 5 张] 处理: 周女士
20:08:22   → [关键词排除] 命中关键词: 「女士」（卡片摘要）
20:08:22 [总第 6 张] 处理: 夏先生
20:08:22   → [关键词排除] 命中关键词: 「先生」（卡片摘要）
20:08:22 [总第 7 张] 处理: 卢女士
20:08:22   → [关键词排除] 命中关键词: 「女士」（卡片摘要）
20:08:22 [总第 8 张] 处理: 吴先生
20:08:22   → [关键词排除] 命中关键词: 「先生」（卡片摘要）
20:08:22 [总第 9 张] 处理: 张先生
20:08:22   → [关键词排除] 命中关键词: 「先生」（卡片摘要）
20:08:22 [总第 10 张] 处理: 钟先生
20:08:22   → [关键词排除] 命中关键词: 「先生」（卡片摘要）
20:08:22 [总第 11 张] 处理: 罗先生
20:08:22   → [关键词排除] 命中关键词: 「先生」（卡片摘要）
20:08:22 [总第 12 张] 处理: 陈先生
20:08:22   → [关键词排除] 命中关键词: 「先生」（卡片摘要）
20:08:22 [总第 13 张] 处理: 王先生
20:08:22   → [关键词排除] 命中关键词: 「先生」（卡片摘要）
20:08:22 [总第 14 张] 处理: 刘女士
20:08:22   → [风控] 随机跳过
20:08:22 [总第 15 张] 处理: 潘先生
20:08:22   → [风控] 随机跳过
20:08:22 [总第 16 张] 处理: 马女士
20:08:22   → [关键词排除] 命中关键词: 「女士」（卡片摘要）
20:08:22 [总第 17 张] 处理: 李女士
20:08:22   → [关键词排除] 命中关键词: 「女士」（卡片摘要）
20:08:22 [总第 18 张] 处理: 林先生
20:08:22   → [关键词排除] 命中关键词: 「先生」（卡片摘要）
20:08:22 [总第 19 张] 处理: 向女士
20:08:22   → [关键词排除] 命中关键词: 「女士」（卡片摘要）
20:08:22 [总第 20 张] 处理: 尉先生
20:08:22   → [关键词排除] 命中关键词: 「先生」（卡片摘要）
20:08:22 ── 第 1 批处理完，滚动加载更多候选人...
20:08:29 ── 已滚动到底，没有新候选人，筛选结束
20:08:29 
════════════════════════════════════════════════════════════
  本次筛选完成
────────────────────────────────────────────────────────────
  筛选总数：20
  通过（已打招呼）：0
  未通过（AI拒绝）：0
  未通过（关键词排除）：18  命中关键词：「女士」、「先生」
  跳过（风控随机）：2
  失败（AI调用失败）：0
────────────────────────────────────────────────────────────
  验证：20 = 0+0+18+2+0 ✓
────────────────────────────────────────────────────────────
  JSON报告：\\192.168.0.113\共享文件夹\需求及测试文档_请按功能划分文件夹\obsidian\cjw\02_线索笔记\1.招聘\agno1-dev_0.0.1.0\agno1\artifacts\zhaopin\zhilian\zhilian_screener_20260303_200735.json
  运行日志：\\192.168.0.113\共享文件夹\需求及测试文档_请按功能划分文件夹\obsidian\cjw\02_线索笔记\1.招聘\agno1-dev_0.0.1.0\agno1\logs\zhaopin\zhilian\zhilian_screener_20260303_200735.log
════════════════════════════════════════════════════════════
