14:06:39 ── 第 1 批，共 20 张新卡片 ──
14:06:39 [总第 1 张] 处理: 马女士
14:06:40   → [AI Prompt]
────────────────────────────────────────────────────────────
请根据以下简历信息判断是否适合[学校要求：第一学历为985211院校，但排除非强势计算机理工背景的985211学校、或政策照顾性985/211学校。年限要求：年龄22-30岁，排除27年及之后的应届生。专业要求：专业不限，非理工科专业可以放行。地点要求：期望地点为重庆。备注：如果没有本科学校信息，只有硕士学校信息，且硕士学校符合要求，返回为true。]职位。
输出 JSON 格式：{"is_target": true/false, "reason": "原因说明"}

简历信息：
姓名：马女士
    2小时前浏览过职位
年龄：24岁
教育背景：教育经历
       中央民族大学 985院校  2021.09 - 2025.07 统计学 本科 统招
工作经历：最近一份工作经历可能未更新 询问她  北京乐信圣文科技有限公司   数据运营    2025.03 - 2025.05 (2个月) 数据运营数据提取数据异常  负责广告变现核心指标的日常监控,搭建自动化看板,实现对ARPU、eCPM等关键指标的实时追踪与预警。· 针对特定国家和产品的数据异常,进行多维下钻与异常归因分析,定位波动原因,输出分析报告。· 参与数据仓库SOP的建立与优化,规范数据提取等流程,提升团队日常分析效率。
技能标签：数据运营数据提取数据异常

简历全文（摘要）：
马女士
2小时前浏览过职位
要附件简历
24岁 (2002年1月)
工作无经验
本科
离校-正在找工作
现居北京 丰台区
最近关注
[重庆]
数据挖掘
展开
工作经历
最近一份工作经历可能未更新
询问她
北京乐信圣文科技有限公司
数据运营
2025.03 - 2025.05 (2个月)
数据运营
数据提取
数据异常
负责广告变现核心指标的日常监控,搭建自动化看板,实现对ARPU、eCPM等关键指标的实时追踪与预警。· 针对特定国家和产品的数据异常,进行多维下钻与异常归因分析,定位波动原因,输出分析报告。· 参与数据仓库SOP的建立与优化,规范数据提取等流程,提升团队日常分析效率。
项目经历
调查分析大赛
2023.10 - 2024.05 (7个月)
项目表述:  基于主成分分析对湖南省旅游产业竞争力进行研究,收集全国31个省市关于地区生产总值等22个指标,利用R语言进行数据分析,构建了包含基础竞争力、核心竞争力两大维度、8个领域层、22个具体指标的评价指标体系,准确呈现了实证分析结果,提出了至少四条可行的对策建议。
全国大学生创新大赛
2023.07 - 2024.04 (9个月)
项目表述:基于SOR理论研究非遗数字化传播,带领团队走访北京各木版水印企业并发放问卷,主要负责模型构建、相关性分析以及模型检验等工作,得出影响非遗数字化传播的因素,获北京赛区二等奖。
数学建模大赛
2022.09 - 2022.10 (1个月)
项目表述:独立搜集并清洗9000条数据,识别并修正异常数据,确保数据质量,运用R语言系统聚类分析对省份进行分类,量化绿色金融对碳排放的非线性影响,产出具备政策参考价值的分析报告,获北京赛区三等奖。
教育经历
中央民族大学
985院校
2021.09 - 2025.07
统计学
本科
统招
个人优势
团队协作:擅长沟通,具有良好的团队协作能力,擅长推进工作任务,具有良好的心态及适应能力;
打电话
打招呼
存至本地
收藏
转给同事
打印
举报
不合适
────────────────────────────────────────────────────────────
14:06:48   → [AI 原始回答] 
────────────────────────────────────────────────────────────

────────────────────────────────────────────────────────────
14:06:48   → AI 调用失败: AI 返回内容为空
  → [AI 原始回答（失败）]
────────────────────────────────────────────────────────────

────────────────────────────────────────────────────────────
14:06:49   → 等待 4 秒...
14:06:53 [总第 2 张] 处理: 王先生
14:06:54   → [AI Prompt]
────────────────────────────────────────────────────────────
请根据以下简历信息判断是否适合[学校要求：第一学历为985211院校，但排除非强势计算机理工背景的985211学校、或政策照顾性985/211学校。年限要求：年龄22-30岁，排除27年及之后的应届生。专业要求：专业不限，非理工科专业可以放行。地点要求：期望地点为重庆。备注：如果没有本科学校信息，只有硕士学校信息，且硕士学校符合要求，返回为true。]职位。
输出 JSON 格式：{"is_target": true/false, "reason": "原因说明"}

简历信息：
姓名：王先生
    10小时前在线
年龄：24岁
教育背景：教育经历
       重庆大学 985院校  2023.09 - 2026.06 计算机科学与技术（应用技术） 硕士 统招
工作经历：教育经历
       重庆大学 985院校  2023.09 - 2026.06 计算机科学与技术（应用技术） 硕士 统招
期望薪资：4千-6千/月

简历全文（摘要）：
王先生
10小时前在线
要附件简历
24岁 (2001年7月)
工作2年
硕士
离校-正在找工作
现居重庆 九龙坡区
求职期望
[重庆]
数据挖掘
全职
实习
4千-6千/月 
互联网
展开
教育经历
重庆大学
985院校
2023.09 - 2026.06
计算机科学与技术（应用技术）
硕士
统招
个人优势
良好的沟通能力，团队协作能力，个人管理能力
不合适
打电话
继续聊天
存至本地
收藏
转给同事
打印
举报
人才标签

添加标签，可在人才管理中快速定位人才

添加标签
人才处理记录 (2条)
3/311:22
陈靖雯hr经理
查看了简历
3/311:22
陈靖雯hr经理
针对「职位：策略工程师（特征分析）」向候选人发起聊天
────────────────────────────────────────────────────────────
