11:13:49 [总第 1 张] 处理: 彭先生 (vidx_0_E5BDADE58588E7949F7C27E5B2817C8E58D83-1E)
11:13:50   → [AI Prompt]
────────────────────────────────────────────────────────────
请根据以下简历信息判断是否适合[学校要求：第一学历为985211院校，但排除非强势计算机理工背景的985211学校、或政策照顾性985/211学校。年限要求：年龄22-30岁，排除27年及之后的应届生。专业要求：专业不限，非理工科专业可以放行。地点要求：期望地点为重庆。备注：如果没有本科学校信息，只有硕士学校信息，且硕士学校符合要求，返回为true。如果缺失期望地点，也返回为true。]职位。
输出 JSON 格式：{"is_target": true/false, "reason": "原因说明"}

简历信息：
姓名：彭先生
    2小时前浏览过职位
年龄：27岁
教育背景：教育经历
       重庆大学 985院校  2024.09 - 2027.06 公共管理 硕士 统招华北水利水电大学   2017.09 - 2021.07 土木工程 本科 统招
工作经历：最近一份工作经历可能未更新 询问他  中建铁路投资建设集团有限公司 央企子公司   投标主管 （工程招投标）   2021.07 - 2025.03 (3年 8个月) 投标工程招投标项目  负责工程投标工作。
期望薪资：8千-1万/月
技能标签：投标工程招投标项目

简历全文（摘要）：
彭先生
2小时前浏览过职位
要附件简历
27岁 (1999年3月)
工作5年
硕士
离职-正在找工作
现居重庆 渝中区
求职期望
[重庆-渝中区]
运营助理/专员
8千-1万/月 
物业管理、 人力资源服务、 景区/商业/市场等综合管理
展开
工作经历
最近一份工作经历可能未更新
询问他
中建铁路投资建设集团有限公司
央企子公司
投标主管
（工程招投标）
2021.07 - 2025.03 (3年 8个月)
投标
工程招投标项目
负责工程投标工作。
教育经历
重庆大学
985院校
2024.09 - 2027.06
公共管理
硕士
统招
华北水利水电大学
2017.09 - 2021.07
土木工程
本科
统招
打电话
打招呼
存至本地
收藏
转给同事
打印
举报
不合适
────────────────────────────────────────────────────────────
11:14:02   → AI 未通过: 第一学历（本科）华北水利水电大学非985/211院校，不符合学校要求；硕士毕业时间为2027年，属于27年及之后的应届生，不符合年限要求。
11:14:03   → 等待 4 秒...
11:14:07 [总第 2 张] 处理: 陈女士 (vidx_1_E99988E5A5B3E5A3AB7C28E5B2817C8E58D83-1E)
11:14:08   → [关键词排除] 命中关键词: 「银行」（简历全文）
11:14:09 [总第 3 张] 处理: 陈女士 (vidx_2_E99988E5A5B3E5A3AB7C24E5B2817C7CE59CA8E6)
11:14:10   → [AI Prompt]
────────────────────────────────────────────────────────────
请根据以下简历信息判断是否适合[学校要求：第一学历为985211院校，但排除非强势计算机理工背景的985211学校、或政策照顾性985/211学校。年限要求：年龄22-30岁，排除27年及之后的应届生。专业要求：专业不限，非理工科专业可以放行。地点要求：期望地点为重庆。备注：如果没有本科学校信息，只有硕士学校信息，且硕士学校符合要求，返回为true。如果缺失期望地点，也返回为true。]职位。
输出 JSON 格式：{"is_target": true/false, "reason": "原因说明"}

简历信息：
姓名：陈女士
    半小时前有投递
年龄：24岁
教育背景：教育经历
       中南大学 985院校  2022.09 - 2025.06 管理科学与工程 硕士 统招
工作经历：最近一份工作经历可能未更新 询问她  四川财舒心法律服务有限公司   新媒体运营    2024.04 - 2024.06 (2个月) 新媒体运营社交媒体平台粉丝互动  工作描述:在社交媒体平台上定期更新内容;与粉丝互动,提升粉丝数量和活跃度,维护社群秩序; 两份工作间有19个月空档期 询问她  中国人寿 2025年世界500强企业   销售运营    2022.07 - 2022.09 (2个月) 市场推广销售运营销售数据  工作描述:对销售数据进行数据整理、问题分析、结果汇总市场推广;形成一份可视化报表呈现给相关部门,向相关部门反馈信息;
技能标签：新媒体运营社交媒体平台粉丝互动

简历全文（摘要）：
陈女士
半小时前有投递
要附件简历
24岁 (2002年2月)
工作无经验
硕士
在校-正在找工作
现居达州 大竹县
最近关注
[重庆]
数据运营
展开
工作经历
最近一份工作经历可能未更新
询问她
四川财舒心法律服务有限公司
新媒体运营
2024.04 - 2024.06 (2个月)
新媒体运营
社交媒体平台
粉丝互动
工作描述:在社交媒体平台上定期更新内容;与粉丝互动,提升粉丝数量和活跃度,维护社群秩序;
两份工作间有19个月空档期
询问她
中国人寿
2025年世界500强企业
销售运营
2022.07 - 2022.09 (2个月)
市场推广
销售运营
销售数据
工作描述:对销售数据进行数据整理、问题分析、结果汇总市场推广;形成一份可视化报表呈现给相关部门,向相关部门反馈信息;
教育经历
中南大学
985院校
2022.09 - 2025.06
管理科学与工程
硕士
统招
个人优势
为人诚实守信,认真负责,能吃苦耐劳,热爱互联网,熟悉微信微博运营推广技巧,对媒体有浓厚兴趣,对时事热点有敏感度,善于发现热点话题,熟悉互联网语言和规律,具备团队协作精神,逻辑思维能力强,工作态度积极,责任心强,能够承受在一定压力下工作。
打电话
打招呼
存至本地
收藏
转给同事
打印
举报
不合适
────────────────────────────────────────────────────────────
11:14:19   → AI 通过: 该候选人符合所有要求：
1. **第一学历要求：** 简历中只有硕士学校信息，中南大学是985院校，管理科学与工程专业属于理工科范畴，不属于非强势计算机理工背景或政策照顾性院校。
2. **年限要求：** 年龄24岁，在22-30岁范围内。2025年毕业的应届生未被排除（排除27年及之后的应届生）。
3. **专业要求：** 专业不限，管理科学与工程符合要求。
4. **地点要求：** 期望地点为重庆，符合要求。
11:14:21   → 已打招呼
11:14:22   → 等待 5 秒...
11:14:27 [总第 4 张] 处理: 陈女士 (vidx_3_E99988E5A5B3E5A3AB7C24E5B2817C6E58D83-1E)
11:14:28   → [AI Prompt]
────────────────────────────────────────────────────────────
请根据以下简历信息判断是否适合[学校要求：第一学历为985211院校，但排除非强势计算机理工背景的985211学校、或政策照顾性985/211学校。年限要求：年龄22-30岁，排除27年及之后的应届生。专业要求：专业不限，非理工科专业可以放行。地点要求：期望地点为重庆。备注：如果没有本科学校信息，只有硕士学校信息，且硕士学校符合要求，返回为true。如果缺失期望地点，也返回为true。]职位。
输出 JSON 格式：{"is_target": true/false, "reason": "原因说明"}

简历信息：
姓名：陈女士
    2小时前浏览过职位
年龄：24岁
教育背景：教育经历
       重庆大学 985院校  2024.09 - 2027.06 新闻与传播 硕士 统招
工作经历：教育经历
       重庆大学 985院校  2024.09 - 2027.06 新闻与传播 硕士 统招
期望薪资：6千-1万/月

简历全文（摘要）：
陈女士
2小时前浏览过职位
要附件简历
24岁 (2001年12月)
工作无经验
硕士
在校-看看机会
现居重庆 沙坪坝区
求职期望
[重庆]
产品运营
全职
兼职
实习
6千-1万/月
展开
教育经历
重庆大学
985院校
2024.09 - 2027.06
新闻与传播
硕士
统招
打电话
打招呼
存至本地
收藏
转给同事
打印
举报
不合适
────────────────────────────────────────────────────────────
11:14:39   → AI 未通过: 年限要求：排除2027年及之后的应届生，该候选人硕士毕业时间为2027年6月，属于被排除范围。
11:14:40   → 等待 4 秒...
11:14:44 [总第 5 张] 处理: 刘女士 (vidx_4_E58898E5A5B3E5A3AB7C29E5B2817C5E58D83-1E)
11:14:45   → [AI Prompt]
────────────────────────────────────────────────────────────
请根据以下简历信息判断是否适合[学校要求：第一学历为985211院校，但排除非强势计算机理工背景的985211学校、或政策照顾性985/211学校。年限要求：年龄22-30岁，排除27年及之后的应届生。专业要求：专业不限，非理工科专业可以放行。地点要求：期望地点为重庆。备注：如果没有本科学校信息，只有硕士学校信息，且硕士学校符合要求，返回为true。如果缺失期望地点，也返回为true。]职位。
输出 JSON 格式：{"is_target": true/false, "reason": "原因说明"}

简历信息：
姓名：刘女士
    3小时前浏览过职位
年龄：29岁
教育背景：教育经历
       北京航空航天大学 985院校  2018.09 - 2021.01 仪器仪表工程 硕士 统招北京化工大学 211院校  2014.09 - 2018.07 测控技术与仪器 本科 统招
工作经历：重庆两江新区人民医院 事业单位   信息科干事 （信息技术专员）   2025.05 - 至今 (10个月) Windows制药/医疗  会议技术支持与管理参与各大会议室硬件验收工作及全院重大会议的前期技术准备工作,包括音频设备调试、网络测试等,确保会议顺利召开;·信息系统权限管理负责全院医生、护士工作站的创建及权限配置;·采购与招标管理参与对接其他科室提出的采购需求,撰写招标文件,完成挂网招标及评标工作。 两份工作间有14个月空档期 询问她  中冶赛迪信息技术（重庆）有限公司 上市企业子公司   自动化工程师    2021.03 - 2024.03 (3年) AutoCAD  · 钢铁行业集控项目实施 铜陵特材集控中心项目 | 自动化设计师
参与铜陵特材动力分厂从设计到投产的全周期自动化工作，包括网络架构设计（集控自动化部分网络设计、80MW发电安全控制系统网络设计）、系统调试及功能验收，并保障80MW发电安全控制系统测试成功。
· 钢铁行业项目开拓
作为能源自动化负责人/设计师，参与10+家大型钢铁企业（安泰钢铁、长强钢铁、日照钢铁等）的项目前期调研，并完成方案设计及技术附件编制等工作。
期望薪资：5千-1万/月
技能标签：Windows制药/医疗

简历全文（摘要）：
刘女士
3小时前浏览过职位
要附件简历
29岁 (1997年1月)
工作5年
硕士
离职-正在找工作
现居重庆 渝北区（住址距工作地5.6km）
求职期望
[重庆]
数据分析师
5千-1万/月
展开
工作经历
重庆两江新区人民医院
事业单位
信息科干事
（信息技术专员）
2025.05 - 至今 (10个月)
Windows
制药/医疗
会议技术支持与管理参与各大会议室硬件验收工作及全院重大会议的前期技术准备工作,包括音频设备调试、网络测试等,确保会议顺利召开;·信息系统权限管理负责全院医生、护士工作站的创建及权限配置;·采购与招标管理参与对接其他科室提出的采购需求,撰写招标文件,完成挂网招标及评标工作。
两份工作间有14个月空档期
询问她
中冶赛迪信息技术（重庆）有限公司
上市企业子公司
自动化工程师
2021.03 - 2024.03 (3年)
AutoCAD
· 钢铁行业集控项目实施 铜陵特材集控中心项目 | 自动化设计师
参与铜陵特材动力分厂从设计到投产的全周期自动化工作，包括网络架构设计（集控自动化部分网络设计、80MW发电安全控制系统网络设计）、系统调试及功能验收，并保障80MW发电安全控制系统测试成功。
· 钢铁行业项目开拓
作为能源自动化负责人/设计师，参与10+家大型钢铁企业（安泰钢铁、长强钢铁、日照钢铁等）的项目前期调研，并完成方案设计及技术附件编制等工作。
教育经历
北京航空航天大学
985院校
2018.09 - 2021.01
仪器仪表工程
硕士
统招
北京化工大学
211院校
2014.09 - 2018.07
测控技术与仪器
本科
统招
个人优势
本人性格开朗,做事踏实,有较强的责任心及良好的沟通能力。
·具有较强的信息检索、收集、分析、整理与归纳能力。
打电话
打招呼
存至本地
收藏
转给同事
打印
举报
不合适
────────────────────────────────────────────────────────────
11:14:57   → AI 通过: 所有条件均符合。
1.  **学历要求：** 候选人本科毕业于北京化工大学（211院校），硕士毕业于北京航空航天大学（985院校），均符合第一学历为985/211院校的要求。其专业测控技术与仪器和仪器仪表工程均为理工科背景，且学校非政策照顾性或非强势计算机理工背景。
2.  **年龄要求：** 候选人年龄29岁，符合22-30岁的年龄范围，且非2027年及之后的应届生。
3.  **专业要求：** 职位专业不限，候选人专业为理工科，符合要求。
4.  **地点要求：** 候选人期望地点为重庆，符合要求。
11:14:59   → 已打招呼
11:14:59   → 等待 4 秒...
11:15:03 [总第 6 张] 处理: 柏先生 (vidx_5_E69F8FE58588E7949F7C23E5B2817C3E58D83-5E)
11:15:05   → [关键词排除] 命中关键词: 「教师」（简历全文）
11:15:05 [总第 7 张] 处理: 金女士 (vidx_6_E98791E5A5B3E5A3AB7C30E5B2817C1E4B887-1.)
11:15:06   → [关键词排除] 命中关键词: 「材料科学」（简历全文）
11:15:07 [总第 8 张] 处理: 夏女士 (vidx_7_E5A48FE5A5B3E5A3AB7C27E5B2817C1E4B887-1.)
11:15:08   → [AI Prompt]
────────────────────────────────────────────────────────────
请根据以下简历信息判断是否适合[学校要求：第一学历为985211院校，但排除非强势计算机理工背景的985211学校、或政策照顾性985/211学校。年限要求：年龄22-30岁，排除27年及之后的应届生。专业要求：专业不限，非理工科专业可以放行。地点要求：期望地点为重庆。备注：如果没有本科学校信息，只有硕士学校信息，且硕士学校符合要求，返回为true。如果缺失期望地点，也返回为true。]职位。
输出 JSON 格式：{"is_target": true/false, "reason": "原因说明"}

简历信息：
姓名：夏女士
    10小时前在线
年龄：27岁
教育背景：教育经历
       重庆大学 985院校  2020.09 - 2023.06 工商管理 硕士 统招四川大学 985院校  2016.09 - 2020.07 管理科学 本科 统招
工作经历：最近一份工作经历可能未更新 询问她  中国信息通信研究院 事业单位   综合管理实习生 （行政专员/助理） 4千/月  2022.01 - 2022.05 (4个月) 活动策划资料管理会议组织考勤管理后勤管理费用报销公文写作固定资产统计  【行政管理】协助主管执行招聘、考勤、员工关系、培训、策划节日活动等相关工作，完善管理流程及制度体系 
【材料撰写】对接工物所内各职能部门，协助起草和修订汇报材料20余份、周均2份以上会议纪要等
【会议接待】协助举办10余次座谈交流，负责会议筹备与现场管理；配合展厅建设工作，接待政府与企业参观展厅 两份工作间有27个月空档期 询问她  四川省建筑科学研究院有限公司 国有企业   科技管理实习生 （科研人员） 1千/月  2019.09 - 2019.10 (1个月) 科研项目专利数据整理  【科研助理】负责公司科研项目与专利等资料的基础统计、核对、汇总等相关工作 
【数据支持】运用Excel软件整理技术相关标准的数据，收集企业研究开发活动情况，协助开展会议等 重庆万盛商汇投资有限公司   运营实习生 （运营助理/专员） 1千/月  2019.01 - 2019.05 (4个月) 微博运营微信运营  【内容运营】独立运营该项目的微博与公众号，从0-1建设新公众号，结合抽奖活动等方式引流
【宣传策划】实时了解市场竞争信息，收集网络推广情况，提出新的推广运营思路，结合用户反馈制定宣传方案 两份工作间有16个月空档期 询问她  Plug and Play（科技创新加速器）   运营实习生 （运营助理/专员） 1千/月  2017.07 - 2017.09 (2个月) 内容运营新媒体运营  【活动运营】协助公司举办6场商务活动，参与部分活动的策划与执行；负责微信公众号建设，编辑并发布推文
【行政事务】接待领导与外部来访人员并摄影；对接20余家入孵企业服务，协助上级进行内务、后勤管理等
期望薪资：1万-1.5万/月
技能标签：活动策划资料管理会议组织考勤管理后勤管理费用报销公文写作固定资产统计

简历全文（摘要）：
夏女士
10小时前在线
要附件简历
27岁 (1998年9月)
工作无经验
硕士
在校-正在找工作
现居重庆 沙坪坝区
户口重庆
中共党员（含预备党员）
求职期望
[重庆-沙坪坝区]
项目专员/助理
1万-1.5万/月
展开
工作经历
最近一份工作经历可能未更新
询问她
中国信息通信研究院
事业单位
综合管理实习生
（行政专员/助理）
4千/月
2022.01 - 2022.05 (4个月)
活动策划
资料管理
会议组织
考勤管理
后勤管理
费用报销
公文写作
固定资产统计
【行政管理】协助主管执行招聘、考勤、员工关系、培训、策划节日活动等相关工作，完善管理流程及制度体系 
【材料撰写】对接工物所内各职能部门，协助起草和修订汇报材料20余份、周均2份以上会议纪要等
【会议接待】协助举办10余次座谈交流，负责会议筹备与现场管理；配合展厅建设工作，接待政府与企业参观展厅
两份工作间有27个月空档期
询问她
四川省建筑科学研究院有限公司
国有企业
科技管理实习生
（科研人员）
1千/月
2019.09 - 2019.10 (1个月)
科研项目
专利数据整理
【科研助理】负责公司科研项目与专利等资料的基础统计、核对、汇总等相关工作 
【数据支持】运用Excel软件整理技术相关标准的数据，收集企业研究开发活动情况，协助开展会议等
重庆万盛商汇投资有限公司
运营实习生
（运营助理/专员）
1千/月
2019.01 - 2019.05 (4个月)
微博运营
微信运营
【内容运营】独立运营该项目的微博与公众号，从0-1建设新公众号，结合抽奖活动等方式引流
【宣传策划】实时了解市场竞争信息，收集网络推广情况，提出新的推广运营思路，结合用户反馈制定宣传方案
两份工作间有16个月空档期
询问她
Plug and Play（科技创新加速器）
运营实习生
（运营助理/专员）
1千/月
2017.07 - 2017.09 (2个月)
内容运营
新媒体运营
【活动运营】协助公司举办6场商务活动，参与部分活动的策划与执行；负责微信公众号建设，编辑并发布推文
【行政事务】接待领导与外部来访人员并摄影；对接20余家入孵企业服务，协助上级进行内务、后勤管理等
项目经历
大学生创新创业训练计划国家级项目
2018.03 - 2019.03 (1年)
担任项目“小叮知识共享”的核心成员，主要负责调研项目所在行业状况、市场前景、进行目标客户群体分析，与团队研讨产品与服务模式等，还负责了策划书排版美化以及优化PPT等工作，项目获得国家级立项，并已优秀结题。
互联网+大学生创新创业大赛省级项目
2018.03 - 2018.12 (9个月)
担任项目“Wavetrain多动症智能诊疗专家”的核心成员，与团队共同调研项目的市场空间，分析产品核心竞争力和市场竞争优势，确定产品市场和定位，完善商业模式等，还负责了策划书排版美化以及优化PPT等工作，项目获得省级金奖
教育经历
重庆大学
985院校
2020.09 - 2023.06
工商管理
硕士
统招
四川大学
985院校
2016.09 - 2020.07
管理科学
本科
统招
个人优势
【专业能力】：通过CET4/CET6，熟练掌握Office办公软件
【自我评价】：积极上进，工作认真负责、耐心细致，具有较强的抗压能力、协调沟通能力、计划执行能力
【荣誉奖项】：2018年“创青春”全国大学生创业大赛国家级铜奖；大学生创新创业训练计划国家级项目成员、校级项目负责人；互联网+大学生创新创业大赛第四届省级金奖；四川大学优秀学生、四川大学2020优秀毕业生；重庆大学优秀共青团干部、重庆大学优秀研究生干部
语言能力
英语
读写能力
良好
听说能力
一般
专业技能
Python语言
（使用2个月）
一般
MATLAB软件
（使用2个月）
良好
Office办公软件
（使用36个月）
熟练
学生干部经历
校学生会部长
2021.09 - 2022.06
打电话
打招呼
存至本地
收藏
转给同事
打印
举报
不合适
────────────────────────────────────────────────────────────
11:15:16   → AI 未通过: 第一学历四川大学的管理科学专业属于非强势计算机理工背景，不符合“排除非强势计算机理工背景的985211学校”的要求。
11:15:17   → 等待 5 秒...
11:15:22 [总第 9 张] 处理: 刘女士 (vidx_8_E58898E5A5B3E5A3AB7C25E5B2817C1.3E4B887-)
11:15:23   → [关键词排除] 命中关键词: 「银行」（简历全文）
11:15:24 [总第 10 张] 处理: 袁女士 (vidx_0_E8A281E5A5B3E5A3AB7C25E5B2817C7E58D83-1.)
11:15:25   → [AI Prompt]
────────────────────────────────────────────────────────────
请根据以下简历信息判断是否适合[学校要求：第一学历为985211院校，但排除非强势计算机理工背景的985211学校、或政策照顾性985/211学校。年限要求：年龄22-30岁，排除27年及之后的应届生。专业要求：专业不限，非理工科专业可以放行。地点要求：期望地点为重庆。备注：如果没有本科学校信息，只有硕士学校信息，且硕士学校符合要求，返回为true。如果缺失期望地点，也返回为true。]职位。
输出 JSON 格式：{"is_target": true/false, "reason": "原因说明"}

简历信息：
姓名：彭先生
    2小时前浏览过职位
年龄：27岁
教育背景：教育经历
       重庆大学 985院校  2024.09 - 2027.06 公共管理 硕士 统招华北水利水电大学   2017.09 - 2021.07 土木工程 本科 统招
工作经历：最近一份工作经历可能未更新 询问他  中建铁路投资建设集团有限公司 央企子公司   投标主管 （工程招投标）   2021.07 - 2025.03 (3年 8个月) 投标工程招投标项目  负责工程投标工作。
期望薪资：8千-1万/月
技能标签：投标工程招投标项目

简历全文（摘要）：
彭先生
2小时前浏览过职位
要附件简历
27岁 (1999年3月)
工作5年
硕士
离职-正在找工作
现居重庆 渝中区
求职期望
[重庆-渝中区]
运营助理/专员
8千-1万/月 
物业管理、 人力资源服务、 景区/商业/市场等综合管理
展开
工作经历
最近一份工作经历可能未更新
询问他
中建铁路投资建设集团有限公司
央企子公司
投标主管
（工程招投标）
2021.07 - 2025.03 (3年 8个月)
投标
工程招投标项目
负责工程投标工作。
教育经历
重庆大学
985院校
2024.09 - 2027.06
公共管理
硕士
统招
华北水利水电大学
2017.09 - 2021.07
土木工程
本科
统招
打电话
打招呼
存至本地
收藏
转给同事
打印
举报
不合适
────────────────────────────────────────────────────────────
11:15:34   → AI 未通过: 本科学校华北水利水电大学非985/211院校，不符合第一学历要求。此外，该候选人硕士毕业时间为2027年，属于2027年应届生，不符合排除2027年及之后应届生的年限要求。
11:15:35   → 等待 4 秒...
11:15:39 [总第 11 张] 处理: 王女士 (vidx_1_E78E8BE5A5B3E5A3AB7C23E5B2817C7E58D83-1E)
11:15:39   → [风控] 随机跳过
11:15:39 [总第 12 张] 处理: 胡先生 (vidx_2_E883A1E58588E7949F7C25E5B2817C8E58D83-1.)
11:15:40   → [AI Prompt]
────────────────────────────────────────────────────────────
请根据以下简历信息判断是否适合[学校要求：第一学历为985211院校，但排除非强势计算机理工背景的985211学校、或政策照顾性985/211学校。年限要求：年龄22-30岁，排除27年及之后的应届生。专业要求：专业不限，非理工科专业可以放行。地点要求：期望地点为重庆。备注：如果没有本科学校信息，只有硕士学校信息，且硕士学校符合要求，返回为true。如果缺失期望地点，也返回为true。]职位。
输出 JSON 格式：{"is_target": true/false, "reason": "原因说明"}

简历信息：
姓名：陈女士
    半小时前有投递
年龄：24岁
教育背景：教育经历
       中南大学 985院校  2022.09 - 2025.06 管理科学与工程 硕士 统招
工作经历：最近一份工作经历可能未更新 询问她  四川财舒心法律服务有限公司   新媒体运营    2024.04 - 2024.06 (2个月) 新媒体运营社交媒体平台粉丝互动  工作描述:在社交媒体平台上定期更新内容;与粉丝互动,提升粉丝数量和活跃度,维护社群秩序; 两份工作间有19个月空档期 询问她  中国人寿 2025年世界500强企业   销售运营    2022.07 - 2022.09 (2个月) 市场推广销售运营销售数据  工作描述:对销售数据进行数据整理、问题分析、结果汇总市场推广;形成一份可视化报表呈现给相关部门,向相关部门反馈信息;
技能标签：新媒体运营社交媒体平台粉丝互动

简历全文（摘要）：
陈女士
半小时前有投递
要附件简历
24岁 (2002年2月)
工作无经验
硕士
在校-正在找工作
现居达州 大竹县
最近关注
[重庆]
数据运营
展开
工作经历
最近一份工作经历可能未更新
询问她
四川财舒心法律服务有限公司
新媒体运营
2024.04 - 2024.06 (2个月)
新媒体运营
社交媒体平台
粉丝互动
工作描述:在社交媒体平台上定期更新内容;与粉丝互动,提升粉丝数量和活跃度,维护社群秩序;
两份工作间有19个月空档期
询问她
中国人寿
2025年世界500强企业
销售运营
2022.07 - 2022.09 (2个月)
市场推广
销售运营
销售数据
工作描述:对销售数据进行数据整理、问题分析、结果汇总市场推广;形成一份可视化报表呈现给相关部门,向相关部门反馈信息;
教育经历
中南大学
985院校
2022.09 - 2025.06
管理科学与工程
硕士
统招
个人优势
为人诚实守信,认真负责,能吃苦耐劳,热爱互联网,熟悉微信微博运营推广技巧,对媒体有浓厚兴趣,对时事热点有敏感度,善于发现热点话题,熟悉互联网语言和规律,具备团队协作精神,逻辑思维能力强,工作态度积极,责任心强,能够承受在一定压力下工作。
打电话
继续聊天
存至本地
收藏
转给同事
打印
举报
不合适
────────────────────────────────────────────────────────────
11:15:49   → AI 通过: 该候选人符合所有要求。教育背景方面，硕士毕业于985院校中南大学，根据规则，在缺少本科信息时，硕士学校符合要求即可。年龄24岁，在22-30岁范围内，且非2027年及之后的应届生。专业为管理科学与工程，符合专业不限的要求。期望地点为重庆，符合地点要求。
11:15:51   → 已打招呼
11:15:52   → 等待 5 秒...
11:15:57 [总第 13 张] 处理: 张女士 (vidx_3_E5BCA0E5A5B3E5A3AB7C25E5B2817C1.3E4B887-)
11:15:58   → [AI Prompt]
────────────────────────────────────────────────────────────
请根据以下简历信息判断是否适合[学校要求：第一学历为985211院校，但排除非强势计算机理工背景的985211学校、或政策照顾性985/211学校。年限要求：年龄22-30岁，排除27年及之后的应届生。专业要求：专业不限，非理工科专业可以放行。地点要求：期望地点为重庆。备注：如果没有本科学校信息，只有硕士学校信息，且硕士学校符合要求，返回为true。如果缺失期望地点，也返回为true。]职位。
输出 JSON 格式：{"is_target": true/false, "reason": "原因说明"}

简历信息：
姓名：陈女士
    2小时前浏览过职位
年龄：24岁
教育背景：教育经历
       重庆大学 985院校  2024.09 - 2027.06 新闻与传播 硕士 统招
工作经历：教育经历
       重庆大学 985院校  2024.09 - 2027.06 新闻与传播 硕士 统招
期望薪资：6千-1万/月

简历全文（摘要）：
陈女士
2小时前浏览过职位
要附件简历
24岁 (2001年12月)
工作无经验
硕士
在校-看看机会
现居重庆 沙坪坝区
求职期望
[重庆]
产品运营
全职
兼职
实习
6千-1万/月
展开
教育经历
重庆大学
985院校
2024.09 - 2027.06
新闻与传播
硕士
统招
打电话
打招呼
存至本地
收藏
转给同事
打印
举报
不合适
────────────────────────────────────────────────────────────
11:16:11   → AI 未通过: 不符合年限要求。简历显示该候选人硕士毕业时间为2027年6月，属于2027年及之后的应届生，而职位要求明确排除2027年及之后的应届生。
11:16:12   → 等待 5 秒...
11:16:17 [总第 14 张] 处理: 陈先生 (vidx_4_E99988E58588E7949F7C29E5B2817C8E58D83-1.)
11:16:18   → [AI Prompt]
────────────────────────────────────────────────────────────
请根据以下简历信息判断是否适合[学校要求：第一学历为985211院校，但排除非强势计算机理工背景的985211学校、或政策照顾性985/211学校。年限要求：年龄22-30岁，排除27年及之后的应届生。专业要求：专业不限，非理工科专业可以放行。地点要求：期望地点为重庆。备注：如果没有本科学校信息，只有硕士学校信息，且硕士学校符合要求，返回为true。如果缺失期望地点，也返回为true。]职位。
输出 JSON 格式：{"is_target": true/false, "reason": "原因说明"}

简历信息：
姓名：刘女士
    3小时前浏览过职位
年龄：29岁
教育背景：教育经历
       北京航空航天大学 985院校  2018.09 - 2021.01 仪器仪表工程 硕士 统招北京化工大学 211院校  2014.09 - 2018.07 测控技术与仪器 本科 统招
工作经历：重庆两江新区人民医院 事业单位   信息科干事 （信息技术专员）   2025.05 - 至今 (10个月) Windows制药/医疗  会议技术支持与管理参与各大会议室硬件验收工作及全院重大会议的前期技术准备工作,包括音频设备调试、网络测试等,确保会议顺利召开;·信息系统权限管理负责全院医生、护士工作站的创建及权限配置;·采购与招标管理参与对接其他科室提出的采购需求,撰写招标文件,完成挂网招标及评标工作。 两份工作间有14个月空档期 询问她  中冶赛迪信息技术（重庆）有限公司 上市企业子公司   自动化工程师    2021.03 - 2024.03 (3年) AutoCAD  · 钢铁行业集控项目实施 铜陵特材集控中心项目 | 自动化设计师
参与铜陵特材动力分厂从设计到投产的全周期自动化工作，包括网络架构设计（集控自动化部分网络设计、80MW发电安全控制系统网络设计）、系统调试及功能验收，并保障80MW发电安全控制系统测试成功。
· 钢铁行业项目开拓
作为能源自动化负责人/设计师，参与10+家大型钢铁企业（安泰钢铁、长强钢铁、日照钢铁等）的项目前期调研，并完成方案设计及技术附件编制等工作。
期望薪资：5千-1万/月
技能标签：Windows制药/医疗

简历全文（摘要）：
刘女士
3小时前浏览过职位
要附件简历
29岁 (1997年1月)
工作5年
硕士
离职-正在找工作
现居重庆 渝北区（住址距工作地5.6km）
求职期望
[重庆]
数据分析师
5千-1万/月
展开
工作经历
重庆两江新区人民医院
事业单位
信息科干事
（信息技术专员）
2025.05 - 至今 (10个月)
Windows
制药/医疗
会议技术支持与管理参与各大会议室硬件验收工作及全院重大会议的前期技术准备工作,包括音频设备调试、网络测试等,确保会议顺利召开;·信息系统权限管理负责全院医生、护士工作站的创建及权限配置;·采购与招标管理参与对接其他科室提出的采购需求,撰写招标文件,完成挂网招标及评标工作。
两份工作间有14个月空档期
询问她
中冶赛迪信息技术（重庆）有限公司
上市企业子公司
自动化工程师
2021.03 - 2024.03 (3年)
AutoCAD
· 钢铁行业集控项目实施 铜陵特材集控中心项目 | 自动化设计师
参与铜陵特材动力分厂从设计到投产的全周期自动化工作，包括网络架构设计（集控自动化部分网络设计、80MW发电安全控制系统网络设计）、系统调试及功能验收，并保障80MW发电安全控制系统测试成功。
· 钢铁行业项目开拓
作为能源自动化负责人/设计师，参与10+家大型钢铁企业（安泰钢铁、长强钢铁、日照钢铁等）的项目前期调研，并完成方案设计及技术附件编制等工作。
教育经历
北京航空航天大学
985院校
2018.09 - 2021.01
仪器仪表工程
硕士
统招
北京化工大学
211院校
2014.09 - 2018.07
测控技术与仪器
本科
统招
个人优势
本人性格开朗,做事踏实,有较强的责任心及良好的沟通能力。
·具有较强的信息检索、收集、分析、整理与归纳能力。
打电话
继续聊天
存至本地
收藏
转给同事
打印
举报
不合适
────────────────────────────────────────────────────────────
11:16:26   → AI 通过: 年龄29岁，符合22-30岁要求；第一学历北京化工大学为211院校，专业测控技术与仪器为理工科，符合学历和专业要求，且非排除范围；期望地点为重庆，符合地点要求。
11:16:29   → 已打招呼
11:16:29   → 等待 3 秒...
11:16:32 [总第 15 张] 处理: 王先生 (vidx_5_E78E8BE58588E7949F7C28E5B2817C1.4E4B887-)
11:16:34   → [关键词排除] 命中关键词: 「教师」（简历全文）
11:16:34 [总第 16 张] 处理: 陈先生 (vidx_6_E99988E58588E7949F7C28E5B2817C8E58D83-1.)
11:16:36   → [关键词排除] 命中关键词: 「材料科学」（简历全文）
11:16:36 [总第 17 张] 处理: 罗女士 (vidx_7_E7BD97E5A5B3E5A3AB7C27E5B2817C5E58D83-7E)
11:16:38   → [AI Prompt]
────────────────────────────────────────────────────────────
请根据以下简历信息判断是否适合[学校要求：第一学历为985211院校，但排除非强势计算机理工背景的985211学校、或政策照顾性985/211学校。年限要求：年龄22-30岁，排除27年及之后的应届生。专业要求：专业不限，非理工科专业可以放行。地点要求：期望地点为重庆。备注：如果没有本科学校信息，只有硕士学校信息，且硕士学校符合要求，返回为true。如果缺失期望地点，也返回为true。]职位。
输出 JSON 格式：{"is_target": true/false, "reason": "原因说明"}

简历信息：
姓名：夏女士
    10小时前在线
年龄：27岁
教育背景：教育经历
       重庆大学 985院校  2020.09 - 2023.06 工商管理 硕士 统招四川大学 985院校  2016.09 - 2020.07 管理科学 本科 统招
工作经历：最近一份工作经历可能未更新 询问她  中国信息通信研究院 事业单位   综合管理实习生 （行政专员/助理） 4千/月  2022.01 - 2022.05 (4个月) 活动策划资料管理会议组织考勤管理后勤管理费用报销公文写作固定资产统计  【行政管理】协助主管执行招聘、考勤、员工关系、培训、策划节日活动等相关工作，完善管理流程及制度体系 
【材料撰写】对接工物所内各职能部门，协助起草和修订汇报材料20余份、周均2份以上会议纪要等
【会议接待】协助举办10余次座谈交流，负责会议筹备与现场管理；配合展厅建设工作，接待政府与企业参观展厅 两份工作间有27个月空档期 询问她  四川省建筑科学研究院有限公司 国有企业   科技管理实习生 （科研人员） 1千/月  2019.09 - 2019.10 (1个月) 科研项目专利数据整理  【科研助理】负责公司科研项目与专利等资料的基础统计、核对、汇总等相关工作 
【数据支持】运用Excel软件整理技术相关标准的数据，收集企业研究开发活动情况，协助开展会议等 重庆万盛商汇投资有限公司   运营实习生 （运营助理/专员） 1千/月  2019.01 - 2019.05 (4个月) 微博运营微信运营  【内容运营】独立运营该项目的微博与公众号，从0-1建设新公众号，结合抽奖活动等方式引流
【宣传策划】实时了解市场竞争信息，收集网络推广情况，提出新的推广运营思路，结合用户反馈制定宣传方案 两份工作间有16个月空档期 询问她  Plug and Play（科技创新加速器）   运营实习生 （运营助理/专员） 1千/月  2017.07 - 2017.09 (2个月) 内容运营新媒体运营  【活动运营】协助公司举办6场商务活动，参与部分活动的策划与执行；负责微信公众号建设，编辑并发布推文
【行政事务】接待领导与外部来访人员并摄影；对接20余家入孵企业服务，协助上级进行内务、后勤管理等
期望薪资：1万-1.5万/月
技能标签：活动策划资料管理会议组织考勤管理后勤管理费用报销公文写作固定资产统计

简历全文（摘要）：
夏女士
10小时前在线
要附件简历
27岁 (1998年9月)
工作无经验
硕士
在校-正在找工作
现居重庆 沙坪坝区
户口重庆
中共党员（含预备党员）
求职期望
[重庆-沙坪坝区]
项目专员/助理
1万-1.5万/月
展开
工作经历
最近一份工作经历可能未更新
询问她
中国信息通信研究院
事业单位
综合管理实习生
（行政专员/助理）
4千/月
2022.01 - 2022.05 (4个月)
活动策划
资料管理
会议组织
考勤管理
后勤管理
费用报销
公文写作
固定资产统计
【行政管理】协助主管执行招聘、考勤、员工关系、培训、策划节日活动等相关工作，完善管理流程及制度体系 
【材料撰写】对接工物所内各职能部门，协助起草和修订汇报材料20余份、周均2份以上会议纪要等
【会议接待】协助举办10余次座谈交流，负责会议筹备与现场管理；配合展厅建设工作，接待政府与企业参观展厅
两份工作间有27个月空档期
询问她
四川省建筑科学研究院有限公司
国有企业
科技管理实习生
（科研人员）
1千/月
2019.09 - 2019.10 (1个月)
科研项目
专利数据整理
【科研助理】负责公司科研项目与专利等资料的基础统计、核对、汇总等相关工作 
【数据支持】运用Excel软件整理技术相关标准的数据，收集企业研究开发活动情况，协助开展会议等
重庆万盛商汇投资有限公司
运营实习生
（运营助理/专员）
1千/月
2019.01 - 2019.05 (4个月)
微博运营
微信运营
【内容运营】独立运营该项目的微博与公众号，从0-1建设新公众号，结合抽奖活动等方式引流
【宣传策划】实时了解市场竞争信息，收集网络推广情况，提出新的推广运营思路，结合用户反馈制定宣传方案
两份工作间有16个月空档期
询问她
Plug and Play（科技创新加速器）
运营实习生
（运营助理/专员）
1千/月
2017.07 - 2017.09 (2个月)
内容运营
新媒体运营
【活动运营】协助公司举办6场商务活动，参与部分活动的策划与执行；负责微信公众号建设，编辑并发布推文
【行政事务】接待领导与外部来访人员并摄影；对接20余家入孵企业服务，协助上级进行内务、后勤管理等
项目经历
大学生创新创业训练计划国家级项目
2018.03 - 2019.03 (1年)
担任项目“小叮知识共享”的核心成员，主要负责调研项目所在行业状况、市场前景、进行目标客户群体分析，与团队研讨产品与服务模式等，还负责了策划书排版美化以及优化PPT等工作，项目获得国家级立项，并已优秀结题。
互联网+大学生创新创业大赛省级项目
2018.03 - 2018.12 (9个月)
担任项目“Wavetrain多动症智能诊疗专家”的核心成员，与团队共同调研项目的市场空间，分析产品核心竞争力和市场竞争优势，确定产品市场和定位，完善商业模式等，还负责了策划书排版美化以及优化PPT等工作，项目获得省级金奖
教育经历
重庆大学
985院校
2020.09 - 2023.06
工商管理
硕士
统招
四川大学
985院校
2016.09 - 2020.07
管理科学
本科
统招
个人优势
【专业能力】：通过CET4/CET6，熟练掌握Office办公软件
【自我评价】：积极上进，工作认真负责、耐心细致，具有较强的抗压能力、协调沟通能力、计划执行能力
【荣誉奖项】：2018年“创青春”全国大学生创业大赛国家级铜奖；大学生创新创业训练计划国家级项目成员、校级项目负责人；互联网+大学生创新创业大赛第四届省级金奖；四川大学优秀学生、四川大学2020优秀毕业生；重庆大学优秀共青团干部、重庆大学优秀研究生干部
语言能力
英语
读写能力
良好
听说能力
一般
专业技能
Python语言
（使用2个月）
一般
MATLAB软件
（使用2个月）
良好
Office办公软件
（使用36个月）
熟练
学生干部经历
校学生会部长
2021.09 - 2022.06
打电话
打招呼
存至本地
收藏
转给同事
打印
举报
不合适
────────────────────────────────────────────────────────────
11:16:48   → AI 通过: . **年龄：** 27岁，在22-30岁范围内，且已于2023年硕士毕业，并非2027年及之后的应届生，符合要求。\n3. **专业：** 本科管理科学，硕士工商管理，均为非理工科专业，但要求明确“专业不限，非理工科专业可以放行”，符合要求。\n4. **地点：** 期望地点为重庆，符合要求。"
}
11:16:50   → 已打招呼
11:16:51   → 等待 3 秒...
11:16:54 [总第 18 张] 处理: 王先生 (vidx_8_E78E8BE58588E7949F7C28E5B2817C1E4B887-2E)
11:16:55   → [关键词排除] 命中关键词: 「银行」（简历全文）
11:16:56 [总第 19 张] 处理: 黄女士 (vidx_9_E9BB84E5A5B3E5A3AB7C30E5B2817C7E58D83-9E)
11:16:56   → [风控] 随机跳过
11:16:56 ── 已到达列表底部（检测到 recommend-indicator），筛选结束
11:16:57 
════════════════════════════════════════════════════════════
  本次筛选完成
────────────────────────────────────────────────────────────
  筛选总数：19
  通过（已打招呼）：5
  未通过（AI拒绝）：5
  未通过（关键词排除）：7  命中关键词：「银行」、「教师」、「材料科学」
  跳过（风控随机）：2
  失败（AI调用失败）：0
────────────────────────────────────────────────────────────
  验证：19 = 5+5+7+2+0 ✓
────────────────────────────────────────────────────────────
  JSON报告：\\192.168.0.113\共享文件夹\需求及测试文档_请按功能划分文件夹\obsidian\cjw\02_线索笔记\1.招聘\agno1-dev_0.0.1.0\agno1\artifacts\zhaopin\zhilian\zhilian_screener_20260304_111303.json
  运行日志：\\192.168.0.113\共享文件夹\需求及测试文档_请按功能划分文件夹\obsidian\cjw\02_线索笔记\1.招聘\agno1-dev_0.0.1.0\agno1\logs\zhaopin\zhilian\zhilian_screener_20260304_111303.log
════════════════════════════════════════════════════════════
