10:12:04 [总第 1 张] 处理: 刘先生 (vidx_0)
10:12:04   → [关键词排除] 命中关键词: 「先生」（卡片摘要）
10:12:04 [总第 2 张] 处理: 王先生 (vidx_1)
10:12:04   → [关键词排除] 命中关键词: 「先生」（卡片摘要）
10:12:04 [总第 3 张] 处理: 杨先生 (vidx_2)
10:12:04   → [风控] 随机跳过
10:12:04 [总第 4 张] 处理: 花先生 (vidx_3)
10:12:04   → [关键词排除] 命中关键词: 「先生」（卡片摘要）
10:12:04 [总第 5 张] 处理: 陈先生 (vidx_4)
10:12:04   → [关键词排除] 命中关键词: 「先生」（卡片摘要）
10:12:04 [总第 6 张] 处理: 史女士 (vidx_5)
10:12:04   → [关键词排除] 命中关键词: 「女士」（卡片摘要）
10:12:04 [总第 7 张] 处理: 王先生 (vidx_6)
10:12:04   → [关键词排除] 命中关键词: 「先生」（卡片摘要）
10:12:04 [总第 8 张] 处理: 彭女士 (vidx_7)
10:12:04   → [关键词排除] 命中关键词: 「女士」（卡片摘要）
10:12:04 [总第 9 张] 处理: 李先生 (vidx_8)
10:12:04   → [关键词排除] 命中关键词: 「先生」（卡片摘要）
10:12:04 [总第 10 张] 处理: 孙先生 (vidx_9)
10:12:04   → [关键词排除] 命中关键词: 「先生」（卡片摘要）
10:12:04 [总第 11 张] 处理: 魏先生 (vidx_10)
10:12:04   → [关键词排除] 命中关键词: 「先生」（卡片摘要）
10:12:04 [总第 12 张] 处理: 马女士 (vidx_11)
10:12:04   → [关键词排除] 命中关键词: 「女士」（卡片摘要）
10:12:04 [总第 13 张] 处理: 喻先生 (vidx_12)
10:12:04   → [关键词排除] 命中关键词: 「先生」（卡片摘要）
10:12:04 [总第 14 张] 处理: 黄先生 (vidx_13)
10:12:04   → [关键词排除] 命中关键词: 「先生」（卡片摘要）
10:12:04 [总第 15 张] 处理: 周先生 (vidx_14)
10:12:04   → [关键词排除] 命中关键词: 「先生」（卡片摘要）
10:12:04 [总第 16 张] 处理: 汤女士 (vidx_15)
10:12:04   → [关键词排除] 命中关键词: 「女士」（卡片摘要）
10:12:04 [总第 17 张] 处理: 李先生 (vidx_16)
10:12:04   → [关键词排除] 命中关键词: 「先生」（卡片摘要）
10:12:04 [总第 18 张] 处理: 罗先生 (vidx_17)
10:12:04   → [关键词排除] 命中关键词: 「先生」（卡片摘要）
10:12:04 [总第 19 张] 处理: 闫女士 (vidx_18)
10:12:04   → [关键词排除] 命中关键词: 「女士」（卡片摘要）
10:12:04 [总第 20 张] 处理: 孙女士 (vidx_19)
10:12:04   → [关键词排除] 命中关键词: 「女士」（卡片摘要）
10:12:07 ── 本步无新卡片（网络或渲染延迟，继续滚动...）
10:12:09 ── 本步无新卡片（网络或渲染延迟，继续滚动...）
10:12:11 ── 本步无新卡片（网络或渲染延迟，继续滚动...）
10:12:14 ── 滚动后发现 8 张新卡片，开始处理...
10:12:14 [总第 21 张] 处理: 向女士 (vidx_20)
10:12:14   → [关键词排除] 命中关键词: 「女士」（卡片摘要）
10:12:14 [总第 22 张] 处理: 马女士 (vidx_21)
10:12:14   → [风控] 随机跳过
10:12:14 [总第 23 张] 处理: 叶女士 (vidx_22)
10:12:14   → [关键词排除] 命中关键词: 「女士」（卡片摘要）
10:12:14 [总第 24 张] 处理: 向先生 (vidx_23)
10:12:14   → [关键词排除] 命中关键词: 「先生」（卡片摘要）
10:12:14 [总第 25 张] 处理: 马先生 (vidx_24)
10:12:14   → [风控] 随机跳过
10:12:14 [总第 26 张] 处理: 冯先生 (vidx_25)
10:12:14   → [关键词排除] 命中关键词: 「先生」（卡片摘要）
10:12:14 [总第 27 张] 处理: 李先生 (vidx_26)
10:12:14   → [关键词排除] 命中关键词: 「先生」（卡片摘要）
10:12:14 [总第 28 张] 处理: 郭先生 (vidx_27)
10:12:14   → [风控] 随机跳过
10:12:17 ── 本步无新卡片（网络或渲染延迟，继续滚动...）
10:12:19 ── 滚动后发现 2 张新卡片，开始处理...
10:12:19 [总第 29 张] 处理: 余先生 (vidx_28)
10:12:19   → [关键词排除] 命中关键词: 「先生」（卡片摘要）
10:12:19 [总第 30 张] 处理: 孙女士 (vidx_29)
10:12:19   → [关键词排除] 命中关键词: 「女士」（卡片摘要）
10:12:22 ── 本步无新卡片（网络或渲染延迟，继续滚动...）
10:12:24 ── 本步无新卡片（网络或渲染延迟，继续滚动...）
10:12:26 ── 本步无新卡片（网络或渲染延迟，继续滚动...）
10:12:29 ── 本步无新卡片（网络或渲染延迟，继续滚动...）
10:12:31 ── 本步无新卡片（网络或渲染延迟，继续滚动...）
10:12:34 ── 本步无新卡片（网络或渲染延迟，继续滚动...）
