10:28:29 [总第 1 张] 处理: 刘先生 (vidx_0_E58898E58588E7949F7C23E5B2817C8E58D83-1E4B8877CE7A6BBE6A0A1-E6AD)
10:28:29   → [关键词排除] 命中关键词: 「先生」（卡片摘要）
10:28:29 [总第 2 张] 处理: 王先生 (vidx_1_E78E8BE58588E7949F7C23E5B2817C7CE7A6BBE6A0A1-E6ADA3E59CA8E689BEE)
10:28:29   → [风控] 随机跳过
10:28:29 [总第 3 张] 处理: 杨先生 (vidx_2_E69DA8E58588E7949F7C23E5B2817C5E58D83-1E4B8877CE7A6BBE6A0A1-E6AD)
10:28:29   → [关键词排除] 命中关键词: 「先生」（卡片摘要）
10:28:29 [总第 4 张] 处理: 花先生 (vidx_3_E88AB1E58588E7949F7C22E5B2817C4E58D83-5E58D837CE59CA8E6A0A1-E6AD)
10:28:29   → [关键词排除] 命中关键词: 「先生」（卡片摘要）
10:28:29 [总第 5 张] 处理: 陈先生 (vidx_4_E99988E58588E7949F7C23E5B2817C7CE7A6BBE6A0A1-E6ADA3E59CA8E689BEE)
10:28:29   → [关键词排除] 命中关键词: 「先生」（卡片摘要）
10:28:29 [总第 6 张] 处理: 史女士 (vidx_5_E58FB2E5A5B3E5A3AB7C23E5B2817C7CE7A6BBE6A0A1-E6ADA3E59CA8E689BEE)
10:28:29   → [风控] 随机跳过
10:28:29 [总第 7 张] 处理: 王先生 (vidx_6_E78E8BE58588E7949F7C31E5B2817C1.5E4B887-2E4B8877CE59CA8E8818C-E7)
10:28:29   → [关键词排除] 命中关键词: 「先生」（卡片摘要）
10:28:29 [总第 8 张] 处理: 彭女士 (vidx_7_E5BDADE5A5B3E5A3AB7C34E5B2817C1.3E4B887-1.6E4B8877CE7A6BBE8818C-)
10:28:29   → [关键词排除] 命中关键词: 「女士」（卡片摘要）
10:28:29 [总第 9 张] 处理: 李先生 (vidx_8_E69D8EE58588E7949F7C22E5B2817C8E58D83-1.2E4B8877CE59CA8E6A0A1-E6)
10:28:29   → [关键词排除] 命中关键词: 「先生」（卡片摘要）
10:28:29 [总第 10 张] 处理: 孙先生 (vidx_9_E5AD99E58588E7949F7C37E5B2817C7CE59CA8E8818C-E79C8BE79C8BE69CBAE)
10:28:29   → [关键词排除] 命中关键词: 「先生」（卡片摘要）
10:28:29 [总第 11 张] 处理: 魏先生 (vidx_10_E9AD8FE58588E7949F7C37E5B2817C1E4B887-1.5E4B8877CE7A6BBE8818C-E6)
10:28:29   → [关键词排除] 命中关键词: 「先生」（卡片摘要）
10:28:29 [总第 12 张] 处理: 马女士 (vidx_11_E9A9ACE5A5B3E5A3AB7C22E5B2817C7CE7A6BBE6A0A1-E6ADA3E59CA8E689BEE)
10:28:29   → [关键词排除] 命中关键词: 「女士」（卡片摘要）
10:28:29 [总第 13 张] 处理: 喻先生 (vidx_12_E596BBE58588E7949F7C28E5B2817C7CE59CA8E8818C-E6ADA3E59CA8E689BEE)
10:28:29   → [关键词排除] 命中关键词: 「先生」（卡片摘要）
10:28:29 [总第 14 张] 处理: 黄先生 (vidx_13_E9BB84E58588E7949F7C23E5B2817C7CE7A6BBE6A0A1-E6ADA3E59CA8E689BEE)
10:28:29   → [风控] 随机跳过
10:28:29 [总第 15 张] 处理: 周先生 (vidx_14_E591A8E58588E7949F7C26E5B2817C1E4B887-2E4B8877CE7A6BBE6A0A1-E6AD)
10:28:29   → [关键词排除] 命中关键词: 「先生」（卡片摘要）
10:28:29 [总第 16 张] 处理: 汤女士 (vidx_15_E6B1A4E5A5B3E5A3AB7C32E5B2817C1.2E4B887-1.5E4B8877CE7A6BBE8818C-)
10:28:29   → [关键词排除] 命中关键词: 「女士」（卡片摘要）
10:28:29 [总第 17 张] 处理: 李先生 (vidx_16_E69D8EE58588E7949F7C27E5B2817C7CE59CA8E8818C-E79C8BE79C8BE69CBAE)
10:28:29   → [风控] 随机跳过
10:28:29 [总第 18 张] 处理: 罗先生 (vidx_17_E7BD97E58588E7949F7C27E5B2817C1E4B887-1.5E4B8877CE7A6BBE8818C-E6)
10:28:29   → [关键词排除] 命中关键词: 「先生」（卡片摘要）
10:28:29 [总第 19 张] 处理: 闫女士 (vidx_18_E997ABE5A5B3E5A3AB7C22E5B2817C7CE7A6BBE6A0A1-E6ADA3E59CA8E689BEE)
10:28:29   → [关键词排除] 命中关键词: 「女士」（卡片摘要）
10:28:29 [总第 20 张] 处理: 孙女士 (vidx_19_E5AD99E5A5B3E5A3AB7C27E5B2817C7E58D83-1E4B8877CE7A6BBE6A0A1-E6AD)
10:28:29   → [关键词排除] 命中关键词: 「女士」（卡片摘要）
10:28:32 ── 本步无新卡片（第 1 次）
10:28:34 ── 本步无新卡片（第 2 次）
10:28:36 ── 本步无新卡片（第 3 次）
10:28:39 ── 本步无新卡片（第 4 次）
10:28:41 ── 本步无新卡片（第 5 次）
10:28:41 ── 连续无新卡片，尝试点击「下一页」...
10:28:41 ── 未找到可用的「下一页」按钮，判定无更多候选人
10:28:41 
════════════════════════════════════════════════════════════
  本次筛选完成
────────────────────────────────────────────────────────────
  筛选总数：20
  通过（已打招呼）：0
  未通过（AI拒绝）：0
  未通过（关键词排除）：16  命中关键词：「先生」、「女士」
  跳过（风控随机）：4
  失败（AI调用失败）：0
────────────────────────────────────────────────────────────
  验证：20 = 0+0+16+4+0 ✓
────────────────────────────────────────────────────────────
  JSON报告：\\192.168.0.113\共享文件夹\需求及测试文档_请按功能划分文件夹\obsidian\cjw\02_线索笔记\1.招聘\agno1-dev_0.0.1.0\agno1\artifacts\zhaopin\zhilian\zhilian_screener_20260304_102745.json
  运行日志：\\192.168.0.113\共享文件夹\需求及测试文档_请按功能划分文件夹\obsidian\cjw\02_线索笔记\1.招聘\agno1-dev_0.0.1.0\agno1\logs\zhaopin\zhilian\zhilian_screener_20260304_102745.log
════════════════════════════════════════════════════════════
