10:35:57 [总第 1 张] 处理: 周先生 (vidx_14_E591A8E58588E7949F7C26E5B2817C1E4B887-2E)
10:35:57   → [关键词排除] 命中关键词: 「先生」（卡片摘要）
10:35:57 [总第 2 张] 处理: 汤女士 (vidx_15_E6B1A4E5A5B3E5A3AB7C32E5B2817C1.2E4B887-)
10:35:57   → [关键词排除] 命中关键词: 「女士」（卡片摘要）
10:35:57 [总第 3 张] 处理: 李先生 (vidx_16_E69D8EE58588E7949F7C27E5B2817C7CE59CA8E8)
10:35:57   → [关键词排除] 命中关键词: 「先生」（卡片摘要）
10:35:57 [总第 4 张] 处理: 罗先生 (vidx_17_E7BD97E58588E7949F7C27E5B2817C1E4B887-1.)
10:35:57   → [关键词排除] 命中关键词: 「先生」（卡片摘要）
10:35:57 [总第 5 张] 处理: 闫女士 (vidx_18_E997ABE5A5B3E5A3AB7C22E5B2817C7CE7A6BBE6)
10:35:58   → [关键词排除] 命中关键词: 「女士」（卡片摘要）
10:35:58 [总第 6 张] 处理: 孙女士 (vidx_19_E5AD99E5A5B3E5A3AB7C27E5B2817C7E58D83-1E)
10:35:58   → [关键词排除] 命中关键词: 「女士」（卡片摘要）
10:35:58 [总第 7 张] 处理: 向女士 (vidx_20_E59091E5A5B3E5A3AB7C30E5B2817C1E4B887-2E)
10:35:58   → [关键词排除] 命中关键词: 「女士」（卡片摘要）
10:35:58 [总第 8 张] 处理: 马女士 (vidx_21_E9A9ACE5A5B3E5A3AB7C28E5B2817C8E58D83-1E)
10:35:58   → [关键词排除] 命中关键词: 「女士」（卡片摘要）
10:35:58 [总第 9 张] 处理: 叶女士 (vidx_22_E58FB6E5A5B3E5A3AB7C26E5B2817C9E58D83-1.)
10:35:58   → [风控] 随机跳过
10:35:58 [总第 10 张] 处理: 向先生 (vidx_23_E59091E58588E7949F7C33E5B2817C1E4B887-1.)
10:35:58   → [关键词排除] 命中关键词: 「先生」（卡片摘要）
10:35:58 [总第 11 张] 处理: 马先生 (vidx_24_E9A9ACE58588E7949F7C33E5B2817C1.5E4B887-)
10:35:58   → [风控] 随机跳过
10:35:58 [总第 12 张] 处理: 冯先生 (vidx_25_E586AFE58588E7949F7C31E5B2817C9E58D83-1.)
10:35:58   → [关键词排除] 命中关键词: 「先生」（卡片摘要）
10:35:58 [总第 13 张] 处理: 李先生 (vidx_26_E69D8EE58588E7949F7C33E5B2817C7E58D83-1E)
10:35:58   → [关键词排除] 命中关键词: 「先生」（卡片摘要）
10:35:58 [总第 14 张] 处理: 郭先生 (vidx_27_E983ADE58588E7949F7C22E5B2817C7CE7A6BBE6)
10:35:58   → [风控] 随机跳过
10:35:58 [总第 15 张] 处理: 余先生 (vidx_28_E4BD99E58588E7949F7C32E5B2817C8E58D83-1.)
10:35:58   → [关键词排除] 命中关键词: 「先生」（卡片摘要）
10:35:58 [总第 16 张] 处理: 孙女士 (vidx_29_E5AD99E5A5B3E5A3AB7C22E5B2817C7CE59CA8E6)
10:35:58   → [关键词排除] 命中关键词: 「女士」（卡片摘要）
10:35:58 [总第 17 张] 处理: 许先生 (vidx_0_E8AEB8E58588E7949F7C33E5B2817C8E58D83-1.)
10:35:58   → [关键词排除] 命中关键词: 「先生」（卡片摘要）
10:35:58 [总第 18 张] 处理: 桑先生 (vidx_1_E6A191E58588E7949F7C32E5B2817C1.3E4B887-)
10:35:58   → [风控] 随机跳过
10:35:58 [总第 19 张] 处理: 孙先生 (vidx_2_E5AD99E58588E7949F7C29E5B2817C1E4B887-1.)
10:35:58   → [关键词排除] 命中关键词: 「先生」（卡片摘要）
10:35:58 [总第 20 张] 处理: 杨女士 (vidx_3_E69DA8E5A5B3E5A3AB7C35E5B2817C8E58D83-1E)
10:35:58   → [关键词排除] 命中关键词: 「女士」（卡片摘要）
10:36:01 ── 发现 7 张新卡片，开始处理...
10:36:01 [总第 21 张] 处理: 马先生 (vidx_4_E9A9ACE58588E7949F7C25E5B2817C5E58D83-8E)
10:36:01   → [关键词排除] 命中关键词: 「先生」（卡片摘要）
10:36:01 [总第 22 张] 处理: 盘先生 (vidx_5_E79B98E58588E7949F7C24E5B2817C7E58D83-1.)
10:36:01   → [关键词排除] 命中关键词: 「先生」（卡片摘要）
10:36:01 [总第 23 张] 处理: 赵先生 (vidx_6_E8B5B5E58588E7949F7C27E5B2817C6E58D83-1E)
10:36:01   → [关键词排除] 命中关键词: 「先生」（卡片摘要）
10:36:01 [总第 24 张] 处理: 王女士 (vidx_7_E78E8BE5A5B3E5A3AB7C26E5B2817C1E4B887-1.)
10:36:01   → [关键词排除] 命中关键词: 「女士」（卡片摘要）
10:36:01 [总第 25 张] 处理: 舒先生 (vidx_8_E88892E58588E7949F7C27E5B2817C1.2E4B887-)
10:36:01   → [关键词排除] 命中关键词: 「先生」（卡片摘要）
10:36:02 [总第 26 张] 处理: 马女士 (vidx_9_E9A9ACE5A5B3E5A3AB7C24E5B2817C6E58D83-7E)
10:36:02   → [关键词排除] 命中关键词: 「女士」（卡片摘要）
10:36:02 [总第 27 张] 处理: 冯先生 (vidx_10_E586AFE58588E7949F7C44E5B2817C1E4B887-1.)
10:36:02   → [关键词排除] 命中关键词: 「先生」（卡片摘要）
10:36:07 ── 发现 7 张新卡片，开始处理...
10:36:07 [总第 28 张] 处理: 余女士 (vidx_11_E4BD99E5A5B3E5A3AB7C25E5B2817C8E58D83-1E)
10:36:07   → [关键词排除] 命中关键词: 「女士」（卡片摘要）
10:36:08 [总第 29 张] 处理: 徐先生 (vidx_12_E5BE90E58588E7949F7C32E5B2817C1.5E4B887-)
10:36:08   → [关键词排除] 命中关键词: 「先生」（卡片摘要）
10:36:08 [总第 30 张] 处理: 傅女士 (vidx_13_E58285E5A5B3E5A3AB7C24E5B2817C7CE7A6BBE8)
10:36:08   → [关键词排除] 命中关键词: 「女士」（卡片摘要）
10:36:08 [总第 31 张] 处理: 莫女士 (vidx_14_E88EABE5A5B3E5A3AB7C26E5B2817C7CE7A6BBE8)
10:36:08   → [关键词排除] 命中关键词: 「女士」（卡片摘要）
10:36:08 [总第 32 张] 处理: 范先生 (vidx_15_E88C83E58588E7949F7C35E5B2817C7CE59CA8E8)
10:36:08   → [关键词排除] 命中关键词: 「先生」（卡片摘要）
10:36:08 [总第 33 张] 处理: 董先生 (vidx_16_E891A3E58588E7949F7C25E5B2817C6E58D83-1.)
10:36:08   → [关键词排除] 命中关键词: 「先生」（卡片摘要）
10:36:08 [总第 34 张] 处理: 田先生 (vidx_17_E794B0E58588E7949F7C38E5B2817C1E4B887-2E)
10:36:08   → [关键词排除] 命中关键词: 「先生」（卡片摘要）
10:36:12 ── 发现 7 张新卡片，开始处理...
10:36:12 [总第 35 张] 处理: 伍先生 (vidx_18_E4BC8DE58588E7949F7C24E5B2817C7CE7A6BBE8)
10:36:12   → [关键词排除] 命中关键词: 「先生」（卡片摘要）
10:36:12 [总第 36 张] 处理: 郭先生 (vidx_19_E983ADE58588E7949F7C24E5B2817C7E58D83-1E)
10:36:12   → [关键词排除] 命中关键词: 「先生」（卡片摘要）
10:36:13 [总第 37 张] 处理: 郑先生 (vidx_20_E98391E58588E7949F7C46E5B2817C1.6E4B887-)
10:36:13   → [风控] 随机跳过
10:36:13 [总第 38 张] 处理: 王先生 (vidx_21_E78E8BE58588E7949F7C25E5B2817C1E4B887-1.)
10:36:13   → [关键词排除] 命中关键词: 「先生」（卡片摘要）
10:36:13 [总第 39 张] 处理: 赵女士 (vidx_22_E8B5B5E5A5B3E5A3AB7C27E5B2817C8E58D83-1.)
10:36:13   → [关键词排除] 命中关键词: 「女士」（卡片摘要）
10:36:13 [总第 40 张] 处理: z女士 (vidx_23_zE5A5B3E5A3AB7C24E5B2817C6E58D83-7E58D83)
10:36:13   → [关键词排除] 命中关键词: 「女士」（卡片摘要）
10:36:13 [总第 41 张] 处理: 庹女士 (vidx_24_E5BAB9E5A5B3E5A3AB7C25E5B2817C7CE59CA8E8)
10:36:13   → [关键词排除] 命中关键词: 「女士」（卡片摘要）
10:36:19 ── 发现 7 张新卡片，开始处理...
10:36:19 [总第 42 张] 处理: 万先生 (vidx_25_E4B887E58588E7949F7C26E5B2817C7CE7A6BBE8)
10:36:19   → [关键词排除] 命中关键词: 「先生」（卡片摘要）
10:36:19 [总第 43 张] 处理: 蒋先生 (vidx_26_E8928BE58588E7949F7C34E5B2817C9E58D83-1.)
10:36:19   → [风控] 随机跳过
10:36:19 [总第 44 张] 处理: 易先生 (vidx_27_E69893E58588E7949F7C22E5B2817C7CE59CA8E6)
10:36:19   → [关键词排除] 命中关键词: 「先生」（卡片摘要）
10:36:19 [总第 45 张] 处理: 傅先生 (vidx_28_E58285E58588E7949F7C38E5B2817C1.5E4B887-)
10:36:19   → [关键词排除] 命中关键词: 「先生」（卡片摘要）
10:36:19 [总第 46 张] 处理: 张先生 (vidx_29_E5BCA0E58588E7949F7C33E5B2817C1.3E4B887-)
10:36:19   → [关键词排除] 命中关键词: 「先生」（卡片摘要）
10:36:19 [总第 47 张] 处理: 王先生 (vidx_0_E78E8BE58588E7949F7C29E5B2817C1E4B887-1.)
10:36:19   → [关键词排除] 命中关键词: 「先生」（卡片摘要）
10:36:19 [总第 48 张] 处理: 张女士 (vidx_1_E5BCA0E5A5B3E5A3AB7C22E5B2817C7CE7A6BBE6)
10:36:19   → [关键词排除] 命中关键词: 「女士」（卡片摘要）
10:36:24 ── 发现 7 张新卡片，开始处理...
10:36:24 [总第 49 张] 处理: 范先生 (vidx_2_E88C83E58588E7949F7C27E5B2817C7CE59CA8E8)
10:36:24   → [关键词排除] 命中关键词: 「先生」（卡片摘要）
10:36:24 [总第 50 张] 处理: 龙女士 (vidx_3_E9BE99E5A5B3E5A3AB7C24E5B2817C9E58D83-1E)
10:36:24   → [关键词排除] 命中关键词: 「女士」（卡片摘要）
10:36:24 [总第 51 张] 处理: 胥女士 (vidx_4_E883A5E5A5B3E5A3AB7C21E5B2817C6E58D83-1.)
10:36:24   → [关键词排除] 命中关键词: 「女士」（卡片摘要）
10:36:24 [总第 52 张] 处理: 赵先生 (vidx_5_E8B5B5E58588E7949F7C21E5B2817C7CE59CA8E6)
10:36:24   → [关键词排除] 命中关键词: 「先生」（卡片摘要）
10:36:24 [总第 53 张] 处理: 林先生 (vidx_6_E69E97E58588E7949F7C30E5B2817C8E58D83-1.)
10:36:24   → [关键词排除] 命中关键词: 「先生」（卡片摘要）
10:36:24 [总第 54 张] 处理: 米先生 (vidx_7_E7B1B3E58588E7949F7C38E5B2817C1.5E4B887-)
10:36:24   → [关键词排除] 命中关键词: 「先生」（卡片摘要）
10:36:24 [总第 55 张] 处理: 朱先生 (vidx_8_E69CB1E58588E7949F7C44E5B2817C1E4B887-1.)
10:36:24   → [关键词排除] 命中关键词: 「先生」（卡片摘要）
10:36:30 ── 发现 7 张新卡片，开始处理...
10:36:30 [总第 56 张] 处理: 何先生 (vidx_9_E4BD95E58588E7949F7C23E5B2817C7E58D83-1.)
10:36:30   → [关键词排除] 命中关键词: 「先生」（卡片摘要）
10:36:30 [总第 57 张] 处理: 吴先生 (vidx_10_E590B4E58588E7949F7C27E5B2817C7CE59CA8E8)
10:36:30   → [风控] 随机跳过
10:36:30 [总第 58 张] 处理: 袁先生 (vidx_11_E8A281E58588E7949F7C39E5B2817C1E4B887-1.)
10:36:30   → [关键词排除] 命中关键词: 「先生」（卡片摘要）
10:36:30 [总第 59 张] 处理: 谭先生 (vidx_12_E8B0ADE58588E7949F7C22E5B2817C8E58D83-1E)
10:36:30   → [关键词排除] 命中关键词: 「先生」（卡片摘要）
10:36:30 [总第 60 张] 处理: 陈先生 (vidx_13_E99988E58588E7949F7C37E5B2817C1.2E4B887-)
10:36:30   → [关键词排除] 命中关键词: 「先生」（卡片摘要）
10:36:30 [总第 61 张] 处理: 贾先生 (vidx_14_E8B4BEE58588E7949F7C25E5B2817C1E4B887-1.)
10:36:30   → [关键词排除] 命中关键词: 「先生」（卡片摘要）
10:36:30 [总第 62 张] 处理: 汪女士 (vidx_15_E6B1AAE5A5B3E5A3AB7C41E5B2817C1E4B887-1.)
10:36:30   → [关键词排除] 命中关键词: 「女士」（卡片摘要）
10:36:35 ── 发现 7 张新卡片，开始处理...
10:36:35 [总第 63 张] 处理: 陈女士 (vidx_16_E99988E5A5B3E5A3AB7C29E5B2817C1.7E4B887-)
10:36:35   → [关键词排除] 命中关键词: 「女士」（卡片摘要）
10:36:35 [总第 64 张] 处理: 陶女士 (vidx_17_E999B6E5A5B3E5A3AB7C23E5B2817C6E58D83-9E)
10:36:35   → [关键词排除] 命中关键词: 「女士」（卡片摘要）
10:36:35 [总第 65 张] 处理: 刘先生 (vidx_18_E58898E58588E7949F7C21E5B2817C7CE59CA8E6)
10:36:35   → [关键词排除] 命中关键词: 「先生」（卡片摘要）
10:36:35 [总第 66 张] 处理: 徐女士 (vidx_19_E5BE90E5A5B3E5A3AB7C31E5B2817C1.6E4B887-)
10:36:35   → [关键词排除] 命中关键词: 「女士」（卡片摘要）
10:36:35 [总第 67 张] 处理: 何先生 (vidx_20_E4BD95E58588E7949F7C37E5B2817C1.2E4B887-)
10:36:35   → [关键词排除] 命中关键词: 「先生」（卡片摘要）
10:36:35 [总第 68 张] 处理: 闫先生 (vidx_21_E997ABE58588E7949F7C24E5B2817C7CE7A6BBE6)
10:36:35   → [关键词排除] 命中关键词: 「先生」（卡片摘要）
10:36:35 [总第 69 张] 处理: 樊女士 (vidx_22_E6A88AE5A5B3E5A3AB7C22E5B2817C6E58D83-1.)
10:36:35   → [关键词排除] 命中关键词: 「女士」（卡片摘要）
10:36:41 ── 发现 7 张新卡片，开始处理...
10:36:41 [总第 70 张] 处理: 彭先生 (vidx_23_E5BDADE58588E7949F7C44E5B2817C7CE7A6BBE8)
10:36:41   → [关键词排除] 命中关键词: 「先生」（卡片摘要）
10:36:41 [总第 71 张] 处理: 高先生 (vidx_24_E9AB98E58588E7949F7C25E5B2817C7CE59CA8E8)
10:36:41   → [关键词排除] 命中关键词: 「先生」（卡片摘要）
10:36:41 [总第 72 张] 处理: 余先生 (vidx_25_E4BD99E58588E7949F7C25E5B2817C5E58D83-7E)
10:36:41   → [关键词排除] 命中关键词: 「先生」（卡片摘要）
10:36:41 [总第 73 张] 处理: 邹女士 (vidx_26_E982B9E5A5B3E5A3AB7C24E5B2817C4E58D83-9E)
10:36:41   → [风控] 随机跳过
10:36:41 [总第 74 张] 处理: 唐先生 (vidx_27_E59490E58588E7949F7C27E5B2817C1E4B887-2E)
10:36:41   → [关键词排除] 命中关键词: 「先生」（卡片摘要）
10:36:42 [总第 75 张] 处理: 石女士 (vidx_28_E79FB3E5A5B3E5A3AB7C29E5B2817C6E58D83-8E)
10:36:42   → [关键词排除] 命中关键词: 「女士」（卡片摘要）
10:36:42 [总第 76 张] 处理: 熊先生 (vidx_29_E7868AE58588E7949F7C40E5B2817C1.5E4B887-)
10:36:42   → [关键词排除] 命中关键词: 「先生」（卡片摘要）
10:36:49 ── 未发现新卡片，且无法继续推进（滚动/翻页均无效），筛选结束
10:36:49 
════════════════════════════════════════════════════════════
  本次筛选完成
────────────────────────────────────────────────────────────
  筛选总数：76
  通过（已打招呼）：0
  未通过（AI拒绝）：0
  未通过（关键词排除）：68  命中关键词：「先生」、「女士」
  跳过（风控随机）：8
  失败（AI调用失败）：0
────────────────────────────────────────────────────────────
  验证：76 = 0+0+68+8+0 ✓
────────────────────────────────────────────────────────────
  JSON报告：\\192.168.0.113\共享文件夹\需求及测试文档_请按功能划分文件夹\obsidian\cjw\02_线索笔记\1.招聘\agno1-dev_0.0.1.0\agno1\artifacts\zhaopin\zhilian\zhilian_screener_20260304_103513.json
  运行日志：\\192.168.0.113\共享文件夹\需求及测试文档_请按功能划分文件夹\obsidian\cjw\02_线索笔记\1.招聘\agno1-dev_0.0.1.0\agno1\logs\zhaopin\zhilian\zhilian_screener_20260304_103513.log
════════════════════════════════════════════════════════════
