10:56:41 ── 第 1 批，共 20 张新卡片 ──
10:56:41 [总第 1 张] 处理: 李先生
10:56:43   → [AI Prompt]
────────────────────────────────────────────────────────────
请根据以下简历信息判断是否适合[学校要求：第一学历为985211院校，但排除非强势计算机理工背景的985211学校、或政策照顾性985/211学校。年限要求：年龄22-30岁，排除27年及之后的应届生。专业要求：专业不限，非理工科专业可以放行。地点要求：期望地点为重庆。备注：如果没有本科学校信息，只有硕士学校信息，且硕士学校符合要求，返回为true。]职位。
输出 JSON 格式：{"is_target": true/false, "reason": "原因说明"}

简历信息：
姓名：李先生
    半小时前有回复
年龄：24岁
教育背景：教育经历
       北京大学 985院校  2020.09 - 2025.06 计算机科学与技术 本科 统招
工作经历：项目经历
       SysY语言编译器（类C语言）设计与实现  
        2023.03 - 2023.07 (4个月)
       • 项目简介：基于Flex/Bison工具链，从零设计和实现了一个SysY语言（类C语言）的编译器，支持表达式、变量/常量、作用域、条件/循环语句、函数调用等核心功能，能够将源代码编译为RISC-V汇编代码。
• 技术实现：
编译器前端：使用Flex/Bison构建词法/语法分析器，设计AST抽象语法树和符号表系统，实现递归深度优先遍历生成Koopa IR中间代码；
编译器后端：基于libkoopa框架，将中间代码转换为RISC-V汇编，实现寄存器分配、栈帧管理、函数调用约定等核心功能；
优化策略：实现短路求值、常量折叠等编译优化，设计符号表作用域链管理变量生命周期。
• 项目成果：编译器成功编译测试用例超过200个，通过率100%，包括复杂递归函数和全局… 展开SysY 语言编译器（类 C 语言）设计与实现 
        2023.03 - 2023.07 (4个月)
       • 项目简介:基于Flex/Bison工具链,从零设计和实现了一个SysY语言(类C语言)的编译器,支持表达式、变量/常量、作用域、条件/循环语句、函数调用等核心功能,能够将源代码编译为RISC-V汇编代码。
• 技术实现:
编译器前端:使用Flex/Bison构建词法/语法分析器,设计AST抽象语法树和符号表系统,实现递归深度优先遍历生成KoopaIR中间代码;
编译器后端:基于libkoopa框架,将中间代码转换为RISC-V汇编,实现寄存器分配、栈帧管理、函数调用约定等核心功能;
优化策略:实现短路求值、常量折叠等编译优化,设计符号表作用域链管理变量生命周期。
• 项目成果:编译器成功编译测试用例超过200个,通过率100%,包括复杂递归函数和全局变量场景。编译器代码结构清晰,采用面向对象设计,模块化程度高,便于扩展,完整呈现编译理论到工程实践的转化过程。SysY语言编译器(类C语言)设计与实现 
        2023.03 - 2023.07 (4个月)
       • 项目简介:基于Flex/Bison工具链,从零设计和实现了一个SysY语言(类C语言)的编译器,支持表达式、变量/常量、作用域、条件/循环语句、函数调用等核心功能,能够将源代码编译为RISC-V汇编代码。
• 技术实现:
编译器前端:使用Flex/Bison构建词法/语法分析器,设计AST抽象语法树和符号表系统,实现递归深度优先遍历生成KoopaIR中间代码;
编译器后端:基于libkoopa框架,将中间代码转换为RISC-V汇编,实现寄存器分配、栈帧管理、函数调用约定等核心功能;
优化策略:实现短路求值、常量折叠等编译优化,设计符号表作用域链管理变量生命周期。
• 项目成果:编译器成功编译测试用例超过200个,通过率100%,包括复杂递归函数和全局变量场景。编译器代码结构清晰,采用面向对象设计,模块化程度高,便于扩展,完整呈现编译理论到工程实践的转化过程。 光线追踪技术的应用 
        2022.03 - 2022.06 (3个月)
       • 项目简介：设计并实现了一个基于NVIDIA OptiX框架的物理精确光线追踪渲染器，支持硬阴影、反射折射、软阴影等真实光学效果，实现了材质感知的渲染和抗噪处理。
• 项目过程：基于OptiX 7框架构建完整渲染管线，集成TinyObjLoader实现OBJ/MTL模型加载；实现递归光线追踪算法，支持反射和折射效果的物理模拟，应用菲涅尔方程计算光强分布；设计材质系统，从MTL文件读取折射率/反射率参数，实现差异化材质表现（瓷砖、大理石、毛毯）；采用蒙特卡洛路径追踪思想，实现面光源软阴影和多重采样抗噪，每个像素发射50条采样光线。
• 项目成果：成功渲染多个复杂3D场景，清晰展示反射倒影、折射透明、软阴影过渡等物理效果。渲染质量显著优于传统光线投射算法，材质区分度明显，光学响应接近真实。项目技术方案完整，代码结构清晰。

光线追踪技术的应用 
        2022.03 - 2022.06 (3个月)
       • 项目简介:设计并实现了一个基于NVIDIA OptiX框架的物理精确光线追踪渲染器,支持硬阴影、反射折射、软阴影等真实光学效果,实现了材质感知的渲染和抗噪处理。
• 项目过程:基于OptiX 7框架构建完整渲染管线,集成TinyObjLoader实现OBJ/MTL模型加载;实现递归光线追踪算法,支持反射和折射效果的物理模拟,应用菲涅尔方程计算光强分布;设计材质系统,从MTL文件读取折射率/反射率参数,实现差异化
材质表现(瓷砖、大理石、毛毯);采用蒙特卡洛路径追踪思想,实现面光源软阴影和多重采样抗噪,每个像素发射50条采样光线。
• 项目成果:成功渲染多个复杂3D场景,清晰展示反射倒影、折射透明、软阴影过渡等物理效果。渲染质量显著优于传统光线投射算法,材质区分度明显,光学响应接近真实。项目技术方案完整,代码结构清晰。 
    展开全部
技能标签：英语 读写能力 
          良好 听说能力 
          良好 全国大学英语四级考试(CET4)（574分）

简历全文（摘要）：
李先生
半小时前有回复
要附件简历
24岁 (2001年6月)
工作无经验
本科
离校-正在找工作
现居白银 白银区
户口甘肃 白银
团员
最近关注
[重庆]
需求分析工程师
展开
项目经历
SysY语言编译器（类C语言）设计与实现
2023.03 - 2023.07 (4个月)
• 项目简介：基于Flex/Bison工具链，从零设计和实现了一个SysY语言（类C语言）的编译器，支持表达式、变量/常量、作用域、条件/循环语句、函数调用等核心功能，能够将源代码编译为RISC-V汇编代码。
• 技术实现：
编译器前端：使用Flex/Bison构建词法/语法分析器，设计AST抽象语法树和符号表系统，实现递归深度优先遍历生成Koopa IR中间代码；
编译器后端：基于libkoopa框架，将中间代码转换为RISC-V汇编，实现寄存器分配、栈帧管理、函数调用约定等核心功能；
优化策略：实现短路求值、常量折叠等编译优化，设计符号表作用域链管理变量生命周期。
• 项目成果：编译器成功编译测试用例超过200个，通过率100%，包括复杂递归函数和全局… 
展开
SysY 语言编译器（类 C 语言）设计与实现
2023.03 - 2023.07 (4个月)
• 项目简介:基于Flex/Bison工具链,从零设计和实现了一个SysY语言(类C语言)的编译器,支持表达式、变量/常量、作用域、条件/循环语句、函数调用等核心功能,能够将源代码编译为RISC-V汇编代码。
• 技术实现:
编译器前端:使用Flex/Bison构建词法/语法分析器,设计AST抽象语法树和符号表系统,实现递归深度优先遍历生成KoopaIR中间代码;
编译器后端:基于libkoopa框架,将中间代码转换为RISC-V汇编,实现寄存器分配、栈帧管理、函数调用约定等核心功能;
优化策略:实现短路求值、常量折叠等编译优化,设计符号表作用域链管理变量生命周期。
• 项目成果:编译器成功编译测试用例超过200个,通过率100%,包括复杂递归函数和全局变量场景。编译器代码结构清晰,采用面向对象设计,模块化程度高,便于扩展,完整呈现编译理论到工程实践的转化过程。
SysY语言编译器(类C语言)设计与实现
2023.03 - 2023.07 (4个月)
• 项目简介:基于Flex/Bison工具链,从零设计和实现了一个SysY语言(类C语言)的编译器,支持表达式、变量/常量、作用域、条件/循环语句、函数调用等核心功能,能够将源代码编译为RISC-V汇编代码。
• 技术实现:
编译器前端:使用Flex/Bison构建词法/语法分析器,设计AST抽象语法树和符号表系统,实现递归深度优先遍历生成KoopaIR中间代码;
编译器后端:基于libkoopa框架,将中间代码转换为RISC-V汇编,实现寄存器分配、栈帧管理、函数调用约定等核心功能;
优化策略:实现短路求值、常量折叠等编译优化,设计符号表作用域链管理变量生命周期。
• 项目成果:编译器成功编译测试用例超过200个,通过率100%,包括复杂递归函数和全局变量场景。编译器代码结构清晰,采用面向对象设计,模块化程度高,便于扩展,完整呈现编译理论到工程实践的转化过程。
光线追踪技术的应用
2022.03 - 2022.06 (3个月)
• 项目简介：设计并实现了一个基于NVIDIA OptiX框架的物理精确光线追踪渲染器，支持硬阴影、反射折射、软阴影等真实光学效果，实现了材质感知的渲染和抗噪处理。
• 项目过程：基于OptiX 7框架构建完整渲染管线，集成TinyObjLoader实现OBJ/MTL模型加载；实现递归光线追踪算法，支持反射和折射效果的物理模拟，应用菲涅尔方程计算光强分布；设计材质系统，从MTL文件读取折射率/反射率参数，实现差异化材质表现（瓷砖、大理石、毛毯）；采用蒙特卡洛路径追踪思想，实现面光源软阴影和多重采样抗噪，每个像素发射50条采样光线。
• 项目成果：成功渲染多个复杂3D场景，清晰展示反射倒影、折射透明、软阴影过渡等物理效果。渲染质量显著优于传统光线投射算法，材质区分度明显，光学响应接近真实。项目技术方案完整，代码结构清晰。


展开全部
教育经历
北京大学
985院校
2020.09 - 2025.06
计算机科学与技术
本科
统招
个人优势
专业技能
• 编程语言：熟悉C、C++语言，基本功扎实，熟练掌握面向对象编程、STL模板库等；较熟悉Python语言；
• 数据结构：熟悉常见数据结构与算法，如链表、栈、哈希表、二叉树等 ；
• 计算机基础：熟悉操作系统、计算机组成、计算机网络等基础计算机知识，曾独立完成CSAPP Lab和 MIT Xv6 Lab；
• 工具链：熟悉Linux操作系统，熟练掌握Vim编辑器，GCC编译器，GDB调试器，Git版本控制系统等；
• 语言能力：大学英语四级（CET-4，574分）；
• 兴趣爱好：乒乓… 
展开
语言能力
英语
读写能力
良好
听说能力
良好
全国大学英语四级考试(CET4)
（574分）
所获证书
大学英语四级
专业技能
MS WORD
熟练
SQL
良好
MS Powerpoint
熟练
MS Excel
熟练
C/C++
精通
打电话
打招呼
存至本地
收藏
转给同事
打印
举报
不合适
────────────────────────────────────────────────────────────
10:56:52   → AI 通过: 所有条件均符合。第一学历为北京大学（985院校，强势计算机理工背景），年龄24岁（符合22-30岁范围，且2025年毕业，非27年及之后应届生），专业为计算机科学与技术（符合专业不限要求），期望地点为重庆。
10:56:54   → 已打招呼
10:56:55   → 等待 5 秒...
10:57:00 [总第 2 张] 处理: 孙女士
10:57:01   → [AI Prompt]
────────────────────────────────────────────────────────────
请根据以下简历信息判断是否适合[学校要求：第一学历为985211院校，但排除非强势计算机理工背景的985211学校、或政策照顾性985/211学校。年限要求：年龄22-30岁，排除27年及之后的应届生。专业要求：专业不限，非理工科专业可以放行。地点要求：期望地点为重庆。备注：如果没有本科学校信息，只有硕士学校信息，且硕士学校符合要求，返回为true。]职位。
输出 JSON 格式：{"is_target": true/false, "reason": "原因说明"}

简历信息：
姓名：孙女士
    5小时前浏览过职位
年龄：24岁
教育背景：教育经历
       重庆大学 985院校  2020.09 - 2024.07 计算机工程与技术 本科 统招
工作经历：教育经历
       重庆大学 985院校  2020.09 - 2024.07 计算机工程与技术 本科 统招
期望薪资：1.1万-2万/月

简历全文（摘要）：
孙女士
5小时前浏览过职位
要附件简历
24岁 (2002年1月)
工作无经验
本科
在校-看看机会
现居重庆 九龙坡区
求职期望
[重庆]
Java
全职
实习
1.1万-2万/月 
在线生活服务（O2O）
教育经历
重庆大学
985院校
2020.09 - 2024.07
计算机工程与技术
本科
统招
打电话
打招呼
存至本地
收藏
转给同事
打印
举报
不合适
────────────────────────────────────────────────────────────
10:57:12   → AI 通过: 该候选人符合所有要求。
1. **第一学历：** 重庆大学（985院校），计算机工程与技术专业，属于强势计算机理工背景，符合要求。
2. **年龄与毕业年份：** 24岁，在22-30岁范围内；2024年毕业，未排除2027年及之后的应届生，符合要求。
3. **专业：** 计算机工程与技术，符合专业不限的要求。
4. **期望地点：** 重庆，符合要求。
10:57:14   → 已打招呼
10:57:14   → 等待 3 秒...
10:57:17 [总第 3 张] 处理: 曹先生
10:57:19   → [AI Prompt]
────────────────────────────────────────────────────────────
请根据以下简历信息判断是否适合[学校要求：第一学历为985211院校，但排除非强势计算机理工背景的985211学校、或政策照顾性985/211学校。年限要求：年龄22-30岁，排除27年及之后的应届生。专业要求：专业不限，非理工科专业可以放行。地点要求：期望地点为重庆。备注：如果没有本科学校信息，只有硕士学校信息，且硕士学校符合要求，返回为true。]职位。
输出 JSON 格式：{"is_target": true/false, "reason": "原因说明"}

简历信息：
姓名：曹先生
    10小时前在线
年龄：26岁
教育背景：教育经历
       中国科学技术大学 985院校  2024.09 - 2027.06 软件工程 硕士 统招武汉理工大学 211院校  2018.09 - 2022.06 机械工程 本科 统招
工作经历：初速度科技有限公司(Momenta) 独角兽企业   单片机    2025.07 - 至今 (8个月) 自动驾驶系统车辆控制CANOE  基于 C 语言独立完成车辆核心控制功能开发,涵盖横向控制(转向)、纵向控制(加速、制动)、档位切换、灯光调节等车身控制模块;
• 参与 L3/L4 级自动驾驶系统双 MCU 冗余架构软件开发,设计 MCU 内部状态跳转逻辑及跨 MCU 间状态同步方案,保障架构冗余可靠性;
• 在 Linux 开发机环境下开展车辆远程控制调试工作,使用 CANOE、Foxglove 等工具进行数据可视化分析,验证车辆控制功能的正确性与稳定性。 两份工作间有24个月空档期 询问他  赛力斯 2025年胡润中国500强   VCU应用层软件开发助理工程师 （智能驾驶系统工程师） 11900元/月  2022.07 - 2023.07 (1年) 嵌入式软件开发  负责问界M522款、问界M5智驾款VCU增程控制应用层软件的开发。
期望薪资：5千-1万/月
技能标签：自动驾驶系统车辆控制CANOE

简历全文（摘要）：
曹先生
10小时前在线
要附件简历
26岁 (1999年12月)
工作4年
硕士
在校-看看机会
现居重庆 綦江区（住址距工作地>30km）
户口贵州 遵义
中共党员（含预备党员）
求职期望
[重庆]
Java
全职
实习
5千-1万/月
展开
工作经历
初速度科技有限公司(Momenta)
独角兽企业
单片机
2025.07 - 至今 (8个月)
自动驾驶系统
车辆控制
CANOE
基于 C 语言独立完成车辆核心控制功能开发,涵盖横向控制(转向)、纵向控制(加速、制动)、档位切换、灯光调节等车身控制模块;
• 参与 L3/L4 级自动驾驶系统双 MCU 冗余架构软件开发,设计 MCU 内部状态跳转逻辑及跨 MCU 间状态同步方案,保障架构冗余可靠性;
• 在 Linux 开发机环境下开展车辆远程控制调试工作,使用 CANOE、Foxglove 等工具进行数据可视化分析,验证车辆控制功能的正确性与稳定性。
两份工作间有24个月空档期
询问他
赛力斯
2025年胡润中国500强
VCU应用层软件开发助理工程师
（智能驾驶系统工程师）
11900元/月
2022.07 - 2023.07 (1年)
嵌入式软件开发
负责问界M522款、问界M5智驾款VCU增程控制应用层软件的开发。
项目经历
问界M5智驾款
2022.10 - 2023.07 (9个月)
在项目中负责增程控制、能量管理VCU应用层软件的开发，问届M5智驾款已在2023年6月份开始交付。
教育经历
中国科学技术大学
985院校
2024.09 - 2027.06
软件工程
硕士
统招
武汉理工大学
211院校
2018.09 - 2022.06
机械工程
本科
统招
个人优势
1、掌握c语言，Java，M语言，计算机网络，计算机操作系统，计算机组成原理，数据结构，数据库等基础知识；
2、具备一年VCU开发工作经验，能熟练使用Matlab编程，熟练使用Simulink建模，熟练使用CANape、CANoe采集数据以及分析数据；
3、学习能力强，时间观念强，抗压能力强；
语言能力
英语
读写能力
熟练
听说能力
一般
全国大学英语六级考试(CET6)
所获证书
校三好学生
校三等奖学金
校二等奖学金
专业技能
simulink建模，matlab编程
（使用12个月）
熟练
c语言编程
（使用36个月）
熟练
Java编程
（使用6个月）
良好
打电话
打招呼
存至本地
收藏
转给同事
打印
举报
不合适
────────────────────────────────────────────────────────────
10:57:30   → AI 未通过: 候选人硕士毕业时间为2027年6月，不符合“排除27年及之后的应届生”的年限要求。
10:57:31   → 等待 4 秒...
10:57:35 [总第 4 张] 处理: 张女士
10:57:36   → [AI Prompt]
────────────────────────────────────────────────────────────
请根据以下简历信息判断是否适合[学校要求：第一学历为985211院校，但排除非强势计算机理工背景的985211学校、或政策照顾性985/211学校。年限要求：年龄22-30岁，排除27年及之后的应届生。专业要求：专业不限，非理工科专业可以放行。地点要求：期望地点为重庆。备注：如果没有本科学校信息，只有硕士学校信息，且硕士学校符合要求，返回为true。]职位。
输出 JSON 格式：{"is_target": true/false, "reason": "原因说明"}

简历信息：
姓名：张女士
    48小时前在线
年龄：24岁
教育背景：教育经历
       东北大学秦皇岛分校 985院校  2021.09 - 2025.07 工商管理 本科 统招
工作经历：最近一份工作经历可能未更新 询问她  洽洽食品股份有限公司 A股上市   商品销售 （销售顾问）   2024.01 - 2024.02 (1个月) 企业客户	个人客户	门店销售面销  1.负责公司相关产品推广、宣传、销售工作。
2.整理挖掘客户资源，发展及维护客户渠道。
3.对团队进行销售培训及管理，关注每个人的拜访记录及成绩。
4.帮助制定年度预算，市场营销方案、价格体系等。 重庆市宏霖食品股份有限公司 专精特新企业   人力资源专员/助理    2023.07 - 2023.08 (1个月) 招聘  23年暑假在宏霖公司人事岗实习,了解公司整体业务运行及人力资源部的具体工作内容,在职场前辈的带领下参与应聘者的面试,实习后期自己负责部分应聘者的邀约及回访工作。 蜡笔小新食品工业有限公司   商品销售 （销售顾问）   2023.01 - 2023.02 (1个月) 门店销售  2023年新春前后在此食品公司兼职,主要工作内容是销售糖果、推销礼盒,春节过后统筹整合产品资源,在完成销售目标的同时成功推销剩余产品,实现产品清仓。
期望薪资：8千-1万/月
技能标签：企业客户	个人客户	门店销售面销

简历全文（摘要）：
张女士
48小时前在线
要附件简历
24岁 (2001年12月)
工作无经验
本科
离校-正在找工作
现居重庆 万州区
户口河北 邯郸
团员
求职期望
[重庆]
人力资源专员/助理
全职
实习
8千-1万/月
展开
工作经历
最近一份工作经历可能未更新
询问她
洽洽食品股份有限公司
A股上市
商品销售
（销售顾问）
2024.01 - 2024.02 (1个月)
企业客户
个人客户
门店销售
面销
1.负责公司相关产品推广、宣传、销售工作。
2.整理挖掘客户资源，发展及维护客户渠道。
3.对团队进行销售培训及管理，关注每个人的拜访记录及成绩。
4.帮助制定年度预算，市场营销方案、价格体系等。
重庆市宏霖食品股份有限公司
专精特新企业
人力资源专员/助理
2023.07 - 2023.08 (1个月)
招聘
23年暑假在宏霖公司人事岗实习,了解公司整体业务运行及人力资源部的具体工作内容,在职场前辈的带领下参与应聘者的面试,实习后期自己负责部分应聘者的邀约及回访工作。
蜡笔小新食品工业有限公司
商品销售
（销售顾问）
2023.01 - 2023.02 (1个月)
门店销售
2023年新春前后在此食品公司兼职,主要工作内容是销售糖果、推销礼盒,春节过后统筹整合产品资源,在完成销售目标的同时成功推销剩余产品,实现产品清仓。
教育经历
东北大学秦皇岛分校
985院校
2021.09 - 2025.07
工商管理
本科
统招
个人优势
本人性格开朗外向,有过多次销售兼职经历,具备良好的沟通表达能力和适应力,灵活处理突发事件:
→本人善于团队合作,做事稳重、情绪稳定,能快速捕提对方情绪,与人和睦相处;
→本人做事认真负责,比较有耐心和细心,具有较强的计划和执行能力。
语言能力
英语
读写能力
熟练
听说能力
良好
所获证书
三等综合奖学金
三等综合奖学金
三等综合奖学金
社会实践先进个人
专业技能
MS Excel
熟练
MS Powerpoint
熟练
MS WORD
熟练
SPSS
良好
打电话
打招呼
存至本地
收藏
转给同事
打印
举报
不合适
────────────────────────────────────────────────────────────
10:57:46   → AI 未通过: 第一学历为东北大学秦皇岛分校的工商管理专业，虽然东北大学是985院校，但工商管理属于非强势计算机理工背景，不符合“排除非强势计算机理工背景的985211学校”的要求。
10:57:47   → 等待 3 秒...
10:57:50 [总第 5 张] 处理: 李女士
10:57:56   → [关键词排除] 命中关键词: 「产品经理」（简历全文）
10:57:58 [总第 6 张] 处理: 王先生
10:58:00   → [关键词排除] 命中关键词: 「教师」（简历全文）
10:58:01 [总第 7 张] 处理: 汤女士
10:58:02   → [关键词排除] 命中关键词: 「产品经理」（简历全文）
10:58:03 [总第 8 张] 处理: 李先生
10:58:04   → [关键词排除] 命中关键词: 「游戏」（简历全文）
10:58:05 [总第 9 张] 处理: 郭女士
10:58:07   → [关键词排除] 命中关键词: 「电气」（简历全文）
10:58:08 [总第 10 张] 处理: 孟女士
10:58:09   → [AI Prompt]
────────────────────────────────────────────────────────────
请根据以下简历信息判断是否适合[学校要求：第一学历为985211院校，但排除非强势计算机理工背景的985211学校、或政策照顾性985/211学校。年限要求：年龄22-30岁，排除27年及之后的应届生。专业要求：专业不限，非理工科专业可以放行。地点要求：期望地点为重庆。备注：如果没有本科学校信息，只有硕士学校信息，且硕士学校符合要求，返回为true。]职位。
输出 JSON 格式：{"is_target": true/false, "reason": "原因说明"}

简历信息：
姓名：孟女士
    3小时前浏览过职位
年龄：24岁
教育背景：教育经历
       大连理工大学 985院校  2022.09 - 2025.07 管理科学与工程 硕士 统招重庆邮电大学   2018.09 - 2022.07 信息管理与信息系统 本科 统招
工作经历：西南计算机有限责任公司 国有企业   软件设计工程师 （前端开发）   2025.07 - 至今 (8个月) PythonJSP  负责部分前端开发，产品需求规格说明书以及软件设计说明书撰写
期望薪资：1万-1.1万/月
技能标签：PythonJSP

简历全文（摘要）：
孟女士
3小时前浏览过职位
要附件简历
24岁 (2002年2月)
工作1年
硕士
在职-正在找工作
现居重庆 南岸区（住址距工作地11.5km）
户口山东 菏泽
团员
求职期望
[重庆]
前端开发
1万-1.1万/月
展开
工作经历
西南计算机有限责任公司
国有企业
软件设计工程师
（前端开发）
2025.07 - 至今 (8个月)
Python
JSP
负责部分前端开发，产品需求规格说明书以及软件设计说明书撰写
项目经历
基于在线评论的新能源汽车创新性识别研究
2023.11 - 2024.02 (3个月)
爬取相关网页的评论，通过机器学习进行文本情感分析。
项目职责：数据爬取与收集：熟练运用数据爬取工具，成功爬取三万多条数据，涵盖多个维度，并对爬取的数据进行深度预处理，包括去重、缺失值填充、异常值处理等，确保数据质量达到分析要求，为后续的数据分析奠定坚实基础。
分词与词性标注以及聚类：运用自然语言处理技术，准确识别文本中的词汇和词性。并且运用聚类算法对文本数据进行有效分类和整合，提升文本处理的效率和准确性，为文本分析和挖掘提供有力支持。 通过本次数据爬取与预处理工作，成功构建了一个庞大且高质量的数据集。
校内租房系统
2022.03 - 2024.05 (2年 2个月)
项目描述：针对校内同学开发了一个校内空闲房屋租赁的平台，包括基本的登录、注册、详情以及上传信息等界面。
项目职责：需求调研：通过问卷的形式，收集同学们对于校内租房系统的需求和建议；功能模块设计：撰写需求文档并确定具体功能，使用Xmind和processOn设计产品功能模块和各功能模块的流程；系统的开发：负责系统的开发，包括前端和后端。
“千里寻厕”项目 | C端产品设计
2018.10 - 2019.05 (7个月)
主要提出一个搭建帮助用户寻找厕所的平台的创意，本人负责内容如下：
用户需求调查：与商家交谈了解为公众提供免费厕所的意愿以及公众对寻找厕所app的需求程度、在外找不到厕所的频率等问题，
设计并实施线上线下问卷调查，成功收集到200+份有效问卷。基于收集到的数据进行深入分析，完成产品流程梳理、用户需求文档撰写和产品功能设计。
流程图和原型图绘制：使用墨刀和Balsamiq画出产品原型图，利用processOn绘制流程图
界面设计：根据原型图，确定界面设计的整体风格和色彩搭配。利用Photoshop（PS）等设计软件，按照设计风格和布局要求，制作高保真度的界面设计图，包括登录/注册页面、地图定位页面、厕所详情页面等。
教育经历
大连理工大学
985院校
2022.09 - 2025.07
管理科学与工程
硕士
统招
重庆邮电大学
2018.09 - 2022.07
信息管理与信息系统
本科
统招
个人优势
性格活泼开朗，喜欢与人交谈，学习能力强，动手能力也很强
语言能力
英语
读写能力
精通
听说能力
良好
所获证书
校奖学金三等奖
全国大学生“创新，创意，创业”模拟挑战赛第九届重庆市三等奖
专业技能
MySQL
熟练
MS Powerpoint
精通
Python
熟练
JavaScript
熟练
web前端
熟练
学生干部经历
学生社团干事
2018.10 - 2019.09
打电话
打招呼
存至本地
收藏
转给同事
打印
举报
不合适
────────────────────────────────────────────────────────────
10:58:16   → AI 未通过: 第一学历（本科）为重庆邮电大学，非985/211院校，不符合第一学历为985211院校的要求。
10:58:17   → 等待 3 秒...
10:58:20 [总第 11 张] 处理: 向先生
10:58:21   → [AI Prompt]
────────────────────────────────────────────────────────────
请根据以下简历信息判断是否适合[学校要求：第一学历为985211院校，但排除非强势计算机理工背景的985211学校、或政策照顾性985/211学校。年限要求：年龄22-30岁，排除27年及之后的应届生。专业要求：专业不限，非理工科专业可以放行。地点要求：期望地点为重庆。备注：如果没有本科学校信息，只有硕士学校信息，且硕士学校符合要求，返回为true。]职位。
输出 JSON 格式：{"is_target": true/false, "reason": "原因说明"}

简历信息：
姓名：向先生
    10小时前在线
年龄：27岁
教育背景：教育经历
       重庆大学 985院校  2017.09 - 2021.07 生物科学 本科 统招
工作经历：项目经历
       pH超敏溶瘤聚肽高分子增强肿瘤免疫治疗的研究 
        2022.09 - 2025.09 (3年)
       前期研究发现，通过设计侧基含可电离叔胺和疏水基团的pH超敏溶瘤高分子（pUSOPs），可实现其膜裂解活性在微小pH变化下突跃及在肿瘤酸度下高选择性激活，相关研究工作已Nature Nanotechnology接收。在此基础上，项目拟构建系列基于聚酯、聚肽的可降解pUSOPs，研究其在pH超敏膜裂解活性、生物相容性、药代和组织分布、体内抗肿瘤疗效等方面的构效关系，筛选具有强体内抗肿瘤疗效且对正常组织细胞低毒的pUSOPs；研究pUSOPs对肿瘤免疫微环境的调节作用，及其与肿瘤免疫疗法的联合增效作用及机制。
期望薪资：1万-2万/月

简历全文（摘要）：
向先生
10小时前在线
要附件简历
27岁 (1998年7月)
工作无经验
本科
离校-正在找工作
现居广州 番禺区
户口重庆
中共党员（含预备党员）
求职期望
[重庆]
产品专员/助理
1万-2万/月 
医药制造、 IVD、 医药批发/零售
展开
项目经历
pH超敏溶瘤聚肽高分子增强肿瘤免疫治疗的研究
2022.09 - 2025.09 (3年)
前期研究发现，通过设计侧基含可电离叔胺和疏水基团的pH超敏溶瘤高分子（pUSOPs），可实现其膜裂解活性在微小pH变化下突跃及在肿瘤酸度下高选择性激活，相关研究工作已Nature Nanotechnology接收。在此基础上，项目拟构建系列基于聚酯、聚肽的可降解pUSOPs，研究其在pH超敏膜裂解活性、生物相容性、药代和组织分布、体内抗肿瘤疗效等方面的构效关系，筛选具有强体内抗肿瘤疗效且对正常组织细胞低毒的pUSOPs；研究pUSOPs对肿瘤免疫微环境的调节作用，及其与肿瘤免疫疗法的联合增效作用及机制。
教育经历
重庆大学
985院校
2017.09 - 2021.07
生物科学
本科
统招
个人优势
1.性格乐观开朗，积极向上，团队意识和合作精神强烈；\n2.诚实勇敢，不怕困难，信仰坚定；\n3.富有责任⼼和务实精神，有良好的组织协调能⼒及沟通能⼒，较强的分析、解决问题能⼒；\n4.对⼯作，勇于创新，充满⾃信，有较强的责任⼼和事业⼼；\n5.有进取⼼，能承担⼯作压⼒，⼯作态度认真，兢兢业业，具有良好的策划能⼒
打电话
打招呼
存至本地
收藏
转给同事
打印
举报
不合适
────────────────────────────────────────────────────────────
10:58:35   → AI 通过: 所有条件均符合。第一学历为重庆大学（985院校），且重庆大学并非非强势计算机理工背景或政策照顾性院校；年龄27岁，符合年龄要求；专业为生物科学，非理工科专业允许；期望地点为重庆，符合地点要求。
10:58:37   → 已打招呼
10:58:38   → 等待 5 秒...
10:58:43 [总第 12 张] 处理: 黄先生
10:58:44   → [关键词排除] 命中关键词: 「产品经理」（简历全文）
10:58:45 [总第 13 张] 处理: 王先生
10:58:47   → [关键词排除] 命中关键词: 「电气」（简历全文）
10:58:48 [总第 14 张] 处理: 单女士
10:58:49   → [关键词排除] 命中关键词: 「产品经理」（简历全文）
10:58:50 [总第 15 张] 处理: M女士
10:58:51   → [AI Prompt]
────────────────────────────────────────────────────────────
请根据以下简历信息判断是否适合[学校要求：第一学历为985211院校，但排除非强势计算机理工背景的985211学校、或政策照顾性985/211学校。年限要求：年龄22-30岁，排除27年及之后的应届生。专业要求：专业不限，非理工科专业可以放行。地点要求：期望地点为重庆。备注：如果没有本科学校信息，只有硕士学校信息，且硕士学校符合要求，返回为true。]职位。
输出 JSON 格式：{"is_target": true/false, "reason": "原因说明"}

简历信息：
姓名：M女士
    10分钟前浏览过职位
年龄：27岁
教育背景：教育经历
       南京大学 985院校  2020.09 - 2023.06 材料与化工 硕士 统招北京科技大学 211院校  2016.09 - 2020.06 材料化学 本科 统招
工作经历：主机厂   法规标准工程师 （标准化工程师）   2023.08 - 至今 (2年 7个月) 电源电池汽车行业电机制造机械制造检测/认证能源行业环保  1.法规跟踪与研究：系统跟踪并解读全球主要市场（中国、欧洲、日韩、北美等）汽车禁限用物质与回收利用法规体系及前沿动态。精通欧盟（ELV、REACH、RRR、关键原材料法案等）及中国（ELV）法规的深度解读与转化，熟悉日韩、北美等主流市场的法规要求和管控模式。
2.体系建设与数字化赋能：
（1）标准转化与编制：完成外部法规向企业内部管理要求和技术标准的转化及管理流程的落地，负责编制迭代公司《禁限用物质管理要求》《设计开发要求》等企业标准文件。负责标准化合规文件编制，包括RRR合规报表、汽车有害物质信息表、ELV备案参数表等，高效支持公司车型认证工作。
（2）数字化业务：主导公司ELV合规管理系统数字化建设，统筹需求分析、流程梳理以及方案设计实现内部多个系统数据打通，优化功能实现关键流程80%自动化，推动团队整体工作效率提升50%以上。
3.车型项目合规管理：负责5个系列、超10款出口欧洲车型的禁限用物质与回收利用全流程… 展开
期望薪资：1.5万-2.5万/月
技能标签：电源电池汽车行业电机制造机械制造检测/认证能源行业环保

简历全文（摘要）：
M女士
10分钟前浏览过职位
要附件简历
27岁 (1998年6月)
工作3年
硕士
在职-看看机会
现居深圳 坪山区
户口四川 宜宾
中共党员（含预备党员）
求职期望
[重庆]
项目经理/主管
1.5万-2.5万/月
展开
工作经历
主机厂
法规标准工程师
（标准化工程师）
2023.08 - 至今 (2年 7个月)
电源电池
汽车行业
电机制造
机械制造
检测/认证
能源行业
环保
1.法规跟踪与研究：系统跟踪并解读全球主要市场（中国、欧洲、日韩、北美等）汽车禁限用物质与回收利用法规体系及前沿动态。精通欧盟（ELV、REACH、RRR、关键原材料法案等）及中国（ELV）法规的深度解读与转化，熟悉日韩、北美等主流市场的法规要求和管控模式。
2.体系建设与数字化赋能：
（1）标准转化与编制：完成外部法规向企业内部管理要求和技术标准的转化及管理流程的落地，负责编制迭代公司《禁限用物质管理要求》《设计开发要求》等企业标准文件。负责标准化合规文件编制，包括RRR合规报表、汽车有害物质信息表、ELV备案参数表等，高效支持公司车型认证工作。
（2）数字化业务：主导公司ELV合规管理系统数字化建设，统筹需求分析、流程梳理以及方案设计实现内部多个系统数据打通，优化功能实现关键流程80%自动化，推动团队整体工作效率提升50%以上。
3.车型项目合规管理：负责5个系列、超10款出口欧洲车型的禁限用物质与回收利用全流程… 
展开
教育经历
南京大学
985院校
2020.09 - 2023.06
材料与化工
硕士
统招
北京科技大学
211院校
2016.09 - 2020.06
材料化学
本科
统招
个人优势
1. 具备近3年新能源主机厂标准法规与合规管理经验，专注于汽车禁限用物质与回收利用专业领域（ELV/RRR/REACH/POPs/关键原材料法案/新电池法等），具有“法规研究 标准转化 体系搭建-项目落地 数字化赋能”的完整闭环经验。
2. 系统掌握中国、欧盟等全球主流市场法规体系，擅长将法规要求转化为企业标准和数字化流程，主导搭建合规管理系统，推动工作效率提升50%以上。成功负责超10款出口车型禁限用物质和回收利用合规工作，保障车型100%满足目标市场法规要求。
3. 具备优秀的跨部门沟通和体系构建能力，致力于通过体系化与数字化，持续提升企业标准化水平与合规竞争力。具备快速学习和知识迁移能力，持续拓展对全球整车市场准入法规和国际标准的研究，能在高强度下保持工作质量，推动复杂问题解决。
语言能力
英语
读写能力
熟练
听说能力
熟练
全国大学英语六级考试(CET6)
打电话
打招呼
存至本地
收藏
转给同事
打印
举报
不合适
────────────────────────────────────────────────────────────
10:59:04   → AI 通过: 该候选人符合所有要求：
1. 年龄：27岁，符合22-30岁的要求，且非2027年及之后的应届生。
2. 第一学历：本科毕业于北京科技大学（211院校），材料化学专业。北京科技大学在材料科学与工程领域具有较强实力，不属于非强势计算机理工背景的985/211学校，也不是政策照顾性院校。
3. 专业：材料化学/材料与化工专业，符合专业不限的要求（允许非理工科专业，理工科自然也符合）。
4. 地点：期望地点为重庆，符合要求。
10:59:06   → 已打招呼
10:59:07   → 等待 3 秒...
10:59:10 [总第 16 张] 处理: 顾先生
10:59:11   → [关键词排除] 命中关键词: 「产品经理」（简历全文）
10:59:12 [总第 17 张] 处理: 张先生
10:59:13   → [AI Prompt]
────────────────────────────────────────────────────────────
请根据以下简历信息判断是否适合[学校要求：第一学历为985211院校，但排除非强势计算机理工背景的985211学校、或政策照顾性985/211学校。年限要求：年龄22-30岁，排除27年及之后的应届生。专业要求：专业不限，非理工科专业可以放行。地点要求：期望地点为重庆。备注：如果没有本科学校信息，只有硕士学校信息，且硕士学校符合要求，返回为true。]职位。
输出 JSON 格式：{"is_target": true/false, "reason": "原因说明"}

简历信息：
姓名：张先生
    23小时前浏览过职位
年龄：27岁
教育背景：教育经历
       武汉大学 985院校  2022.09 - 2025.06 宪法学与行政法学 硕士 统招中南财经政法大学 211院校  2017.09 - 2021.06 法学 本科 统招
工作经历：中建长江建设投资有限公司 央企子公司   法务助理 （法务专员/助理）   2025.07 - 至今 (8个月) 合同事务劳动纠纷国营企业大型企业A类法律职业资格证  1. 负责合同管理，审查用印登记归档
2. 负责合规、纪检、内控等工作
3. 负责案件管理，追踪案件进度并登记台账，协助出庭2次
4. 负责部门日程事务 两份工作间有11个月空档期 询问他  新华人寿保险股份有限公司四川分公司   法务专员/助理    2024.06 - 2024.08 (2个月) 合同事务  协助审查保险、服务、采购、租赁等合同 100 余份；协助处理保险理赔诉讼案件 2 件；参与宣传合规理念和制度 两份工作间有58个月空档期 询问他  成都市金牛区人民法院   民事庭实习生 （律师助理）   2019.05 - 2019.08 (3个月) 合同事务A类法律职业资格证  协助处理文书工作；记录、整理、编目以及归档案卷材料；检索法律法规和类案裁判文书；草拟裁判文书 10 余份 两份工作间有15个月空档期 询问他  四川省川安律师事务所   律师助理实习生    2018.01 - 2018.02 (1个月) A类法律职业资格证诉讼民商事类业务合同事务法院律师事务所  协助律师处理民事案件，写作法律文书，检索法律法规，策划普法活动
期望薪资：8千-1万/月
技能标签：合同事务劳动纠纷国营企业大型企业A类法律职业资格证

简历全文（摘要）：
张先生
23小时前浏览过职位
要附件简历
27岁 (1999年3月)
硕士
离职-正在找工作
现居成都 双流区
户口四川 成都
团员
求职期望
[重庆]
产品专员/助理
8千-1万/月
展开
工作经历
中建长江建设投资有限公司
央企子公司
法务助理
（法务专员/助理）
2025.07 - 至今 (8个月)
合同事务
劳动纠纷
国营企业
大型企业
A类法律职业资格证
1. 负责合同管理，审查用印登记归档
2. 负责合规、纪检、内控等工作
3. 负责案件管理，追踪案件进度并登记台账，协助出庭2次
4. 负责部门日程事务
两份工作间有11个月空档期
询问他
新华人寿保险股份有限公司四川分公司
法务专员/助理
2024.06 - 2024.08 (2个月)
合同事务
协助审查保险、服务、采购、租赁等合同 100 余份；协助处理保险理赔诉讼案件 2 件；参与宣传合规理念和制度
两份工作间有58个月空档期
询问他
成都市金牛区人民法院
民事庭实习生
（律师助理）
2019.05 - 2019.08 (3个月)
合同事务
A类法律职业资格证
协助处理文书工作；记录、整理、编目以及归档案卷材料；检索法律法规和类案裁判文书；草拟裁判文书 10 余份
两份工作间有15个月空档期
询问他
四川省川安律师事务所
律师助理实习生
2018.01 - 2018.02 (1个月)
A类法律职业资格证
诉讼
民商事类业务
合同事务
法院
律师事务所
协助律师处理民事案件，写作法律文书，检索法律法规，策划普法活动
项目经历
大学生创新创业训练计划项目《意定监护公证制度研究》
2017.10 - 2018.10 (1年)
研究意定监护公证制度，以及其在公证领域的实践情况。
教育经历
武汉大学
985院校
2022.09 - 2025.06
宪法学与行政法学
硕士
统招
中南财经政法大学
211院校
2017.09 - 2021.06
法学
本科
统招
个人优势
谦虚好学，善于沟通，抗压能力强。
语言能力
英语
读写能力
熟练
听说能力
熟练
全国大学英语四级考试(CET4)
（623分）
全国大学英语六级考试(CET6)
（491分）
所获证书
法律职业资格A证
专业技能
MS Excel
良好
打电话
打招呼
存至本地
收藏
转给同事
打印
举报
不合适
────────────────────────────────────────────────────────────
10:59:28   → AI 通过: 1. **第一学历（本科）要求：** 候选人本科毕业于中南财经政法大学（211院校），专业为法学。中南财经政法大学在法学领域属于强势院校，不属于非强势计算机理工背景的985/211学校，也不是政策照顾性学校，符合要求。
2. **年限要求：** 候选人年龄27岁，在22-30岁范围内。硕士毕业时间为2025年，早于2027年，因此不属于“27年及之后的应届生”，符合要求。
3. **专业要求：** 候选人本科和硕士专业均为法学相关，属于非理工科专业，但学校要求“专业不限，非理工科专业可以放行”，符合要求。
4. **地点要求：** 候选人期望地点为重庆，符合要求。
10:59:30   → 已打招呼
10:59:31   → 等待 3 秒...
10:59:34 [总第 18 张] 处理: 姚女士
10:59:34   → [风控] 随机跳过
10:59:34 [总第 19 张] 处理: 曾女士
10:59:34   → [风控] 随机跳过
10:59:34 [总第 20 张] 处理: 庞先生
10:59:35   → [AI Prompt]
────────────────────────────────────────────────────────────
请根据以下简历信息判断是否适合[学校要求：第一学历为985211院校，但排除非强势计算机理工背景的985211学校、或政策照顾性985/211学校。年限要求：年龄22-30岁，排除27年及之后的应届生。专业要求：专业不限，非理工科专业可以放行。地点要求：期望地点为重庆。备注：如果没有本科学校信息，只有硕士学校信息，且硕士学校符合要求，返回为true。]职位。
输出 JSON 格式：{"is_target": true/false, "reason": "原因说明"}

简历信息：
姓名：庞先生
    3小时前浏览过职位
年龄：25岁
教育背景：教育经历
       大连理工大学 985院校  2024.09 - 2026.06 金融学 本科 统招大连理工大学 985院校  2020.09 - 2024.06 电子科学与技术 本科 统招
工作经历：北京慧策掌上先机有限公司   管培生 （管培生/储备干部）   2026.01 - 至今 (2个月) 大学英语四级  负责旺店通erp系统实施
为客户需求提解决方案
深入学习电商业务全流程erp
期望薪资：8千-1.4万/月
技能标签：大学英语四级

简历全文（摘要）：
庞先生
3小时前浏览过职位
要附件简历
25岁 (2001年3月)
工作无经验
本科
在校-正在找工作
现居大连 甘井子区
户口辽宁 大连
群众
求职期望
[重庆]
电子元器件销售工程师
8千-1.4万/月
展开
工作经历
北京慧策掌上先机有限公司
管培生
（管培生/储备干部）
2026.01 - 至今 (2个月)
大学英语四级
负责旺店通erp系统实施
为客户需求提解决方案
深入学习电商业务全流程erp
项目经历
本科毕业论文
2023.12 - 2024.06 (6个月)
Multiphysics 仿真软件进行建模与仿真,研究条形波导的光学性能      2023-12至2024.6
大工电子系统仿真实验
2023.08 - 2023.10 (2个月)
利用Proteus软件的版图绘制和仿真操作,完成555计时器芯片、时序逻辑芯片及其他器件的设计与仿真
大工生产实习
2023.06 - 2023.08 (2个月)
学习利用Linux系统、Cadence、Virtuoso进行版图的设计与仿真,并在指导下完成芯片的设计仿真
教育经历
大连理工大学
985院校
2024.09 - 2026.06
金融学
本科
统招
大连理工大学
985院校
2020.09 - 2024.06
电子科学与技术
本科
统招
个人优势
拥有交叉学科背景,既有理工思维,也有人文情怀。有逻辑思维,学习,分析解决问题的能力,出色的沟通协调和数据分析能力,性格乐观,能快速学习并适应快节奏的工作环境。
语言能力
英语
读写能力
良好
听说能力
一般
全国大学英语四级考试(CET4)
（435分）
所获证书
大工优秀青年志愿者
专业技能
C/C++
一般
SPSS
良好
学生干部经历
校学生会部长
2020.09 - 2022.09
打电话
打招呼
存至本地
收藏
转给同事
打印
举报
不合适
────────────────────────────────────────────────────────────
10:59:48   → AI 通过: 该候选人符合所有要求。
1. **第一学历：** 候选人第一学历为大连理工大学（985院校）的电子科学与技术专业，属于强势理工科背景，符合要求。
2. **年龄与年限：** 候选人年龄25岁，在22-30岁范围内。其第一本科学历于2024年6月毕业，不属于2027年及之后的应届生，符合要求。
3. **专业：** 专业不限，候选人有电子科学与技术和金融学背景，符合要求。
4. **地点：** 期望地点为重庆，符合要求。
10:59:50   → 已打招呼
10:59:51   → 等待 3 秒...
10:59:54 ── 第 1 批处理完，滚动加载更多候选人...
10:59:58 ── 第 2 批，共 2 张新卡片 ──
10:59:58 [总第 21 张] 处理: 王先生
10:59:59   → [AI Prompt]
────────────────────────────────────────────────────────────
请根据以下简历信息判断是否适合[学校要求：第一学历为985211院校，但排除非强势计算机理工背景的985211学校、或政策照顾性985/211学校。年限要求：年龄22-30岁，排除27年及之后的应届生。专业要求：专业不限，非理工科专业可以放行。地点要求：期望地点为重庆。备注：如果没有本科学校信息，只有硕士学校信息，且硕士学校符合要求，返回为true。]职位。
输出 JSON 格式：{"is_target": true/false, "reason": "原因说明"}

简历信息：
姓名：王先生
    1小时前浏览过职位
年龄：23岁
教育背景：教育经历
       重庆大学 985院校  2021.09 - 2025.06 环境生态工程 本科 统招
工作经历：重庆药友制药有限责任公司 上市企业子公司   医药招商    2025.08 - 至今 (7个月) 商业招商  1.入职初期作为管培生进行全方面培养，分别在招投标组、商务组、订单组、学术组、质量组以及不同剂型工厂车间进行轮岗培训，定期进行领导小组汇报，并取得了一致性好评，同期积极参加公司工会活动，担当公司年度文艺汇演主持人，部门民族舞成员，年会活动策划和ppt制作人。深刻了解公司个部门的运行逻辑形成闭环，提升公司对我的认可度。
2.培训结束后，在集团副总裁带领下，两个月内实现跑通等级医院的厂家药品全流程，帮助公司实现医院主任医生的建档联络，同时帮助产品不同剂型的进院，各个科室对于药友产品的使用情况收集，库存更新和医保系统的写报告问题都及时反馈给公司，再出面和药剂科进行沟通。
3.后续作为区县事业市场专员，负责省级区及区县招商至今，主要针对国家集采以及续约产品的市场，跟配送商业客户，自然人客户签订合同，分配任务量，进行精细化市场划分。日常对各个区县市场进行招商管理，在流向核实，任务书、备案表签订，以及负责跟踪进院代表，上量代表的任务完… 展开
期望薪资：8千-1.2万/月
技能标签：商业招商

简历全文（摘要）：
王先生
1小时前浏览过职位
要附件简历
23岁 (2003年2月)
工作1年
本科
在职-正在找工作
现居重庆 渝北区
户口重庆
团员
求职期望
[重庆]
供应链专员
8千-1.2万/月
展开
工作经历
重庆药友制药有限责任公司
上市企业子公司
医药招商
2025.08 - 至今 (7个月)
商业招商
1.入职初期作为管培生进行全方面培养，分别在招投标组、商务组、订单组、学术组、质量组以及不同剂型工厂车间进行轮岗培训，定期进行领导小组汇报，并取得了一致性好评，同期积极参加公司工会活动，担当公司年度文艺汇演主持人，部门民族舞成员，年会活动策划和ppt制作人。深刻了解公司个部门的运行逻辑形成闭环，提升公司对我的认可度。
2.培训结束后，在集团副总裁带领下，两个月内实现跑通等级医院的厂家药品全流程，帮助公司实现医院主任医生的建档联络，同时帮助产品不同剂型的进院，各个科室对于药友产品的使用情况收集，库存更新和医保系统的写报告问题都及时反馈给公司，再出面和药剂科进行沟通。
3.后续作为区县事业市场专员，负责省级区及区县招商至今，主要针对国家集采以及续约产品的市场，跟配送商业客户，自然人客户签订合同，分配任务量，进行精细化市场划分。日常对各个区县市场进行招商管理，在流向核实，任务书、备案表签订，以及负责跟踪进院代表，上量代表的任务完… 
展开
项目经历
国家集采1-8批续约签订
2025.11 - 2026.02 (3个月)
1.针对政策性的1-8批国家集采到期续约工作，深入所属安徽地级市，与地级市各个商业如华润、国控、重药等展开商业合作，同时与本土商业如云泉，海王，进行精细化市场查漏补缺工作。
2.主要负责根据CNS产品线的度洛西汀、米氮平、舍曲林，与重药安徽合作，推进产品原中选保标工作以及新开发进院工作。
3.坚持以公司结果导向，利用1-8批契机，深化公司精细化理念，在各级地级市，区县等，不同商业公司，本土和非本土商业进行分级，精细化招商，以确保最大保标力度以及保障。
教育经历
重庆大学
985院校
2021.09 - 2025.06
环境生态工程
本科
统招
个人优势
核心竞争力：
1、全流程运营与供应链闭环思维。
2、跨部门协同与B端核心渠道维护。
3、跨模块以及落地的可迁移学习能力。
4、精细化市场管理与数据分析。
5、综合策划软实力突出，个人与企业高度共鸣。
语言能力
英语
读写能力
熟练
听说能力
熟练
全国大学英语四级考试(CET4)
所获证书
优秀学生干部
专业技能
AUTOCAD
良好
打电话
打招呼
存至本地
收藏
转给同事
打印
举报
不合适
────────────────────────────────────────────────────────────
11:00:10   → AI 通过: 该候选人符合所有职位要求：
1. **第一学历：** 重庆大学是985院校，且环境生态工程属于理工科专业，不属于被排除的非强势计算机理工背景或政策照顾性院校。
2. **年龄：** 23岁，在22-30岁范围内，且本科毕业时间为2025年，不属于2027年及之后的应届生。
3. **专业：** 职位要求专业不限，候选人专业符合要求。
4. **地点：** 期望地点为重庆，符合要求。
11:00:12   → 已打招呼
11:00:13   → 等待 3 秒...
11:00:16 [总第 22 张] 处理: 滕女士
11:00:18   → [关键词排除] 命中关键词: 「产品经理」（简历全文）
11:00:18 ── 第 2 批处理完，滚动加载更多候选人...
11:00:22 ── 已滚动到底，没有新候选人，筛选结束
11:00:22 
════════════════════════════════════════════════════════════
  本次筛选完成
────────────────────────────────────────────────────────────
  筛选总数：22
  通过（已打招呼）：7
  未通过（AI拒绝）：3
  未通过（关键词排除）：10  命中关键词：「产品经理」、「教师」、「游戏」、「电气」
  跳过（风控随机）：2
  失败（AI调用失败）：0
────────────────────────────────────────────────────────────
  验证：22 = 7+3+10+2+0 ✓
────────────────────────────────────────────────────────────
  JSON报告：\\192.168.0.113\共享文件夹\需求及测试文档_请按功能划分文件夹\obsidian\cjw\02_线索笔记\1.招聘\agno1-dev_0.0.1.0\agno1\artifacts\zhaopin\zhilian\zhilian_screener_20260303_105556.json
  运行日志：\\192.168.0.113\共享文件夹\需求及测试文档_请按功能划分文件夹\obsidian\cjw\02_线索笔记\1.招聘\agno1-dev_0.0.1.0\agno1\logs\zhaopin\zhilian\zhilian_screener_20260303_105556.log
════════════════════════════════════════════════════════════
