15:22:07 ── 第 1 批，共 20 张新卡片 ──
15:22:07 [总第 1 张] 处理: 熊先生
15:22:09   → [AI Prompt]
────────────────────────────────────────────────────────────
请根据以下简历信息判断是否适合[学校要求：第一学历为985211院校，但排除非强势计算机理工背景的985211学校、或政策照顾性985/211学校。年限要求：年龄22-30岁，排除27年及之后的应届生。专业要求：专业不限，非理工科专业可以放行。地点要求：期望地点为重庆。备注：如果没有本科学校信息，只有硕士学校信息，且硕士学校符合要求，返回为true。如果缺失期望地点，也返回为true。]职位。
输出 JSON 格式：{"is_target": true/false, "reason": "原因说明"}

简历信息：
姓名：熊先生
    10小时前在线
年龄：27岁
教育背景：教育经历
       重庆大学 985院校  2023.09 - 2025.06 应用统计 硕士 统招北京交通大学 211院校  2022.09 - 2023.06 电子信息与工程 本科 统招北京交通大学 211院校  2018.09 - 2022.06 统计学 本科 统招
工作经历：中国人民解放军军事科学院某中心   数据开发  6千/月  2024.06 - 至今 (1年 9个月) SqlPythonHadoopSparkFlink数据挖掘数据建模数据仓库  基于PostGIS设计AIS空间数据库,实现多源历史数据与实时数据采集,设计数据治理流程实现多源异构数据融合对齐。
•运用理技融合理念,作为技术骨干与领域专家进行常态化研讨,共同完成需求分析和模式设计;开发多种智能算法实现AIS关键信息挖掘,如航迹模式识别、异常检测、实时预警等。
•熟练应用GIS开发框架,敏捷构建可交互式Web应用,信息挖掘结果实时可视化呈现;设计新算法处理结果组件化添加,提高数据的可访问性和交互性,极大地提升了用户体验感。
•面向工具开发前后端分离开发需求,构建RESTFul API服务,显著提升工程开发效率。 两份工作间有24个月空档期 询问他  天健会计师事务所（成都分所） 央企供应商   审计助理    2022.05 - 2022.06 (1个月) 会计师事务所  • 通过精确核对科目余额与总账，确保了财务数据的准确性和完整性。运用专业的审计技巧，对选定的科目进行深入的凭证抽查，以揭示并解决潜在的财务问题，从而保障了财务报告的真实性、公允性以及合规性。
• 编制涵盖货币资金、期间费用、营业外收支和税金科目的详细审计工作底稿。
期望薪资：4千-6千/月
技能标签：SqlPythonHadoopSparkFlink数据挖掘数据建模数据仓库

简历全文（摘要）：
熊先生
10小时前在线
要附件简历
27岁 (1999年2月)
工作无经验
硕士
在校-正在找工作
现居重庆 开州区
户口重庆
团员
求职期望
[上海]
数据挖掘
全职
兼职
4千-6千/月
展开
工作经历
中国人民解放军军事科学院某中心
数据开发
6千/月
2024.06 - 至今 (1年 9个月)
Sql
Python
Hadoop
Spark
Flink
数据挖掘
数据建模
数据仓库
基于PostGIS设计AIS空间数据库,实现多源历史数据与实时数据采集,设计数据治理流程实现多源异构数据融合对齐。
•运用理技融合理念,作为技术骨干与领域专家进行常态化研讨,共同完成需求分析和模式设计;开发多种智能算法实现AIS关键信息挖掘,如航迹模式识别、异常检测、实时预警等。
•熟练应用GIS开发框架,敏捷构建可交互式Web应用,信息挖掘结果实时可视化呈现;设计新算法处理结果组件化添加,提高数据的可访问性和交互性,极大地提升了用户体验感。
•面向工具开发前后端分离开发需求,构建RESTFul API服务,显著提升工程开发效率。
两份工作间有24个月空档期
询问他
天健会计师事务所（成都分所）
央企供应商
审计助理
2022.05 - 2022.06 (1个月)
会计师事务所
• 通过精确核对科目余额与总账，确保了财务数据的准确性和完整性。运用专业的审计技巧，对选定的科目进行深入的凭证抽查，以揭示并解决潜在的财务问题，从而保障了财务报告的真实性、公允性以及合规性。
• 编制涵盖货币资金、期间费用、营业外收支和税金科目的详细审计工作底稿。
项目经历
基于PySpark的保险业务数据分析与可视化
2024.06 - 2024.07 (1个月)
利用PySpark框架与Hadoop大数据平台,分析包含客户信息、经济指标及行为数据的保险数据集,采用批处理与流处理,实施30+业务指标的分析。利用Logistic回归模型预测客户购买倾向,提升营销精准度。
•批处理:编写SparkSQL对数据集进行分析,涵盖客户购买行为统计、经济对购买意愿影响等关键业务指标。
•流处理:使用socketTextStream接口从指定服务器和端口接收实时数据转换为DataFrame,统计订单数量并打印。
•模型预测:对训练集做特征选择、变换与编码等操作,训练Logistic回归模型,测试集预测准确率达85%。
知行教育大数据平台(离线教育数仓)
2024.04 - 2024.06 (2个月)
该项目是基于在线教育行业业务构建的大数据分析平台,集成了Zookeeper+MySQL+HDFS+Yarn+Hive+Ooize+Sqoop+
HUE+FineBI等技术,实现数据的采集、存储、处理、分析及可视化展示的一体化流程。利用Cloudera Manager进行统一的运维监控,确保系统稳定运行与高效管理。
•数据流转:利用Sqoop技术实现从MySQL到Hive ODS层的数据迁移,优化数据存储格式与压缩策略。
•数仓建模:针对访问咨询、意向用户、学生出勤三个主题的需求分析,设计并实施基于星型模型的数据仓库架构。
•数据分析:通过编写高效的HiveSQL查询,对数据进行ETL处理,提取用户访问量、咨询量、意向数、出勤数等指标。
光伏发电出力预测
2024.03 - 2024.04 (1个月)
与电力领域专家进行技术研讨,深入理解光伏发电系统运行特性,基于历史光伏发电数据、天气数据、光伏设备空间
相对位置等信息,采用随机森林算法与基于TensorFlow和Keras的深度学习框架相结合,构建了一个多输入的混合预测模型。
•利用深度学习网络的多层感知器结构,对光伏发电数据中的非线性模式和复杂的交互效应进行建模,通过随机森林算法对模型进行最终的训练迭代,以增强模型对数据特征的泛化能力。
•通过交叉验证对模型超参数进行调优,最终实现0.8672的预测得分,提高了预测精度。
教育经历
重庆大学
985院校
2023.09 - 2025.06
应用统计
硕士
统招
北京交通大学
211院校
2022.09 - 2023.06
电子信息与工程
本科
统招
北京交通大学
211院校
2018.09 - 2022.06
统计学
本科
统招
个人优势
不仅拥有深厚的统计学理论功底，还积累了丰富的实践经验。在学术与职业的双重磨砺下，我在数据分析与建模领域打下了坚实的基础，能够熟练运用多种统计方法与机器学习算法解决复杂问题。我始终保持对新知识、新技术的热情与追求，不断提升自己的学习能力和分析能力。同时，我也注重将理论知识与实践相结合，通过参与实际项目来检验和巩固所学，从而不断提升自己的实践能力。我热爱数据分析工作，对数据背后的故事充满好奇与探索欲。我坚信，数据是洞察世界、指导决策的宝贵资源。因此，我致力于将所学知识应用于实际问题的解决中，为企业的发展贡献自己的力量。
语言能力
英语
读写能力
良好
听说能力
良好
全国大学英语六级考试(CET6)
（505分）
所获证书
研究生学业奖学金
美国大学生数学建模竞赛S奖
专业技能
Python
熟练
MySQL
熟练
Hadoop
良好
Hive
良好
学生干部经历
学生社团干事
2019.02 - 2020.02
打电话
打招呼
存至本地
收藏
转给同事
打印
举报
不合适
────────────────────────────────────────────────────────────
15:22:19   → [AI 原始回答] 
────────────────────────────────────────────────────────────
```json
{
  "is_target": false,
  "reason": "期望地点不符合要求，候选人期望地点为上海，而职位要求期望地点为重庆。"
}
```
────────────────────────────────────────────────────────────
15:22:19   → AI 未通过: 期望地点不符合要求，候选人期望地点为上海，而职位要求期望地点为重庆。
15:22:20   → 等待 4 秒...
15:22:24 [总第 2 张] 处理: 张女士
15:22:24   → [风控] 随机跳过
15:22:24 [总第 3 张] 处理: 蒋女士
15:22:25   → [AI Prompt]
────────────────────────────────────────────────────────────
请根据以下简历信息判断是否适合[学校要求：第一学历为985211院校，但排除非强势计算机理工背景的985211学校、或政策照顾性985/211学校。年限要求：年龄22-30岁，排除27年及之后的应届生。专业要求：专业不限，非理工科专业可以放行。地点要求：期望地点为重庆。备注：如果没有本科学校信息，只有硕士学校信息，且硕士学校符合要求，返回为true。如果缺失期望地点，也返回为true。]职位。
输出 JSON 格式：{"is_target": true/false, "reason": "原因说明"}

简历信息：
姓名：蒋女士
    48小时前在线
年龄：23岁
教育背景：教育经历
       重庆大学 985院校  2025.09 - 2028.07 生物与医药 硕士 统招重庆邮电大学   2021.09 - 2025.07 医学信息工程 本科 统招
工作经历：教育经历
       重庆大学 985院校  2025.09 - 2028.07 生物与医药 硕士 统招重庆邮电大学   2021.09 - 2025.07 医学信息工程 本科 统招
期望薪资：8千-1.5万/月

简历全文（摘要）：
蒋女士
48小时前在线
要附件简历
23岁 (2002年11月)
工作无经验
硕士
在校-正在找工作
现居重庆 南岸区
求职期望
[重庆]
Python
兼职
实习
全职
8千-1.5万/月
教育经历
重庆大学
985院校
2025.09 - 2028.07
生物与医药
硕士
统招
重庆邮电大学
2021.09 - 2025.07
医学信息工程
本科
统招
打电话
打招呼
存至本地
收藏
转给同事
打印
举报
不合适
────────────────────────────────────────────────────────────
15:22:35   → [AI 原始回答] 
────────────────────────────────────────────────────────────
```json
{
  "is_target": false,
  "reason": "不符合要求。原因：1. 第一学历（本科）院校重庆邮电大学非985/211院校。2. 硕士毕业时间为2028年，属于2027年及之后的应届生，不符合年限要求。"
}
```
────────────────────────────────────────────────────────────
15:22:35   → AI 未通过: 不符合要求。原因：1. 第一学历（本科）院校重庆邮电大学非985/211院校。2. 硕士毕业时间为2028年，属于2027年及之后的应届生，不符合年限要求。
15:22:36   → 等待 4 秒...
15:22:40 [总第 4 张] 处理: 余先生
15:22:41   → [关键词排除] 命中关键词: 「电气」（简历全文）
15:22:42 [总第 5 张] 处理: 刘先生
15:22:43   → [关键词排除] 命中关键词: 「材料科学」（简历全文）
15:22:44 [总第 6 张] 处理: 唐先生
15:22:45   → [AI Prompt]
────────────────────────────────────────────────────────────
请根据以下简历信息判断是否适合[学校要求：第一学历为985211院校，但排除非强势计算机理工背景的985211学校、或政策照顾性985/211学校。年限要求：年龄22-30岁，排除27年及之后的应届生。专业要求：专业不限，非理工科专业可以放行。地点要求：期望地点为重庆。备注：如果没有本科学校信息，只有硕士学校信息，且硕士学校符合要求，返回为true。如果缺失期望地点，也返回为true。]职位。
输出 JSON 格式：{"is_target": true/false, "reason": "原因说明"}

简历信息：
姓名：唐先生
    5天前在线
年龄：26岁
教育背景：教育经历
       清华大学 985院校  2018.09 - 2022.07 计算机应用技术 本科 统招
工作经历：达能（上海）投资有限公司   ai算法工程师    2024.07 - 至今 (1年 8个月) 多模态算法导航算法HALCONC#  无我具备的算法能力是: 多模态算法
我这段经历从事的领域是: 导航算法
我熟悉的框架是: HALCON
我擅长的编程语言是: C#
期望薪资：1.3万-2万/月
技能标签：多模态算法导航算法HALCONC#

简历全文（摘要）：
唐先生
5天前在线
要附件简历
26岁 (2000年2月)
工作4年
本科
在职-看看机会
现居重庆 南岸区
求职期望
[重庆-南岸区]
算法工程师
1.3万-2万/月 
快速消费品
工作经历
达能（上海）投资有限公司
ai算法工程师
2024.07 - 至今 (1年 8个月)
多模态算法
导航算法
HALCON
C#
无我具备的算法能力是: 多模态算法
我这段经历从事的领域是: 导航算法
我熟悉的框架是: HALCON
我擅长的编程语言是: C#
教育经历
清华大学
985院校
2018.09 - 2022.07
计算机应用技术
本科
统招
打电话
打招呼
存至本地
收藏
转给同事
打印
举报
不合适
────────────────────────────────────────────────────────────
15:22:53   → [AI 原始回答] 
────────────────────────────────────────────────────────────
```json
{
  "is_target": true,
  "reason": "所有条件均符合。第一学历为清华大学计算机应用技术（985院校且为强势计算机理工背景），年龄26岁在要求范围内且非应届生，期望地点为重庆。"
}
```
────────────────────────────────────────────────────────────
15:22:53   → AI 通过: 所有条件均符合。第一学历为清华大学计算机应用技术（985院校且为强势计算机理工背景），年龄26岁在要求范围内且非应届生，期望地点为重庆。
15:22:55   → 已打招呼
15:22:56   → 等待 5 秒...
15:23:01 [总第 7 张] 处理: 蒋先生
15:23:02   → [关键词排除] 命中关键词: 「材料科学」（简历全文）
15:23:03 [总第 8 张] 处理: 王先生
15:23:04   → [关键词排除] 命中关键词: 「电气」（简历全文）
15:23:05 [总第 9 张] 处理: 蒋先生
15:23:06   → [关键词排除] 命中关键词: 「电气」（简历全文）
15:23:07 [总第 10 张] 处理: 贺先生
15:23:08   → [关键词排除] 命中关键词: 「电气」（简历全文）
15:23:09 [总第 11 张] 处理: 程先生
15:23:10   → [关键词排除] 命中关键词: 「电气」（简历全文）
15:23:11 [总第 12 张] 处理: 刘女士
15:23:12   → [关键词排除] 命中关键词: 「工艺工程」（简历全文）
15:23:13 [总第 13 张] 处理: 袁女士
15:23:14   → [AI Prompt]
────────────────────────────────────────────────────────────
请根据以下简历信息判断是否适合[学校要求：第一学历为985211院校，但排除非强势计算机理工背景的985211学校、或政策照顾性985/211学校。年限要求：年龄22-30岁，排除27年及之后的应届生。专业要求：专业不限，非理工科专业可以放行。地点要求：期望地点为重庆。备注：如果没有本科学校信息，只有硕士学校信息，且硕士学校符合要求，返回为true。如果缺失期望地点，也返回为true。]职位。
输出 JSON 格式：{"is_target": true/false, "reason": "原因说明"}

简历信息：
姓名：袁女士
    48小时前在线
年龄：28岁
教育背景：教育经历
       四川大学 985院校  2019.09 - 2022.06 化学工程 硕士 统招江苏大学   2015.09 - 2019.06 化学工程与工艺 本科 统招
工作经历：惠州亿纬锂能股份有限公司 2025年胡润中国500强   产品开发工程师 （电池工程师）   2022.07 - 至今 (3年 8个月) 锂离子电池软包电池  前期负责工艺开发和改善，现负责产品开发。
期望薪资：1.7万-2.5万/月
技能标签：锂离子电池软包电池

简历全文（摘要）：
袁女士
48小时前在线
要附件简历
28岁 (1997年6月)
工作4年
硕士
在职-看看机会
现居成都 武侯区
户口贵州 毕节
中共党员（含预备党员）
求职期望
[重庆]
电池工程师
1.7万-2.5万/月
展开
工作经历
惠州亿纬锂能股份有限公司
2025年胡润中国500强
产品开发工程师
（电池工程师）
2022.07 - 至今 (3年 8个月)
锂离子电池
软包电池
前期负责工艺开发和改善，现负责产品开发。
项目经历
凝胶电解质电池开发
2024.05 - 至今 (1年 10个月)
为提高产品的本征安全性能，提高产品竞争力，本项目通过凝胶电解质取代液态电解液防止漏液发生，同时降低电解质可燃性。目前通过对单体、引发剂的类型，占比，以及聚合，化成等各工艺的优化，实现了515mAh小圆柱软包电池1C和3A脉冲放电容量，55℃高温放电容量与液态电解液相当。同时，将电芯针刺安全性能通过率从0%提升至80%，极大增强了产品的市场竞争力和安全性。共同负责项目资料编写，项目计划制定，进度推进，方案设计，实验验证，数据处理以及报告输出等内容。
厚电极涂布提速
2024.02 - 2024.05 (3个月)
对于在量产产品，由于正极电极厚度较厚，涂布后难以烘干，且极片耐烘烤温度能力较差，过高的温度容易导致开裂，故涂布速度较慢，生产效率低。为提高生产效率，本项目旨在从生产工艺和粘结剂方面进行改善，是涂布速度从1.2m/min提升到2.3m/min，极片耐烘烤温度从85℃提升至约110℃。
圆柱软包(锂金属)电池挤压失效改善
2023.06 - 2024.01 (7个月)
针对某型号小圆柱软包电池挤压通过率低的问题，主要从电池材料，结构，工艺设计等方面进行改善，主要包括电解液、隔膜、结构强度、Overhang设计等，最终实现挤压通过率从63%提升至100%；同时提高了低温下活性物质利用率、容量、能量保持率，改善了高温存储下电芯胀气问题，减小了高温放电条件下电解液对铝箔的腐蚀危害。
豆式电池压盖焊接异常改善
2022.11 - 2023.01 (2个月)
针对某型号豆式电池压盖后焊接后出现极柱漏液和电芯内阻超标的情况，通过分析极柱和电芯抛面形貌观察电芯内部情况，以及拆解分容后高内阻电芯和极柱状态等方式，根据分析结果制定方案改善，实验验证，数据收集和分析，最后通过优化压盖和焊接模具及工艺参数，同时优化极耳点焊工艺解决电芯异常，使其失效率由约32%降至0%，并输出相应SOP文件。
展开全部
教育经历
四川大学
985院校
2019.09 - 2022.06
化学工程
硕士
统招
江苏大学
2015.09 - 2019.06
化学工程与工艺
本科
统招
个人优势
具有锂电池工艺开发和电芯产品研发工作经验。了解熟悉锂离子电池生产工序和控制点，熟悉电池产品生产、测试、分析、优化等。目前所做项目为凝胶电解质电池。
语言能力
英语
读写能力
熟练
听说能力
良好
全国大学英语六级考试(CET6)
（463分）
所获证书
MS office（二级）
CET-6
专业技能
Word、Excel、PowerPoint、OriginPro、Minitab等应用及数据分析软件
（使用120个月）
精通
电池测试柜、电化学工作站、轮廓仪、二次元、SEM等测试设备
（使用32个月）
熟练
打电话
打招呼
存至本地
收藏
转给同事
打印
举报
不合适
────────────────────────────────────────────────────────────
15:23:23   → [AI 原始回答] 
────────────────────────────────────────────────────────────
```json
{
  "is_target": false,
  "reason": "第一学历非985/211院校。简历中本科学校为江苏大学，不符合第一学历为985/211院校的要求。"
}
```
────────────────────────────────────────────────────────────
15:23:23   → AI 未通过: 第一学历非985/211院校。简历中本科学校为江苏大学，不符合第一学历为985/211院校的要求。
15:23:24   → 等待 5 秒...
15:23:29 [总第 14 张] 处理: 丁先生
15:23:30   → [关键词排除] 命中关键词: 「芯片测试」（简历全文）
15:23:31 [总第 15 张] 处理: 周先生
15:23:32   → [关键词排除] 命中关键词: 「工艺工程」（简历全文）
15:23:33 [总第 16 张] 处理: 李女士
15:23:34   → [AI Prompt]
────────────────────────────────────────────────────────────
请根据以下简历信息判断是否适合[学校要求：第一学历为985211院校，但排除非强势计算机理工背景的985211学校、或政策照顾性985/211学校。年限要求：年龄22-30岁，排除27年及之后的应届生。专业要求：专业不限，非理工科专业可以放行。地点要求：期望地点为重庆。备注：如果没有本科学校信息，只有硕士学校信息，且硕士学校符合要求，返回为true。如果缺失期望地点，也返回为true。]职位。
输出 JSON 格式：{"is_target": true/false, "reason": "原因说明"}

简历信息：
姓名：李女士
    10天前在线
年龄：29岁
教育背景：教育经历
       厦门大学 985院校  2018.09 - 2021.06 化学工程与工艺 硕士 统招
工作经历：福建省晋华集成电路有限公司 国有企业   版图工程师 （版图设计工程师）   2022.12 - 至今 (3年 3个月) 版图物理验证CMOS工艺  根据Process负责PDK文件的开发
负责DRC的物理验证
使用skipper软件绘制TSK
熟悉tape out流程 厦门天马显示科技有限公司 国有企业   阵列工程师 （集成电路IC设计） 1.1万/月  2021.07 - 至今 (4年 8个月) 版图设计  2022-07——2022-至今  厦门天马显示科技有限公司   电子设计工程师
1.参加铜棒专项，在4KV闪绿客诉中通过进行恶化实验复现现象，最终通过优化上下电时序解决问题，期间多次进行程序调试并输出程序供相关部门进行测试验证
2.ESD issue解析，主要负责与DQA进行沟通，协助各方案的验证追踪和异常分析，提供部分ARM板程序供DQV测试验证
3.多次为产线提供Keil、With和ARM板的分显图程序
4.根据竞社Code设定，为产线提供相应的分显图程序
5.完成TM18公版程序提供的Checklist，规范程序提供的手法，避免程序上传出错
2021-07——2022-07    厦门天马显示科技有限公司   阵列设计工程师
1.TM18第一款DDL、Demux和隔行级传产品655 LVS全Panel原理图的搭建，并且独立完成LVS… 展开
期望薪资：1.4万-2万/月
技能标签：版图物理验证CMOS工艺

简历全文（摘要）：
李女士
10天前在线
要附件简历
29岁 (1996年9月)
工作5年
硕士
在职-看看机会
现居厦门 翔安区
户口河北 邢台
团员
求职期望
[重庆]
版图设计工程师
1.4万-2万/月 
电子/半导体/集成电路
工作经历
福建省晋华集成电路有限公司
国有企业
版图工程师
（版图设计工程师）
2022.12 - 至今 (3年 3个月)
版图物理验证
CMOS工艺
根据Process负责PDK文件的开发
负责DRC的物理验证
使用skipper软件绘制TSK
熟悉tape out流程
厦门天马显示科技有限公司
国有企业
阵列工程师
（集成电路IC设计）
1.1万/月
2021.07 - 至今 (4年 8个月)
版图设计
2022-07——2022-至今  厦门天马显示科技有限公司   电子设计工程师
1.参加铜棒专项，在4KV闪绿客诉中通过进行恶化实验复现现象，最终通过优化上下电时序解决问题，期间多次进行程序调试并输出程序供相关部门进行测试验证
2.ESD issue解析，主要负责与DQA进行沟通，协助各方案的验证追踪和异常分析，提供部分ARM板程序供DQV测试验证
3.多次为产线提供Keil、With和ARM板的分显图程序
4.根据竞社Code设定，为产线提供相应的分显图程序
5.完成TM18公版程序提供的Checklist，规范程序提供的手法，避免程序上传出错
2021-07——2022-07    厦门天马显示科技有限公司   阵列设计工程师
1.TM18第一款DDL、Demux和隔行级传产品655 LVS全Panel原理图的搭建，并且独立完成LVS… 
展开
项目经历
第五届“互联网+”创新创业大赛
2019.05 - 2019.08 (3个月)
参与石墨烯电发热产品项目研究，该项目主要是完成了基于石墨烯的电暖器、烤箱、地暖等产品的研发和设计，取得了“互联网+”创新创业大赛省赛铜奖成果
教育经历
厦门大学
985院校
2018.09 - 2021.06
化学工程与工艺
硕士
统招
个人优势
有面板厂和IC厂的工作经验
熟悉ESD和latch up的原理
熟悉半导体的工艺流程
熟悉LVS DRC ERC等物理验证
DRC QA
TSK绘制
熟练掌握 Keil WAgent 的使⽤⽅法，多次为产线提供程序
熟练掌握 PG3、With PG 和 ARM 板的使⽤
熟悉瑞鼎 Datasheet 的使⽤
熟练掌握示波器的… 
展开
语言能力
英语
读写能力
良好
听说能力
良好
全国大学英语四级考试(CET4)
个人作品
李洋洋个人简历（1张）
加载中...
打电话
打招呼
存至本地
收藏
转给同事
打印
举报
不合适
────────────────────────────────────────────────────────────
15:23:47   → [AI 原始回答] 
────────────────────────────────────────────────────────────
```json
{
  "is_target": true,
  "reason": "所有条件均符合。\n1. **第一学历要求：** 简历中未提供本科学校信息，但硕士学校为厦门大学（985院校）。根据规则“如果没有本科学校信息，只有硕士学校信息，且硕士学校符合要求，返回为true”，此项符合。\n2. **年限要求：** 年龄29岁，在22-30岁范围内，且有工作经验（5年），非27年及之后的应届生，此项符合。\n3. **专业要求：** 专业不限，化学工程与工艺专业符合要求。\n4. **地点要求：** 期望地点为重庆，符合要求。"
}
```
────────────────────────────────────────────────────────────
15:23:47   → AI 通过: 所有条件均符合。
1. **第一学历要求：** 简历中未提供本科学校信息，但硕士学校为厦门大学（985院校）。根据规则“如果没有本科学校信息，只有硕士学校信息，且硕士学校符合要求，返回为true”，此项符合。
2. **年限要求：** 年龄29岁，在22-30岁范围内，且有工作经验（5年），非27年及之后的应届生，此项符合。
3. **专业要求：** 专业不限，化学工程与工艺专业符合要求。
4. **地点要求：** 期望地点为重庆，符合要求。
15:23:49   → 已打招呼
15:23:50   → 等待 4 秒...
15:23:54 [总第 17 张] 处理: 张先生
15:23:55   → [关键词排除] 命中关键词: 「材料科学」（简历全文）
15:23:56 [总第 18 张] 处理: 刘先生
15:23:57   → [AI Prompt]
────────────────────────────────────────────────────────────
请根据以下简历信息判断是否适合[学校要求：第一学历为985211院校，但排除非强势计算机理工背景的985211学校、或政策照顾性985/211学校。年限要求：年龄22-30岁，排除27年及之后的应届生。专业要求：专业不限，非理工科专业可以放行。地点要求：期望地点为重庆。备注：如果没有本科学校信息，只有硕士学校信息，且硕士学校符合要求，返回为true。如果缺失期望地点，也返回为true。]职位。
输出 JSON 格式：{"is_target": true/false, "reason": "原因说明"}

简历信息：
姓名：刘先生
    1小时前浏览过职位
年龄：25岁
教育背景：教育经历
       东南大学 985院校  2018.09 - 2023.07 电子科学与技术 本科 统招
工作经历：中电科芯片技术（集团）有限公司 国有企业   模拟ic设计工程师 （模拟芯片设计）   2023.07 - 至今 (2年 8个月) 模拟芯片设计  模拟ic设计
期望薪资：2万-2.1万/月
技能标签：模拟芯片设计

简历全文（摘要）：
刘先生
1小时前浏览过职位
要附件简历
25岁 (2000年7月)
工作3年
本科
离职-正在找工作
现居重庆 南岸区
求职期望
[重庆-南岸区]
模拟芯片设计
2万-2.1万/月 
电子/半导体/集成电路
工作经历
中电科芯片技术（集团）有限公司
国有企业
模拟ic设计工程师
（模拟芯片设计）
2023.07 - 至今 (2年 8个月)
模拟芯片设计
模拟ic设计
教育经历
东南大学
985院校
2018.09 - 2023.07
电子科学与技术
本科
统招
打电话
打招呼
存至本地
收藏
转给同事
打印
举报
不合适
────────────────────────────────────────────────────────────
15:24:05   → [AI 原始回答] 
────────────────────────────────────────────────────────────
范围内，专业不限，期望地点为重庆。"
}
```
────────────────────────────────────────────────────────────
15:24:05   → AI 调用失败: 格式异常（无法解析为 JSON）
  → [AI 原始回答（失败）]
────────────────────────────────────────────────────────────
范围内，专业不限，期望地点为重庆。"
}
```
────────────────────────────────────────────────────────────
15:24:06   → 等待 5 秒...
15:24:11 [总第 19 张] 处理: 邓先生
15:24:12   → [关键词排除] 命中关键词: 「芯片测试」（简历全文）
15:24:13 [总第 20 张] 处理: 王先生
15:24:14   → [关键词排除] 命中关键词: 「电气」（简历全文）
15:24:15 ── 第 1 批处理完，滚动加载更多候选人...
15:24:19 ── 第 2 批，共 2 张新卡片 ──
15:24:19 [总第 21 张] 处理: 覃先生
15:24:20   → [AI Prompt]
────────────────────────────────────────────────────────────
请根据以下简历信息判断是否适合[学校要求：第一学历为985211院校，但排除非强势计算机理工背景的985211学校、或政策照顾性985/211学校。年限要求：年龄22-30岁，排除27年及之后的应届生。专业要求：专业不限，非理工科专业可以放行。地点要求：期望地点为重庆。备注：如果没有本科学校信息，只有硕士学校信息，且硕士学校符合要求，返回为true。如果缺失期望地点，也返回为true。]职位。
输出 JSON 格式：{"is_target": true/false, "reason": "原因说明"}

简历信息：
姓名：覃先生
    48小时前在线
年龄：25岁
教育背景：教育经历
       东北大学 985院校  2023.08 - 2026.06 金属材料工程 硕士 统招东北大学 985院校  2019.09 - 2023.07 材料成型及控制工程 本科 统招
工作经历：瓦房店轴承集团 国有企业   算法工程师    2024.11 - 至今 (1年 4个月) 软件算法算法编写系统架构  作为项目主力成员,独立主导智能排产软件算法编写设计与系统架构,结合退火算法与约束规划技术实现多目标优化,保质前提下初步提升产量10%。排产模型已进入产线测试阶段,并持续优化验证可行性与稳定性。
独立主导实时插单响应模块的设计与实现,采用滑动时间窗和动态优先级策略,动态调整排产计划,有效应对突发插单需求,提升生产灵活性与高效性,减少干扰与浪费。
实现工艺冲突预测与交付管理系统,利用启发式优化前瞻性识别和解决冲突,确保生产顺畅与资源最优配置。 两份工作间有42个月空档期 询问他  抚顺新钢铁有限责任公司 国家企业技术中心   工艺/制程工程师  4千/月  2021.02 - 2021.05 (2个月) 热处理工艺成型工艺  分析零件图纸、学习工艺流程、制作工艺流程卡片、了解整个生产流程。
期望薪资：1万-1.2万/月
技能标签：软件算法算法编写系统架构

简历全文（摘要）：
覃先生
48小时前在线
要附件简历
25岁 (2001年3月)
工作无经验
硕士
在校-正在找工作
现居柳州 融安县
户口广西 柳州
团员
求职期望
[重庆]
材料工程师
1万-1.2万/月 
船舶/航空/航天/火车制造
工作经历
瓦房店轴承集团
国有企业
算法工程师
2024.11 - 至今 (1年 4个月)
软件算法
算法编写
系统架构
作为项目主力成员,独立主导智能排产软件算法编写设计与系统架构,结合退火算法与约束规划技术实现多目标优化,保质前提下初步提升产量10%。排产模型已进入产线测试阶段,并持续优化验证可行性与稳定性。
独立主导实时插单响应模块的设计与实现,采用滑动时间窗和动态优先级策略,动态调整排产计划,有效应对突发插单需求,提升生产灵活性与高效性,减少干扰与浪费。
实现工艺冲突预测与交付管理系统,利用启发式优化前瞻性识别和解决冲突,确保生产顺畅与资源最优配置。
两份工作间有42个月空档期
询问他
抚顺新钢铁有限责任公司
国家企业技术中心
工艺/制程工程师
4千/月
2021.02 - 2021.05 (2个月)
热处理工艺
成型工艺
分析零件图纸、学习工艺流程、制作工艺流程卡片、了解整个生产流程。
项目经历
⽡房店轴承集团智能排产项目
2024.11 - 至今 (1年 4个月)
作为项⽬主⼒成员，独⽴主导智能排产软件算法编写设计与系统架构，结合退⽕算法与约束规划技术实现多⽬标优化，保质前提下初步提升产量10%。排产模型已进⼊产线测试阶段，并持续优化验证可⾏性与稳定性。独⽴主导实时插单响应模块的设计与实现，采⽤滑动时间窗和动态优先级策略，动态调整排产计划，有效应对突发插单需求，提升⽣产灵活性与⾼效性，减少⼲扰与浪费。
实现⼯艺冲突预测与交付管理系统，利⽤启发式优化前瞻性识别和解决冲突，确保⽣产顺畅与资源最优配置。
智能排产软件算法编写设计与系统架构
2024.11 - 至今 (1年 4个月)
独立主导实时插单响应模块的设计与实现,采用滑动时间窗和动态优先级策略,动态调整排产计划,有效应对突发插单需求,提升生产灵活性与高效性,减少干扰与浪费。
实现工艺冲突预测与交付管理系统,利用启发式优化前瞻性识别和解决冲突,确保生产顺畅与资源最优配置。
教育经历
东北大学
985院校
2023.08 - 2026.06
金属材料工程
硕士
统招
东北大学
985院校
2019.09 - 2023.07
材料成型及控制工程
本科
统招
个人优势
个⼈有算法和软件后端联调开发经验，对项⽬开发，验证，测试，迭代流程有相关经验，可快速适应算法迭代升级以及敏捷开发的需求，并且对计算机视觉领域有学习研究，有AI算法（⽬标识别，⽬标跟踪算法）在国产化（如RK3588）的部署与实现有相关研发经验
语言能力
英语
读写能力
熟练
听说能力
熟练
全国大学英语六级考试(CET6)
（426分）
所获证书
辽宁省⼈⼯智能应⽤⼤赛中荣获⼆等奖
“建⾏杯”辽宁省创新⼤赛省级⾦奖
第六届“华为杯”中国研究⽣⼈⼯智能⼤赛国家⼆等奖、卓越奖学⾦
大学英语四六级证书
专业技能
python
（使用26个月）
精通
打电话
打招呼
存至本地
收藏
转给同事
打印
举报
不合适
────────────────────────────────────────────────────────────
15:24:30   → [AI 原始回答] 
────────────────────────────────────────────────────────────
```json
{
  "is_target": true,
  "reason": "该候选人符合所有要求：本科和硕士均毕业于985院校东北大学，且非排除类型；年龄25岁，在22-30岁范围内；硕士毕业年份为2026年，未排除27年及之后的应届生；专业为理工科，符合专业不限要求；期望地点为重庆，符合地点要求。"
}
```
────────────────────────────────────────────────────────────
15:24:30   → AI 通过: 该候选人符合所有要求：本科和硕士均毕业于985院校东北大学，且非排除类型；年龄25岁，在22-30岁范围内；硕士毕业年份为2026年，未排除27年及之后的应届生；专业为理工科，符合专业不限要求；期望地点为重庆，符合地点要求。
15:24:32   → 已打招呼
15:24:33   → 等待 3 秒...
15:24:36 [总第 22 张] 处理: 王先生
15:24:37   → [关键词排除] 命中关键词: 「材料科学」（简历全文）
15:24:38 ── 第 2 批处理完，滚动加载更多候选人...
15:24:42 ── 已滚动到底，没有新候选人，筛选结束
15:24:42 
════════════════════════════════════════════════════════════
  本次筛选完成
────────────────────────────────────────────────────────────
  筛选总数：22
  通过（已打招呼）：3
  未通过（AI拒绝）：3
  未通过（关键词排除）：14  命中关键词：「电气」、「材料科学」、「工艺工程」、「芯片测试」
  跳过（风控随机）：1
  失败（AI调用失败）：1
────────────────────────────────────────────────────────────
  验证：22 = 3+3+14+1+1 ✓
────────────────────────────────────────────────────────────
  JSON报告：\\192.168.0.113\共享文件夹\需求及测试文档_请按功能划分文件夹\obsidian\cjw\02_线索笔记\1.招聘\agno1-dev_0.0.1.0\agno1\artifacts\zhaopin\zhilian\zhilian_screener_20260303_152123.json
  运行日志：\\192.168.0.113\共享文件夹\需求及测试文档_请按功能划分文件夹\obsidian\cjw\02_线索笔记\1.招聘\agno1-dev_0.0.1.0\agno1\logs\zhaopin\zhilian\zhilian_screener_20260303_152123.log
════════════════════════════════════════════════════════════
