11:22:29 [总第 1 张] 处理: 杜先生 (vidx_0_E69D9CE58588E7949F7C27E5B2817C8E58D83-1.)
11:22:29   → [风控] 随机跳过
11:22:29 [总第 2 张] 处理: 李先生 (vidx_1_E69D8EE58588E7949F7C28E5B2817C2.5E4B887-)
11:22:30   → [关键词排除] 命中关键词: 「游戏」（简历全文）
11:22:31 [总第 3 张] 处理: 张先生 (vidx_2_E5BCA0E58588E7949F7C27E5B2817C1.2E4B887-)
11:22:32   → [关键词排除] 命中关键词: 「电气」（简历全文）
11:22:33 [总第 4 张] 处理: 易女士 (vidx_3_E69893E5A5B3E5A3AB7C29E5B2817C7CE59CA8E8)
11:22:34   → [关键词排除] 命中关键词: 「电气」（简历全文）
11:22:35 [总第 5 张] 处理: 徐先生 (vidx_0_E5BE90E58588E7949F7C28E5B2817C4E58D83-9E)
11:22:36   → [AI Prompt]
────────────────────────────────────────────────────────────
请根据以下简历信息判断是否适合[学校要求：第一学历为985211院校，但排除非强势计算机理工背景的985211学校、或政策照顾性985/211学校。年限要求：年龄22-30岁，排除27年及之后的应届生。专业要求：专业不限，非理工科专业可以放行。地点要求：期望地点为重庆。备注：如果没有本科学校信息，只有硕士学校信息，且硕士学校符合要求，返回为true。如果缺失期望地点，也返回为true。]职位。
输出 JSON 格式：{"is_target": true/false, "reason": "原因说明"}

简历信息：
姓名：杜先生
    1天前有回复
年龄：27岁
教育背景：教育经历
       电子科技大学 985院校  2022.09 - 2025.06 电子信息 硕士 统招杭州电子科技大学 省部共建  2017.09 - 2021.06 通信工程 本科 统招
工作经历：中国电子科技集团第十一研究所   嵌入式软件开发工程师  1.1万/月  2025.07 - 2025.12 (5个月) C++C语言DSPQT  跟踪检测算法跨平台移植（嵌入式开发）：将一个以python语言书写的项目功能跨平台移植到TI C6678型号嵌入式开发板上，实现原有项目的跟踪算法功能和输入输出。从无嵌入式项目经验到项目完成用时三个月，个人独立完成，学习新技术能力较强。
基于嵌入式 TI C6678 多核 DSP 芯片，在 CCS 5.5 环境下开发多目标跟踪嵌入式程序，实现 “模拟传感器输入 - 目标匹配跟踪 - 串口 / 控制台输出” 全流程闭环，适配嵌入式系统。
项目难点：熟悉python语法及开发环境，熟悉C语言语法、IT CSS开发环境、嵌入式开发特点 两份工作间有37个月空档期 询问他  华为技术有限公司（外包） 2025年胡润中国500强   c++开发工程师 （C/C++） 1.5万/月  2022.03 - 2022.06 (3个月) C语言C++  工作内容：根据用户反馈问题进行测试并修复，维护对象是华为防火墙客户端secoclient，该软件Windows客户端使用Qt
框架进行开发，工作成果：
     1、修正登录界面复选框(CheckBox类)存在逻辑问题，槽函数关联绑定错误，未能对应到相关的处理函数，导致用户可以在未选择记住用户名时记住密码。
     2、修正英文帮助界面调用系统函数异常，触发系统中断，导致软件闪退。
     3、在各个型号的手机上做客户端真机测试，完成测试百余次
期望薪资：8千-1.3万/月
技能标签：C++C语言DSPQT

简历全文（摘要）：
杜先生
1天前有回复
要附件简历
27岁 (1998年10月)
工作无经验
硕士
离校-正在找工作
现居重庆 荣昌区
户口重庆
中共党员（含预备党员）
求职期望
[重庆]
C/C++
8千-1.3万/月 
计算机软件、 计算机硬件、 通信/网络设备
展开
工作经历
中国电子科技集团第十一研究所
嵌入式软件开发工程师
1.1万/月
2025.07 - 2025.12 (5个月)
C++
C语言
DSP
QT
跟踪检测算法跨平台移植（嵌入式开发）：将一个以python语言书写的项目功能跨平台移植到TI C6678型号嵌入式开发板上，实现原有项目的跟踪算法功能和输入输出。从无嵌入式项目经验到项目完成用时三个月，个人独立完成，学习新技术能力较强。
基于嵌入式 TI C6678 多核 DSP 芯片，在 CCS 5.5 环境下开发多目标跟踪嵌入式程序，实现 “模拟传感器输入 - 目标匹配跟踪 - 串口 / 控制台输出” 全流程闭环，适配嵌入式系统。
项目难点：熟悉python语法及开发环境，熟悉C语言语法、IT CSS开发环境、嵌入式开发特点
两份工作间有37个月空档期
询问他
华为技术有限公司（外包）
2025年胡润中国500强
c++开发工程师
（C/C++）
1.5万/月
2022.03 - 2022.06 (3个月)
C语言
C++
工作内容：根据用户反馈问题进行测试并修复，维护对象是华为防火墙客户端secoclient，该软件Windows客户端使用Qt
框架进行开发，工作成果：
     1、修正登录界面复选框(CheckBox类)存在逻辑问题，槽函数关联绑定错误，未能对应到相关的处理函数，导致用户可以在未选择记住用户名时记住密码。
     2、修正英文帮助界面调用系统函数异常，触发系统中断，导致软件闪退。
     3、在各个型号的手机上做客户端真机测试，完成测试百余次
教育经历
电子科技大学
985院校
2022.09 - 2025.06
电子信息
硕士
统招
杭州电子科技大学
省部共建
2017.09 - 2021.06
通信工程
本科
统招
个人优势
努力刻苦，勤奋上进。
语言能力
英语
读写能力
熟练
听说能力
良好
雅思(IELTS)
（5.5分）
全国大学英语四级考试(CET4)
（452分）
所获证书
校挑战杯 三等奖
ADI杯软件定义无线电大赛 二等奖第4名奖金2000元
第十届全国大学生数学竞赛 三等奖
优秀团干部
专业技能
C/C++
熟练
Matlab
熟练
学生干部经历
班级班长
2018.09 - 2021.06
打电话
打招呼
存至本地
收藏
转给同事
打印
举报
不合适
────────────────────────────────────────────────────────────
11:22:48   → AI 未通过: 该候选人的第一学历（本科）为杭州电子科技大学，并非985或211院校，不符合“第一学历为985211院校”的要求。
11:22:49   → 等待 4 秒...
11:22:53 [总第 6 张] 处理: 蔡先生 (vidx_1_E894A1E58588E7949F7C25E5B2817C7CE7A6BBE8)
11:22:54   → [关键词排除] 命中关键词: 「游戏」（简历全文）
11:22:55 [总第 7 张] 处理: 朱先生 (vidx_2_E69CB1E58588E7949F7C29E5B2817C1E4B887-2E)
11:22:56   → [关键词排除] 命中关键词: 「电气」（简历全文）
11:22:57 ── 已到达列表底部（检测到 recommend-indicator），筛选结束
11:22:57 
════════════════════════════════════════════════════════════
  本次筛选完成
────────────────────────────────────────────────────────────
  筛选总数：7
  通过（已打招呼）：0
  未通过（AI拒绝）：1
  未通过（关键词排除）：5  命中关键词：「游戏」、「电气」
  跳过（风控随机）：1
  失败（AI调用失败）：0
────────────────────────────────────────────────────────────
  验证：7 = 0+1+5+1+0 ✓
────────────────────────────────────────────────────────────
  JSON报告：\\192.168.0.113\共享文件夹\需求及测试文档_请按功能划分文件夹\obsidian\cjw\02_线索笔记\1.招聘\agno1-dev_0.0.1.0\agno1\artifacts\zhaopin\zhilian\zhilian_screener_20260304_112143.json
  运行日志：\\192.168.0.113\共享文件夹\需求及测试文档_请按功能划分文件夹\obsidian\cjw\02_线索笔记\1.招聘\agno1-dev_0.0.1.0\agno1\logs\zhaopin\zhilian\zhilian_screener_20260304_112143.log
════════════════════════════════════════════════════════════
