14:03:32 ── 第 1 批，共 20 张新卡片 ──
14:03:32 [总第 1 张] 处理: 马女士
14:03:32   → [风控] 随机跳过
14:03:32 [总第 2 张] 处理: 王先生
14:03:33   → [AI Prompt]
────────────────────────────────────────────────────────────
请根据以下简历信息判断是否适合[学校要求：第一学历为985211院校，但排除非强势计算机理工背景的985211学校、或政策照顾性985/211学校。年限要求：年龄22-30岁，排除27年及之后的应届生。专业要求：专业不限，非理工科专业可以放行。地点要求：期望地点为重庆。备注：如果没有本科学校信息，只有硕士学校信息，且硕士学校符合要求，返回为true。]职位。
输出 JSON 格式：{"is_target": true/false, "reason": "原因说明"}

简历信息：
姓名：王先生
    10小时前在线
年龄：24岁
教育背景：教育经历
       重庆大学 985院校  2023.09 - 2026.06 计算机科学与技术（应用技术） 硕士 统招
工作经历：教育经历
       重庆大学 985院校  2023.09 - 2026.06 计算机科学与技术（应用技术） 硕士 统招
期望薪资：4千-6千/月

简历全文（摘要）：
王先生
10小时前在线
要附件简历
24岁 (2001年7月)
工作2年
硕士
离校-正在找工作
现居重庆 九龙坡区
求职期望
[重庆]
数据挖掘
全职
实习
4千-6千/月 
互联网
展开
教育经历
重庆大学
985院校
2023.09 - 2026.06
计算机科学与技术（应用技术）
硕士
统招
个人优势
良好的沟通能力，团队协作能力，个人管理能力
不合适
打电话
继续聊天
存至本地
收藏
转给同事
打印
举报
人才标签

添加标签，可在人才管理中快速定位人才

添加标签
人才处理记录 (2条)
3/311:22
陈靖雯hr经理
查看了简历
3/311:22
陈靖雯hr经理
针对「职位：策略工程师（特征分析）」向候选人发起聊天
────────────────────────────────────────────────────────────
14:04:11   → [AI 原始回答] 
────────────────────────────────────────────────────────────
（强势理工科），符合学历要求（根据备注，无本科信息时以硕士信息为准）。年龄24岁在22-30岁范围内，且硕士毕业时间为2026年6月，不属于2027年及之后的应届生。专业为计算机科学与技术，符合专业不限的要求。期望地点为重庆，符合地点要求。"
}
```
────────────────────────────────────────────────────────────
14:04:11   → AI 调用失败: 格式异常（无法解析为 JSON）
  → [AI 原始回答（失败）]
────────────────────────────────────────────────────────────
（强势理工科），符合学历要求（根据备注，无本科信息时以硕士信息为准）。年龄24岁在22-30岁范围内，且硕士毕业时间为2026年6月，不属于2027年及之后的应届生。专业为计算机科学与技术，符合专业不限的要求。期望地点为重庆，符合地点要求。"
}
```
────────────────────────────────────────────────────────────
14:04:12   → 等待 3 秒...
14:04:15 [总第 3 张] 处理: 田先生
14:04:16   → [AI Prompt]
────────────────────────────────────────────────────────────
请根据以下简历信息判断是否适合[学校要求：第一学历为985211院校，但排除非强势计算机理工背景的985211学校、或政策照顾性985/211学校。年限要求：年龄22-30岁，排除27年及之后的应届生。专业要求：专业不限，非理工科专业可以放行。地点要求：期望地点为重庆。备注：如果没有本科学校信息，只有硕士学校信息，且硕士学校符合要求，返回为true。]职位。
输出 JSON 格式：{"is_target": true/false, "reason": "原因说明"}

简历信息：
姓名：田先生
    10小时前在线
年龄：25岁
教育背景：教育经历
       重庆大学 985院校  2024.09 - 2027.07 软件工程 硕士 统招
工作经历：教育经历
       重庆大学 985院校  2024.09 - 2027.07 软件工程 硕士 统招
期望薪资：8千-1.6万/月

简历全文（摘要）：
田先生
10小时前在线
要附件简历
25岁 (2001年3月)
工作无经验
硕士
离校-正在找工作
现居重庆 沙坪坝区
求职期望
[重庆]
数据分析师
全职
兼职
实习
8千-1.6万/月
展开
教育经历
重庆大学
985院校
2024.09 - 2027.07
软件工程
硕士
统招
打电话
打招呼
存至本地
收藏
转给同事
打印
举报
不合适
────────────────────────────────────────────────────────────
