16:04:14 ── 第 1 批，共 20 张新卡片 ──
16:04:14 [总第 1 张] 处理: 刘先生
16:04:14   → [关键词排除] 命中关键词: 「先生」（卡片摘要）
16:04:14 [总第 2 张] 处理: 易先生
16:04:14   → [关键词排除] 命中关键词: 「先生」（卡片摘要）
16:04:14 [总第 3 张] 处理: 谭先生
16:04:14   → [关键词排除] 命中关键词: 「先生」（卡片摘要）
16:04:14 [总第 4 张] 处理: 徐女士
16:04:14   → [关键词排除] 命中关键词: 「女士」（卡片摘要）
16:04:14 [总第 5 张] 处理: 周先生
16:04:14   → [关键词排除] 命中关键词: 「先生」（卡片摘要）
16:04:14 [总第 6 张] 处理: 杨先生
16:04:14   → [关键词排除] 命中关键词: 「先生」（卡片摘要）
16:04:14 [总第 7 张] 处理: 钱女士
16:04:14   → [关键词排除] 命中关键词: 「女士」（卡片摘要）
16:04:14 [总第 8 张] 处理: 梁女士
16:04:14   → [风控] 随机跳过
16:04:14 [总第 9 张] 处理: 黄女士
16:04:14   → [关键词排除] 命中关键词: 「女士」（卡片摘要）
16:04:14 [总第 10 张] 处理: 朱先生
16:04:14   → [关键词排除] 命中关键词: 「先生」（卡片摘要）
16:04:14 [总第 11 张] 处理: 杨先生
16:04:14   → [关键词排除] 命中关键词: 「先生」（卡片摘要）
16:04:14 [总第 12 张] 处理: 贠女士
16:04:14   → [关键词排除] 命中关键词: 「女士」（卡片摘要）
16:04:14 [总第 13 张] 处理: 伍女士
16:04:14   → [风控] 随机跳过
16:04:14 [总第 14 张] 处理: 李女士
16:04:14   → [关键词排除] 命中关键词: 「女士」（卡片摘要）
16:04:14 [总第 15 张] 处理: 周先生
16:04:14   → [关键词排除] 命中关键词: 「先生」（卡片摘要）
16:04:14 [总第 16 张] 处理: 唐女士
16:04:14   → [关键词排除] 命中关键词: 「女士」（卡片摘要）
16:04:14 [总第 17 张] 处理: 高先生
16:04:14   → [关键词排除] 命中关键词: 「先生」（卡片摘要）
16:04:14 [总第 18 张] 处理: 王女士
16:04:14   → [关键词排除] 命中关键词: 「女士」（卡片摘要）
16:04:14 [总第 19 张] 处理: 李女士
16:04:14   → [关键词排除] 命中关键词: 「女士」（卡片摘要）
16:04:14 [总第 20 张] 处理: 祝先生
16:04:14   → [关键词排除] 命中关键词: 「先生」（卡片摘要）
16:04:14 ── 第 1 批处理完，滚动加载更多候选人...
16:04:14   [scroll] 第 1 次滚动，命中容器: window only
16:04:18   [scroll] 扫描到 22 张卡片，已处理 20 张，新增 2 张
16:04:18 ── 第 2 批，共 2 张新卡片 ──
16:04:18 [总第 21 张] 处理: 李先生
16:04:18   → [关键词排除] 命中关键词: 「先生」（卡片摘要）
16:04:18 [总第 22 张] 处理: 任先生
16:04:18   → [关键词排除] 命中关键词: 「先生」（卡片摘要）
16:04:18 ── 第 2 批处理完，滚动加载更多候选人...
16:04:18   [scroll] 第 1 次滚动，命中容器: window only
16:04:22   [scroll] 扫描到 22 张卡片，已处理 22 张，新增 0 张
16:04:22   [scroll] 第 2 次滚动，命中容器: window only
16:04:25   [scroll] 扫描到 22 张卡片，已处理 22 张，新增 0 张
16:04:25 ── 已滚动到底，没有新候选人，筛选结束
16:04:25 
════════════════════════════════════════════════════════════
  本次筛选完成
────────────────────────────────────────────────────────────
  筛选总数：22
  通过（已打招呼）：0
  未通过（AI拒绝）：0
  未通过（关键词排除）：20  命中关键词：「先生」、「女士」
  跳过（风控随机）：2
  失败（AI调用失败）：0
────────────────────────────────────────────────────────────
  验证：22 = 0+0+20+2+0 ✓
────────────────────────────────────────────────────────────
  JSON报告：\\192.168.0.113\共享文件夹\需求及测试文档_请按功能划分文件夹\obsidian\cjw\02_线索笔记\1.招聘\agno1-dev_0.0.1.0\agno1\artifacts\zhaopin\zhilian\zhilian_screener_20260303_160328.json
  运行日志：\\192.168.0.113\共享文件夹\需求及测试文档_请按功能划分文件夹\obsidian\cjw\02_线索笔记\1.招聘\agno1-dev_0.0.1.0\agno1\logs\zhaopin\zhilian\zhilian_screener_20260303_160328.log
════════════════════════════════════════════════════════════
