14:19:12 ── 第 1 批，共 3 张新卡片 ──
14:19:12 [总第 1 张] 处理: 熊先生
14:19:15   → [AI Prompt]
────────────────────────────────────────────────────────────
请根据以下简历信息判断是否适合[学校要求：第一学历为985211院校，但排除非强势计算机理工背景的985211学校、或政策照顾性985/211学校。年限要求：年龄22-30岁，排除27年及之后的应届生。专业要求：专业不限，非理工科专业可以放行。地点要求：期望地点为重庆。备注：如果没有本科学校信息，只有硕士学校信息，且硕士学校符合要求，返回为true。]职位。
输出 JSON 格式：{"is_target": true/false, "reason": "原因说明"}

简历信息：
姓名：熊先生
    10小时前在线
年龄：27岁
教育背景：教育经历
       重庆大学 985院校  2023.09 - 2025.06 应用统计 硕士 统招北京交通大学 211院校  2022.09 - 2023.06 电子信息与工程 本科 统招北京交通大学 211院校  2018.09 - 2022.06 统计学 本科 统招
工作经历：中国人民解放军军事科学院某中心   数据开发  6千/月  2024.06 - 至今 (1年 9个月) SqlPythonHadoopSparkFlink数据挖掘数据建模数据仓库  基于PostGIS设计AIS空间数据库,实现多源历史数据与实时数据采集,设计数据治理流程实现多源异构数据融合对齐。
•运用理技融合理念,作为技术骨干与领域专家进行常态化研讨,共同完成需求分析和模式设计;开发多种智能算法实现AIS关键信息挖掘,如航迹模式识别、异常检测、实时预警等。
•熟练应用GIS开发框架,敏捷构建可交互式Web应用,信息挖掘结果实时可视化呈现;设计新算法处理结果组件化添加,提高数据的可访问性和交互性,极大地提升了用户体验感。
•面向工具开发前后端分离开发需求,构建RESTFul API服务,显著提升工程开发效率。 两份工作间有24个月空档期 询问他  天健会计师事务所（成都分所） 央企供应商   审计助理    2022.05 - 2022.06 (1个月) 会计师事务所  • 通过精确核对科目余额与总账，确保了财务数据的准确性和完整性。运用专业的审计技巧，对选定的科目进行深入的凭证抽查，以揭示并解决潜在的财务问题，从而保障了财务报告的真实性、公允性以及合规性。
• 编制涵盖货币资金、期间费用、营业外收支和税金科目的详细审计工作底稿。
期望薪资：4千-6千/月
技能标签：SqlPythonHadoopSparkFlink数据挖掘数据建模数据仓库

简历全文（摘要）：
熊先生
10小时前在线
要附件简历
27岁 (1999年2月)
工作无经验
硕士
在校-正在找工作
现居重庆 开州区
户口重庆
团员
求职期望
[上海]
数据挖掘
全职
兼职
4千-6千/月
展开
工作经历
中国人民解放军军事科学院某中心
数据开发
6千/月
2024.06 - 至今 (1年 9个月)
Sql
Python
Hadoop
Spark
Flink
数据挖掘
数据建模
数据仓库
基于PostGIS设计AIS空间数据库,实现多源历史数据与实时数据采集,设计数据治理流程实现多源异构数据融合对齐。
•运用理技融合理念,作为技术骨干与领域专家进行常态化研讨,共同完成需求分析和模式设计;开发多种智能算法实现AIS关键信息挖掘,如航迹模式识别、异常检测、实时预警等。
•熟练应用GIS开发框架,敏捷构建可交互式Web应用,信息挖掘结果实时可视化呈现;设计新算法处理结果组件化添加,提高数据的可访问性和交互性,极大地提升了用户体验感。
•面向工具开发前后端分离开发需求,构建RESTFul API服务,显著提升工程开发效率。
两份工作间有24个月空档期
询问他
天健会计师事务所（成都分所）
央企供应商
审计助理
2022.05 - 2022.06 (1个月)
会计师事务所
• 通过精确核对科目余额与总账，确保了财务数据的准确性和完整性。运用专业的审计技巧，对选定的科目进行深入的凭证抽查，以揭示并解决潜在的财务问题，从而保障了财务报告的真实性、公允性以及合规性。
• 编制涵盖货币资金、期间费用、营业外收支和税金科目的详细审计工作底稿。
项目经历
基于PySpark的保险业务数据分析与可视化
2024.06 - 2024.07 (1个月)
利用PySpark框架与Hadoop大数据平台,分析包含客户信息、经济指标及行为数据的保险数据集,采用批处理与流处理,实施30+业务指标的分析。利用Logistic回归模型预测客户购买倾向,提升营销精准度。
•批处理:编写SparkSQL对数据集进行分析,涵盖客户购买行为统计、经济对购买意愿影响等关键业务指标。
•流处理:使用socketTextStream接口从指定服务器和端口接收实时数据转换为DataFrame,统计订单数量并打印。
•模型预测:对训练集做特征选择、变换与编码等操作,训练Logistic回归模型,测试集预测准确率达85%。
知行教育大数据平台(离线教育数仓)
2024.04 - 2024.06 (2个月)
该项目是基于在线教育行业业务构建的大数据分析平台,集成了Zookeeper+MySQL+HDFS+Yarn+Hive+Ooize+Sqoop+
HUE+FineBI等技术,实现数据的采集、存储、处理、分析及可视化展示的一体化流程。利用Cloudera Manager进行统一的运维监控,确保系统稳定运行与高效管理。
•数据流转:利用Sqoop技术实现从MySQL到Hive ODS层的数据迁移,优化数据存储格式与压缩策略。
•数仓建模:针对访问咨询、意向用户、学生出勤三个主题的需求分析,设计并实施基于星型模型的数据仓库架构。
•数据分析:通过编写高效的HiveSQL查询,对数据进行ETL处理,提取用户访问量、咨询量、意向数、出勤数等指标。
光伏发电出力预测
2024.03 - 2024.04 (1个月)
与电力领域专家进行技术研讨,深入理解光伏发电系统运行特性,基于历史光伏发电数据、天气数据、光伏设备空间
相对位置等信息,采用随机森林算法与基于TensorFlow和Keras的深度学习框架相结合,构建了一个多输入的混合预测模型。
•利用深度学习网络的多层感知器结构,对光伏发电数据中的非线性模式和复杂的交互效应进行建模,通过随机森林算法对模型进行最终的训练迭代,以增强模型对数据特征的泛化能力。
•通过交叉验证对模型超参数进行调优,最终实现0.8672的预测得分,提高了预测精度。
教育经历
重庆大学
985院校
2023.09 - 2025.06
应用统计
硕士
统招
北京交通大学
211院校
2022.09 - 2023.06
电子信息与工程
本科
统招
北京交通大学
211院校
2018.09 - 2022.06
统计学
本科
统招
个人优势
不仅拥有深厚的统计学理论功底，还积累了丰富的实践经验。在学术与职业的双重磨砺下，我在数据分析与建模领域打下了坚实的基础，能够熟练运用多种统计方法与机器学习算法解决复杂问题。我始终保持对新知识、新技术的热情与追求，不断提升自己的学习能力和分析能力。同时，我也注重将理论知识与实践相结合，通过参与实际项目来检验和巩固所学，从而不断提升自己的实践能力。我热爱数据分析工作，对数据背后的故事充满好奇与探索欲。我坚信，数据是洞察世界、指导决策的宝贵资源。因此，我致力于将所学知识应用于实际问题的解决中，为企业的发展贡献自己的力量。
语言能力
英语
读写能力
良好
听说能力
良好
全国大学英语六级考试(CET6)
（505分）
所获证书
研究生学业奖学金
美国大学生数学建模竞赛S奖
专业技能
Python
熟练
MySQL
熟练
Hadoop
良好
Hive
良好
学生干部经历
学生社团干事
2019.02 - 2020.02
打电话
打招呼
存至本地
收藏
转给同事
打印
举报
不合适
────────────────────────────────────────────────────────────
14:21:15   → [AI 原始回答] 
────────────────────────────────────────────────────────────

────────────────────────────────────────────────────────────
14:21:15   → AI 调用失败: 请求失败: timed out
  → [AI 原始回答（失败）]
────────────────────────────────────────────────────────────

────────────────────────────────────────────────────────────
14:21:16   → 等待 3 秒...
