21:20:12 ── 第 1 批，共 20 张新卡片 ──
21:20:12 [总第 1 张] 处理: 刘先生
21:20:13   → [AI Prompt]
────────────────────────────────────────────────────────────
请根据以下简历信息判断是否适合[学校要求：第一学历为985211院校，但排除非强势计算机理工背景的985211学校、或政策照顾性985/211学校。年限要求：年龄22-30岁，排除27年及之后的应届生。专业要求：专业不限，非理工科专业可以放行。备注：如果没有本科学校信息，只有硕士学校信息，且硕士学校符合要求，返回为true。]职位。
输出 JSON 格式：{"is_target": true/false, "reason": "原因说明"}

简历信息：
姓名：刘先生
    3分钟前浏览过职位
年龄：25岁
教育背景：教育经历
       湖南大学 985院校  2022.09 - 2025.07 计算机工程与技术 硕士 统招贵州大学 211院校  2018.09 - 2022.06 网络工程 本科 统招
工作经历：最近一份工作经历可能未更新 询问他  贵州大学 事业单位   网络优化 （网优工程师）   2021.06 - 2021.08 (2个月) C语言JavaPython图形图像处理Web开发图像识别OpenCVPyTorchTensorFlow  负责进行网络优化工作。
技能标签：C语言JavaPython图形图像处理Web开发图像识别OpenCVPyTorchTensorFlow

简历全文（摘要）：
刘先生
3分钟前浏览过职位
要附件简历
25岁 (2000年5月)
工作无经验
硕士
在校-正在找工作
现居贵阳 花溪区
户口贵州 遵义
中共党员（含预备党员）
最近关注
[重庆]
需求分析工程师
展开
工作经历
最近一份工作经历可能未更新
询问他
贵州大学
事业单位
网络优化
（网优工程师）
2021.06 - 2021.08 (2个月)
C语言
Java
Python
图形图像处理
Web开发
图像识别
OpenCV
PyTorch
TensorFlow
负责进行网络优化工作。
项目经历
开角型青光眼和闭角型青光眼识别诊断及病理分析
2023.11 - 2024.11 (1年)
成功构建了首个多模态青光眼数据集，涵盖1531条患者的临床资料、彩色眼底图、眼底厚度和视神经横截面图，为模型训练和验证提供了关键数据支持。
针对文本数据缺失问题，设计并实现了一种神经网络模型，有效填充数据缺失，将相对误差控制在20%以内，增强了模型的鲁棒性。
设计了一种基于文本和图片的四模态神经分类网络，对各模态数据进行特征提取，并利用注意力机制进行特征融合，实现了87%的高准确率分类，为青光眼的确诊和用药提供了科学依据。
国内首款青光眼诊断应用
2023.05 - 2023.10 (5个月)
设计的矫正模块中，上传的图像经历透视变换的方式，该方法使用矩阵操作有效地校正图像，而不会产生显著的计算复杂性和成本。
采用FTDTV模型与ADMM算法结合，实现图像低秩分离，确保高精度与计算效率。
集成多种技术处理去噪图像，突出关键区域，提取特征，解决标签不平衡，处理图像捕获不确定性，为青光眼诊断提供准确
工具
网络系统的安全优化设计
2021.03 - 2021.07 (4个月)
设计并仿真改进了适用于未来教学的网络系统，以有效解决教学和网络安全需求。
在线预约与资源调度系统
2021.01 - 2021.10 (9个月)
在网页层中，采用Vue.js的框架，并使用CSS、JavaScript等网页的渲染工具。
在业务逻辑层，采用C#作为语言，并使用ASP.NET MVC作为框架，并采用Nlog、Distributed Cache和xUnit等技术。
在数据逻辑层，采用SQL Sever作为数据管理工具，并采用透明数据加密对敏感数据进行加密。
将对整个项目布置到华为云服务器，并通过公共域名和ip进行访问使用。
教育经历
湖南大学
985院校
2022.09 - 2025.07
计算机工程与技术
硕士
统招
贵州大学
211院校
2018.09 - 2022.06
网络工程
本科
统招
个人优势
在校专业排名第二，在校得过国家励志奖学金，校一等奖学金，校三好学校，参加数学建模大赛，全国数学竞赛等比赛。并且通过英语四级等。
培训经历
华为
2020.03 - 2020.04
华为鲲鹏培训
语言能力
英语
读写能力
一般
听说能力
一般
全国大学英语四级考试(CET4)
（443分）
所获证书
湖南大学研究生二等奖学金
贵州大学一等奖学金
贵州大学三好学生
贵州大学优秀共青团员
国家励志奖学金
专业技能
Java
（使用36个月）
一般
Python
（使用48个月）
一般
C/C++
（使用48个月）
一般
学生干部经历
院学生会部长
2023.10 - 2024.11
打电话
打招呼
存至本地
收藏
转给同事
打印
举报
不合适
────────────────────────────────────────────────────────────
21:20:29   → AI 未通过: 第一学历（本科）为贵州大学（211），其网络工程专业不属于强势计算机理工背景，且贵州大学可能被视为政策照顾性211学校，不符合“排除非强势计算机理工背景的985211学校、或政策照顾性985/211学校”的要求。虽然硕士为湖南大学（985），但备注中硕士学校符合要求的前提是“如果没有本科学校信息”，而该简历提供了本科学校信息。
21:20:30   → 等待 3 秒...
21:20:33 [总第 2 张] 处理: 袁先生
21:20:35   → [关键词排除] 命中关键词: 「银行」（简历全文）
21:20:35 [总第 3 张] 处理: 潘先生
21:20:36   → [AI Prompt]
────────────────────────────────────────────────────────────
请根据以下简历信息判断是否适合[学校要求：第一学历为985211院校，但排除非强势计算机理工背景的985211学校、或政策照顾性985/211学校。年限要求：年龄22-30岁，排除27年及之后的应届生。专业要求：专业不限，非理工科专业可以放行。备注：如果没有本科学校信息，只有硕士学校信息，且硕士学校符合要求，返回为true。]职位。
输出 JSON 格式：{"is_target": true/false, "reason": "原因说明"}

简历信息：
姓名：潘先生
    1天前浏览过职位
年龄：26岁
教育背景：教育经历
       吉林大学 985院校  2022.09 - 2025.07 计算机科学与技术（应用技术） 硕士 统招东莞理工学院   2018.09 - 2022.07 软件工程 本科 统招
工作经历：最近一份工作经历可能未更新 询问他  美团 2025年世界500强企业   Java    2024.06 - 2024.08 (2个月) 后端开发  工作内容:负责服体侧后端开发:根据服体业务逻辑对业务接口和服务接口进行加工处理,为上层应用场景提供支持。完成数据迁移工作:参与内部架构升级项目,完成新旧架构中数据对象的迁移,统一内部数据模型。完成工程梳理工作:协助项目组成员,完成工程梳理工作,整理项目文档。
期望薪资：1万-2万/月
技能标签：后端开发

简历全文（摘要）：
潘先生
1天前浏览过职位
要附件简历
26岁 (2000年3月)
硕士
在职-正在找工作
现居重庆 渝北区
户口重庆
团员
求职期望
[重庆]
Java
1万-2万/月
展开
工作经历
最近一份工作经历可能未更新
询问他
美团
2025年世界500强企业
Java
2024.06 - 2024.08 (2个月)
后端开发
工作内容:负责服体侧后端开发:根据服体业务逻辑对业务接口和服务接口进行加工处理,为上层应用场景提供支持。完成数据迁移工作:参与内部架构升级项目,完成新旧架构中数据对象的迁移,统一内部数据模型。完成工程梳理工作:协助项目组成员,完成工程梳理工作,整理项目文档。
项目经历
《手机短信短网址生成平台》
2024.02 - 2024.04 (2个月)
项目技术:项目介绍:手机短信短网址生成平台,能够将较长的网址转换为短网址,可助力短信营销场景。受短信的字符限制,如果想要分享网址链接,可能会因字符过多而被截断或者增加费用,而短网址就可以优化这类问题,更易于分享和传递。系统底层支持高并发短网址跳转场景,并具备链接点击统计功能,为市场营销提供数据支持。功能描述:使用ThreadLocal存储用戶上下文信息,对用戶的敏感信息进行脱敏处理。使用布隆过滤器来高效地校验短链接是否存在,在很大程度上减少对数据库的直接访问。并利用布隆过滤器+缓存空对象的组合策略来解决缓存穿透问题。使用双重检查锁优化更新或失效场景下大量请求查询数据库的情况,解决缓存击穿问题。采用先更新数据库后删除缓存策略,保障短链接缓存与数据库之间的数据一致性。使用消息队列来确保在高负载情况下短链接仍能正常存储监控信息,并通过Redis来实现消费业务中的幂等性。使用Sentinel根据QPS进行限流,保障短链接系统的稳定运行,触发限流规则后进行降级处理。对数据库中的用戶表和短链接表进行分表,防止数据量过大导致查询速度缓慢。
教育经历
吉林大学
985院校
2022.09 - 2025.07
计算机科学与技术（应用技术）
硕士
统招
东莞理工学院
2018.09 - 2022.07
软件工程
本科
统招
个人优势
情绪稳定，做事有规划，没有拖延症，总是能按时完成任务
培训经历
广州粤嵌通信科技股份有限公司
2021.03 - 2021.03
《微信小程序电商系统》
语言能力
英语
读写能力
良好
听说能力
良好
全国大学英语六级考试(CET6)
（454分）
所获证书
蓝桥杯编程比赛国家级三等奖
软件设计师
专业技能
java
（使用12个月）
熟练
python
（使用12个月）
良好
打电话
打招呼
存至本地
收藏
转给同事
打印
举报
不合适
────────────────────────────────────────────────────────────
21:20:44   → AI 未通过: 该候选人的第一学历（本科）为东莞理工学院，不符合学校要求中“第一学历为985211院校”的规定。虽然硕士院校吉林大学是985院校，但由于存在本科学校信息且不符合要求，因此不满足条件。
21:20:44   → 等待 4 秒...
21:20:48 [总第 4 张] 处理: 徐女士
21:20:50   → [AI Prompt]
────────────────────────────────────────────────────────────
请根据以下简历信息判断是否适合[学校要求：第一学历为985211院校，但排除非强势计算机理工背景的985211学校、或政策照顾性985/211学校。年限要求：年龄22-30岁，排除27年及之后的应届生。专业要求：专业不限，非理工科专业可以放行。备注：如果没有本科学校信息，只有硕士学校信息，且硕士学校符合要求，返回为true。]职位。
输出 JSON 格式：{"is_target": true/false, "reason": "原因说明"}

简历信息：
姓名：徐女士
    3小时前浏览过职位
年龄：23岁
教育背景：教育经历
       重庆大学 985院校  2021.09 - 2025.07 信息安全 本科 统招
工作经历：腾讯科技（深圳）有限公司 高新技术企业   golang后端开发 （Golang）   2025.05 - 至今 (10个月) Golang软件项目MySQLRedisES  负责腾讯广告投放相关工作 两份工作间有9个月空档期 询问她  北京三快在线科技有限公司 2025年世界500强企业   java软件开发工程师 （Java） 8300元/月  2024.04 - 2024.08 (4个月) SpringMybatisMySQLRedis  1. 负责美团平台直播系统的项目开发
（1）从 0 到 1 开发商品质检工具：使用线程池实现分批次异步调用不同下游服务获取商品各类信息并组合结果返回，缩短查询时间；使用 EasyExcel 来实现大型 Excel 文件的解析和生成。
（2）参与官播招选系统开发：使用 Mysql 存储官播计划，使用 Elasticsearch 存储官播计划中的商品信息；使用分布式任务调度系统定时刷新招商计划状态和删除已结束的官播计划，并使用策略模式定时更新不同类型商品的信息；使用 ThreadLocal 存储操作人姓名，实现上下文信息传递。
2. 负责组内系统监控指标治理
（1）监控治理：对小组系统中已有的监控指标和告警策略进行梳理和调整，并接入相关组件监控业务接口成功率，补充技术指标和业务指标埋点及相关监控，提升了系统的可维护性和稳定性。
3. SPI… 展开
期望薪资：1万-2万/月
技能标签：Golang软件项目MySQLRedisES

简历全文（摘要）：
徐女士
3小时前浏览过职位
要附件简历
23岁 (2003年2月)
工作1年
本科
在职-看看机会
现居深圳 南山区
户口重庆
团员
求职期望
[重庆]
Golang
1万-2万/月
工作经历
腾讯科技（深圳）有限公司
高新技术企业
golang后端开发
（Golang）
2025.05 - 至今 (10个月)
Golang
软件项目
MySQL
Redis
ES
负责腾讯广告投放相关工作
两份工作间有9个月空档期
询问她
北京三快在线科技有限公司
2025年世界500强企业
java软件开发工程师
（Java）
8300元/月
2024.04 - 2024.08 (4个月)
Spring
Mybatis
MySQL
Redis
1. 负责美团平台直播系统的项目开发
（1）从 0 到 1 开发商品质检工具：使用线程池实现分批次异步调用不同下游服务获取商品各类信息并组合结果返回，缩短查询时间；使用 EasyExcel 来实现大型 Excel 文件的解析和生成。
（2）参与官播招选系统开发：使用 Mysql 存储官播计划，使用 Elasticsearch 存储官播计划中的商品信息；使用分布式任务调度系统定时刷新招商计划状态和删除已结束的官播计划，并使用策略模式定时更新不同类型商品的信息；使用 ThreadLocal 存储操作人姓名，实现上下文信息传递。
2. 负责组内系统监控指标治理
（1）监控治理：对小组系统中已有的监控指标和告警策略进行梳理和调整，并接入相关组件监控业务接口成功率，补充技术指标和业务指标埋点及相关监控，提升了系统的可维护性和稳定性。
3. SPI… 
展开
项目经历
校园资讯
2023.10 - 2024.01 (3个月)
• 项目介绍：该项目基于 Spring Cloud 框架，围绕校园新闻发布实现了一系列功能。此项目包括三大平台。官号平台：各大官号发布校园新闻，包括立即发布和延迟发布；客户端平台：师生浏览新闻，对新闻进行评论、点赞等；后台管理平台：管理员进行人工审核、热点校园新闻推送等。
• 技术栈：Spring Cloud Alibaba + Mybatis Plus + MySQL + Redis + Kafka + Elasticsearch
• 项目亮点：
（1）使用 token + Redis 实现发表文章接口幂等，并使用 Redis 分布式锁解决定时发表时并发问题。
（2）使用 Kafka 解耦非强一致性场景下服务之间的调用，如：文章审核、用户行为采集，并借助Kafka Stream 流式计算，定时得到热点文章。
（3）使用 Redis 设计限流组件，针对用户频繁点赞、评论等行为进行时间窗口限流。
（4）使用线程池异步实现文章审核功能，避免大量请求造成… 
展开
教育经历
重庆大学
985院校
2021.09 - 2025.07
信息安全
本科
统招
语言能力
英语
读写能力
良好
听说能力
良好
全国大学英语六级考试(CET6)
（478分）
所获证书
全国大学生数学建模竞赛
重庆大学优秀共青团干部
重庆大学优秀学生
专业技能
Java
（使用12个月）
熟练
学生干部经历
院学生会社长
2022.09 - 2024.09
班级主席
2021.09 - 2022.09
打电话
打招呼
存至本地
收藏
转给同事
打印
举报
不合适
────────────────────────────────────────────────────────────
21:20:58   → AI 通过: 该候选人符合所有要求。第一学历为重庆大学（985院校），信息安全专业属于强势计算机理工背景。年龄23岁，在22-30岁范围内，且毕业时间为2025年，不属于2027年及之后的应届生。专业信息安全符合专业不限的要求。
21:21:00   → 已打招呼
21:21:01   → 等待 4 秒...
21:21:05 [总第 5 张] 处理: 祁女士
21:21:06   → [关键词排除] 命中关键词: 「产品经理」（简历全文）
21:21:07 [总第 6 张] 处理: 张女士
21:21:08   → [AI Prompt]
────────────────────────────────────────────────────────────
请根据以下简历信息判断是否适合[学校要求：第一学历为985211院校，但排除非强势计算机理工背景的985211学校、或政策照顾性985/211学校。年限要求：年龄22-30岁，排除27年及之后的应届生。专业要求：专业不限，非理工科专业可以放行。备注：如果没有本科学校信息，只有硕士学校信息，且硕士学校符合要求，返回为true。]职位。
输出 JSON 格式：{"is_target": true/false, "reason": "原因说明"}

简历信息：
姓名：张女士
    10小时前在线
年龄：26岁
教育背景：教育经历
       重庆大学 985院校  2018.09 - 2022.07 物联网工程 本科 统招
工作经历：教育经历
       重庆大学 985院校  2018.09 - 2022.07 物联网工程 本科 统招
期望薪资：5千-1万/月

简历全文（摘要）：
张女士
10小时前在线
要附件简历
26岁 (2000年1月)
工作无经验
本科
在校-正在找工作
现居重庆 沙坪坝区
求职期望
[重庆-沙坪坝区]
Java
5千-1万/月 
在线招聘/求职
展开
教育经历
重庆大学
985院校
2018.09 - 2022.07
物联网工程
本科
统招
打电话
打招呼
存至本地
收藏
转给同事
打印
举报
不合适
────────────────────────────────────────────────────────────
21:21:15   → AI 通过: 候选人第一学历为重庆大学（985院校），物联网工程专业属于强势理工科背景，符合学校要求中排除非强势计算机理工背景的985211院校的条件。年龄26岁，符合22-30岁的要求，且毕业年份为2022年，不属于2027年及之后的应届生。专业不限的要求也符合。
21:21:17   → 已打招呼
21:21:18   → 等待 5 秒...
21:21:23 [总第 7 张] 处理: 樊先生
21:21:24   → [AI Prompt]
────────────────────────────────────────────────────────────
请根据以下简历信息判断是否适合[学校要求：第一学历为985211院校，但排除非强势计算机理工背景的985211学校、或政策照顾性985/211学校。年限要求：年龄22-30岁，排除27年及之后的应届生。专业要求：专业不限，非理工科专业可以放行。备注：如果没有本科学校信息，只有硕士学校信息，且硕士学校符合要求，返回为true。]职位。
输出 JSON 格式：{"is_target": true/false, "reason": "原因说明"}

简历信息：
姓名：樊先生
    5天前在线
年龄：25岁
教育背景：教育经历
       重庆大学 985院校  2019.09 - 2023.07 软件工程 本科 统招
工作经历：格致电力（重庆）有限公司 专精特新企业   java开发工程师 （Java）   2025.07 - 至今 (8个月) JavaScriptSpringMybatisShiroMySQLRedis  我掌握的其他编程语言是: JavaScript
我这段经历主要涉及的框架是: Spring,Mybatis,Shiro
我这段经历主要涉及的数据库是: MySQL,Redis
期望薪资：1万-1.5万/月
技能标签：JavaScriptSpringMybatisShiroMySQLRedis

简历全文（摘要）：
樊先生
5天前在线
要附件简历
25岁 (2000年8月)
工作5年
本科
在职-看看机会
现居重庆 渝北区
求职期望
[重庆-渝北区]
Java
1万-1.5万/月 
电力/水利/热力/燃气
工作经历
格致电力（重庆）有限公司
专精特新企业
java开发工程师
（Java）
2025.07 - 至今 (8个月)
JavaScript
Spring
Mybatis
Shiro
MySQL
Redis
我掌握的其他编程语言是: JavaScript
我这段经历主要涉及的框架是: Spring,Mybatis,Shiro
我这段经历主要涉及的数据库是: MySQL,Redis
教育经历
重庆大学
985院校
2019.09 - 2023.07
软件工程
本科
统招
打电话
打招呼
存至本地
收藏
转给同事
打印
举报
不合适
────────────────────────────────────────────────────────────
21:21:34   → AI 通过: 候选人年龄25岁，符合22-30岁的要求，且本科毕业于2023年7月，非2027年及之后的应届生。第一学历为重庆大学（985院校），专业为软件工程，符合985211院校要求，且重庆大学属于强势计算机理工背景院校，非政策照顾性院校。专业不限的要求也符合。
21:21:36   → 已打招呼
