20:23:25 [总第 1 张] 处理: 于女士 (vidx_10)
20:23:25   → [关键词排除] 命中关键词: 「女士」（卡片摘要）
20:23:25 [总第 2 张] 处理: 舒先生 (vidx_11)
20:23:25   → [关键词排除] 命中关键词: 「先生」（卡片摘要）
20:23:25 [总第 3 张] 处理: 杨先生 (vidx_12)
20:23:25   → [关键词排除] 命中关键词: 「先生」（卡片摘要）
20:23:25 [总第 4 张] 处理: 郭先生 (vidx_13)
20:23:25   → [关键词排除] 命中关键词: 「先生」（卡片摘要）
20:23:25 [总第 5 张] 处理: 王女士 (vidx_14)
20:23:25   → [关键词排除] 命中关键词: 「女士」（卡片摘要）
20:23:25 [总第 6 张] 处理: 杨先生 (vidx_15)
20:23:25   → [关键词排除] 命中关键词: 「先生」（卡片摘要）
20:23:25 [总第 7 张] 处理: 桑先生 (vidx_16)
20:23:25   → [风控] 随机跳过
20:23:25 [总第 8 张] 处理: 张女士 (vidx_17)
20:23:25   → [关键词排除] 命中关键词: 「女士」（卡片摘要）
20:23:25 [总第 9 张] 处理: 易先生 (vidx_18)
20:23:25   → [关键词排除] 命中关键词: 「先生」（卡片摘要）
20:23:25 [总第 10 张] 处理: 刘先生 (vidx_19)
20:23:25   → [关键词排除] 命中关键词: 「先生」（卡片摘要）
20:23:25 [总第 11 张] 处理: 陈先生 (vidx_20)
20:23:25   → [关键词排除] 命中关键词: 「先生」（卡片摘要）
20:23:25 [总第 12 张] 处理: 远女士 (vidx_21)
20:23:25   → [关键词排除] 命中关键词: 「女士」（卡片摘要）
20:23:25 [总第 13 张] 处理: 叶女士 (vidx_22)
20:23:25   → [关键词排除] 命中关键词: 「女士」（卡片摘要）
20:23:25 [总第 14 张] 处理: 郭先生 (vidx_23)
20:23:25   → [关键词排除] 命中关键词: 「先生」（卡片摘要）
20:23:25 [总第 15 张] 处理: 莫女士 (vidx_24)
20:23:25   → [关键词排除] 命中关键词: 「女士」（卡片摘要）
20:23:25 [总第 16 张] 处理: 黎先生 (vidx_25)
20:23:25   → [关键词排除] 命中关键词: 「先生」（卡片摘要）
20:23:25 [总第 17 张] 处理: 李女士 (vidx_26)
20:23:25   → [关键词排除] 命中关键词: 「女士」（卡片摘要）
20:23:25 [总第 18 张] 处理: 庹女士 (vidx_27)
20:23:25   → [关键词排除] 命中关键词: 「女士」（卡片摘要）
20:23:25 [总第 19 张] 处理: 王先生 (vidx_28)
20:23:25   → [关键词排除] 命中关键词: 「先生」（卡片摘要）
20:23:25 [总第 20 张] 处理: 张女士 (vidx_29)
20:23:25   → [风控] 随机跳过
20:23:28 ── 滚动后发现 2 张新卡片，开始处理...
20:23:28 [总第 21 张] 处理: 赵女士 (vidx_0)
20:23:28   → [关键词排除] 命中关键词: 「女士」（卡片摘要）
20:23:28 [总第 22 张] 处理: 李女士 (vidx_1)
20:23:28   → [关键词排除] 命中关键词: 「女士」（卡片摘要）
20:23:30 ── 滚动后发现 8 张新卡片，开始处理...
20:23:30 [总第 23 张] 处理: 冯先生 (vidx_2)
20:23:30   → [风控] 随机跳过
20:23:30 [总第 24 张] 处理: 高先生 (vidx_3)
20:23:30   → [关键词排除] 命中关键词: 「先生」（卡片摘要）
20:23:30 [总第 25 张] 处理: 傅女士 (vidx_4)
20:23:30   → [关键词排除] 命中关键词: 「女士」（卡片摘要）
20:23:30 [总第 26 张] 处理: 杨女士 (vidx_5)
20:23:30   → [关键词排除] 命中关键词: 「女士」（卡片摘要）
20:23:30 [总第 27 张] 处理: 张女士 (vidx_6)
20:23:30   → [关键词排除] 命中关键词: 「女士」（卡片摘要）
20:23:30 [总第 28 张] 处理: 何先生 (vidx_7)
20:23:30   → [关键词排除] 命中关键词: 「先生」（卡片摘要）
20:23:30 [总第 29 张] 处理: 田女士 (vidx_8)
20:23:30   → [关键词排除] 命中关键词: 「女士」（卡片摘要）
20:23:30 [总第 30 张] 处理: 王女士 (vidx_9)
20:23:30   → [风控] 随机跳过
20:23:33 ── 本步无新卡片（连续 1/5 步）
20:23:35 ── 本步无新卡片（连续 2/5 步）
20:23:38 ── 本步无新卡片（连续 3/5 步）
20:23:40 ── 本步无新卡片（连续 4/5 步）
20:23:43 ── 本步无新卡片（连续 5/5 步）
20:23:43 ── 连续多步无新卡片且未检测到底部指示，判定超时退出
20:23:43 
════════════════════════════════════════════════════════════
  本次筛选完成
────────────────────────────────────────────────────────────
  筛选总数：30
  通过（已打招呼）：0
  未通过（AI拒绝）：0
  未通过（关键词排除）：26  命中关键词：「女士」、「先生」
  跳过（风控随机）：4
  失败（AI调用失败）：0
────────────────────────────────────────────────────────────
  验证：30 = 0+0+26+4+0 ✓
────────────────────────────────────────────────────────────
  JSON报告：\\192.168.0.113\共享文件夹\需求及测试文档_请按功能划分文件夹\obsidian\cjw\02_线索笔记\1.招聘\agno1-dev_0.0.1.0\agno1\artifacts\zhaopin\zhilian\zhilian_screener_20260303_202240.json
  运行日志：\\192.168.0.113\共享文件夹\需求及测试文档_请按功能划分文件夹\obsidian\cjw\02_线索笔记\1.招聘\agno1-dev_0.0.1.0\agno1\logs\zhaopin\zhilian\zhilian_screener_20260303_202240.log
════════════════════════════════════════════════════════════
