16:35:50 ── 第 1 批，共 20 张新卡片 ──
16:35:50 [总第 1 张] 处理: 周先生
16:35:50   → [关键词排除] 命中关键词: 「先生」（卡片摘要）
16:35:50 [总第 2 张] 处理: 李女士
16:35:50   → [关键词排除] 命中关键词: 「女士」（卡片摘要）
16:35:50 [总第 3 张] 处理: 唐女士
16:35:50   → [关键词排除] 命中关键词: 「女士」（卡片摘要）
16:35:50 [总第 4 张] 处理: 叶女士
16:35:50   → [关键词排除] 命中关键词: 「女士」（卡片摘要）
16:35:50 [总第 5 张] 处理: z先生
16:35:50   → [关键词排除] 命中关键词: 「先生」（卡片摘要）
16:35:50 [总第 6 张] 处理: 祝先生
16:35:50   → [关键词排除] 命中关键词: 「先生」（卡片摘要）
16:35:50 [总第 7 张] 处理: 李女士
16:35:50   → [关键词排除] 命中关键词: 「女士」（卡片摘要）
16:35:50 [总第 8 张] 处理: 杨先生
16:35:50   → [关键词排除] 命中关键词: 「先生」（卡片摘要）
16:35:50 [总第 9 张] 处理: 王女士
16:35:50   → [关键词排除] 命中关键词: 「女士」（卡片摘要）
16:35:50 [总第 10 张] 处理: 高先生
16:35:50   → [关键词排除] 命中关键词: 「先生」（卡片摘要）
16:35:50 [总第 11 张] 处理: 黄先生
16:35:50   → [关键词排除] 命中关键词: 「先生」（卡片摘要）
16:35:50 [总第 12 张] 处理: 张先生
16:35:50   → [关键词排除] 命中关键词: 「先生」（卡片摘要）
16:35:50 [总第 13 张] 处理: 兰女士
16:35:50   → [关键词排除] 命中关键词: 「女士」（卡片摘要）
16:35:50 [总第 14 张] 处理: 焦女士
16:35:50   → [关键词排除] 命中关键词: 「女士」（卡片摘要）
16:35:50 [总第 15 张] 处理: 傅女士
16:35:50   → [关键词排除] 命中关键词: 「女士」（卡片摘要）
16:35:50 [总第 16 张] 处理: 杨先生
16:35:50   → [关键词排除] 命中关键词: 「先生」（卡片摘要）
16:35:51 [总第 17 张] 处理: 刘先生
16:35:51   → [关键词排除] 命中关键词: 「先生」（卡片摘要）
16:35:51 [总第 18 张] 处理: 魏先生
16:35:51   → [风控] 随机跳过
16:35:51 [总第 19 张] 处理: 谭先生
16:35:51   → [关键词排除] 命中关键词: 「先生」（卡片摘要）
16:35:51 [总第 20 张] 处理: 朱女士
16:35:51   → [关键词排除] 命中关键词: 「女士」（卡片摘要）
16:35:51 ── 第 1 批处理完，滚动加载更多候选人...
16:35:51   [scroll] 第 1 次滚动开始
16:35:51   [scroll] 页面 scrollTop=0 scrollHeight=4625 clientHeight=834 剩余=3791
16:35:53   [scroll] mouse.wheel + JS scrollTop: 0 -> 7533 / 4625
16:35:57   [scroll] 扫描到 22 张卡片，已处理 20 张，新增 2 张
16:35:57 ── 第 2 批，共 2 张新卡片 ──
16:35:57 [总第 21 张] 处理: 皮女士
16:35:57   → [关键词排除] 命中关键词: 「女士」（卡片摘要）
16:35:57 [总第 22 张] 处理: 施女士
16:35:57   → [关键词排除] 命中关键词: 「女士」（卡片摘要）
16:35:57 ── 第 2 批处理完，滚动加载更多候选人...
16:35:57   [scroll] 第 1 次滚动开始
16:35:57   [scroll] 页面 scrollTop=7533 scrollHeight=12438 clientHeight=834 剩余=4071
16:35:59   [scroll] mouse.wheel + JS scrollTop: 7533 -> 15719 / 12438
16:36:03   [scroll] 扫描到 22 张卡片，已处理 22 张，新增 0 张
16:36:03   [scroll] 第 2 次滚动开始
16:36:03   [scroll] 页面 scrollTop=15719 scrollHeight=20585 clientHeight=834 剩余=4032
16:36:05   [scroll] mouse.wheel + JS scrollTop: 15719 -> 23804 / 20585
16:36:09   [scroll] 扫描到 22 张卡片，已处理 22 张，新增 0 张
16:36:09 ── 已滚动到底，没有新候选人，筛选结束
16:36:09 
════════════════════════════════════════════════════════════
  本次筛选完成
────────────────────────────────────────────────────────────
  筛选总数：22
  通过（已打招呼）：0
  未通过（AI拒绝）：0
  未通过（关键词排除）：21  命中关键词：「先生」、「女士」
  跳过（风控随机）：1
  失败（AI调用失败）：0
────────────────────────────────────────────────────────────
  验证：22 = 0+0+21+1+0 ✓
────────────────────────────────────────────────────────────
  JSON报告：\\192.168.0.113\共享文件夹\需求及测试文档_请按功能划分文件夹\obsidian\cjw\02_线索笔记\1.招聘\agno1-dev_0.0.1.0\agno1\artifacts\zhaopin\zhilian\zhilian_screener_20260303_163506.json
  运行日志：\\192.168.0.113\共享文件夹\需求及测试文档_请按功能划分文件夹\obsidian\cjw\02_线索笔记\1.招聘\agno1-dev_0.0.1.0\agno1\logs\zhaopin\zhilian\zhilian_screener_20260303_163506.log
════════════════════════════════════════════════════════════
