16:17:07 ── 第 1 批，共 20 张新卡片 ──
16:17:07 [总第 1 张] 处理: 孙先生
16:17:07   → [关键词排除] 命中关键词: 「先生」（卡片摘要）
16:17:07 [总第 2 张] 处理: 张先生
16:17:07   → [关键词排除] 命中关键词: 「先生」（卡片摘要）
16:17:07 [总第 3 张] 处理: 苏先生
16:17:07   → [关键词排除] 命中关键词: 「先生」（卡片摘要）
16:17:07 [总第 4 张] 处理: 王先生
16:17:07   → [关键词排除] 命中关键词: 「先生」（卡片摘要）
16:17:07 [总第 5 张] 处理: 黄先生
16:17:07   → [关键词排除] 命中关键词: 「先生」（卡片摘要）
16:17:07 [总第 6 张] 处理: 余先生
16:17:07   → [关键词排除] 命中关键词: 「先生」（卡片摘要）
16:17:07 [总第 7 张] 处理: 王先生
16:17:07   → [风控] 随机跳过
16:17:07 [总第 8 张] 处理: 杨先生
16:17:07   → [关键词排除] 命中关键词: 「先生」（卡片摘要）
16:17:07 [总第 9 张] 处理: 喻先生
16:17:07   → [关键词排除] 命中关键词: 「先生」（卡片摘要）
16:17:07 [总第 10 张] 处理: 沈女士
16:17:07   → [关键词排除] 命中关键词: 「女士」（卡片摘要）
16:17:07 [总第 11 张] 处理: 申先生
16:17:07   → [关键词排除] 命中关键词: 「先生」（卡片摘要）
16:17:07 [总第 12 张] 处理: 廖女士
16:17:07   → [关键词排除] 命中关键词: 「女士」（卡片摘要）
16:17:07 [总第 13 张] 处理: 郭女士
16:17:07   → [关键词排除] 命中关键词: 「女士」（卡片摘要）
16:17:07 [总第 14 张] 处理: 杨先生
16:17:07   → [关键词排除] 命中关键词: 「先生」（卡片摘要）
16:17:07 [总第 15 张] 处理: 张先生
16:17:07   → [关键词排除] 命中关键词: 「先生」（卡片摘要）
16:17:07 [总第 16 张] 处理: 黎先生
16:17:07   → [关键词排除] 命中关键词: 「先生」（卡片摘要）
16:17:07 [总第 17 张] 处理: 何女士
16:17:07   → [关键词排除] 命中关键词: 「女士」（卡片摘要）
16:17:07 [总第 18 张] 处理: 鲁女士
16:17:07   → [关键词排除] 命中关键词: 「女士」（卡片摘要）
16:17:07 [总第 19 张] 处理: 杨先生
16:17:07   → [关键词排除] 命中关键词: 「先生」（卡片摘要）
16:17:07 [总第 20 张] 处理: 杨先生
16:17:07   → [关键词排除] 命中关键词: 「先生」（卡片摘要）
16:17:07 ── 第 1 批处理完，滚动加载更多候选人...
16:17:11 ── 第 2 批，共 2 张新卡片 ──
16:17:11 [总第 21 张] 处理: 朱先生
16:17:11   → [风控] 随机跳过
16:17:11 [总第 22 张] 处理: 毛先生
16:17:11   → [关键词排除] 命中关键词: 「先生」（卡片摘要）
16:17:11 ── 第 2 批处理完，滚动加载更多候选人...
16:17:14 ── 已滚动到底，没有新候选人，筛选结束
16:17:14 
════════════════════════════════════════════════════════════
  本次筛选完成
────────────────────────────────────────────────────────────
  筛选总数：22
  通过（已打招呼）：0
  未通过（AI拒绝）：0
  未通过（关键词排除）：20  命中关键词：「先生」、「女士」
  跳过（风控随机）：2
  失败（AI调用失败）：0
────────────────────────────────────────────────────────────
  验证：22 = 0+0+20+2+0 ✓
────────────────────────────────────────────────────────────
  JSON报告：\\192.168.0.113\共享文件夹\需求及测试文档_请按功能划分文件夹\obsidian\cjw\02_线索笔记\1.招聘\agno1-dev_0.0.1.0\agno1\artifacts\zhaopin_screener\screener_report_20260302_161623.json
  运行日志：\\192.168.0.113\共享文件夹\需求及测试文档_请按功能划分文件夹\obsidian\cjw\02_线索笔记\1.招聘\agno1-dev_0.0.1.0\agno1\logs\zhaopin_screener_20260302_161623.log
════════════════════════════════════════════════════════════
